Using pre-set license
Built from '2021.3/staging' branch; Version is '2021.3.14f1 (eee1884e7226) revision 15655304'; Using compiler version '192829333'; Build Type 'Release'
OS: 'Windows 11  (10.0.22621) 64bit CoreSingleLanguage' Language: 'en' Physical Memory: 8001 MB
BatchMode: 1, IsHumanControllingUs: 0, StartBugReporterOnCrash: 0, Is64bit: 1, IsPro: 1

COMMAND LINE ARGUMENTS:
D:\Unity\Unity editor\2021.3.14f1\Editor\Unity.exe
-adb2
-batchMode
-noUpm
-name
AssetImportWorker4
-projectPath
D:/Github repository/cgen/CGEN 2d RPG
-logFile
Logs/AssetImportWorker4.log
-srvPort
61126
Successfully changed project path to: D:/Github repository/cgen/CGEN 2d RPG
D:/Github repository/cgen/CGEN 2d RPG
[UnityMemory] Configuration Parameters - Can be set up in boot.config
    "memorysetup-bucket-allocator-granularity=16"
    "memorysetup-bucket-allocator-bucket-count=8"
    "memorysetup-bucket-allocator-block-size=33554432"
    "memorysetup-bucket-allocator-block-count=8"
    "memorysetup-main-allocator-block-size=16777216"
    "memorysetup-thread-allocator-block-size=16777216"
    "memorysetup-gfx-main-allocator-block-size=16777216"
    "memorysetup-gfx-thread-allocator-block-size=16777216"
    "memorysetup-cache-allocator-block-size=4194304"
    "memorysetup-typetree-allocator-block-size=2097152"
    "memorysetup-profiler-bucket-allocator-granularity=16"
    "memorysetup-profiler-bucket-allocator-bucket-count=8"
    "memorysetup-profiler-bucket-allocator-block-size=33554432"
    "memorysetup-profiler-bucket-allocator-block-count=8"
    "memorysetup-profiler-allocator-block-size=16777216"
    "memorysetup-profiler-editor-allocator-block-size=1048576"
    "memorysetup-temp-allocator-size-main=16777216"
    "memorysetup-job-temp-allocator-block-size=2097152"
    "memorysetup-job-temp-allocator-block-size-background=1048576"
    "memorysetup-job-temp-allocator-reduction-small-platforms=262144"
    "memorysetup-temp-allocator-size-background-worker=32768"
    "memorysetup-temp-allocator-size-job-worker=262144"
    "memorysetup-temp-allocator-size-preload-manager=33554432"
    "memorysetup-temp-allocator-size-nav-mesh-worker=65536"
    "memorysetup-temp-allocator-size-audio-worker=65536"
    "memorysetup-temp-allocator-size-cloud-worker=32768"
    "memorysetup-temp-allocator-size-gi-baking-worker=262144"
    "memorysetup-temp-allocator-size-gfx=262144"
Refreshing native plugins compatible for Editor in 269.69 ms, found 3 plugins.
Preloading 0 native plugins for Editor in 0.00 ms.
Initialize engine version: 2021.3.14f1 (eee1884e7226)
[Subsystems] Discovering subsystems at path D:/Unity/Unity editor/2021.3.14f1/Editor/Data/Resources/UnitySubsystems
[Subsystems] Discovering subsystems at path D:/Github repository/cgen/CGEN 2d RPG/Assets
GfxDevice: creating device client; threaded=0; jobified=0
Direct3D:
    Version:  Direct3D 11.0 [level 11.1]
    Renderer: NVIDIA GeForce GTX 1650 (ID=0x1f91)
    Vendor:   NVIDIA
    VRAM:     3949 MB
    Driver:   31.0.15.3179
Initialize mono
Mono path[0] = 'D:/Unity/Unity editor/2021.3.14f1/Editor/Data/Managed'
Mono path[1] = 'D:/Unity/Unity editor/2021.3.14f1/Editor/Data/MonoBleedingEdge/lib/mono/unityjit-win32'
Mono config path = 'D:/Unity/Unity editor/2021.3.14f1/Editor/Data/MonoBleedingEdge/etc'
Using monoOptions --debugger-agent=transport=dt_socket,embedding=1,server=y,suspend=n,address=127.0.0.1:56260
Begin MonoManager ReloadAssembly
Registering precompiled unity dll's ...
Register platform support module: D:/Unity/Unity editor/2021.3.14f1/Editor/Data/PlaybackEngines/AndroidPlayer/UnityEditor.Android.Extensions.dll
Register platform support module: D:/Unity/Unity editor/2021.3.14f1/Editor/Data/PlaybackEngines/WindowsStandaloneSupport/UnityEditor.WindowsStandalone.Extensions.dll
Registered in 0.006484 seconds.
Native extension for WindowsStandalone target not found
Native extension for Android target not found
Refreshing native plugins compatible for Editor in 214.89 ms, found 3 plugins.
Preloading 0 native plugins for Editor in 0.00 ms.
Mono: successfully reloaded assembly
- Completed reload, in  1.263 seconds
Domain Reload Profiling:
	ReloadAssembly (1264ms)
		BeginReloadAssembly (145ms)
			ExecutionOrderSort (0ms)
			DisableScriptedObjects (0ms)
			BackupInstance (0ms)
			ReleaseScriptingObjects (0ms)
			CreateAndSetChildDomain (1ms)
		EndReloadAssembly (940ms)
			LoadAssemblies (147ms)
			RebuildTransferFunctionScriptingTraits (0ms)
			SetupTypeCache (214ms)
			ReleaseScriptCaches (0ms)
			RebuildScriptCaches (48ms)
			SetupLoadedEditorAssemblies (576ms)
				LogAssemblyErrors (0ms)
				InitializePlatformSupportModulesInManaged (90ms)
				SetLoadedEditorAssemblies (2ms)
				RefreshPlugins (215ms)
				BeforeProcessingInitializeOnLoad (2ms)
				ProcessInitializeOnLoadAttributes (178ms)
				ProcessInitializeOnLoadMethodAttributes (89ms)
				AfterProcessingInitializeOnLoad (0ms)
				EditorAssembliesLoaded (0ms)
			ExecutionOrderSort2 (0ms)
			AwakeInstancesAfterBackupRestoration (0ms)
Platform modules already initialized, skipping
Registering precompiled user dll's ...
Registered in 0.015663 seconds.
Begin MonoManager ReloadAssembly
Symbol file LoadedFromMemory doesn't match image D:\Github repository\cgen\CGEN 2d RPG\Library\PackageCache\com.unity.visualscripting@1.7.8\Editor\VisualScripting.Core\Dependencies\YamlDotNet\Unity.VisualScripting.YamlDotNet.dll
Symbol file LoadedFromMemory doesn't match image D:\Github repository\cgen\CGEN 2d RPG\Library\PackageCache\com.unity.visualscripting@1.7.8\Editor\VisualScripting.Core\Dependencies\DotNetZip\Unity.VisualScripting.IonicZip.dll
Native extension for WindowsStandalone target not found
Native extension for Android target not found
Refreshing native plugins compatible for Editor in 2.26 ms, found 3 plugins.
Preloading 0 native plugins for Editor in 0.00 ms.
Mono: successfully reloaded assembly
- Completed reload, in  5.528 seconds
Domain Reload Profiling:
	ReloadAssembly (5529ms)
		BeginReloadAssembly (291ms)
			ExecutionOrderSort (0ms)
			DisableScriptedObjects (11ms)
			BackupInstance (0ms)
			ReleaseScriptingObjects (0ms)
			CreateAndSetChildDomain (129ms)
		EndReloadAssembly (5090ms)
			LoadAssemblies (326ms)
			RebuildTransferFunctionScriptingTraits (0ms)
			SetupTypeCache (344ms)
			ReleaseScriptCaches (1ms)
			RebuildScriptCaches (77ms)
			SetupLoadedEditorAssemblies (4322ms)
				LogAssemblyErrors (0ms)
				InitializePlatformSupportModulesInManaged (22ms)
				SetLoadedEditorAssemblies (1ms)
				RefreshPlugins (2ms)
				BeforeProcessingInitializeOnLoad (105ms)
				ProcessInitializeOnLoadAttributes (4053ms)
				ProcessInitializeOnLoadMethodAttributes (135ms)
				AfterProcessingInitializeOnLoad (4ms)
				EditorAssembliesLoaded (0ms)
			ExecutionOrderSort2 (0ms)
			AwakeInstancesAfterBackupRestoration (7ms)
Platform modules already initialized, skipping
========================================================================
Worker process is ready to serve import requests
Launched and connected shader compiler UnityShaderCompiler.exe after 0.25 seconds
Refreshing native plugins compatible for Editor in 3.67 ms, found 3 plugins.
Preloading 0 native plugins for Editor in 0.00 ms.
Unloading 3473 Unused Serialized files (Serialized files now loaded: 0)
Unloading 28 unused Assets / (56.2 KB). Loaded Objects now: 3941.
Memory consumption went from 126.8 MB to 126.7 MB.
Total: 5.316600 ms (FindLiveObjects: 0.430500 ms CreateObjectMapping: 0.118200 ms MarkObjects: 4.660600 ms  DeleteObjects: 0.105300 ms)

AssetImportParameters requested are different than current active one (requested -> active):
  custom:video-decoder-ogg-theora: a1e56fd34408186e4bbccfd4996cb3dc -> 
  custom:container-muxer-webm: aa71ff27fc2769a1b78a27578f13a17b -> 
  custom:container-demuxer-webm: 4f35f7cbe854078d1ac9338744f61a02 -> 
  custom:video-encoder-webm-vp8: eb34c28f22e8b96e1ab97ce403110664 -> 
  custom:video-codec-MediaFoundation-h265: 746d11721c4dcdbdad8f713fa42b33f4 -> 
  custom:audio-encoder-webm-vorbis: bf7c407c2cedff20999df2af8eb42d56 -> 
  custom:framework-win-MediaFoundation: 216162199b28c13a410421893ffa2e32 -> 
  custom:container-demuxer-ogg: 62fdf1f143b41e24485cea50d1cbac27 -> 
  custom:video-decoder-webm-vp8: 9c59270c3fd7afecdb556c50c9e8de78 -> 
  custom:audio-decoder-ogg-vorbis: bf7c407c2cedff20999df2af8eb42d56 -> 
========================================================================
Received Import Request.
  Time since last request: 162329.381071 seconds.
  path: Assets/Scenes/Stage2.unity
  artifactKey: Guid(9ddd322d47f1c1d4985f2bde3b82e766) Importer(815301076,1909f56bfc062723c751e8b465ee728b)
Start importing Assets/Scenes/Stage2.unity using Guid(9ddd322d47f1c1d4985f2bde3b82e766) Importer(815301076,1909f56bfc062723c751e8b465ee728b)  -> (artifact id: 'aaf7a6a15aaa75629eeb2ad0e77eb79f') in 0.022132 seconds 
========================================================================
Received Import Request.
  Time since last request: 130.424509 seconds.
  path: Assets/Scenes/Stage4.unity
  artifactKey: Guid(30051b8c6f841324daca00dfada072f2) Importer(815301076,1909f56bfc062723c751e8b465ee728b)
Start importing Assets/Scenes/Stage4.unity using Guid(30051b8c6f841324daca00dfada072f2) Importer(815301076,1909f56bfc062723c751e8b465ee728b)  -> (artifact id: 'ead74b436658bb96219bf86911ab670a') in 0.014565 seconds 
========================================================================
Received Import Request.
  Time since last request: 0.505640 seconds.
  path: Assets/Scenes/Stage3.unity
  artifactKey: Guid(6f07f1cced7c0c34da20ab9b5e5350c2) Importer(815301076,1909f56bfc062723c751e8b465ee728b)
Start importing Assets/Scenes/Stage3.unity using Guid(6f07f1cced7c0c34da20ab9b5e5350c2) Importer(815301076,1909f56bfc062723c751e8b465ee728b)  -> (artifact id: 'f08fe55d004e8f561d9feb6320e20aa8') in 0.013718 seconds 
========================================================================
Received Import Request.
  Time since last request: 87.840188 seconds.
  path: Assets/Scenes/Stage5.unity
  artifactKey: Guid(427f7bb071a558a4d9569e6d51635b68) Importer(815301076,1909f56bfc062723c751e8b465ee728b)
Start importing Assets/Scenes/Stage5.unity using Guid(427f7bb071a558a4d9569e6d51635b68) Importer(815301076,1909f56bfc062723c751e8b465ee728b)  -> (artifact id: '30134812f3e5c0cc0841ea1fffae818d') in 0.014859 seconds 
========================================================================
Received Import Request.
  Time since last request: 38.027937 seconds.
  path: Assets/Scenes/Stage1.unity
  artifactKey: Guid(76c97c314dbb13946a1f1d2636930a2c) Importer(815301076,1909f56bfc062723c751e8b465ee728b)
Start importing Assets/Scenes/Stage1.unity using Guid(76c97c314dbb13946a1f1d2636930a2c) Importer(815301076,1909f56bfc062723c751e8b465ee728b)  -> (artifact id: '19ee8629cbbfbe0e2d6ed5e4582f7744') in 0.010613 seconds 
========================================================================
Received Import Request.
  Time since last request: 73.108871 seconds.
  path: Assets/Scenes/Stage2.unity
  artifactKey: Guid(9ddd322d47f1c1d4985f2bde3b82e766) Importer(815301076,1909f56bfc062723c751e8b465ee728b)
Start importing Assets/Scenes/Stage2.unity using Guid(9ddd322d47f1c1d4985f2bde3b82e766) Importer(815301076,1909f56bfc062723c751e8b465ee728b)  -> (artifact id: 'd23e75a3c4e61216169772817356acf7') in 0.005007 seconds 
========================================================================
Received Import Request.
  Time since last request: 80.809606 seconds.
  path: Assets/Scenes/Stage3.unity
  artifactKey: Guid(6f07f1cced7c0c34da20ab9b5e5350c2) Importer(815301076,1909f56bfc062723c751e8b465ee728b)
Start importing Assets/Scenes/Stage3.unity using Guid(6f07f1cced7c0c34da20ab9b5e5350c2) Importer(815301076,1909f56bfc062723c751e8b465ee728b)  -> (artifact id: '108c7ccb7ed97b631e3cb9875eb31b2c') in 0.005587 seconds 
========================================================================
Received Import Request.
  Time since last request: 15.267146 seconds.
  path: Assets/Scenes/Stage4.unity
  artifactKey: Guid(30051b8c6f841324daca00dfada072f2) Importer(815301076,1909f56bfc062723c751e8b465ee728b)
Start importing Assets/Scenes/Stage4.unity using Guid(30051b8c6f841324daca00dfada072f2) Importer(815301076,1909f56bfc062723c751e8b465ee728b)  -> (artifact id: 'e7840f92bfd4aadfa1f572f683b053ce') in 0.011533 seconds 
========================================================================
Received Import Request.
  Time since last request: 12.442261 seconds.
  path: Assets/Scenes/Stage5.unity
  artifactKey: Guid(427f7bb071a558a4d9569e6d51635b68) Importer(815301076,1909f56bfc062723c751e8b465ee728b)
Start importing Assets/Scenes/Stage5.unity using Guid(427f7bb071a558a4d9569e6d51635b68) Importer(815301076,1909f56bfc062723c751e8b465ee728b)  -> (artifact id: 'f4b3544efc0d82877d09ca75af3efeaf') in 0.004994 seconds 
========================================================================
Received Import Request.
  Time since last request: 24.631942 seconds.
  path: Assets/Scenes/Stage4.unity
  artifactKey: Guid(30051b8c6f841324daca00dfada072f2) Importer(815301076,1909f56bfc062723c751e8b465ee728b)
Start importing Assets/Scenes/Stage4.unity using Guid(30051b8c6f841324daca00dfada072f2) Importer(815301076,1909f56bfc062723c751e8b465ee728b)  -> (artifact id: '98cb90756d5d650ecc95620da9273f6d') in 0.005093 seconds 
========================================================================
Received Prepare
Registering precompiled user dll's ...
Registered in 0.008357 seconds.
Begin MonoManager ReloadAssembly
Symbol file LoadedFromMemory doesn't match image D:\Github repository\cgen\CGEN 2d RPG\Library\PackageCache\com.unity.visualscripting@1.7.8\Editor\VisualScripting.Core\Dependencies\YamlDotNet\Unity.VisualScripting.YamlDotNet.dll
Symbol file LoadedFromMemory doesn't match image D:\Github repository\cgen\CGEN 2d RPG\Library\PackageCache\com.unity.visualscripting@1.7.8\Editor\VisualScripting.Core\Dependencies\DotNetZip\Unity.VisualScripting.IonicZip.dll
Native extension for WindowsStandalone target not found
Native extension for Android target not found
Refreshing native plugins compatible for Editor in 2.05 ms, found 3 plugins.
Preloading 0 native plugins for Editor in 0.00 ms.
Mono: successfully reloaded assembly
- Completed reload, in  1.475 seconds
Domain Reload Profiling:
	ReloadAssembly (1476ms)
		BeginReloadAssembly (229ms)
			ExecutionOrderSort (0ms)
			DisableScriptedObjects (16ms)
			BackupInstance (0ms)
			ReleaseScriptingObjects (0ms)
			CreateAndSetChildDomain (50ms)
		EndReloadAssembly (1101ms)
			LoadAssemblies (202ms)
			RebuildTransferFunctionScriptingTraits (1ms)
			SetupTypeCache (366ms)
			ReleaseScriptCaches (2ms)
			RebuildScriptCaches (63ms)
			SetupLoadedEditorAssemblies (448ms)
				LogAssemblyErrors (0ms)
				InitializePlatformSupportModulesInManaged (30ms)
				SetLoadedEditorAssemblies (1ms)
				RefreshPlugins (2ms)
				BeforeProcessingInitializeOnLoad (74ms)
				ProcessInitializeOnLoadAttributes (283ms)
				ProcessInitializeOnLoadMethodAttributes (54ms)
				AfterProcessingInitializeOnLoad (3ms)
				EditorAssembliesLoaded (0ms)
			ExecutionOrderSort2 (0ms)
			AwakeInstancesAfterBackupRestoration (9ms)
Platform modules already initialized, skipping
Refreshing native plugins compatible for Editor in 7.12 ms, found 3 plugins.
Preloading 0 native plugins for Editor in 0.00 ms.
Unloading 3454 Unused Serialized files (Serialized files now loaded: 0)
Unloading 17 unused Assets / (24.7 KB). Loaded Objects now: 3944.
Memory consumption went from 125.2 MB to 125.2 MB.
Total: 4.804100 ms (FindLiveObjects: 0.391000 ms CreateObjectMapping: 0.155200 ms MarkObjects: 4.209300 ms  DeleteObjects: 0.046900 ms)

AssetImportParameters requested are different than current active one (requested -> active):
  custom:video-decoder-ogg-theora: a1e56fd34408186e4bbccfd4996cb3dc -> 
  custom:container-muxer-webm: aa71ff27fc2769a1b78a27578f13a17b -> 
  custom:container-demuxer-webm: 4f35f7cbe854078d1ac9338744f61a02 -> 
  custom:video-encoder-webm-vp8: eb34c28f22e8b96e1ab97ce403110664 -> 
  custom:video-codec-MediaFoundation-h265: 746d11721c4dcdbdad8f713fa42b33f4 -> 
  custom:audio-encoder-webm-vorbis: bf7c407c2cedff20999df2af8eb42d56 -> 
  custom:framework-win-MediaFoundation: 216162199b28c13a410421893ffa2e32 -> 
  custom:container-demuxer-ogg: 62fdf1f143b41e24485cea50d1cbac27 -> 
  custom:video-decoder-webm-vp8: 9c59270c3fd7afecdb556c50c9e8de78 -> 
  custom:audio-decoder-ogg-vorbis: bf7c407c2cedff20999df2af8eb42d56 -> 
========================================================================
Received Import Request.
  Time since last request: 173.907052 seconds.
  path: Assets/Scenes/Stage3.unity
  artifactKey: Guid(6f07f1cced7c0c34da20ab9b5e5350c2) Importer(815301076,1909f56bfc062723c751e8b465ee728b)
Start importing Assets/Scenes/Stage3.unity using Guid(6f07f1cced7c0c34da20ab9b5e5350c2) Importer(815301076,1909f56bfc062723c751e8b465ee728b)  -> (artifact id: 'b14308f914fe8cfccf5b32973cc087c6') in 0.019326 seconds 
========================================================================
Received Import Request.
  Time since last request: 67.097346 seconds.
  path: Assets/Scenes/Stage2.unity
  artifactKey: Guid(9ddd322d47f1c1d4985f2bde3b82e766) Importer(815301076,1909f56bfc062723c751e8b465ee728b)
Start importing Assets/Scenes/Stage2.unity using Guid(9ddd322d47f1c1d4985f2bde3b82e766) Importer(815301076,1909f56bfc062723c751e8b465ee728b)  -> (artifact id: '2f2ba5ac1a1f823b05a729f611552537') in 0.004783 seconds 
========================================================================
Received Import Request.
  Time since last request: 536.525134 seconds.
  path: Assets/Scenes/Stage5.unity
  artifactKey: Guid(427f7bb071a558a4d9569e6d51635b68) Importer(815301076,1909f56bfc062723c751e8b465ee728b)
Start importing Assets/Scenes/Stage5.unity using Guid(427f7bb071a558a4d9569e6d51635b68) Importer(815301076,1909f56bfc062723c751e8b465ee728b)  -> (artifact id: 'f346a8079fc59bee07f9816e86640baf') in 0.009307 seconds 
========================================================================
Received Import Request.
  Time since last request: 3.964385 seconds.
  path: Assets/Scenes/Stage2.unity
  artifactKey: Guid(9ddd322d47f1c1d4985f2bde3b82e766) Importer(815301076,1909f56bfc062723c751e8b465ee728b)
Start importing Assets/Scenes/Stage2.unity using Guid(9ddd322d47f1c1d4985f2bde3b82e766) Importer(815301076,1909f56bfc062723c751e8b465ee728b)  -> (artifact id: 'f21b71f7b98c9c719aa78d423d1ea6af') in 0.004997 seconds 
========================================================================
Received Import Request.
  Time since last request: 4.760215 seconds.
  path: Assets/Scenes/Stage3.unity
  artifactKey: Guid(6f07f1cced7c0c34da20ab9b5e5350c2) Importer(815301076,1909f56bfc062723c751e8b465ee728b)
Start importing Assets/Scenes/Stage3.unity using Guid(6f07f1cced7c0c34da20ab9b5e5350c2) Importer(815301076,1909f56bfc062723c751e8b465ee728b)  -> (artifact id: '36a45cf3d562cc2d023e668aa0111b43') in 0.004800 seconds 
========================================================================
Received Import Request.
  Time since last request: 127.368049 seconds.
  path: Assets/Scenes/Stage4.unity
  artifactKey: Guid(30051b8c6f841324daca00dfada072f2) Importer(815301076,1909f56bfc062723c751e8b465ee728b)
Start importing Assets/Scenes/Stage4.unity using Guid(30051b8c6f841324daca00dfada072f2) Importer(815301076,1909f56bfc062723c751e8b465ee728b)  -> (artifact id: '93bf7cae3bff785698e81c4da3731c33') in 0.004614 seconds 
========================================================================
Received Import Request.
  Time since last request: 53.279984 seconds.
  path: Assets/Scenes/Stage2.unity
  artifactKey: Guid(9ddd322d47f1c1d4985f2bde3b82e766) Importer(815301076,1909f56bfc062723c751e8b465ee728b)
Start importing Assets/Scenes/Stage2.unity using Guid(9ddd322d47f1c1d4985f2bde3b82e766) Importer(815301076,1909f56bfc062723c751e8b465ee728b)  -> (artifact id: '3a6337a0e6e390bc2ec3e75afc820fc2') in 0.004370 seconds 
========================================================================
Received Import Request.
  Time since last request: 12.530167 seconds.
  path: Assets/Scenes/Stage5.unity
  artifactKey: Guid(427f7bb071a558a4d9569e6d51635b68) Importer(815301076,1909f56bfc062723c751e8b465ee728b)
Start importing Assets/Scenes/Stage5.unity using Guid(427f7bb071a558a4d9569e6d51635b68) Importer(815301076,1909f56bfc062723c751e8b465ee728b)  -> (artifact id: '21581e042adfaac5a07eae2d3a1c2b7f') in 0.004648 seconds 
========================================================================
Received Import Request.
  Time since last request: 281.496075 seconds.
  path: Assets/Scenes/Spaceship.unity
  artifactKey: Guid(393a03ef1697c5f4cb3ada04634d9f66) Importer(815301076,1909f56bfc062723c751e8b465ee728b)
Start importing Assets/Scenes/Spaceship.unity using Guid(393a03ef1697c5f4cb3ada04634d9f66) Importer(815301076,1909f56bfc062723c751e8b465ee728b)  -> (artifact id: '96d8d5d308b9cb7b42e2c6c9209e020e') in 0.013499 seconds 
