Using pre-set license
Built from '2021.3/staging' branch; Version is '2021.3.14f1 (eee1884e7226) revision 15655304'; Using compiler version '192829333'; Build Type 'Release'
OS: 'Windows 11  (10.0.22621) 64bit CoreSingleLanguage' Language: 'en' Physical Memory: 8001 MB
BatchMode: 1, IsHumanControllingUs: 0, StartBugReporterOnCrash: 0, Is64bit: 1, IsPro: 1

COMMAND LINE ARGUMENTS:
D:\Unity\Unity editor\2021.3.14f1\Editor\Unity.exe
-adb2
-batchMode
-noUpm
-name
AssetImportWorker19
-projectPath
D:/Github repository/cgen/CGEN 2d RPG
-logFile
Logs/AssetImportWorker19.log
-srvPort
57121
Successfully changed project path to: D:/Github repository/cgen/CGEN 2d RPG
D:/Github repository/cgen/CGEN 2d RPG
[UnityMemory] Configuration Parameters - Can be set up in boot.config
    "memorysetup-bucket-allocator-granularity=16"
    "memorysetup-bucket-allocator-bucket-count=8"
    "memorysetup-bucket-allocator-block-size=33554432"
    "memorysetup-bucket-allocator-block-count=8"
    "memorysetup-main-allocator-block-size=16777216"
    "memorysetup-thread-allocator-block-size=16777216"
    "memorysetup-gfx-main-allocator-block-size=16777216"
    "memorysetup-gfx-thread-allocator-block-size=16777216"
    "memorysetup-cache-allocator-block-size=4194304"
    "memorysetup-typetree-allocator-block-size=2097152"
    "memorysetup-profiler-bucket-allocator-granularity=16"
    "memorysetup-profiler-bucket-allocator-bucket-count=8"
    "memorysetup-profiler-bucket-allocator-block-size=33554432"
    "memorysetup-profiler-bucket-allocator-block-count=8"
    "memorysetup-profiler-allocator-block-size=16777216"
    "memorysetup-profiler-editor-allocator-block-size=1048576"
    "memorysetup-temp-allocator-size-main=16777216"
    "memorysetup-job-temp-allocator-block-size=2097152"
    "memorysetup-job-temp-allocator-block-size-background=1048576"
    "memorysetup-job-temp-allocator-reduction-small-platforms=262144"
    "memorysetup-temp-allocator-size-background-worker=32768"
    "memorysetup-temp-allocator-size-job-worker=262144"
    "memorysetup-temp-allocator-size-preload-manager=33554432"
    "memorysetup-temp-allocator-size-nav-mesh-worker=65536"
    "memorysetup-temp-allocator-size-audio-worker=65536"
    "memorysetup-temp-allocator-size-cloud-worker=32768"
    "memorysetup-temp-allocator-size-gi-baking-worker=262144"
    "memorysetup-temp-allocator-size-gfx=262144"
Refreshing native plugins compatible for Editor in 194.89 ms, found 3 plugins.
Preloading 0 native plugins for Editor in 0.00 ms.
Initialize engine version: 2021.3.14f1 (eee1884e7226)
[Subsystems] Discovering subsystems at path D:/Unity/Unity editor/2021.3.14f1/Editor/Data/Resources/UnitySubsystems
[Subsystems] Discovering subsystems at path D:/Github repository/cgen/CGEN 2d RPG/Assets
GfxDevice: creating device client; threaded=0; jobified=0
Direct3D:
    Version:  Direct3D 11.0 [level 11.1]
    Renderer: NVIDIA GeForce GTX 1650 (ID=0x1f91)
    Vendor:   NVIDIA
    VRAM:     3949 MB
    Driver:   31.0.15.3141
Initialize mono
Mono path[0] = 'D:/Unity/Unity editor/2021.3.14f1/Editor/Data/Managed'
Mono path[1] = 'D:/Unity/Unity editor/2021.3.14f1/Editor/Data/MonoBleedingEdge/lib/mono/unityjit-win32'
Mono config path = 'D:/Unity/Unity editor/2021.3.14f1/Editor/Data/MonoBleedingEdge/etc'
Using monoOptions --debugger-agent=transport=dt_socket,embedding=1,server=y,suspend=n,address=127.0.0.1:56036
Begin MonoManager ReloadAssembly
Registering precompiled unity dll's ...
Register platform support module: D:/Unity/Unity editor/2021.3.14f1/Editor/Data/PlaybackEngines/AndroidPlayer/UnityEditor.Android.Extensions.dll
Register platform support module: D:/Unity/Unity editor/2021.3.14f1/Editor/Data/PlaybackEngines/WindowsStandaloneSupport/UnityEditor.WindowsStandalone.Extensions.dll
Registered in 0.003332 seconds.
Native extension for WindowsStandalone target not found
Native extension for Android target not found
Refreshing native plugins compatible for Editor in 158.61 ms, found 3 plugins.
Preloading 0 native plugins for Editor in 0.00 ms.
Mono: successfully reloaded assembly
- Completed reload, in  1.018 seconds
Domain Reload Profiling:
	ReloadAssembly (1019ms)
		BeginReloadAssembly (140ms)
			ExecutionOrderSort (0ms)
			DisableScriptedObjects (0ms)
			BackupInstance (0ms)
			ReleaseScriptingObjects (0ms)
			CreateAndSetChildDomain (1ms)
		EndReloadAssembly (732ms)
			LoadAssemblies (140ms)
			RebuildTransferFunctionScriptingTraits (0ms)
			SetupTypeCache (136ms)
			ReleaseScriptCaches (0ms)
			RebuildScriptCaches (36ms)
			SetupLoadedEditorAssemblies (495ms)
				LogAssemblyErrors (0ms)
				InitializePlatformSupportModulesInManaged (75ms)
				SetLoadedEditorAssemblies (0ms)
				RefreshPlugins (159ms)
				BeforeProcessingInitializeOnLoad (2ms)
				ProcessInitializeOnLoadAttributes (167ms)
				ProcessInitializeOnLoadMethodAttributes (92ms)
				AfterProcessingInitializeOnLoad (0ms)
				EditorAssembliesLoaded (0ms)
			ExecutionOrderSort2 (0ms)
			AwakeInstancesAfterBackupRestoration (0ms)
Platform modules already initialized, skipping
Registering precompiled user dll's ...
Registered in 0.009260 seconds.
Android Extension - Scanning For ADB Devices 5688 ms
Begin MonoManager ReloadAssembly
Symbol file LoadedFromMemory doesn't match image D:\Github repository\cgen\CGEN 2d RPG\Library\PackageCache\com.unity.visualscripting@1.7.8\Editor\VisualScripting.Core\Dependencies\YamlDotNet\Unity.VisualScripting.YamlDotNet.dll
Symbol file LoadedFromMemory doesn't match image D:\Github repository\cgen\CGEN 2d RPG\Library\PackageCache\com.unity.visualscripting@1.7.8\Editor\VisualScripting.Core\Dependencies\DotNetZip\Unity.VisualScripting.IonicZip.dll
Native extension for WindowsStandalone target not found
Native extension for Android target not found
Refreshing native plugins compatible for Editor in 2.20 ms, found 3 plugins.
Preloading 0 native plugins for Editor in 0.00 ms.
Mono: successfully reloaded assembly
- Completed reload, in  4.891 seconds
Domain Reload Profiling:
	ReloadAssembly (4892ms)
		BeginReloadAssembly (188ms)
			ExecutionOrderSort (0ms)
			DisableScriptedObjects (8ms)
			BackupInstance (0ms)
			ReleaseScriptingObjects (0ms)
			CreateAndSetChildDomain (27ms)
		EndReloadAssembly (4449ms)
			LoadAssemblies (1405ms)
			RebuildTransferFunctionScriptingTraits (0ms)
			SetupTypeCache (416ms)
			ReleaseScriptCaches (1ms)
			RebuildScriptCaches (73ms)
			SetupLoadedEditorAssemblies (2558ms)
				LogAssemblyErrors (0ms)
				InitializePlatformSupportModulesInManaged (17ms)
				SetLoadedEditorAssemblies (1ms)
				RefreshPlugins (2ms)
				BeforeProcessingInitializeOnLoad (89ms)
				ProcessInitializeOnLoadAttributes (2313ms)
				ProcessInitializeOnLoadMethodAttributes (133ms)
				AfterProcessingInitializeOnLoad (3ms)
				EditorAssembliesLoaded (0ms)
			ExecutionOrderSort2 (0ms)
			AwakeInstancesAfterBackupRestoration (7ms)
Platform modules already initialized, skipping
========================================================================
Worker process is ready to serve import requests
Launched and connected shader compiler UnityShaderCompiler.exe after 0.15 seconds
Refreshing native plugins compatible for Editor in 1.83 ms, found 3 plugins.
Preloading 0 native plugins for Editor in 0.00 ms.
Unloading 3467 Unused Serialized files (Serialized files now loaded: 0)
Unloading 28 unused Assets / (56.1 KB). Loaded Objects now: 3935.
Memory consumption went from 126.6 MB to 126.5 MB.
Total: 5.243200 ms (FindLiveObjects: 0.486200 ms CreateObjectMapping: 0.263300 ms MarkObjects: 4.321200 ms  DeleteObjects: 0.170100 ms)

AssetImportParameters requested are different than current active one (requested -> active):
  custom:video-decoder-ogg-theora: a1e56fd34408186e4bbccfd4996cb3dc -> 
  custom:container-muxer-webm: aa71ff27fc2769a1b78a27578f13a17b -> 
  custom:container-demuxer-webm: 4f35f7cbe854078d1ac9338744f61a02 -> 
  custom:video-encoder-webm-vp8: eb34c28f22e8b96e1ab97ce403110664 -> 
  custom:video-codec-MediaFoundation-h265: 746d11721c4dcdbdad8f713fa42b33f4 -> 
  custom:audio-encoder-webm-vorbis: bf7c407c2cedff20999df2af8eb42d56 -> 
  custom:framework-win-MediaFoundation: 216162199b28c13a410421893ffa2e32 -> 
  custom:container-demuxer-ogg: 62fdf1f143b41e24485cea50d1cbac27 -> 
  custom:video-decoder-webm-vp8: 9c59270c3fd7afecdb556c50c9e8de78 -> 
  custom:audio-decoder-ogg-vorbis: bf7c407c2cedff20999df2af8eb42d56 -> 
========================================================================
Received Import Request.
  Time since last request: 123417.707123 seconds.
  path: Assets/Art/Sci-Fi UI/_SciFi_GUISkin_/Skin_Assets/window/window_transparent1.png
  artifactKey: Guid(78e3daf76621d66448e594d6993adbd8) Importer(815301076,1909f56bfc062723c751e8b465ee728b)
Start importing Assets/Art/Sci-Fi UI/_SciFi_GUISkin_/Skin_Assets/window/window_transparent1.png using Guid(78e3daf76621d66448e594d6993adbd8) Importer(815301076,1909f56bfc062723c751e8b465ee728b)  -> (artifact id: '7106d2b668fb0e5fbe65649784c98eec') in 0.192139 seconds 
========================================================================
Received Import Request.
  Time since last request: 8.056971 seconds.
  path: Assets/Art/Sci-Fi UI/_SciFi_GUISkin_/Skin_Assets/window/window_transparent.png
  artifactKey: Guid(06edc4e02f9c48647adfed0a778cb8aa) Importer(815301076,1909f56bfc062723c751e8b465ee728b)
Start importing Assets/Art/Sci-Fi UI/_SciFi_GUISkin_/Skin_Assets/window/window_transparent.png using Guid(06edc4e02f9c48647adfed0a778cb8aa) Importer(815301076,1909f56bfc062723c751e8b465ee728b)  -> (artifact id: 'ac779cc11e37bca02cd240cd40d621b8') in 0.618891 seconds 
========================================================================
Received Import Request.
  Time since last request: 7.768389 seconds.
  path: Assets/Art/Sci-Fi UI/_SciFi_GUISkin_/Skin_Assets/window/window_transparent1.png
  artifactKey: Guid(78e3daf76621d66448e594d6993adbd8) Importer(815301076,1909f56bfc062723c751e8b465ee728b)
Start importing Assets/Art/Sci-Fi UI/_SciFi_GUISkin_/Skin_Assets/window/window_transparent1.png using Guid(78e3daf76621d66448e594d6993adbd8) Importer(815301076,1909f56bfc062723c751e8b465ee728b)  -> (artifact id: 'd632dd07d1274774d85f8d446697bd7b') in 0.823203 seconds 
========================================================================
Received Import Request.
  Time since last request: 20.290060 seconds.
  path: Assets/Art/Sci-Fi UI/_SciFi_GUISkin_/Skin_Assets/window/window_transparent.png
  artifactKey: Guid(06edc4e02f9c48647adfed0a778cb8aa) Importer(815301076,1909f56bfc062723c751e8b465ee728b)
Start importing Assets/Art/Sci-Fi UI/_SciFi_GUISkin_/Skin_Assets/window/window_transparent.png using Guid(06edc4e02f9c48647adfed0a778cb8aa) Importer(815301076,1909f56bfc062723c751e8b465ee728b)  -> (artifact id: 'dfc5a25730f84227c38a9fc03aacce66') in 0.131146 seconds 
========================================================================
Received Import Request.
  Time since last request: 157.286052 seconds.
  path: Assets/Art/Simple Fantasy GUI/PNG/Inventory
  artifactKey: Guid(258f46e4c99482f4b8b85fa29963e6c6) Importer(815301076,1909f56bfc062723c751e8b465ee728b)
Start importing Assets/Art/Simple Fantasy GUI/PNG/Inventory using Guid(258f46e4c99482f4b8b85fa29963e6c6) Importer(815301076,1909f56bfc062723c751e8b465ee728b)  -> (artifact id: 'c786ded118a2f671d8e4269e0514bab6') in 0.388740 seconds 
========================================================================
Received Import Request.
  Time since last request: 0.000040 seconds.
  path: Assets/Art/Simple Fantasy GUI/PNG/Inventory/Money_Bar.png
  artifactKey: Guid(c7af4caf86986a24d89b41c984aa68d3) Importer(815301076,1909f56bfc062723c751e8b465ee728b)
Start importing Assets/Art/Simple Fantasy GUI/PNG/Inventory/Money_Bar.png using Guid(c7af4caf86986a24d89b41c984aa68d3) Importer(815301076,1909f56bfc062723c751e8b465ee728b)  -> (artifact id: 'e1c00a73ade791591f8a420cdd57398a') in 0.173616 seconds 
========================================================================
Received Import Request.
  Time since last request: 0.000043 seconds.
  path: Assets/Art/Simple Fantasy GUI/PNG/Inventory/Inventory_Box.png
  artifactKey: Guid(6217b7e11307ad64884406331d3ca2ce) Importer(815301076,1909f56bfc062723c751e8b465ee728b)
Start importing Assets/Art/Simple Fantasy GUI/PNG/Inventory/Inventory_Box.png using Guid(6217b7e11307ad64884406331d3ca2ce) Importer(815301076,1909f56bfc062723c751e8b465ee728b)  -> (artifact id: 'a48070ec75ee8471cfcc15aa26f8ad46') in 4.038685 seconds 
========================================================================
Received Import Request.
  Time since last request: 0.000056 seconds.
  path: Assets/Art/Simple Fantasy GUI/PNG/Inventory/InventoryDemo.png
  artifactKey: Guid(db7440f3047d8254a9e4c31d20b8c489) Importer(815301076,1909f56bfc062723c751e8b465ee728b)
Start importing Assets/Art/Simple Fantasy GUI/PNG/Inventory/InventoryDemo.png using Guid(db7440f3047d8254a9e4c31d20b8c489) Importer(815301076,1909f56bfc062723c751e8b465ee728b)  -> (artifact id: '1d68b5fafe615aa5146b2930f74f5af4') in 0.136340 seconds 
========================================================================
Received Import Request.
  Time since last request: 4.222409 seconds.
  path: Assets/Art/Sci-Fi UI/_SciFi_GUISkin_/Skin_Assets/bars/bar_blue.png
  artifactKey: Guid(ba523fd85bea1e448944fe8cabed4b59) Importer(815301076,1909f56bfc062723c751e8b465ee728b)
Start importing Assets/Art/Sci-Fi UI/_SciFi_GUISkin_/Skin_Assets/bars/bar_blue.png using Guid(ba523fd85bea1e448944fe8cabed4b59) Importer(815301076,1909f56bfc062723c751e8b465ee728b)  -> (artifact id: 'c42522b38a3e57d5813939a8b48737f2') in 2.057507 seconds 
========================================================================
Received Import Request.
  Time since last request: 0.000056 seconds.
  path: Assets/Art/Sci-Fi UI/_SciFi_GUISkin_/Skin_Assets/bars/progress_bar_background1.png
  artifactKey: Guid(22035e28412789545867ee9e5d685203) Importer(815301076,1909f56bfc062723c751e8b465ee728b)
Start importing Assets/Art/Sci-Fi UI/_SciFi_GUISkin_/Skin_Assets/bars/progress_bar_background1.png using Guid(22035e28412789545867ee9e5d685203) Importer(815301076,1909f56bfc062723c751e8b465ee728b)  -> (artifact id: '629fc1257472c9461f01afda3726929a') in 0.065816 seconds 
========================================================================
Received Import Request.
  Time since last request: 0.000075 seconds.
  path: Assets/Art/Sci-Fi UI/_SciFi_GUISkin_/Skin_Assets/bars/bar_green.png
  artifactKey: Guid(0cfd497c8bf3fde418beb3fec21b33e1) Importer(815301076,1909f56bfc062723c751e8b465ee728b)
Start importing Assets/Art/Sci-Fi UI/_SciFi_GUISkin_/Skin_Assets/bars/bar_green.png using Guid(0cfd497c8bf3fde418beb3fec21b33e1) Importer(815301076,1909f56bfc062723c751e8b465ee728b)  -> (artifact id: 'b427f7bcc6f46d4f6ef1805ec43cd382') in 0.908325 seconds 
========================================================================
Received Import Request.
  Time since last request: 68.733551 seconds.
  path: Assets/Art/Sci-Fi UI/_SciFi_GUISkin_/Skin_Assets/buttons/button_active.png
  artifactKey: Guid(67c34bb955c72e6419b7528e10e73c53) Importer(815301076,1909f56bfc062723c751e8b465ee728b)
Start importing Assets/Art/Sci-Fi UI/_SciFi_GUISkin_/Skin_Assets/buttons/button_active.png using Guid(67c34bb955c72e6419b7528e10e73c53) Importer(815301076,1909f56bfc062723c751e8b465ee728b)  -> (artifact id: 'cc716df47f18ba7eb5331b976e1d595f') in 0.131250 seconds 
========================================================================
Received Import Request.
  Time since last request: 57.152551 seconds.
  path: Assets/Art/Sci-Fi UI/_SciFi_GUISkin_/Skin_Assets/buttons/pause.png
  artifactKey: Guid(379c45e0c5ba5e54e8df03f52e4c7680) Importer(815301076,1909f56bfc062723c751e8b465ee728b)
Start importing Assets/Art/Sci-Fi UI/_SciFi_GUISkin_/Skin_Assets/buttons/pause.png using Guid(379c45e0c5ba5e54e8df03f52e4c7680) Importer(815301076,1909f56bfc062723c751e8b465ee728b)  -> (artifact id: 'b19be1154859a9ba42c304a0d625d9d2') in 0.061513 seconds 
========================================================================
Received Import Request.
  Time since last request: 27.551600 seconds.
  path: Assets/Art/Special Part Sprite/Transistor.png
  artifactKey: Guid(1a4e387a0e757ac44a947ae9387c920f) Importer(815301076,1909f56bfc062723c751e8b465ee728b)
Start importing Assets/Art/Special Part Sprite/Transistor.png using Guid(1a4e387a0e757ac44a947ae9387c920f) Importer(815301076,1909f56bfc062723c751e8b465ee728b)  -> (artifact id: 'cb43f560b2f0439a8a4c5ede5c07a8f2') in 0.166813 seconds 
========================================================================
Received Import Request.
  Time since last request: 0.000044 seconds.
  path: Assets/Art/Special Part Sprite/vacuum_tubes-removebg-preview.png
  artifactKey: Guid(33ed30855c6196641ba333f726df22b2) Importer(815301076,1909f56bfc062723c751e8b465ee728b)
Start importing Assets/Art/Special Part Sprite/vacuum_tubes-removebg-preview.png using Guid(33ed30855c6196641ba333f726df22b2) Importer(815301076,1909f56bfc062723c751e8b465ee728b)  -> (artifact id: 'cf7cd1aecc1d9e1589d71d26528d2c05') in 0.323966 seconds 
========================================================================
Received Import Request.
  Time since last request: 4.153210 seconds.
  path: Assets/Art/Sci-Fi UI/_SciFi_GUISkin_/Bonus_Assets/arrows/arrow1_left.png
  artifactKey: Guid(9871e4d5e19cea6419d057b79ce1a1a8) Importer(815301076,1909f56bfc062723c751e8b465ee728b)
Start importing Assets/Art/Sci-Fi UI/_SciFi_GUISkin_/Bonus_Assets/arrows/arrow1_left.png using Guid(9871e4d5e19cea6419d057b79ce1a1a8) Importer(815301076,1909f56bfc062723c751e8b465ee728b)  -> (artifact id: 'b610a33d04d1e3edc6d550cd82f19951') in 0.373871 seconds 
========================================================================
Received Import Request.
  Time since last request: 0.000025 seconds.
  path: Assets/Art/Sci-Fi UI/_SciFi_GUISkin_/Bonus_Assets/arrows/arrow_right.png
  artifactKey: Guid(e05004e4bcd8b3e49bb0cbaab0215760) Importer(815301076,1909f56bfc062723c751e8b465ee728b)
Start importing Assets/Art/Sci-Fi UI/_SciFi_GUISkin_/Bonus_Assets/arrows/arrow_right.png using Guid(e05004e4bcd8b3e49bb0cbaab0215760) Importer(815301076,1909f56bfc062723c751e8b465ee728b)  -> (artifact id: '75e5aa520e3cb7890fd2b7ba38ae8b00') in 0.103484 seconds 
========================================================================
Received Import Request.
  Time since last request: 0.000039 seconds.
  path: Assets/Art/Sci-Fi UI/_SciFi_GUISkin_/Bonus_Assets/arrows/long_arrow_right.png
  artifactKey: Guid(e9b8cd94ede145942a15f9e164af30a9) Importer(815301076,1909f56bfc062723c751e8b465ee728b)
Start importing Assets/Art/Sci-Fi UI/_SciFi_GUISkin_/Bonus_Assets/arrows/long_arrow_right.png using Guid(e9b8cd94ede145942a15f9e164af30a9) Importer(815301076,1909f56bfc062723c751e8b465ee728b)  -> (artifact id: '61b9e958a9e007d83a787bd484d709b7') in 0.102844 seconds 
========================================================================
Received Import Request.
  Time since last request: 0.000046 seconds.
  path: Assets/Art/Sci-Fi UI/_SciFi_GUISkin_/Bonus_Assets/arrows/long_arrow_left.png
  artifactKey: Guid(5d663ef25d3d5514a8d099e72353244b) Importer(815301076,1909f56bfc062723c751e8b465ee728b)
Start importing Assets/Art/Sci-Fi UI/_SciFi_GUISkin_/Bonus_Assets/arrows/long_arrow_left.png using Guid(5d663ef25d3d5514a8d099e72353244b) Importer(815301076,1909f56bfc062723c751e8b465ee728b)  -> (artifact id: '41d34e2f8f82b9ef2edda07f3ccaa659') in 0.262366 seconds 
========================================================================
Received Import Request.
  Time since last request: 1.606600 seconds.
  path: Assets/Art/Sci-Fi UI/_SciFi_GUISkin_/Bonus_Assets/bars/background_bar.png
  artifactKey: Guid(5ac1b94d4d2f7eb4e966846bb93a15cc) Importer(815301076,1909f56bfc062723c751e8b465ee728b)
Start importing Assets/Art/Sci-Fi UI/_SciFi_GUISkin_/Bonus_Assets/bars/background_bar.png using Guid(5ac1b94d4d2f7eb4e966846bb93a15cc) Importer(815301076,1909f56bfc062723c751e8b465ee728b)  -> (artifact id: '71ba6e410b77de60f251ac981290a4b9') in 0.253875 seconds 
========================================================================
Received Import Request.
  Time since last request: 0.000063 seconds.
  path: Assets/Art/Sci-Fi UI/_SciFi_GUISkin_/Bonus_Assets/bars/bar_red.png
  artifactKey: Guid(3f92020a7f2ce524b8f0dc4092fbef2c) Importer(815301076,1909f56bfc062723c751e8b465ee728b)
Start importing Assets/Art/Sci-Fi UI/_SciFi_GUISkin_/Bonus_Assets/bars/bar_red.png using Guid(3f92020a7f2ce524b8f0dc4092fbef2c) Importer(815301076,1909f56bfc062723c751e8b465ee728b)  -> (artifact id: '419b310cda60cad62a7fea7f08d158b6') in 0.252570 seconds 
========================================================================
Received Import Request.
  Time since last request: 0.000042 seconds.
  path: Assets/Art/Sci-Fi UI/_SciFi_GUISkin_/Bonus_Assets/bars/bar_red1.png
  artifactKey: Guid(2678aad9451e8e44a9c17d6e98886f05) Importer(815301076,1909f56bfc062723c751e8b465ee728b)
Start importing Assets/Art/Sci-Fi UI/_SciFi_GUISkin_/Bonus_Assets/bars/bar_red1.png using Guid(2678aad9451e8e44a9c17d6e98886f05) Importer(815301076,1909f56bfc062723c751e8b465ee728b)  -> (artifact id: '3ee73fe7459d12ef2b5fb87b84f3c5a6') in 0.313106 seconds 
========================================================================
Received Import Request.
  Time since last request: 0.000049 seconds.
  path: Assets/Art/Sci-Fi UI/_SciFi_GUISkin_/Bonus_Assets/bars/bar_purple.png
  artifactKey: Guid(1ceb59d66cd59eb40a2da04ee9509bd1) Importer(815301076,1909f56bfc062723c751e8b465ee728b)
Start importing Assets/Art/Sci-Fi UI/_SciFi_GUISkin_/Bonus_Assets/bars/bar_purple.png using Guid(1ceb59d66cd59eb40a2da04ee9509bd1) Importer(815301076,1909f56bfc062723c751e8b465ee728b)  -> (artifact id: '6e97759e4b415cdf23eb3b676d06b28b') in 0.222817 seconds 
========================================================================
Received Import Request.
  Time since last request: 170.271491 seconds.
  path: Assets/cutscenes/3rd gen_scene.playable
  artifactKey: Guid(d4de56b3e6c931c49a53e9ed88eec514) Importer(815301076,1909f56bfc062723c751e8b465ee728b)
Start importing Assets/cutscenes/3rd gen_scene.playable using Guid(d4de56b3e6c931c49a53e9ed88eec514) Importer(815301076,1909f56bfc062723c751e8b465ee728b)  -> (artifact id: '997ac06939897eebfd033f38c5fd3362') in 0.282274 seconds 
========================================================================
Received Import Request.
  Time since last request: 64.756562 seconds.
  path: Assets/Scenes/Spaceship.unity
  artifactKey: Guid(393a03ef1697c5f4cb3ada04634d9f66) Importer(815301076,1909f56bfc062723c751e8b465ee728b)
Start importing Assets/Scenes/Spaceship.unity using Guid(393a03ef1697c5f4cb3ada04634d9f66) Importer(815301076,1909f56bfc062723c751e8b465ee728b)  -> (artifact id: 'd900e2f00a3a11dfe87ed5b4d32d8887') in 0.014986 seconds 
========================================================================
Received Import Request.
  Time since last request: 30.376316 seconds.
  path: Assets/Art/Traps/Bags/bag.png
  artifactKey: Guid(a235bde889d4ce74aaaac3652937d2d4) Importer(815301076,1909f56bfc062723c751e8b465ee728b)
Start importing Assets/Art/Traps/Bags/bag.png using Guid(a235bde889d4ce74aaaac3652937d2d4) Importer(815301076,1909f56bfc062723c751e8b465ee728b)  -> (artifact id: '9e560ef6d7bab4ba9b235d9cb5251f67') in 0.214589 seconds 
========================================================================
Received Import Request.
  Time since last request: 30.277006 seconds.
  path: Assets/Art/Sci-Fi UI/_SciFi_GUISkin_/atlas.png
  artifactKey: Guid(56d84991286850f428b4e7df0cca7380) Importer(815301076,1909f56bfc062723c751e8b465ee728b)
Start importing Assets/Art/Sci-Fi UI/_SciFi_GUISkin_/atlas.png using Guid(56d84991286850f428b4e7df0cca7380) Importer(815301076,1909f56bfc062723c751e8b465ee728b)  -> (artifact id: '039081fa82e0723e7bb70876685c0030') in 0.575627 seconds 
========================================================================
Received Import Request.
  Time since last request: 266.856418 seconds.
  path: Assets/Scenes/Puzzle.unity
  artifactKey: Guid(6f5cd423d37131f49933d6b3f76e8408) Importer(815301076,1909f56bfc062723c751e8b465ee728b)
Start importing Assets/Scenes/Puzzle.unity using Guid(6f5cd423d37131f49933d6b3f76e8408) Importer(815301076,1909f56bfc062723c751e8b465ee728b)  -> (artifact id: 'd4870b879e210e2462f0c7fbf12e6218') in 0.015556 seconds 
========================================================================
Received Import Request.
  Time since last request: 412.951865 seconds.
  path: Assets/Art/Sci-Fi Pixel/Sci Fi Pixel Art UI Kit/Prefabs/Panels
  artifactKey: Guid(54516b172a1454b4c851fe8df937f335) Importer(815301076,1909f56bfc062723c751e8b465ee728b)
Start importing Assets/Art/Sci-Fi Pixel/Sci Fi Pixel Art UI Kit/Prefabs/Panels using Guid(54516b172a1454b4c851fe8df937f335) Importer(815301076,1909f56bfc062723c751e8b465ee728b)  -> (artifact id: 'cafd159255f37032c6a8a5783053ea56') in 0.106484 seconds 
========================================================================
Received Import Request.
  Time since last request: 0.033273 seconds.
  path: Assets/Art/Sci-Fi Pixel/Sci Fi Pixel Art UI Kit/Prefabs/Panels/Background Frame.prefab
  artifactKey: Guid(d1535bd09cc4a8b4ca118dd5a39f377c) Importer(815301076,1909f56bfc062723c751e8b465ee728b)
Start importing Assets/Art/Sci-Fi Pixel/Sci Fi Pixel Art UI Kit/Prefabs/Panels/Background Frame.prefab using Guid(d1535bd09cc4a8b4ca118dd5a39f377c) Importer(815301076,1909f56bfc062723c751e8b465ee728b)  -> (artifact id: 'b4ab4ab20a525f16b42198d34645230d') in 0.512975 seconds 
========================================================================
Received Import Request.
  Time since last request: 2.723036 seconds.
  path: Assets/Art/Sci-Fi Pixel/Sci Fi Pixel Art UI Kit/Prefabs/Solid Buttons/Back Solid Button.prefab
  artifactKey: Guid(8263fde455548c947949d212ad5652ce) Importer(815301076,1909f56bfc062723c751e8b465ee728b)
Start importing Assets/Art/Sci-Fi Pixel/Sci Fi Pixel Art UI Kit/Prefabs/Solid Buttons/Back Solid Button.prefab using Guid(8263fde455548c947949d212ad5652ce) Importer(815301076,1909f56bfc062723c751e8b465ee728b)  -> (artifact id: '7b70cdd3ddbc723ef906be54ee4bddf5') in 0.679010 seconds 
========================================================================
Received Import Request.
  Time since last request: 0.000035 seconds.
  path: Assets/Art/Sci-Fi Pixel/Sci Fi Pixel Art UI Kit/Prefabs/Solid Buttons/Mail Solid Button.prefab
  artifactKey: Guid(dd96d1f4e217bd14184867ce0b563856) Importer(815301076,1909f56bfc062723c751e8b465ee728b)
Start importing Assets/Art/Sci-Fi Pixel/Sci Fi Pixel Art UI Kit/Prefabs/Solid Buttons/Mail Solid Button.prefab using Guid(dd96d1f4e217bd14184867ce0b563856) Importer(815301076,1909f56bfc062723c751e8b465ee728b)  -> (artifact id: '8601fb00dd3cc9af432ba917a22d5a72') in 4.547567 seconds 
========================================================================
Received Import Request.
  Time since last request: 0.000038 seconds.
  path: Assets/Art/Sci-Fi Pixel/Sci Fi Pixel Art UI Kit/Prefabs/Solid Buttons/Pause Solid Button.prefab
  artifactKey: Guid(522060a96df0fd7478e1f704f488ecf6) Importer(815301076,1909f56bfc062723c751e8b465ee728b)
Start importing Assets/Art/Sci-Fi Pixel/Sci Fi Pixel Art UI Kit/Prefabs/Solid Buttons/Pause Solid Button.prefab using Guid(522060a96df0fd7478e1f704f488ecf6) Importer(815301076,1909f56bfc062723c751e8b465ee728b)  -> (artifact id: '12a5c9467b45675103138ad9f38bf597') in 0.354845 seconds 
========================================================================
Received Import Request.
  Time since last request: 0.000057 seconds.
  path: Assets/Art/Sci-Fi Pixel/Sci Fi Pixel Art UI Kit/Prefabs/Solid Buttons/Stop Solid Button.prefab
  artifactKey: Guid(4f1953a9297f40d4ebcdce20a387e254) Importer(815301076,1909f56bfc062723c751e8b465ee728b)
Start importing Assets/Art/Sci-Fi Pixel/Sci Fi Pixel Art UI Kit/Prefabs/Solid Buttons/Stop Solid Button.prefab using Guid(4f1953a9297f40d4ebcdce20a387e254) Importer(815301076,1909f56bfc062723c751e8b465ee728b)  -> (artifact id: 'f7e1947f5ee491eb63647f2cf7f0bb33') in 0.464288 seconds 
========================================================================
Received Import Request.
  Time since last request: 0.000045 seconds.
  path: Assets/Art/Sci-Fi Pixel/Sci Fi Pixel Art UI Kit/Prefabs/Sliders/Health Bar Big.prefab
  artifactKey: Guid(ebc77746229656e479739176af591b9b) Importer(815301076,1909f56bfc062723c751e8b465ee728b)
Start importing Assets/Art/Sci-Fi Pixel/Sci Fi Pixel Art UI Kit/Prefabs/Sliders/Health Bar Big.prefab using Guid(ebc77746229656e479739176af591b9b) Importer(815301076,1909f56bfc062723c751e8b465ee728b)  -> (artifact id: '8784a7948b262940980b2f48d4553aa1') in 0.216266 seconds 
========================================================================
Received Import Request.
  Time since last request: 0.000037 seconds.
  path: Assets/Art/Sci-Fi Pixel/Sci Fi Pixel Art UI Kit/Prefabs/Solid Buttons/Social Solid Button.prefab
  artifactKey: Guid(070d6e4296e7f6840a217f94117bd951) Importer(815301076,1909f56bfc062723c751e8b465ee728b)
Start importing Assets/Art/Sci-Fi Pixel/Sci Fi Pixel Art UI Kit/Prefabs/Solid Buttons/Social Solid Button.prefab using Guid(070d6e4296e7f6840a217f94117bd951) Importer(815301076,1909f56bfc062723c751e8b465ee728b)  -> (artifact id: '0a3547dc509129aedfe1342024c176cd') in 0.401701 seconds 
========================================================================
Received Import Request.
  Time since last request: 0.000525 seconds.
  path: Assets/Art/Sci-Fi Pixel/Sci Fi Pixel Art UI Kit/Prefabs/Solid Buttons/Upload Solid Button.prefab
  artifactKey: Guid(8c2f7ba743563b648937144b6083b180) Importer(815301076,1909f56bfc062723c751e8b465ee728b)
Start importing Assets/Art/Sci-Fi Pixel/Sci Fi Pixel Art UI Kit/Prefabs/Solid Buttons/Upload Solid Button.prefab using Guid(8c2f7ba743563b648937144b6083b180) Importer(815301076,1909f56bfc062723c751e8b465ee728b)  -> (artifact id: '281f2dbf59ed742dd17b4927eb40ca7f') in 0.322450 seconds 
========================================================================
Received Import Request.
  Time since last request: 0.000043 seconds.
  path: Assets/Art/Sci-Fi Pixel/Sci Fi Pixel Art UI Kit/Prefabs/Solid Buttons/Settings Solid Button.prefab
  artifactKey: Guid(52b745ba9a363bd499beea7fb332c214) Importer(815301076,1909f56bfc062723c751e8b465ee728b)
Start importing Assets/Art/Sci-Fi Pixel/Sci Fi Pixel Art UI Kit/Prefabs/Solid Buttons/Settings Solid Button.prefab using Guid(52b745ba9a363bd499beea7fb332c214) Importer(815301076,1909f56bfc062723c751e8b465ee728b)  -> (artifact id: '2828aab3ec59f12063f07f6fe38fb9d9') in 0.292159 seconds 
========================================================================
Received Import Request.
  Time since last request: 0.000061 seconds.
  path: Assets/Art/Sci-Fi Pixel/Sci Fi Pixel Art UI Kit/Prefabs/Solid Buttons/Play Solid Button.prefab
  artifactKey: Guid(b0749bd011f4ac4429441299052fe168) Importer(815301076,1909f56bfc062723c751e8b465ee728b)
Start importing Assets/Art/Sci-Fi Pixel/Sci Fi Pixel Art UI Kit/Prefabs/Solid Buttons/Play Solid Button.prefab using Guid(b0749bd011f4ac4429441299052fe168) Importer(815301076,1909f56bfc062723c751e8b465ee728b)  -> (artifact id: '89fbfecb5a83ea9757e48e311f14f410') in 0.250828 seconds 
========================================================================
Received Import Request.
  Time since last request: 0.000049 seconds.
  path: Assets/Art/Sci-Fi Pixel/Sci Fi Pixel Art UI Kit/Prefabs/Solid Buttons/Question Solid Button.prefab
  artifactKey: Guid(ab2ef00d45de9b642b778219cd011f63) Importer(815301076,1909f56bfc062723c751e8b465ee728b)
Start importing Assets/Art/Sci-Fi Pixel/Sci Fi Pixel Art UI Kit/Prefabs/Solid Buttons/Question Solid Button.prefab using Guid(ab2ef00d45de9b642b778219cd011f63) Importer(815301076,1909f56bfc062723c751e8b465ee728b)  -> (artifact id: '472ce0f6e466cf1d428c6c6d94cc932b') in 0.773308 seconds 
========================================================================
Received Import Request.
  Time since last request: 0.000039 seconds.
  path: Assets/Art/Sci-Fi Pixel/Sci Fi Pixel Art UI Kit/Prefabs/Sliders/Fill Bar Green.prefab
  artifactKey: Guid(15ef59dd49fc16943a32d8934296de0e) Importer(815301076,1909f56bfc062723c751e8b465ee728b)
Start importing Assets/Art/Sci-Fi Pixel/Sci Fi Pixel Art UI Kit/Prefabs/Sliders/Fill Bar Green.prefab using Guid(15ef59dd49fc16943a32d8934296de0e) Importer(815301076,1909f56bfc062723c751e8b465ee728b)  -> (artifact id: 'a9e05b4e8641b2b470bf9a13f3169962') in 0.144973 seconds 
========================================================================
Received Import Request.
  Time since last request: 0.000034 seconds.
  path: Assets/Art/Sci-Fi Pixel/Sci Fi Pixel Art UI Kit/Prefabs/Solid Buttons/Home Solid Button.prefab
  artifactKey: Guid(7e0da34551150f14b87019c3c99327d1) Importer(815301076,1909f56bfc062723c751e8b465ee728b)
Start importing Assets/Art/Sci-Fi Pixel/Sci Fi Pixel Art UI Kit/Prefabs/Solid Buttons/Home Solid Button.prefab using Guid(7e0da34551150f14b87019c3c99327d1) Importer(815301076,1909f56bfc062723c751e8b465ee728b)  -> (artifact id: '0e3280f53c2c8a79e87020976bddc94c') in 0.348997 seconds 
========================================================================
Received Import Request.
  Time since last request: 61.858748 seconds.
  path: Assets/Scenes/Puzzle.unity
  artifactKey: Guid(6f5cd423d37131f49933d6b3f76e8408) Importer(815301076,1909f56bfc062723c751e8b465ee728b)
Start importing Assets/Scenes/Puzzle.unity using Guid(6f5cd423d37131f49933d6b3f76e8408) Importer(815301076,1909f56bfc062723c751e8b465ee728b)  -> (artifact id: '818c88637bde5d0fb7adb3ed277abf2a') in 0.093237 seconds 
========================================================================
Received Import Request.
  Time since last request: 156.716946 seconds.
  path: Assets/Art/Simple Fantasy GUI/PNG/Login Panel/Login_Box.png
  artifactKey: Guid(df1945708fc4d6742b37268ae519a4b1) Importer(815301076,1909f56bfc062723c751e8b465ee728b)
Start importing Assets/Art/Simple Fantasy GUI/PNG/Login Panel/Login_Box.png using Guid(df1945708fc4d6742b37268ae519a4b1) Importer(815301076,1909f56bfc062723c751e8b465ee728b)  -> (artifact id: 'c980c3d728d2565e9a79ee69e335ffd3') in 0.452250 seconds 
========================================================================
Received Import Request.
  Time since last request: 0.000040 seconds.
  path: Assets/Art/Simple Fantasy GUI/PNG/Login Panel/LoginDemo.png
  artifactKey: Guid(f87fc246712f16e4d875613fc90a11d6) Importer(815301076,1909f56bfc062723c751e8b465ee728b)
Start importing Assets/Art/Simple Fantasy GUI/PNG/Login Panel/LoginDemo.png using Guid(f87fc246712f16e4d875613fc90a11d6) Importer(815301076,1909f56bfc062723c751e8b465ee728b)  -> (artifact id: 'e96c6447c2a20e018a30c19b12037679') in 0.133687 seconds 
========================================================================
Received Import Request.
  Time since last request: 0.000048 seconds.
  path: Assets/Art/Simple Fantasy GUI/PNG/Loading Bar/Progress_Bar.png
  artifactKey: Guid(a5b93d32762c76c4ab4818b49c2f74dc) Importer(815301076,1909f56bfc062723c751e8b465ee728b)
Start importing Assets/Art/Simple Fantasy GUI/PNG/Loading Bar/Progress_Bar.png using Guid(a5b93d32762c76c4ab4818b49c2f74dc) Importer(815301076,1909f56bfc062723c751e8b465ee728b)  -> (artifact id: '964588ceed9e9246fcc8db151ab549b1') in 0.125596 seconds 
========================================================================
Received Import Request.
  Time since last request: 0.000040 seconds.
  path: Assets/Art/Simple Fantasy GUI/PNG/Loading Bar/Decoration.png
  artifactKey: Guid(bb4c08313ab8d094099ba3912307d052) Importer(815301076,1909f56bfc062723c751e8b465ee728b)
Start importing Assets/Art/Simple Fantasy GUI/PNG/Loading Bar/Decoration.png using Guid(bb4c08313ab8d094099ba3912307d052) Importer(815301076,1909f56bfc062723c751e8b465ee728b)  -> (artifact id: '21d6ffed74f6aa95c6fd09dcfa9351f0') in 0.197049 seconds 
========================================================================
Received Import Request.
  Time since last request: 0.000045 seconds.
  path: Assets/Art/Simple Fantasy GUI/PNG/Loading Bar/LoadingDemo.png
  artifactKey: Guid(3337066f7ea9437419b50a86e0fb6ddd) Importer(815301076,1909f56bfc062723c751e8b465ee728b)
Start importing Assets/Art/Simple Fantasy GUI/PNG/Loading Bar/LoadingDemo.png using Guid(3337066f7ea9437419b50a86e0fb6ddd) Importer(815301076,1909f56bfc062723c751e8b465ee728b)  -> (artifact id: '5e6b7cef6f95cac873c02e8cf1338e61') in 0.156420 seconds 
========================================================================
Received Import Request.
  Time since last request: 1066.266410 seconds.
  path: Assets/Scenes/Puzzle4.unity
  artifactKey: Guid(bfa8843eaea764c43b70daee4db9a711) Importer(815301076,1909f56bfc062723c751e8b465ee728b)
Start importing Assets/Scenes/Puzzle4.unity using Guid(bfa8843eaea764c43b70daee4db9a711) Importer(815301076,1909f56bfc062723c751e8b465ee728b)  -> (artifact id: '8c6bd2c7ccd7e5337f78ef5b0ba5c9be') in 0.015340 seconds 
========================================================================
Received Import Request.
  Time since last request: 289.152463 seconds.
  path: Assets/Art/Gen_test_sprites/5th Gen Computer.png
  artifactKey: Guid(c3b734edb4de89948b265a91c01f3726) Importer(815301076,1909f56bfc062723c751e8b465ee728b)
Start importing Assets/Art/Gen_test_sprites/5th Gen Computer.png using Guid(c3b734edb4de89948b265a91c01f3726) Importer(815301076,1909f56bfc062723c751e8b465ee728b)  -> (artifact id: '2b8d2a21c10783fba3c4bf4b6ca7e9d3') in 0.195649 seconds 
========================================================================
Received Import Request.
  Time since last request: 0.000039 seconds.
  path: Assets/Art/Gen_test_sprites/Transistor 1.png
  artifactKey: Guid(40e589f657e9b9e43a5df3113bb89aef) Importer(815301076,1909f56bfc062723c751e8b465ee728b)
Start importing Assets/Art/Gen_test_sprites/Transistor 1.png using Guid(40e589f657e9b9e43a5df3113bb89aef) Importer(815301076,1909f56bfc062723c751e8b465ee728b)  -> (artifact id: '1719e0b9ae472e85bd7886d640bf7636') in 0.926229 seconds 
========================================================================
Received Import Request.
  Time since last request: 0.000077 seconds.
  path: Assets/Art/Gen_test_sprites/IBM.png
  artifactKey: Guid(ec425f14d1870a641911b770bf8f7c80) Importer(815301076,1909f56bfc062723c751e8b465ee728b)
Start importing Assets/Art/Gen_test_sprites/IBM.png using Guid(ec425f14d1870a641911b770bf8f7c80) Importer(815301076,1909f56bfc062723c751e8b465ee728b)  -> (artifact id: 'a07d0bd4ce82888e36fed7432eefe83b') in 0.110233 seconds 
========================================================================
Received Import Request.
  Time since last request: 0.000056 seconds.
  path: Assets/Art/Gen_test_sprites/microprocessor.png
  artifactKey: Guid(8d4ab0abe64112247a7b36b071145d9b) Importer(815301076,1909f56bfc062723c751e8b465ee728b)
Start importing Assets/Art/Gen_test_sprites/microprocessor.png using Guid(8d4ab0abe64112247a7b36b071145d9b) Importer(815301076,1909f56bfc062723c751e8b465ee728b)  -> (artifact id: '26dffb6c9775fea3cb499877424ee1a1') in 0.200813 seconds 
========================================================================
Received Import Request.
  Time since last request: 0.000060 seconds.
  path: Assets/Art/Gen_test_sprites/vacuum tube.png
  artifactKey: Guid(ec730dcf8e1f4ad4a9f3c3610f4f483d) Importer(815301076,1909f56bfc062723c751e8b465ee728b)
Start importing Assets/Art/Gen_test_sprites/vacuum tube.png using Guid(ec730dcf8e1f4ad4a9f3c3610f4f483d) Importer(815301076,1909f56bfc062723c751e8b465ee728b)  -> (artifact id: '2a5abf6d524306e54feecabac18f3355') in 0.466786 seconds 
========================================================================
Received Import Request.
  Time since last request: 41.501823 seconds.
  path: Assets/Scenes/Puzzle1.unity
  artifactKey: Guid(2a88809f216e3b44c9689eb463d56f34) Importer(815301076,1909f56bfc062723c751e8b465ee728b)
Start importing Assets/Scenes/Puzzle1.unity using Guid(2a88809f216e3b44c9689eb463d56f34) Importer(815301076,1909f56bfc062723c751e8b465ee728b)  -> (artifact id: 'a87ffacbced0a34b2d7459cff8b7085c') in 0.012673 seconds 
========================================================================
Received Import Request.
  Time since last request: 63.665290 seconds.
  path: Assets/Scenes/Puzzle2.unity
  artifactKey: Guid(09745a6019c0a174dae99f27c75eeb64) Importer(815301076,1909f56bfc062723c751e8b465ee728b)
Start importing Assets/Scenes/Puzzle2.unity using Guid(09745a6019c0a174dae99f27c75eeb64) Importer(815301076,1909f56bfc062723c751e8b465ee728b)  -> (artifact id: '12e2f85dec736add8a252b961e818213') in 0.014170 seconds 
========================================================================
Received Import Request.
  Time since last request: 68.383584 seconds.
  path: Assets/Scenes/Puzzle3.unity
  artifactKey: Guid(da4a1244d2a30144ebd233f0a4417018) Importer(815301076,1909f56bfc062723c751e8b465ee728b)
Start importing Assets/Scenes/Puzzle3.unity using Guid(da4a1244d2a30144ebd233f0a4417018) Importer(815301076,1909f56bfc062723c751e8b465ee728b)  -> (artifact id: 'f75674e5953f0588b5d4f845a4f00cd3') in 0.014362 seconds 
========================================================================
Received Import Request.
  Time since last request: 75.979260 seconds.
  path: Assets/Scenes/Puzzle4.unity
  artifactKey: Guid(bfa8843eaea764c43b70daee4db9a711) Importer(815301076,1909f56bfc062723c751e8b465ee728b)
Start importing Assets/Scenes/Puzzle4.unity using Guid(bfa8843eaea764c43b70daee4db9a711) Importer(815301076,1909f56bfc062723c751e8b465ee728b)  -> (artifact id: '7cfe75b5db2d513cd7dc3f550d37042f') in 0.004660 seconds 
========================================================================
Received Import Request.
  Time since last request: 3716.726026 seconds.
  path: Assets/Scenes/Puzzle3.unity
  artifactKey: Guid(da4a1244d2a30144ebd233f0a4417018) Importer(815301076,1909f56bfc062723c751e8b465ee728b)
Start importing Assets/Scenes/Puzzle3.unity using Guid(da4a1244d2a30144ebd233f0a4417018) Importer(815301076,1909f56bfc062723c751e8b465ee728b)  -> (artifact id: 'ba080c0be3787841a9012014baade4bb') in 0.006046 seconds 
========================================================================
Received Import Request.
  Time since last request: 119.362201 seconds.
  path: Assets/Scenes/Puzzle2.unity
  artifactKey: Guid(09745a6019c0a174dae99f27c75eeb64) Importer(815301076,1909f56bfc062723c751e8b465ee728b)
Start importing Assets/Scenes/Puzzle2.unity using Guid(09745a6019c0a174dae99f27c75eeb64) Importer(815301076,1909f56bfc062723c751e8b465ee728b)  -> (artifact id: 'ac248e252026c99da5fe8f9e16a60fc4') in 0.004085 seconds 
========================================================================
Received Import Request.
  Time since last request: 165.965068 seconds.
  path: Assets/Scenes/Puzzle1.unity
  artifactKey: Guid(2a88809f216e3b44c9689eb463d56f34) Importer(815301076,1909f56bfc062723c751e8b465ee728b)
Start importing Assets/Scenes/Puzzle1.unity using Guid(2a88809f216e3b44c9689eb463d56f34) Importer(815301076,1909f56bfc062723c751e8b465ee728b)  -> (artifact id: '82822c0c03139616d97eb132b03ff8a8') in 0.014358 seconds 
========================================================================
Received Import Request.
  Time since last request: 57.997625 seconds.
  path: Assets/Scenes/Puzzle1.unity
  artifactKey: Guid(2a88809f216e3b44c9689eb463d56f34) Importer(815301076,1909f56bfc062723c751e8b465ee728b)
Start importing Assets/Scenes/Puzzle1.unity using Guid(2a88809f216e3b44c9689eb463d56f34) Importer(815301076,1909f56bfc062723c751e8b465ee728b)  -> (artifact id: '5da8e8b2d8f37f7c791dcd71d93a5066') in 0.005291 seconds 
========================================================================
Received Import Request.
  Time since last request: 25.439455 seconds.
  path: Assets/Scenes/Puzzle2.unity
  artifactKey: Guid(09745a6019c0a174dae99f27c75eeb64) Importer(815301076,1909f56bfc062723c751e8b465ee728b)
Start importing Assets/Scenes/Puzzle2.unity using Guid(09745a6019c0a174dae99f27c75eeb64) Importer(815301076,1909f56bfc062723c751e8b465ee728b)  -> (artifact id: '7f8586af114389b0835c43b299d7a050') in 0.004794 seconds 
========================================================================
Received Import Request.
  Time since last request: 47.207740 seconds.
  path: Assets/Scenes/Puzzle1.unity
  artifactKey: Guid(2a88809f216e3b44c9689eb463d56f34) Importer(815301076,1909f56bfc062723c751e8b465ee728b)
Start importing Assets/Scenes/Puzzle1.unity using Guid(2a88809f216e3b44c9689eb463d56f34) Importer(815301076,1909f56bfc062723c751e8b465ee728b)  -> (artifact id: '9dc689fcfb3277ad006d665bfe5a7bd1') in 0.006409 seconds 
========================================================================
Received Import Request.
  Time since last request: 42.472324 seconds.
  path: Assets/Scenes/Stage1.unity
  artifactKey: Guid(76c97c314dbb13946a1f1d2636930a2c) Importer(815301076,1909f56bfc062723c751e8b465ee728b)
Start importing Assets/Scenes/Stage1.unity using Guid(76c97c314dbb13946a1f1d2636930a2c) Importer(815301076,1909f56bfc062723c751e8b465ee728b)  -> (artifact id: 'db01eccdda36269124bdb3b140553525') in 0.014889 seconds 
========================================================================
Received Prepare
Registering precompiled user dll's ...
Registered in 0.009715 seconds.
Begin MonoManager ReloadAssembly
Symbol file LoadedFromMemory doesn't match image D:\Github repository\cgen\CGEN 2d RPG\Library\PackageCache\com.unity.visualscripting@1.7.8\Editor\VisualScripting.Core\Dependencies\YamlDotNet\Unity.VisualScripting.YamlDotNet.dll
Symbol file LoadedFromMemory doesn't match image D:\Github repository\cgen\CGEN 2d RPG\Library\PackageCache\com.unity.visualscripting@1.7.8\Editor\VisualScripting.Core\Dependencies\DotNetZip\Unity.VisualScripting.IonicZip.dll
Native extension for WindowsStandalone target not found
Native extension for Android target not found
Refreshing native plugins compatible for Editor in 3.82 ms, found 3 plugins.
Preloading 0 native plugins for Editor in 0.00 ms.
Mono: successfully reloaded assembly
- Completed reload, in  4.033 seconds
Domain Reload Profiling:
	ReloadAssembly (4036ms)
		BeginReloadAssembly (1944ms)
			ExecutionOrderSort (1ms)
			DisableScriptedObjects (89ms)
			BackupInstance (0ms)
			ReleaseScriptingObjects (0ms)
			CreateAndSetChildDomain (1503ms)
		EndReloadAssembly (1863ms)
			LoadAssemblies (346ms)
			RebuildTransferFunctionScriptingTraits (1ms)
			SetupTypeCache (629ms)
			ReleaseScriptCaches (5ms)
			RebuildScriptCaches (111ms)
			SetupLoadedEditorAssemblies (629ms)
				LogAssemblyErrors (0ms)
				InitializePlatformSupportModulesInManaged (55ms)
				SetLoadedEditorAssemblies (3ms)
				RefreshPlugins (4ms)
				BeforeProcessingInitializeOnLoad (96ms)
				ProcessInitializeOnLoadAttributes (405ms)
				ProcessInitializeOnLoadMethodAttributes (62ms)
				AfterProcessingInitializeOnLoad (4ms)
				EditorAssembliesLoaded (1ms)
			ExecutionOrderSort2 (0ms)
			AwakeInstancesAfterBackupRestoration (13ms)
Platform modules already initialized, skipping
Refreshing native plugins compatible for Editor in 5.62 ms, found 3 plugins.
Preloading 0 native plugins for Editor in 0.00 ms.
Unloading 3448 Unused Serialized files (Serialized files now loaded: 0)
Unloading 17 unused Assets / (24.6 KB). Loaded Objects now: 4037.
Memory consumption went from 129.6 MB to 129.6 MB.
Total: 9.621500 ms (FindLiveObjects: 0.523200 ms CreateObjectMapping: 0.222100 ms MarkObjects: 8.660500 ms  DeleteObjects: 0.210500 ms)

AssetImportParameters requested are different than current active one (requested -> active):
  custom:video-decoder-ogg-theora: a1e56fd34408186e4bbccfd4996cb3dc -> 
  custom:container-muxer-webm: aa71ff27fc2769a1b78a27578f13a17b -> 
  custom:container-demuxer-webm: 4f35f7cbe854078d1ac9338744f61a02 -> 
  custom:video-encoder-webm-vp8: eb34c28f22e8b96e1ab97ce403110664 -> 
  custom:video-codec-MediaFoundation-h265: 746d11721c4dcdbdad8f713fa42b33f4 -> 
  custom:audio-encoder-webm-vorbis: bf7c407c2cedff20999df2af8eb42d56 -> 
  custom:framework-win-MediaFoundation: 216162199b28c13a410421893ffa2e32 -> 
  custom:container-demuxer-ogg: 62fdf1f143b41e24485cea50d1cbac27 -> 
  custom:video-decoder-webm-vp8: 9c59270c3fd7afecdb556c50c9e8de78 -> 
  custom:audio-decoder-ogg-vorbis: bf7c407c2cedff20999df2af8eb42d56 -> 
========================================================================
Received Import Request.
  Time since last request: 398.021609 seconds.
  path: Assets/cutscenes/stage1-scene.playable
  artifactKey: Guid(5ea0e5e53d65705439bf59f7db49f7ff) Importer(815301076,1909f56bfc062723c751e8b465ee728b)
Start importing Assets/cutscenes/stage1-scene.playable using Guid(5ea0e5e53d65705439bf59f7db49f7ff) Importer(815301076,1909f56bfc062723c751e8b465ee728b)  -> (artifact id: '0bcfc753b007f1938685eb51c1e8cec9') in 0.189392 seconds 
========================================================================
Received Prepare
Registering precompiled user dll's ...
Registered in 0.011192 seconds.
Begin MonoManager ReloadAssembly
Symbol file LoadedFromMemory doesn't match image D:\Github repository\cgen\CGEN 2d RPG\Library\PackageCache\com.unity.visualscripting@1.7.8\Editor\VisualScripting.Core\Dependencies\YamlDotNet\Unity.VisualScripting.YamlDotNet.dll
Symbol file LoadedFromMemory doesn't match image D:\Github repository\cgen\CGEN 2d RPG\Library\PackageCache\com.unity.visualscripting@1.7.8\Editor\VisualScripting.Core\Dependencies\DotNetZip\Unity.VisualScripting.IonicZip.dll
Native extension for WindowsStandalone target not found
Native extension for Android target not found
Refreshing native plugins compatible for Editor in 2.28 ms, found 3 plugins.
Preloading 0 native plugins for Editor in 0.00 ms.
Mono: successfully reloaded assembly
- Completed reload, in  1.811 seconds
Domain Reload Profiling:
	ReloadAssembly (1812ms)
		BeginReloadAssembly (262ms)
			ExecutionOrderSort (0ms)
			DisableScriptedObjects (10ms)
			BackupInstance (0ms)
			ReleaseScriptingObjects (0ms)
			CreateAndSetChildDomain (56ms)
		EndReloadAssembly (1346ms)
			LoadAssemblies (243ms)
			RebuildTransferFunctionScriptingTraits (0ms)
			SetupTypeCache (438ms)
			ReleaseScriptCaches (3ms)
			RebuildScriptCaches (64ms)
			SetupLoadedEditorAssemblies (593ms)
				LogAssemblyErrors (0ms)
				InitializePlatformSupportModulesInManaged (34ms)
				SetLoadedEditorAssemblies (1ms)
				RefreshPlugins (2ms)
				BeforeProcessingInitializeOnLoad (89ms)
				ProcessInitializeOnLoadAttributes (397ms)
				ProcessInitializeOnLoadMethodAttributes (66ms)
				AfterProcessingInitializeOnLoad (4ms)
				EditorAssembliesLoaded (0ms)
			ExecutionOrderSort2 (0ms)
			AwakeInstancesAfterBackupRestoration (13ms)
Platform modules already initialized, skipping
Refreshing native plugins compatible for Editor in 5.76 ms, found 3 plugins.
Preloading 0 native plugins for Editor in 0.00 ms.
Unloading 3448 Unused Serialized files (Serialized files now loaded: 0)
Unloading 17 unused Assets / (24.6 KB). Loaded Objects now: 4040.
Memory consumption went from 129.6 MB to 129.6 MB.
Total: 5.486700 ms (FindLiveObjects: 0.554000 ms CreateObjectMapping: 0.305600 ms MarkObjects: 4.572500 ms  DeleteObjects: 0.052800 ms)

AssetImportParameters requested are different than current active one (requested -> active):
  custom:video-decoder-ogg-theora: a1e56fd34408186e4bbccfd4996cb3dc -> 
  custom:container-muxer-webm: aa71ff27fc2769a1b78a27578f13a17b -> 
  custom:container-demuxer-webm: 4f35f7cbe854078d1ac9338744f61a02 -> 
  custom:video-encoder-webm-vp8: eb34c28f22e8b96e1ab97ce403110664 -> 
  custom:video-codec-MediaFoundation-h265: 746d11721c4dcdbdad8f713fa42b33f4 -> 
  custom:audio-encoder-webm-vorbis: bf7c407c2cedff20999df2af8eb42d56 -> 
  custom:framework-win-MediaFoundation: 216162199b28c13a410421893ffa2e32 -> 
  custom:container-demuxer-ogg: 62fdf1f143b41e24485cea50d1cbac27 -> 
  custom:video-decoder-webm-vp8: 9c59270c3fd7afecdb556c50c9e8de78 -> 
  custom:audio-decoder-ogg-vorbis: bf7c407c2cedff20999df2af8eb42d56 -> 
========================================================================
Received Prepare
Registering precompiled user dll's ...
Registered in 0.009923 seconds.
Begin MonoManager ReloadAssembly
Symbol file LoadedFromMemory doesn't match image D:\Github repository\cgen\CGEN 2d RPG\Library\PackageCache\com.unity.visualscripting@1.7.8\Editor\VisualScripting.Core\Dependencies\YamlDotNet\Unity.VisualScripting.YamlDotNet.dll
Symbol file LoadedFromMemory doesn't match image D:\Github repository\cgen\CGEN 2d RPG\Library\PackageCache\com.unity.visualscripting@1.7.8\Editor\VisualScripting.Core\Dependencies\DotNetZip\Unity.VisualScripting.IonicZip.dll
Native extension for WindowsStandalone target not found
Native extension for Android target not found
Refreshing native plugins compatible for Editor in 3.66 ms, found 3 plugins.
Preloading 0 native plugins for Editor in 0.00 ms.
Mono: successfully reloaded assembly
- Completed reload, in  1.767 seconds
Domain Reload Profiling:
	ReloadAssembly (1768ms)
		BeginReloadAssembly (235ms)
			ExecutionOrderSort (0ms)
			DisableScriptedObjects (9ms)
			BackupInstance (0ms)
			ReleaseScriptingObjects (0ms)
			CreateAndSetChildDomain (56ms)
		EndReloadAssembly (1385ms)
			LoadAssemblies (212ms)
			RebuildTransferFunctionScriptingTraits (0ms)
			SetupTypeCache (370ms)
			ReleaseScriptCaches (2ms)
			RebuildScriptCaches (94ms)
			SetupLoadedEditorAssemblies (647ms)
				LogAssemblyErrors (0ms)
				InitializePlatformSupportModulesInManaged (44ms)
				SetLoadedEditorAssemblies (1ms)
				RefreshPlugins (4ms)
				BeforeProcessingInitializeOnLoad (95ms)
				ProcessInitializeOnLoadAttributes (426ms)
				ProcessInitializeOnLoadMethodAttributes (73ms)
				AfterProcessingInitializeOnLoad (5ms)
				EditorAssembliesLoaded (0ms)
			ExecutionOrderSort2 (0ms)
			AwakeInstancesAfterBackupRestoration (13ms)
Platform modules already initialized, skipping
Refreshing native plugins compatible for Editor in 7.84 ms, found 3 plugins.
Preloading 0 native plugins for Editor in 0.00 ms.
Unloading 3448 Unused Serialized files (Serialized files now loaded: 0)
Unloading 17 unused Assets / (24.7 KB). Loaded Objects now: 4043.
Memory consumption went from 129.6 MB to 129.6 MB.
Total: 5.827500 ms (FindLiveObjects: 0.687700 ms CreateObjectMapping: 0.221400 ms MarkObjects: 4.847700 ms  DeleteObjects: 0.068400 ms)

AssetImportParameters requested are different than current active one (requested -> active):
  custom:video-decoder-ogg-theora: a1e56fd34408186e4bbccfd4996cb3dc -> 
  custom:container-muxer-webm: aa71ff27fc2769a1b78a27578f13a17b -> 
  custom:container-demuxer-webm: 4f35f7cbe854078d1ac9338744f61a02 -> 
  custom:video-encoder-webm-vp8: eb34c28f22e8b96e1ab97ce403110664 -> 
  custom:video-codec-MediaFoundation-h265: 746d11721c4dcdbdad8f713fa42b33f4 -> 
  custom:audio-encoder-webm-vorbis: bf7c407c2cedff20999df2af8eb42d56 -> 
  custom:framework-win-MediaFoundation: 216162199b28c13a410421893ffa2e32 -> 
  custom:container-demuxer-ogg: 62fdf1f143b41e24485cea50d1cbac27 -> 
  custom:video-decoder-webm-vp8: 9c59270c3fd7afecdb556c50c9e8de78 -> 
  custom:audio-decoder-ogg-vorbis: bf7c407c2cedff20999df2af8eb42d56 -> 
========================================================================
Received Prepare
Registering precompiled user dll's ...
Registered in 0.011663 seconds.
Begin MonoManager ReloadAssembly
Symbol file LoadedFromMemory doesn't match image D:\Github repository\cgen\CGEN 2d RPG\Library\PackageCache\com.unity.visualscripting@1.7.8\Editor\VisualScripting.Core\Dependencies\YamlDotNet\Unity.VisualScripting.YamlDotNet.dll
Symbol file LoadedFromMemory doesn't match image D:\Github repository\cgen\CGEN 2d RPG\Library\PackageCache\com.unity.visualscripting@1.7.8\Editor\VisualScripting.Core\Dependencies\DotNetZip\Unity.VisualScripting.IonicZip.dll
Native extension for WindowsStandalone target not found
Native extension for Android target not found
Refreshing native plugins compatible for Editor in 3.74 ms, found 3 plugins.
Preloading 0 native plugins for Editor in 0.00 ms.
Mono: successfully reloaded assembly
- Completed reload, in  1.966 seconds
Domain Reload Profiling:
	ReloadAssembly (1968ms)
		BeginReloadAssembly (239ms)
			ExecutionOrderSort (0ms)
			DisableScriptedObjects (10ms)
			BackupInstance (0ms)
			ReleaseScriptingObjects (0ms)
			CreateAndSetChildDomain (59ms)
		EndReloadAssembly (1592ms)
			LoadAssemblies (214ms)
			RebuildTransferFunctionScriptingTraits (0ms)
			SetupTypeCache (387ms)
			ReleaseScriptCaches (3ms)
			RebuildScriptCaches (112ms)
			SetupLoadedEditorAssemblies (778ms)
				LogAssemblyErrors (0ms)
				InitializePlatformSupportModulesInManaged (52ms)
				SetLoadedEditorAssemblies (2ms)
				RefreshPlugins (4ms)
				BeforeProcessingInitializeOnLoad (115ms)
				ProcessInitializeOnLoadAttributes (525ms)
				ProcessInitializeOnLoadMethodAttributes (75ms)
				AfterProcessingInitializeOnLoad (4ms)
				EditorAssembliesLoaded (0ms)
			ExecutionOrderSort2 (0ms)
			AwakeInstancesAfterBackupRestoration (14ms)
Platform modules already initialized, skipping
Refreshing native plugins compatible for Editor in 7.07 ms, found 3 plugins.
Preloading 0 native plugins for Editor in 0.00 ms.
Unloading 3448 Unused Serialized files (Serialized files now loaded: 0)
Unloading 17 unused Assets / (24.6 KB). Loaded Objects now: 4046.
Memory consumption went from 129.6 MB to 129.6 MB.
Total: 11.447200 ms (FindLiveObjects: 0.622200 ms CreateObjectMapping: 0.464300 ms MarkObjects: 10.282600 ms  DeleteObjects: 0.076200 ms)

AssetImportParameters requested are different than current active one (requested -> active):
  custom:video-decoder-ogg-theora: a1e56fd34408186e4bbccfd4996cb3dc -> 
  custom:container-muxer-webm: aa71ff27fc2769a1b78a27578f13a17b -> 
  custom:container-demuxer-webm: 4f35f7cbe854078d1ac9338744f61a02 -> 
  custom:video-encoder-webm-vp8: eb34c28f22e8b96e1ab97ce403110664 -> 
  custom:video-codec-MediaFoundation-h265: 746d11721c4dcdbdad8f713fa42b33f4 -> 
  custom:audio-encoder-webm-vorbis: bf7c407c2cedff20999df2af8eb42d56 -> 
  custom:framework-win-MediaFoundation: 216162199b28c13a410421893ffa2e32 -> 
  custom:container-demuxer-ogg: 62fdf1f143b41e24485cea50d1cbac27 -> 
  custom:video-decoder-webm-vp8: 9c59270c3fd7afecdb556c50c9e8de78 -> 
  custom:audio-decoder-ogg-vorbis: bf7c407c2cedff20999df2af8eb42d56 -> 
========================================================================
Received Prepare
Registering precompiled user dll's ...
Registered in 0.010737 seconds.
Begin MonoManager ReloadAssembly
Symbol file LoadedFromMemory doesn't match image D:\Github repository\cgen\CGEN 2d RPG\Library\PackageCache\com.unity.visualscripting@1.7.8\Editor\VisualScripting.Core\Dependencies\YamlDotNet\Unity.VisualScripting.YamlDotNet.dll
Symbol file LoadedFromMemory doesn't match image D:\Github repository\cgen\CGEN 2d RPG\Library\PackageCache\com.unity.visualscripting@1.7.8\Editor\VisualScripting.Core\Dependencies\DotNetZip\Unity.VisualScripting.IonicZip.dll
Native extension for WindowsStandalone target not found
Native extension for Android target not found
Refreshing native plugins compatible for Editor in 1.49 ms, found 3 plugins.
Preloading 0 native plugins for Editor in 0.00 ms.
Mono: successfully reloaded assembly
- Completed reload, in  1.332 seconds
Domain Reload Profiling:
	ReloadAssembly (1333ms)
		BeginReloadAssembly (242ms)
			ExecutionOrderSort (0ms)
			DisableScriptedObjects (11ms)
			BackupInstance (0ms)
			ReleaseScriptingObjects (0ms)
			CreateAndSetChildDomain (56ms)
		EndReloadAssembly (971ms)
			LoadAssemblies (207ms)
			RebuildTransferFunctionScriptingTraits (0ms)
			SetupTypeCache (296ms)
			ReleaseScriptCaches (2ms)
			RebuildScriptCaches (64ms)
			SetupLoadedEditorAssemblies (419ms)
				LogAssemblyErrors (0ms)
				InitializePlatformSupportModulesInManaged (26ms)
				SetLoadedEditorAssemblies (1ms)
				RefreshPlugins (2ms)
				BeforeProcessingInitializeOnLoad (68ms)
				ProcessInitializeOnLoadAttributes (277ms)
				ProcessInitializeOnLoadMethodAttributes (42ms)
				AfterProcessingInitializeOnLoad (4ms)
				EditorAssembliesLoaded (0ms)
			ExecutionOrderSort2 (0ms)
			AwakeInstancesAfterBackupRestoration (10ms)
Platform modules already initialized, skipping
Refreshing native plugins compatible for Editor in 5.57 ms, found 3 plugins.
Preloading 0 native plugins for Editor in 0.00 ms.
Unloading 3448 Unused Serialized files (Serialized files now loaded: 0)
Unloading 17 unused Assets / (24.6 KB). Loaded Objects now: 4049.
Memory consumption went from 129.6 MB to 129.6 MB.
Total: 4.685100 ms (FindLiveObjects: 0.356100 ms CreateObjectMapping: 0.093300 ms MarkObjects: 4.201800 ms  DeleteObjects: 0.032100 ms)

AssetImportParameters requested are different than current active one (requested -> active):
  custom:video-decoder-ogg-theora: a1e56fd34408186e4bbccfd4996cb3dc -> 
  custom:container-muxer-webm: aa71ff27fc2769a1b78a27578f13a17b -> 
  custom:container-demuxer-webm: 4f35f7cbe854078d1ac9338744f61a02 -> 
  custom:video-encoder-webm-vp8: eb34c28f22e8b96e1ab97ce403110664 -> 
  custom:video-codec-MediaFoundation-h265: 746d11721c4dcdbdad8f713fa42b33f4 -> 
  custom:audio-encoder-webm-vorbis: bf7c407c2cedff20999df2af8eb42d56 -> 
  custom:framework-win-MediaFoundation: 216162199b28c13a410421893ffa2e32 -> 
  custom:container-demuxer-ogg: 62fdf1f143b41e24485cea50d1cbac27 -> 
  custom:video-decoder-webm-vp8: 9c59270c3fd7afecdb556c50c9e8de78 -> 
  custom:audio-decoder-ogg-vorbis: bf7c407c2cedff20999df2af8eb42d56 -> 
========================================================================
Received Prepare
Registering precompiled user dll's ...
Registered in 0.010389 seconds.
Begin MonoManager ReloadAssembly
Symbol file LoadedFromMemory doesn't match image D:\Github repository\cgen\CGEN 2d RPG\Library\PackageCache\com.unity.visualscripting@1.7.8\Editor\VisualScripting.Core\Dependencies\YamlDotNet\Unity.VisualScripting.YamlDotNet.dll
Symbol file LoadedFromMemory doesn't match image D:\Github repository\cgen\CGEN 2d RPG\Library\PackageCache\com.unity.visualscripting@1.7.8\Editor\VisualScripting.Core\Dependencies\DotNetZip\Unity.VisualScripting.IonicZip.dll
Native extension for WindowsStandalone target not found
Native extension for Android target not found
Refreshing native plugins compatible for Editor in 2.42 ms, found 3 plugins.
Preloading 0 native plugins for Editor in 0.00 ms.
Mono: successfully reloaded assembly
- Completed reload, in  1.756 seconds
Domain Reload Profiling:
	ReloadAssembly (1757ms)
		BeginReloadAssembly (238ms)
			ExecutionOrderSort (0ms)
			DisableScriptedObjects (10ms)
			BackupInstance (0ms)
			ReleaseScriptingObjects (0ms)
			CreateAndSetChildDomain (55ms)
		EndReloadAssembly (1353ms)
			LoadAssemblies (215ms)
			RebuildTransferFunctionScriptingTraits (0ms)
			SetupTypeCache (417ms)
			ReleaseScriptCaches (2ms)
			RebuildScriptCaches (80ms)
			SetupLoadedEditorAssemblies (598ms)
				LogAssemblyErrors (0ms)
				InitializePlatformSupportModulesInManaged (36ms)
				SetLoadedEditorAssemblies (1ms)
				RefreshPlugins (3ms)
				BeforeProcessingInitializeOnLoad (110ms)
				ProcessInitializeOnLoadAttributes (386ms)
				ProcessInitializeOnLoadMethodAttributes (57ms)
				AfterProcessingInitializeOnLoad (4ms)
				EditorAssembliesLoaded (0ms)
			ExecutionOrderSort2 (0ms)
			AwakeInstancesAfterBackupRestoration (12ms)
Platform modules already initialized, skipping
Refreshing native plugins compatible for Editor in 6.49 ms, found 3 plugins.
Preloading 0 native plugins for Editor in 0.00 ms.
Unloading 3448 Unused Serialized files (Serialized files now loaded: 0)
Unloading 17 unused Assets / (24.6 KB). Loaded Objects now: 4052.
Memory consumption went from 129.7 MB to 129.6 MB.
Total: 5.485500 ms (FindLiveObjects: 0.515000 ms CreateObjectMapping: 0.421700 ms MarkObjects: 4.505300 ms  DeleteObjects: 0.038800 ms)

AssetImportParameters requested are different than current active one (requested -> active):
  custom:video-decoder-ogg-theora: a1e56fd34408186e4bbccfd4996cb3dc -> 
  custom:container-muxer-webm: aa71ff27fc2769a1b78a27578f13a17b -> 
  custom:container-demuxer-webm: 4f35f7cbe854078d1ac9338744f61a02 -> 
  custom:video-encoder-webm-vp8: eb34c28f22e8b96e1ab97ce403110664 -> 
  custom:video-codec-MediaFoundation-h265: 746d11721c4dcdbdad8f713fa42b33f4 -> 
  custom:audio-encoder-webm-vorbis: bf7c407c2cedff20999df2af8eb42d56 -> 
  custom:framework-win-MediaFoundation: 216162199b28c13a410421893ffa2e32 -> 
  custom:container-demuxer-ogg: 62fdf1f143b41e24485cea50d1cbac27 -> 
  custom:video-decoder-webm-vp8: 9c59270c3fd7afecdb556c50c9e8de78 -> 
  custom:audio-decoder-ogg-vorbis: bf7c407c2cedff20999df2af8eb42d56 -> 
========================================================================
Received Import Request.
  Time since last request: 352.237644 seconds.
  path: Assets/Scenes/Stage4.unity
  artifactKey: Guid(30051b8c6f841324daca00dfada072f2) Importer(815301076,1909f56bfc062723c751e8b465ee728b)
Start importing Assets/Scenes/Stage4.unity using Guid(30051b8c6f841324daca00dfada072f2) Importer(815301076,1909f56bfc062723c751e8b465ee728b)  -> (artifact id: '97a2cf50778d682a06fcdcd69d8d7d54') in 0.024436 seconds 
========================================================================
Received Import Request.
  Time since last request: 41.404308 seconds.
  path: Assets/Scenes/Stage5.unity
  artifactKey: Guid(427f7bb071a558a4d9569e6d51635b68) Importer(815301076,1909f56bfc062723c751e8b465ee728b)
Start importing Assets/Scenes/Stage5.unity using Guid(427f7bb071a558a4d9569e6d51635b68) Importer(815301076,1909f56bfc062723c751e8b465ee728b)  -> (artifact id: '8f08a081ff91ee1937adf2dd25d1f312') in 0.017579 seconds 
