Using pre-set license
Built from '2021.3/staging' branch; Version is '2021.3.14f1 (eee1884e7226) revision 15655304'; Using compiler version '192829333'; Build Type 'Release'
OS: 'Windows 11  (10.0.22621) 64bit CoreSingleLanguage' Language: 'en' Physical Memory: 8001 MB
BatchMode: 1, IsHumanControllingUs: 0, StartBugReporterOnCrash: 0, Is64bit: 1, IsPro: 1

COMMAND LINE ARGUMENTS:
D:\Unity\Unity editor\2021.3.14f1\Editor\Unity.exe
-adb2
-batchMode
-noUpm
-name
AssetImportWorker11
-projectPath
D:/Github repository/cgen/CGEN 2d RPG
-logFile
Logs/AssetImportWorker11.log
-srvPort
52830
Successfully changed project path to: D:/Github repository/cgen/CGEN 2d RPG
D:/Github repository/cgen/CGEN 2d RPG
[UnityMemory] Configuration Parameters - Can be set up in boot.config
    "memorysetup-bucket-allocator-granularity=16"
    "memorysetup-bucket-allocator-bucket-count=8"
    "memorysetup-bucket-allocator-block-size=33554432"
    "memorysetup-bucket-allocator-block-count=8"
    "memorysetup-main-allocator-block-size=16777216"
    "memorysetup-thread-allocator-block-size=16777216"
    "memorysetup-gfx-main-allocator-block-size=16777216"
    "memorysetup-gfx-thread-allocator-block-size=16777216"
    "memorysetup-cache-allocator-block-size=4194304"
    "memorysetup-typetree-allocator-block-size=2097152"
    "memorysetup-profiler-bucket-allocator-granularity=16"
    "memorysetup-profiler-bucket-allocator-bucket-count=8"
    "memorysetup-profiler-bucket-allocator-block-size=33554432"
    "memorysetup-profiler-bucket-allocator-block-count=8"
    "memorysetup-profiler-allocator-block-size=16777216"
    "memorysetup-profiler-editor-allocator-block-size=1048576"
    "memorysetup-temp-allocator-size-main=16777216"
    "memorysetup-job-temp-allocator-block-size=2097152"
    "memorysetup-job-temp-allocator-block-size-background=1048576"
    "memorysetup-job-temp-allocator-reduction-small-platforms=262144"
    "memorysetup-temp-allocator-size-background-worker=32768"
    "memorysetup-temp-allocator-size-job-worker=262144"
    "memorysetup-temp-allocator-size-preload-manager=33554432"
    "memorysetup-temp-allocator-size-nav-mesh-worker=65536"
    "memorysetup-temp-allocator-size-audio-worker=65536"
    "memorysetup-temp-allocator-size-cloud-worker=32768"
    "memorysetup-temp-allocator-size-gi-baking-worker=262144"
    "memorysetup-temp-allocator-size-gfx=262144"
Refreshing native plugins compatible for Editor in 387.91 ms, found 3 plugins.
Preloading 0 native plugins for Editor in 0.00 ms.
Initialize engine version: 2021.3.14f1 (eee1884e7226)
[Subsystems] Discovering subsystems at path D:/Unity/Unity editor/2021.3.14f1/Editor/Data/Resources/UnitySubsystems
[Subsystems] Discovering subsystems at path D:/Github repository/cgen/CGEN 2d RPG/Assets
GfxDevice: creating device client; threaded=0; jobified=0
Direct3D:
    Version:  Direct3D 11.0 [level 11.1]
    Renderer: NVIDIA GeForce GTX 1650 (ID=0x1f91)
    Vendor:   NVIDIA
    VRAM:     3949 MB
    Driver:   31.0.15.3179
Initialize mono
Mono path[0] = 'D:/Unity/Unity editor/2021.3.14f1/Editor/Data/Managed'
Mono path[1] = 'D:/Unity/Unity editor/2021.3.14f1/Editor/Data/MonoBleedingEdge/lib/mono/unityjit-win32'
Mono config path = 'D:/Unity/Unity editor/2021.3.14f1/Editor/Data/MonoBleedingEdge/etc'
Using monoOptions --debugger-agent=transport=dt_socket,embedding=1,server=y,suspend=n,address=127.0.0.1:56348
Begin MonoManager ReloadAssembly
Registering precompiled unity dll's ...
Register platform support module: D:/Unity/Unity editor/2021.3.14f1/Editor/Data/PlaybackEngines/AndroidPlayer/UnityEditor.Android.Extensions.dll
Register platform support module: D:/Unity/Unity editor/2021.3.14f1/Editor/Data/PlaybackEngines/WindowsStandaloneSupport/UnityEditor.WindowsStandalone.Extensions.dll
Registered in 0.005783 seconds.
Native extension for WindowsStandalone target not found
Native extension for Android target not found
Refreshing native plugins compatible for Editor in 291.69 ms, found 3 plugins.
Preloading 0 native plugins for Editor in 0.00 ms.
Mono: successfully reloaded assembly
- Completed reload, in  1.697 seconds
Domain Reload Profiling:
	ReloadAssembly (1701ms)
		BeginReloadAssembly (211ms)
			ExecutionOrderSort (0ms)
			DisableScriptedObjects (0ms)
			BackupInstance (0ms)
			ReleaseScriptingObjects (0ms)
			CreateAndSetChildDomain (2ms)
		EndReloadAssembly (1280ms)
			LoadAssemblies (212ms)
			RebuildTransferFunctionScriptingTraits (0ms)
			SetupTypeCache (234ms)
			ReleaseScriptCaches (0ms)
			RebuildScriptCaches (63ms)
			SetupLoadedEditorAssemblies (857ms)
				LogAssemblyErrors (0ms)
				InitializePlatformSupportModulesInManaged (114ms)
				SetLoadedEditorAssemblies (0ms)
				RefreshPlugins (292ms)
				BeforeProcessingInitializeOnLoad (3ms)
				ProcessInitializeOnLoadAttributes (263ms)
				ProcessInitializeOnLoadMethodAttributes (184ms)
				AfterProcessingInitializeOnLoad (0ms)
				EditorAssembliesLoaded (0ms)
			ExecutionOrderSort2 (0ms)
			AwakeInstancesAfterBackupRestoration (0ms)
Platform modules already initialized, skipping
Registering precompiled user dll's ...
Registered in 0.033396 seconds.
Android Extension - Scanning For ADB Devices 6701 ms
Begin MonoManager ReloadAssembly
Symbol file LoadedFromMemory doesn't match image D:\Github repository\cgen\CGEN 2d RPG\Library\PackageCache\com.unity.visualscripting@1.7.8\Editor\VisualScripting.Core\Dependencies\YamlDotNet\Unity.VisualScripting.YamlDotNet.dll
Symbol file LoadedFromMemory doesn't match image D:\Github repository\cgen\CGEN 2d RPG\Library\PackageCache\com.unity.visualscripting@1.7.8\Editor\VisualScripting.Core\Dependencies\DotNetZip\Unity.VisualScripting.IonicZip.dll
Native extension for WindowsStandalone target not found
Native extension for Android target not found
Refreshing native plugins compatible for Editor in 6.52 ms, found 3 plugins.
Preloading 0 native plugins for Editor in 0.00 ms.
Mono: successfully reloaded assembly
- Completed reload, in  8.603 seconds
Domain Reload Profiling:
	ReloadAssembly (8605ms)
		BeginReloadAssembly (321ms)
			ExecutionOrderSort (0ms)
			DisableScriptedObjects (12ms)
			BackupInstance (0ms)
			ReleaseScriptingObjects (1ms)
			CreateAndSetChildDomain (49ms)
		EndReloadAssembly (7822ms)
			LoadAssemblies (1502ms)
			RebuildTransferFunctionScriptingTraits (0ms)
			SetupTypeCache (541ms)
			ReleaseScriptCaches (2ms)
			RebuildScriptCaches (140ms)
			SetupLoadedEditorAssemblies (5648ms)
				LogAssemblyErrors (0ms)
				InitializePlatformSupportModulesInManaged (46ms)
				SetLoadedEditorAssemblies (1ms)
				RefreshPlugins (7ms)
				BeforeProcessingInitializeOnLoad (140ms)
				ProcessInitializeOnLoadAttributes (5254ms)
				ProcessInitializeOnLoadMethodAttributes (195ms)
				AfterProcessingInitializeOnLoad (5ms)
				EditorAssembliesLoaded (0ms)
			ExecutionOrderSort2 (0ms)
			AwakeInstancesAfterBackupRestoration (14ms)
Platform modules already initialized, skipping
========================================================================
Worker process is ready to serve import requests
Launched and connected shader compiler UnityShaderCompiler.exe after 0.15 seconds
Refreshing native plugins compatible for Editor in 4.16 ms, found 3 plugins.
Preloading 0 native plugins for Editor in 0.00 ms.
Unloading 3525 Unused Serialized files (Serialized files now loaded: 0)
Unloading 30 unused Assets / (56.4 KB). Loaded Objects now: 3997.
Memory consumption went from 128.4 MB to 128.3 MB.
Total: 8.265000 ms (FindLiveObjects: 0.898000 ms CreateObjectMapping: 0.549900 ms MarkObjects: 6.609800 ms  DeleteObjects: 0.202600 ms)

AssetImportParameters requested are different than current active one (requested -> active):
  custom:video-decoder-ogg-theora: a1e56fd34408186e4bbccfd4996cb3dc -> 
  custom:container-muxer-webm: aa71ff27fc2769a1b78a27578f13a17b -> 
  custom:container-demuxer-webm: 4f35f7cbe854078d1ac9338744f61a02 -> 
  custom:video-encoder-webm-vp8: eb34c28f22e8b96e1ab97ce403110664 -> 
  custom:video-codec-MediaFoundation-h265: 746d11721c4dcdbdad8f713fa42b33f4 -> 
  custom:audio-encoder-webm-vorbis: bf7c407c2cedff20999df2af8eb42d56 -> 
  custom:framework-win-MediaFoundation: 216162199b28c13a410421893ffa2e32 -> 
  custom:container-demuxer-ogg: 62fdf1f143b41e24485cea50d1cbac27 -> 
  custom:video-decoder-webm-vp8: 9c59270c3fd7afecdb556c50c9e8de78 -> 
  custom:audio-decoder-ogg-vorbis: bf7c407c2cedff20999df2af8eb42d56 -> 
========================================================================
Received Import Request.
  Time since last request: 14434.652158 seconds.
  path: Assets/Art/NPC sprites/346110905_1423878838442653_3277627847395284220_n.png
  artifactKey: Guid(e0b8780e47e76844cba799ceb3ce85a3) Importer(815301076,1909f56bfc062723c751e8b465ee728b)
Start importing Assets/Art/NPC sprites/346110905_1423878838442653_3277627847395284220_n.png using Guid(e0b8780e47e76844cba799ceb3ce85a3) Importer(815301076,1909f56bfc062723c751e8b465ee728b)  -> (artifact id: '4a77d95d6d1acadbc2dc41790e6bbf71') in 0.702851 seconds 
========================================================================
Received Import Request.
  Time since last request: 0.000044 seconds.
  path: Assets/Art/NPC sprites/346099896_280394257750335_1910291083783648094_n.png
  artifactKey: Guid(3d4daee26d68c5048a7a8c93bc13ef71) Importer(815301076,1909f56bfc062723c751e8b465ee728b)
Start importing Assets/Art/NPC sprites/346099896_280394257750335_1910291083783648094_n.png using Guid(3d4daee26d68c5048a7a8c93bc13ef71) Importer(815301076,1909f56bfc062723c751e8b465ee728b)  -> (artifact id: 'c8b7f01c99c006f607496733bea40910') in 0.177184 seconds 
========================================================================
Received Import Request.
  Time since last request: 259.251772 seconds.
  path: Assets/Scenes/Sprites
  artifactKey: Guid(d0394340a4ee13940ae0c2168a72f75d) Importer(815301076,1909f56bfc062723c751e8b465ee728b)
Start importing Assets/Scenes/Sprites using Guid(d0394340a4ee13940ae0c2168a72f75d) Importer(815301076,1909f56bfc062723c751e8b465ee728b)  -> (artifact id: '9c5d8928ee01365ccce7abf51ab6ce9c') in 0.009948 seconds 
========================================================================
Received Import Request.
  Time since last request: 0.000039 seconds.
  path: Assets/Scenes/Sprites/Explosion.png
  artifactKey: Guid(7b9f0e82660afc04db6e19a6508982db) Importer(815301076,1909f56bfc062723c751e8b465ee728b)
Start importing Assets/Scenes/Sprites/Explosion.png using Guid(7b9f0e82660afc04db6e19a6508982db) Importer(815301076,1909f56bfc062723c751e8b465ee728b)  -> (artifact id: 'cd38a0b5b7b3672d94a84aea81a41148') in 0.173937 seconds 
========================================================================
Received Import Request.
  Time since last request: 33.009915 seconds.
  path: Assets/Scenes/Stage2.unity
  artifactKey: Guid(9ddd322d47f1c1d4985f2bde3b82e766) Importer(815301076,1909f56bfc062723c751e8b465ee728b)
Start importing Assets/Scenes/Stage2.unity using Guid(9ddd322d47f1c1d4985f2bde3b82e766) Importer(815301076,1909f56bfc062723c751e8b465ee728b)  -> (artifact id: '0b9707fd91edcbf4a66d9b178c34450f') in 0.369583 seconds 
========================================================================
Received Import Request.
  Time since last request: 0.349054 seconds.
  path: Assets/Scenes/SampleScene.unity
  artifactKey: Guid(2cda990e2423bbf4892e6590ba056729) Importer(815301076,1909f56bfc062723c751e8b465ee728b)
Start importing Assets/Scenes/SampleScene.unity using Guid(2cda990e2423bbf4892e6590ba056729) Importer(815301076,1909f56bfc062723c751e8b465ee728b)  -> (artifact id: 'fed275d016379130926afdd6f71d31bd') in 0.029287 seconds 
========================================================================
Received Import Request.
  Time since last request: 0.341066 seconds.
  path: Assets/Scenes/BOSS1.unity
  artifactKey: Guid(c9f132df8abc906429722a6ff1ae5463) Importer(815301076,1909f56bfc062723c751e8b465ee728b)
Start importing Assets/Scenes/BOSS1.unity using Guid(c9f132df8abc906429722a6ff1ae5463) Importer(815301076,1909f56bfc062723c751e8b465ee728b)  -> (artifact id: '695f06a6cc169c04c47ecd1e3be3521c') in 0.014224 seconds 
========================================================================
Received Import Request.
  Time since last request: 5.560987 seconds.
  path: Assets/Scenes/BOSS2.unity
  artifactKey: Guid(d1f14f6fc909c7c4d985a22575b5b1c6) Importer(815301076,1909f56bfc062723c751e8b465ee728b)
Start importing Assets/Scenes/BOSS2.unity using Guid(d1f14f6fc909c7c4d985a22575b5b1c6) Importer(815301076,1909f56bfc062723c751e8b465ee728b)  -> (artifact id: 'de5116bf38913e93acfb24e6ffc655ea') in 0.014916 seconds 
========================================================================
Received Import Request.
  Time since last request: 5.438875 seconds.
  path: Assets/Scenes/BOSS3.unity
  artifactKey: Guid(91125246c982a7449a372de13fdf149a) Importer(815301076,1909f56bfc062723c751e8b465ee728b)
Start importing Assets/Scenes/BOSS3.unity using Guid(91125246c982a7449a372de13fdf149a) Importer(815301076,1909f56bfc062723c751e8b465ee728b)  -> (artifact id: '17bbbf7df39c9c5a08b17f0cfc10e0d3') in 0.013127 seconds 
========================================================================
Received Import Request.
  Time since last request: 5.645395 seconds.
  path: Assets/Scenes/BOSS4.unity
  artifactKey: Guid(0ee8819925f4cff42a4eb8d91cacb6f5) Importer(815301076,1909f56bfc062723c751e8b465ee728b)
Start importing Assets/Scenes/BOSS4.unity using Guid(0ee8819925f4cff42a4eb8d91cacb6f5) Importer(815301076,1909f56bfc062723c751e8b465ee728b)  -> (artifact id: '6a744cb99a5f2274afa6f4945159a7b5') in 0.013783 seconds 
========================================================================
Received Import Request.
  Time since last request: 4.229949 seconds.
  path: Assets/Scenes/BOSS5.unity
  artifactKey: Guid(a30ff3de46e36cb4eb4eb117bd91e19b) Importer(815301076,1909f56bfc062723c751e8b465ee728b)
Start importing Assets/Scenes/BOSS5.unity using Guid(a30ff3de46e36cb4eb4eb117bd91e19b) Importer(815301076,1909f56bfc062723c751e8b465ee728b)  -> (artifact id: 'fcbfc18ccf8979ddb609c9cdb9b88f67') in 0.116768 seconds 
========================================================================
Received Import Request.
  Time since last request: 35.215168 seconds.
  path: Assets/Script/Obstacles/Spikehead.controller
  artifactKey: Guid(f0ed3570c7da63748993975b3141546d) Importer(815301076,1909f56bfc062723c751e8b465ee728b)
Start importing Assets/Script/Obstacles/Spikehead.controller using Guid(f0ed3570c7da63748993975b3141546d) Importer(815301076,1909f56bfc062723c751e8b465ee728b)  -> (artifact id: 'acc73cf8ed0f0f13736ebdcffd5e4769') in 0.073578 seconds 
========================================================================
Received Import Request.
  Time since last request: 85.261840 seconds.
  path: Assets/Script/Edmond Dave
  artifactKey: Guid(f6214bdf31bb76a43a74fc33d7492ec3) Importer(815301076,1909f56bfc062723c751e8b465ee728b)
Start importing Assets/Script/Edmond Dave using Guid(f6214bdf31bb76a43a74fc33d7492ec3) Importer(815301076,1909f56bfc062723c751e8b465ee728b)  -> (artifact id: '8e0ef2c52ef053d6f035d69b93c7fc22') in 0.017963 seconds 
========================================================================
Received Prepare
Registering precompiled user dll's ...
Registered in 0.012586 seconds.
Begin MonoManager ReloadAssembly
Symbol file LoadedFromMemory doesn't match image D:\Github repository\cgen\CGEN 2d RPG\Library\PackageCache\com.unity.visualscripting@1.7.8\Editor\VisualScripting.Core\Dependencies\YamlDotNet\Unity.VisualScripting.YamlDotNet.dll
Symbol file LoadedFromMemory doesn't match image D:\Github repository\cgen\CGEN 2d RPG\Library\PackageCache\com.unity.visualscripting@1.7.8\Editor\VisualScripting.Core\Dependencies\DotNetZip\Unity.VisualScripting.IonicZip.dll
Native extension for WindowsStandalone target not found
Native extension for Android target not found
Refreshing native plugins compatible for Editor in 4.44 ms, found 3 plugins.
Preloading 0 native plugins for Editor in 0.00 ms.
Mono: successfully reloaded assembly
- Completed reload, in  2.184 seconds
Domain Reload Profiling:
	ReloadAssembly (2185ms)
		BeginReloadAssembly (359ms)
			ExecutionOrderSort (0ms)
			DisableScriptedObjects (16ms)
			BackupInstance (0ms)
			ReleaseScriptingObjects (0ms)
			CreateAndSetChildDomain (76ms)
		EndReloadAssembly (1602ms)
			LoadAssemblies (331ms)
			RebuildTransferFunctionScriptingTraits (0ms)
			SetupTypeCache (498ms)
			ReleaseScriptCaches (3ms)
			RebuildScriptCaches (96ms)
			SetupLoadedEditorAssemblies (677ms)
				LogAssemblyErrors (0ms)
				InitializePlatformSupportModulesInManaged (42ms)
				SetLoadedEditorAssemblies (1ms)
				RefreshPlugins (5ms)
				BeforeProcessingInitializeOnLoad (108ms)
				ProcessInitializeOnLoadAttributes (448ms)
				ProcessInitializeOnLoadMethodAttributes (67ms)
				AfterProcessingInitializeOnLoad (6ms)
				EditorAssembliesLoaded (0ms)
			ExecutionOrderSort2 (0ms)
			AwakeInstancesAfterBackupRestoration (14ms)
Platform modules already initialized, skipping
Refreshing native plugins compatible for Editor in 8.69 ms, found 3 plugins.
Preloading 0 native plugins for Editor in 0.00 ms.
Unloading 3506 Unused Serialized files (Serialized files now loaded: 0)
Unloading 19 unused Assets / (24.8 KB). Loaded Objects now: 4013.
Memory consumption went from 131.3 MB to 131.2 MB.
Total: 6.882700 ms (FindLiveObjects: 0.466000 ms CreateObjectMapping: 0.517700 ms MarkObjects: 5.852900 ms  DeleteObjects: 0.043800 ms)

AssetImportParameters requested are different than current active one (requested -> active):
  custom:video-decoder-ogg-theora: a1e56fd34408186e4bbccfd4996cb3dc -> 
  custom:container-muxer-webm: aa71ff27fc2769a1b78a27578f13a17b -> 
  custom:container-demuxer-webm: 4f35f7cbe854078d1ac9338744f61a02 -> 
  custom:video-encoder-webm-vp8: eb34c28f22e8b96e1ab97ce403110664 -> 
  custom:video-codec-MediaFoundation-h265: 746d11721c4dcdbdad8f713fa42b33f4 -> 
  custom:audio-encoder-webm-vorbis: bf7c407c2cedff20999df2af8eb42d56 -> 
  custom:framework-win-MediaFoundation: 216162199b28c13a410421893ffa2e32 -> 
  custom:container-demuxer-ogg: 62fdf1f143b41e24485cea50d1cbac27 -> 
  custom:video-decoder-webm-vp8: 9c59270c3fd7afecdb556c50c9e8de78 -> 
  custom:audio-decoder-ogg-vorbis: bf7c407c2cedff20999df2af8eb42d56 -> 
========================================================================
Received Import Request.
  Time since last request: 306.699825 seconds.
  path: Assets/Script/Special Notes
  artifactKey: Guid(ae77a9480d45fd747a3b7219ba334ee7) Importer(815301076,1909f56bfc062723c751e8b465ee728b)
Start importing Assets/Script/Special Notes using Guid(ae77a9480d45fd747a3b7219ba334ee7) Importer(815301076,1909f56bfc062723c751e8b465ee728b)  -> (artifact id: 'c5883b5fda585e7c6313fc91bd47ee90') in 0.026972 seconds 
========================================================================
Received Import Request.
  Time since last request: 0.244848 seconds.
  path: Assets/Script/Quiz
  artifactKey: Guid(3137794716bcdb040a474c6f82f4c1b7) Importer(815301076,1909f56bfc062723c751e8b465ee728b)
Start importing Assets/Script/Quiz using Guid(3137794716bcdb040a474c6f82f4c1b7) Importer(815301076,1909f56bfc062723c751e8b465ee728b)  -> (artifact id: '6a9a9b7d81e8622970568f47a4cd7f42') in 0.019523 seconds 
========================================================================
Received Import Request.
  Time since last request: 0.334280 seconds.
  path: Assets/Script/Obstacles
  artifactKey: Guid(0c6e7097e4f42c841aff4fdac1bc0f87) Importer(815301076,1909f56bfc062723c751e8b465ee728b)
Start importing Assets/Script/Obstacles using Guid(0c6e7097e4f42c841aff4fdac1bc0f87) Importer(815301076,1909f56bfc062723c751e8b465ee728b)  -> (artifact id: '35606c75a9f5f8831c0789bcdaaffbf8') in 0.048571 seconds 
========================================================================
Received Import Request.
  Time since last request: 1.293948 seconds.
  path: Assets/Script/Key Door
  artifactKey: Guid(0af931aa5d5133648a8ab94d31a7ea29) Importer(815301076,1909f56bfc062723c751e8b465ee728b)
Start importing Assets/Script/Key Door using Guid(0af931aa5d5133648a8ab94d31a7ea29) Importer(815301076,1909f56bfc062723c751e8b465ee728b)  -> (artifact id: '428903d23d14b9d9eb3ecece13dbe6c2') in 0.014339 seconds 
========================================================================
Received Import Request.
  Time since last request: 32.117420 seconds.
  path: Assets/Script/Bosses/Boss2/Boss2.controller
  artifactKey: Guid(6c94a130f03d8b147bec5a298d0caa17) Importer(815301076,1909f56bfc062723c751e8b465ee728b)
Start importing Assets/Script/Bosses/Boss2/Boss2.controller using Guid(6c94a130f03d8b147bec5a298d0caa17) Importer(815301076,1909f56bfc062723c751e8b465ee728b)  -> (artifact id: '91a0963b026c50111d97101030efb143') in 0.125547 seconds 
========================================================================
Received Import Request.
  Time since last request: 0.710126 seconds.
  path: Assets/Script/Bosses/Boss2/BossStopper.controller
  artifactKey: Guid(1c69f28ed991f01499cddd52c625958b) Importer(815301076,1909f56bfc062723c751e8b465ee728b)
Start importing Assets/Script/Bosses/Boss2/BossStopper.controller using Guid(1c69f28ed991f01499cddd52c625958b) Importer(815301076,1909f56bfc062723c751e8b465ee728b)  -> (artifact id: 'c4c74575b4f5cc0b5f658a15556e6b67') in 0.018000 seconds 
========================================================================
Received Import Request.
  Time since last request: 1.496354 seconds.
  path: Assets/Script/Bosses/Boss2/Boss2.cs
  artifactKey: Guid(f2a134328673be848ac98fb0a2e96e98) Importer(815301076,1909f56bfc062723c751e8b465ee728b)
Start importing Assets/Script/Bosses/Boss2/Boss2.cs using Guid(f2a134328673be848ac98fb0a2e96e98) Importer(815301076,1909f56bfc062723c751e8b465ee728b)  -> (artifact id: '84d100fb627a443c9a78a49f57ca8626') in 0.038475 seconds 
========================================================================
Received Prepare
Registering precompiled user dll's ...
Registered in 0.012659 seconds.
Begin MonoManager ReloadAssembly
Symbol file LoadedFromMemory doesn't match image D:\Github repository\cgen\CGEN 2d RPG\Library\PackageCache\com.unity.visualscripting@1.7.8\Editor\VisualScripting.Core\Dependencies\YamlDotNet\Unity.VisualScripting.YamlDotNet.dll
Symbol file LoadedFromMemory doesn't match image D:\Github repository\cgen\CGEN 2d RPG\Library\PackageCache\com.unity.visualscripting@1.7.8\Editor\VisualScripting.Core\Dependencies\DotNetZip\Unity.VisualScripting.IonicZip.dll
Native extension for WindowsStandalone target not found
Native extension for Android target not found
Refreshing native plugins compatible for Editor in 3.67 ms, found 3 plugins.
Preloading 0 native plugins for Editor in 0.00 ms.
Mono: successfully reloaded assembly
- Completed reload, in  1.832 seconds
Domain Reload Profiling:
	ReloadAssembly (1834ms)
		BeginReloadAssembly (276ms)
			ExecutionOrderSort (0ms)
			DisableScriptedObjects (12ms)
			BackupInstance (0ms)
			ReleaseScriptingObjects (0ms)
			CreateAndSetChildDomain (65ms)
		EndReloadAssembly (1377ms)
			LoadAssemblies (242ms)
			RebuildTransferFunctionScriptingTraits (0ms)
			SetupTypeCache (428ms)
			ReleaseScriptCaches (2ms)
			RebuildScriptCaches (82ms)
			SetupLoadedEditorAssemblies (604ms)
				LogAssemblyErrors (0ms)
				InitializePlatformSupportModulesInManaged (40ms)
				SetLoadedEditorAssemblies (1ms)
				RefreshPlugins (4ms)
				BeforeProcessingInitializeOnLoad (94ms)
				ProcessInitializeOnLoadAttributes (407ms)
				ProcessInitializeOnLoadMethodAttributes (54ms)
				AfterProcessingInitializeOnLoad (3ms)
				EditorAssembliesLoaded (0ms)
			ExecutionOrderSort2 (0ms)
			AwakeInstancesAfterBackupRestoration (12ms)
Platform modules already initialized, skipping
Refreshing native plugins compatible for Editor in 10.24 ms, found 3 plugins.
Preloading 0 native plugins for Editor in 0.00 ms.
Unloading 3506 Unused Serialized files (Serialized files now loaded: 0)
Unloading 19 unused Assets / (24.8 KB). Loaded Objects now: 4016.
Memory consumption went from 131.3 MB to 131.3 MB.
Total: 7.093500 ms (FindLiveObjects: 0.570000 ms CreateObjectMapping: 0.520500 ms MarkObjects: 5.930500 ms  DeleteObjects: 0.070500 ms)

AssetImportParameters requested are different than current active one (requested -> active):
  custom:video-decoder-ogg-theora: a1e56fd34408186e4bbccfd4996cb3dc -> 
  custom:container-muxer-webm: aa71ff27fc2769a1b78a27578f13a17b -> 
  custom:container-demuxer-webm: 4f35f7cbe854078d1ac9338744f61a02 -> 
  custom:video-encoder-webm-vp8: eb34c28f22e8b96e1ab97ce403110664 -> 
  custom:video-codec-MediaFoundation-h265: 746d11721c4dcdbdad8f713fa42b33f4 -> 
  custom:audio-encoder-webm-vorbis: bf7c407c2cedff20999df2af8eb42d56 -> 
  custom:framework-win-MediaFoundation: 216162199b28c13a410421893ffa2e32 -> 
  custom:container-demuxer-ogg: 62fdf1f143b41e24485cea50d1cbac27 -> 
  custom:video-decoder-webm-vp8: 9c59270c3fd7afecdb556c50c9e8de78 -> 
  custom:audio-decoder-ogg-vorbis: bf7c407c2cedff20999df2af8eb42d56 -> 
========================================================================
Received Import Request.
  Time since last request: 288.309772 seconds.
  path: Assets/Script/Bosses/Boss3/Boss3.controller
  artifactKey: Guid(fc6d0e84051ad014280399d28c32c6e0) Importer(815301076,1909f56bfc062723c751e8b465ee728b)
Start importing Assets/Script/Bosses/Boss3/Boss3.controller using Guid(fc6d0e84051ad014280399d28c32c6e0) Importer(815301076,1909f56bfc062723c751e8b465ee728b)  -> (artifact id: 'bd3474736d7b27fa32ba3ea6e42a591c') in 0.041909 seconds 
========================================================================
Received Import Request.
  Time since last request: 53.269916 seconds.
  path: Assets/Script/Bosses/Boss3/Boss3.controller
  artifactKey: Guid(fc6d0e84051ad014280399d28c32c6e0) Importer(815301076,1909f56bfc062723c751e8b465ee728b)
Start importing Assets/Script/Bosses/Boss3/Boss3.controller using Guid(fc6d0e84051ad014280399d28c32c6e0) Importer(815301076,1909f56bfc062723c751e8b465ee728b)  -> (artifact id: '41ac4edfaf4e5584febf86e215a9de92') in 0.009396 seconds 
========================================================================
Received Import Request.
  Time since last request: 109.419710 seconds.
  path: Assets/Script/Obstacles/Spikehead.controller
  artifactKey: Guid(f0ed3570c7da63748993975b3141546d) Importer(815301076,1909f56bfc062723c751e8b465ee728b)
Start importing Assets/Script/Obstacles/Spikehead.controller using Guid(f0ed3570c7da63748993975b3141546d) Importer(815301076,1909f56bfc062723c751e8b465ee728b)  -> (artifact id: 'b7f7b031976d1cea3d2e08a5c1667bba') in 0.009902 seconds 
========================================================================
Received Import Request.
  Time since last request: 557.254746 seconds.
  path: Assets/Scenes/Puzzle3.unity
  artifactKey: Guid(da4a1244d2a30144ebd233f0a4417018) Importer(815301076,1909f56bfc062723c751e8b465ee728b)
Start importing Assets/Scenes/Puzzle3.unity using Guid(da4a1244d2a30144ebd233f0a4417018) Importer(815301076,1909f56bfc062723c751e8b465ee728b)  -> (artifact id: '4a5495646961fc75fc5d764d34ddb239') in 0.103987 seconds 
========================================================================
Received Import Request.
  Time since last request: 128.616163 seconds.
  path: Assets/Scenes/Turned Base/TurnBaseSample.unity
  artifactKey: Guid(c6797f89ea4b8d24ebfc8289a1754c78) Importer(815301076,1909f56bfc062723c751e8b465ee728b)
Start importing Assets/Scenes/Turned Base/TurnBaseSample.unity using Guid(c6797f89ea4b8d24ebfc8289a1754c78) Importer(815301076,1909f56bfc062723c751e8b465ee728b)  -> (artifact id: 'cf8709e6991bf0b2c70db159c9e93a9d') in 0.013377 seconds 
========================================================================
Received Import Request.
  Time since last request: 810.021368 seconds.
  path: Assets/Scenes/Materials/blocking object.mat
  artifactKey: Guid(5f31715aa539d194ea4039d59278a19b) Importer(815301076,1909f56bfc062723c751e8b465ee728b)
Start importing Assets/Scenes/Materials/blocking object.mat using Guid(5f31715aa539d194ea4039d59278a19b) Importer(815301076,1909f56bfc062723c751e8b465ee728b)  -> (artifact id: 'ef19ee79e56fa210fb9d0d38c115d494') in 1.196907 seconds 
========================================================================
Received Import Request.
  Time since last request: 0.727712 seconds.
  path: Assets/Scenes/SampleScene 1.unity
  artifactKey: Guid(9981d127c4310534ea735fc8e6af9c34) Importer(815301076,1909f56bfc062723c751e8b465ee728b)
Start importing Assets/Scenes/SampleScene 1.unity using Guid(9981d127c4310534ea735fc8e6af9c34) Importer(815301076,1909f56bfc062723c751e8b465ee728b)  -> (artifact id: '126deadb0e0f1d30ed5fea899e09696d') in 0.060733 seconds 
========================================================================
Received Import Request.
  Time since last request: 613.157783 seconds.
  path: Assets/Prefabs/Boss prefab/Bullet 1.prefab
  artifactKey: Guid(0c25e76d0fc603945810fcb415b2299e) Importer(815301076,1909f56bfc062723c751e8b465ee728b)
Start importing Assets/Prefabs/Boss prefab/Bullet 1.prefab using Guid(0c25e76d0fc603945810fcb415b2299e) Importer(815301076,1909f56bfc062723c751e8b465ee728b)  -> (artifact id: 'ceaf82b585f2d2ebcef400b67c61fba9') in 0.246040 seconds 
========================================================================
Received Import Request.
  Time since last request: 0.000027 seconds.
  path: Assets/Prefabs/Boss prefab/pot.prefab
  artifactKey: Guid(19e84f2f468fde74d88bbfa8eab218fa) Importer(815301076,1909f56bfc062723c751e8b465ee728b)
Start importing Assets/Prefabs/Boss prefab/pot.prefab using Guid(19e84f2f468fde74d88bbfa8eab218fa) Importer(815301076,1909f56bfc062723c751e8b465ee728b)  -> (artifact id: 'e301487b622a3e94eaca865702833304') in 0.194648 seconds 
========================================================================
Received Import Request.
  Time since last request: 0.000059 seconds.
  path: Assets/Prefabs/Boss prefab/SpeedUpCollectible.prefab
  artifactKey: Guid(fdbca7b6d282feb4984a88f9dfcbcb98) Importer(815301076,1909f56bfc062723c751e8b465ee728b)
Start importing Assets/Prefabs/Boss prefab/SpeedUpCollectible.prefab using Guid(fdbca7b6d282feb4984a88f9dfcbcb98) Importer(815301076,1909f56bfc062723c751e8b465ee728b)  -> (artifact id: '34f59e51c6e69aeec7f36405fae26a3e') in 0.176505 seconds 
========================================================================
Received Import Request.
  Time since last request: 0.000037 seconds.
  path: Assets/Prefabs/Boss prefab/Throwable.prefab
  artifactKey: Guid(3c43db2d9bb11e44d846de1b8b40dbb1) Importer(815301076,1909f56bfc062723c751e8b465ee728b)
Start importing Assets/Prefabs/Boss prefab/Throwable.prefab using Guid(3c43db2d9bb11e44d846de1b8b40dbb1) Importer(815301076,1909f56bfc062723c751e8b465ee728b)  -> (artifact id: 'd38563223dc778d22446c482a2005eb3') in 0.179306 seconds 
========================================================================
Received Import Request.
  Time since last request: 23.522307 seconds.
  path: Assets/Art/Simple Fantasy GUI/PNG/Character Panel/Blue_Ribbon.png
  artifactKey: Guid(6b7f50f0c25eead429284cd00c8c43fd) Importer(815301076,1909f56bfc062723c751e8b465ee728b)
Start importing Assets/Art/Simple Fantasy GUI/PNG/Character Panel/Blue_Ribbon.png using Guid(6b7f50f0c25eead429284cd00c8c43fd) Importer(815301076,1909f56bfc062723c751e8b465ee728b)  -> (artifact id: '90766ae2156bb3e4f8a109590db39052') in 0.539749 seconds 
========================================================================
Received Import Request.
  Time since last request: 0.000043 seconds.
  path: Assets/old asset mess/RPG&Fantasy Mobile GUI/panel_elements/box_slider_fill_01.png
  artifactKey: Guid(17fef95fe0d6af6d390a59a2d8364b4b) Importer(815301076,1909f56bfc062723c751e8b465ee728b)
Start importing Assets/old asset mess/RPG&Fantasy Mobile GUI/panel_elements/box_slider_fill_01.png using Guid(17fef95fe0d6af6d390a59a2d8364b4b) Importer(815301076,1909f56bfc062723c751e8b465ee728b)  -> (artifact id: 'c976820e17e3e62e79bd8c1ce5453b9a') in 0.425400 seconds 
========================================================================
Received Import Request.
  Time since last request: 0.000065 seconds.
  path: Assets/Art/Special Part Sprite/books_7.asset
  artifactKey: Guid(271bd20509f35aa4cbf90023657c0680) Importer(815301076,1909f56bfc062723c751e8b465ee728b)
Start importing Assets/Art/Special Part Sprite/books_7.asset using Guid(271bd20509f35aa4cbf90023657c0680) Importer(815301076,1909f56bfc062723c751e8b465ee728b)  -> (artifact id: '2dbd56f723af5f3c978afc25a4d87938') in 0.097903 seconds 
========================================================================
Received Import Request.
  Time since last request: 0.000037 seconds.
  path: Assets/Art/Simple Fantasy GUI/PSD/Inventory_Box.psd
  artifactKey: Guid(dceb80cb518a6b641921bae5d443b25c) Importer(815301076,1909f56bfc062723c751e8b465ee728b)
Start importing Assets/Art/Simple Fantasy GUI/PSD/Inventory_Box.psd using Guid(dceb80cb518a6b641921bae5d443b25c) Importer(815301076,1909f56bfc062723c751e8b465ee728b)  -> (artifact id: 'c8107e26d7f84d278e5e0be2c66f1d32') in 0.361617 seconds 
========================================================================
Received Import Request.
  Time since last request: 0.000040 seconds.
  path: Assets/Art/Simple Fantasy GUI/PNG/Quest Panel/Quest_Box.png
  artifactKey: Guid(6d20ba642c3809649a3ffc929fc3bbc1) Importer(815301076,1909f56bfc062723c751e8b465ee728b)
Start importing Assets/Art/Simple Fantasy GUI/PNG/Quest Panel/Quest_Box.png using Guid(6d20ba642c3809649a3ffc929fc3bbc1) Importer(815301076,1909f56bfc062723c751e8b465ee728b)  -> (artifact id: '82091d747db14e100c9c23cd68a099d4') in 0.706170 seconds 
========================================================================
Received Import Request.
  Time since last request: 0.000043 seconds.
  path: Assets/old asset mess/RPG&Fantasy Mobile GUI/panel_elements/box_slider.png
  artifactKey: Guid(a9de040de46f589f7873100a0550cdd7) Importer(815301076,1909f56bfc062723c751e8b465ee728b)
Start importing Assets/old asset mess/RPG&Fantasy Mobile GUI/panel_elements/box_slider.png using Guid(a9de040de46f589f7873100a0550cdd7) Importer(815301076,1909f56bfc062723c751e8b465ee728b)  -> (artifact id: '3f30fdc50f2e44d30671390dae88b91c') in 0.115685 seconds 
========================================================================
Received Import Request.
  Time since last request: 0.000047 seconds.
  path: Assets/Art/Simple Fantasy GUI/PNG/Character Bar/Character_Box.png
  artifactKey: Guid(f07e17d8dc5732646b3ec49fce870411) Importer(815301076,1909f56bfc062723c751e8b465ee728b)
Start importing Assets/Art/Simple Fantasy GUI/PNG/Character Bar/Character_Box.png using Guid(f07e17d8dc5732646b3ec49fce870411) Importer(815301076,1909f56bfc062723c751e8b465ee728b)  -> (artifact id: 'efbaf3636f0ff0bd3d0b26693c9659df') in 0.201308 seconds 
========================================================================
Received Import Request.
  Time since last request: 0.000032 seconds.
  path: Assets/Art/Special Part Sprite/books_6.asset
  artifactKey: Guid(8fd1d53bfe6e77745a2e5e25a0d7baec) Importer(815301076,1909f56bfc062723c751e8b465ee728b)
Start importing Assets/Art/Special Part Sprite/books_6.asset using Guid(8fd1d53bfe6e77745a2e5e25a0d7baec) Importer(815301076,1909f56bfc062723c751e8b465ee728b)  -> (artifact id: '4e0d0b7c83a5f7f01ea77b2c1e06d089') in 0.114681 seconds 
========================================================================
Received Import Request.
  Time since last request: 0.000045 seconds.
  path: Assets/Art/Simple Fantasy GUI/PNG/Menu Panel/Menu_Box.png
  artifactKey: Guid(5b0afe43a1982124fb85c8003a2dea2b) Importer(815301076,1909f56bfc062723c751e8b465ee728b)
Start importing Assets/Art/Simple Fantasy GUI/PNG/Menu Panel/Menu_Box.png using Guid(5b0afe43a1982124fb85c8003a2dea2b) Importer(815301076,1909f56bfc062723c751e8b465ee728b)  -> (artifact id: 'e10e15fe8a9d254d8bbd83a083201b12') in 1.129822 seconds 
========================================================================
Received Import Request.
  Time since last request: 0.000034 seconds.
  path: Assets/Art/Special Part Sprite/books.png
  artifactKey: Guid(ea92b930ba2446f4e8db8858e6ba970c) Importer(815301076,1909f56bfc062723c751e8b465ee728b)
Start importing Assets/Art/Special Part Sprite/books.png using Guid(ea92b930ba2446f4e8db8858e6ba970c) Importer(815301076,1909f56bfc062723c751e8b465ee728b)  -> (artifact id: '27bef6cd8cbee83decc1b76d76dd70f3') in 1.654590 seconds 
========================================================================
Received Import Request.
  Time since last request: 0.000066 seconds.
  path: Assets/Art/Special Part Sprite/books_5.asset
  artifactKey: Guid(c8d9f03ba35ab0d44be0e047bca5d87f) Importer(815301076,1909f56bfc062723c751e8b465ee728b)
Start importing Assets/Art/Special Part Sprite/books_5.asset using Guid(c8d9f03ba35ab0d44be0e047bca5d87f) Importer(815301076,1909f56bfc062723c751e8b465ee728b)  -> (artifact id: 'dca1ef575dba3157d32ecaa6ccbdec76') in 0.025681 seconds 
