Using pre-set license
Built from '2021.3/staging' branch; Version is '2021.3.14f1 (eee1884e7226) revision 15655304'; Using compiler version '192829333'; Build Type 'Release'
OS: 'Windows 10  (10.0.19045) 64bit Professional' Language: 'en' Physical Memory: 15799 MB
BatchMode: 1, IsHumanControllingUs: 0, StartBugReporterOnCrash: 0, Is64bit: 1, IsPro: 1

COMMAND LINE ARGUMENTS:
C:\Program Files\Unity\Hub\Editor\2021.3.14f1\Editor\Unity.exe
-adb2
-batchMode
-noUpm
-name
AssetImportWorker6
-projectPath
C:/Users/Cholo/Documents/GitHub/cgen/CGEN 2d RPG
-logFile
Logs/AssetImportWorker6.log
-srvPort
57134
Successfully changed project path to: C:/Users/Cholo/Documents/GitHub/cgen/CGEN 2d RPG
C:/Users/Cholo/Documents/GitHub/cgen/CGEN 2d RPG
[UnityMemory] Configuration Parameters - Can be set up in boot.config
    "memorysetup-bucket-allocator-granularity=16"
    "memorysetup-bucket-allocator-bucket-count=8"
    "memorysetup-bucket-allocator-block-size=33554432"
    "memorysetup-bucket-allocator-block-count=8"
    "memorysetup-main-allocator-block-size=16777216"
    "memorysetup-thread-allocator-block-size=16777216"
    "memorysetup-gfx-main-allocator-block-size=16777216"
    "memorysetup-gfx-thread-allocator-block-size=16777216"
    "memorysetup-cache-allocator-block-size=4194304"
    "memorysetup-typetree-allocator-block-size=2097152"
    "memorysetup-profiler-bucket-allocator-granularity=16"
    "memorysetup-profiler-bucket-allocator-bucket-count=8"
    "memorysetup-profiler-bucket-allocator-block-size=33554432"
    "memorysetup-profiler-bucket-allocator-block-count=8"
    "memorysetup-profiler-allocator-block-size=16777216"
    "memorysetup-profiler-editor-allocator-block-size=1048576"
    "memorysetup-temp-allocator-size-main=16777216"
    "memorysetup-job-temp-allocator-block-size=2097152"
    "memorysetup-job-temp-allocator-block-size-background=1048576"
    "memorysetup-job-temp-allocator-reduction-small-platforms=262144"
    "memorysetup-temp-allocator-size-background-worker=32768"
    "memorysetup-temp-allocator-size-job-worker=262144"
    "memorysetup-temp-allocator-size-preload-manager=33554432"
    "memorysetup-temp-allocator-size-nav-mesh-worker=65536"
    "memorysetup-temp-allocator-size-audio-worker=65536"
    "memorysetup-temp-allocator-size-cloud-worker=32768"
    "memorysetup-temp-allocator-size-gi-baking-worker=262144"
    "memorysetup-temp-allocator-size-gfx=262144"
Refreshing native plugins compatible for Editor in 124.63 ms, found 3 plugins.
Preloading 0 native plugins for Editor in 0.00 ms.
Initialize engine version: 2021.3.14f1 (eee1884e7226)
[Subsystems] Discovering subsystems at path C:/Program Files/Unity/Hub/Editor/2021.3.14f1/Editor/Data/Resources/UnitySubsystems
[Subsystems] Discovering subsystems at path C:/Users/Cholo/Documents/GitHub/cgen/CGEN 2d RPG/Assets
GfxDevice: creating device client; threaded=0; jobified=0
Direct3D:
    Version:  Direct3D 11.0 [level 11.1]
    Renderer: AMD Radeon(TM) Graphics (ID=0x1638)
    Vendor:   ATI
    VRAM:     7899 MB
    Driver:   31.0.12002.92
Initialize mono
Mono path[0] = 'C:/Program Files/Unity/Hub/Editor/2021.3.14f1/Editor/Data/Managed'
Mono path[1] = 'C:/Program Files/Unity/Hub/Editor/2021.3.14f1/Editor/Data/MonoBleedingEdge/lib/mono/unityjit-win32'
Mono config path = 'C:/Program Files/Unity/Hub/Editor/2021.3.14f1/Editor/Data/MonoBleedingEdge/etc'
Using monoOptions --debugger-agent=transport=dt_socket,embedding=1,server=y,suspend=n,address=127.0.0.1:56704
Begin MonoManager ReloadAssembly
Registering precompiled unity dll's ...
Register platform support module: C:/Program Files/Unity/Hub/Editor/2021.3.14f1/Editor/Data/PlaybackEngines/AndroidPlayer/UnityEditor.Android.Extensions.dll
Register platform support module: C:/Program Files/Unity/Hub/Editor/2021.3.14f1/Editor/Data/PlaybackEngines/WindowsStandaloneSupport/UnityEditor.WindowsStandalone.Extensions.dll
Registered in 0.005964 seconds.
Native extension for WindowsStandalone target not found
Native extension for Android target not found
Refreshing native plugins compatible for Editor in 117.17 ms, found 3 plugins.
Preloading 0 native plugins for Editor in 0.00 ms.
Mono: successfully reloaded assembly
- Completed reload, in  0.831 seconds
Domain Reload Profiling:
	ReloadAssembly (831ms)
		BeginReloadAssembly (63ms)
			ExecutionOrderSort (0ms)
			DisableScriptedObjects (0ms)
			BackupInstance (0ms)
			ReleaseScriptingObjects (0ms)
			CreateAndSetChildDomain (1ms)
		EndReloadAssembly (578ms)
			LoadAssemblies (61ms)
			RebuildTransferFunctionScriptingTraits (0ms)
			SetupTypeCache (222ms)
			ReleaseScriptCaches (0ms)
			RebuildScriptCaches (20ms)
			SetupLoadedEditorAssemblies (293ms)
				LogAssemblyErrors (0ms)
				InitializePlatformSupportModulesInManaged (49ms)
				SetLoadedEditorAssemblies (0ms)
				RefreshPlugins (117ms)
				BeforeProcessingInitializeOnLoad (2ms)
				ProcessInitializeOnLoadAttributes (85ms)
				ProcessInitializeOnLoadMethodAttributes (41ms)
				AfterProcessingInitializeOnLoad (0ms)
				EditorAssembliesLoaded (0ms)
			ExecutionOrderSort2 (0ms)
			AwakeInstancesAfterBackupRestoration (0ms)
Platform modules already initialized, skipping
Registering precompiled user dll's ...
Registered in 0.004755 seconds.
Begin MonoManager ReloadAssembly
Symbol file LoadedFromMemory doesn't match image C:\Users\Cholo\Documents\GitHub\cgen\CGEN 2d RPG\Library\PackageCache\com.unity.visualscripting@1.7.8\Editor\VisualScripting.Core\Dependencies\YamlDotNet\Unity.VisualScripting.YamlDotNet.dll
Symbol file LoadedFromMemory doesn't match image C:\Users\Cholo\Documents\GitHub\cgen\CGEN 2d RPG\Library\PackageCache\com.unity.visualscripting@1.7.8\Editor\VisualScripting.Core\Dependencies\DotNetZip\Unity.VisualScripting.IonicZip.dll
Native extension for WindowsStandalone target not found
Native extension for Android target not found
Refreshing native plugins compatible for Editor in 1.44 ms, found 3 plugins.
Preloading 0 native plugins for Editor in 0.00 ms.
Mono: successfully reloaded assembly
- Completed reload, in  1.054 seconds
Domain Reload Profiling:
	ReloadAssembly (1055ms)
		BeginReloadAssembly (202ms)
			ExecutionOrderSort (0ms)
			DisableScriptedObjects (5ms)
			BackupInstance (0ms)
			ReleaseScriptingObjects (0ms)
			CreateAndSetChildDomain (122ms)
		EndReloadAssembly (756ms)
			LoadAssemblies (68ms)
			RebuildTransferFunctionScriptingTraits (0ms)
			SetupTypeCache (184ms)
			ReleaseScriptCaches (0ms)
			RebuildScriptCaches (66ms)
			SetupLoadedEditorAssemblies (392ms)
				LogAssemblyErrors (0ms)
				InitializePlatformSupportModulesInManaged (13ms)
				SetLoadedEditorAssemblies (0ms)
				RefreshPlugins (2ms)
				BeforeProcessingInitializeOnLoad (68ms)
				ProcessInitializeOnLoadAttributes (272ms)
				ProcessInitializeOnLoadMethodAttributes (32ms)
				AfterProcessingInitializeOnLoad (6ms)
				EditorAssembliesLoaded (0ms)
			ExecutionOrderSort2 (0ms)
			AwakeInstancesAfterBackupRestoration (4ms)
Platform modules already initialized, skipping
========================================================================
Worker process is ready to serve import requests
Launched and connected shader compiler UnityShaderCompiler.exe after 0.04 seconds
Refreshing native plugins compatible for Editor in 1.55 ms, found 3 plugins.
Preloading 0 native plugins for Editor in 0.00 ms.
Unloading 3473 Unused Serialized files (Serialized files now loaded: 0)
Unloading 28 unused Assets / (56.5 KB). Loaded Objects now: 3941.
Memory consumption went from 127.2 MB to 127.2 MB.
Total: 2.761900 ms (FindLiveObjects: 0.225700 ms CreateObjectMapping: 0.155600 ms MarkObjects: 2.294400 ms  DeleteObjects: 0.085300 ms)

AssetImportParameters requested are different than current active one (requested -> active):
  custom:video-decoder-ogg-theora: a1e56fd34408186e4bbccfd4996cb3dc -> 
  custom:container-muxer-webm: aa71ff27fc2769a1b78a27578f13a17b -> 
  custom:container-demuxer-webm: 4f35f7cbe854078d1ac9338744f61a02 -> 
  custom:video-encoder-webm-vp8: eb34c28f22e8b96e1ab97ce403110664 -> 
  custom:audio-encoder-webm-vorbis: bf7c407c2cedff20999df2af8eb42d56 -> 
  custom:framework-win-MediaFoundation: 216162199b28c13a410421893ffa2e32 -> 
  custom:container-demuxer-ogg: 62fdf1f143b41e24485cea50d1cbac27 -> 
  custom:video-decoder-webm-vp8: 9c59270c3fd7afecdb556c50c9e8de78 -> 
  custom:audio-decoder-ogg-vorbis: bf7c407c2cedff20999df2af8eb42d56 -> 
========================================================================
Received Import Request.
  Time since last request: 63833.062181 seconds.
  path: Assets/Art/Floors/Overworld_42.asset
  artifactKey: Guid(e52b3f6d3483cae40a2920366b18a0b2) Importer(815301076,1909f56bfc062723c751e8b465ee728b)
Start importing Assets/Art/Floors/Overworld_42.asset using Guid(e52b3f6d3483cae40a2920366b18a0b2) Importer(815301076,1909f56bfc062723c751e8b465ee728b)  -> (artifact id: '783f920debd9ff37b053ce7cb6426b0b') in 0.076448 seconds 
========================================================================
Received Import Request.
  Time since last request: 0.000026 seconds.
  path: Assets/Art/Floors/Overworld_58.asset
  artifactKey: Guid(ad1929a344e445e4cac914c8a05520ac) Importer(815301076,1909f56bfc062723c751e8b465ee728b)
Start importing Assets/Art/Floors/Overworld_58.asset using Guid(ad1929a344e445e4cac914c8a05520ac) Importer(815301076,1909f56bfc062723c751e8b465ee728b)  -> (artifact id: 'ea793ef390c94e3a43edd2fe528944e4') in 0.022825 seconds 
========================================================================
Received Import Request.
  Time since last request: 0.000042 seconds.
  path: Assets/Art/Floors/Overworld_44.asset
  artifactKey: Guid(f37725a0e3829254ebe80a620de37acf) Importer(815301076,1909f56bfc062723c751e8b465ee728b)
Start importing Assets/Art/Floors/Overworld_44.asset using Guid(f37725a0e3829254ebe80a620de37acf) Importer(815301076,1909f56bfc062723c751e8b465ee728b)  -> (artifact id: 'ce2f29c737b5d04f780b10f708bd06e0') in 0.020781 seconds 
========================================================================
Received Import Request.
  Time since last request: 0.000020 seconds.
  path: Assets/Art/Floors/Overworld_69.asset
  artifactKey: Guid(c3ef0c52176072e44b2b01cb6bcb2004) Importer(815301076,1909f56bfc062723c751e8b465ee728b)
Start importing Assets/Art/Floors/Overworld_69.asset using Guid(c3ef0c52176072e44b2b01cb6bcb2004) Importer(815301076,1909f56bfc062723c751e8b465ee728b)  -> (artifact id: 'f767731286c1f8fb7f8d4e86e73c8c00') in 0.019024 seconds 
========================================================================
Received Import Request.
  Time since last request: 0.000016 seconds.
  path: Assets/Art/Floors/Overworld_54.asset
  artifactKey: Guid(6451536c30cb79349b3d8b656445f6bc) Importer(815301076,1909f56bfc062723c751e8b465ee728b)
Start importing Assets/Art/Floors/Overworld_54.asset using Guid(6451536c30cb79349b3d8b656445f6bc) Importer(815301076,1909f56bfc062723c751e8b465ee728b)  -> (artifact id: 'fdeffe73612bda27aebba0aa0f3ba703') in 0.016277 seconds 
========================================================================
Received Import Request.
  Time since last request: 0.000021 seconds.
  path: Assets/Art/Floors/Overworld_50.asset
  artifactKey: Guid(3982a9c7e69c9eb4ca7c8b4e1bdb8e3b) Importer(815301076,1909f56bfc062723c751e8b465ee728b)
Start importing Assets/Art/Floors/Overworld_50.asset using Guid(3982a9c7e69c9eb4ca7c8b4e1bdb8e3b) Importer(815301076,1909f56bfc062723c751e8b465ee728b)  -> (artifact id: 'c58275fc16ef1a1533ec484fe48ceb2a') in 0.016305 seconds 
========================================================================
Received Import Request.
  Time since last request: 0.000015 seconds.
  path: Assets/Art/Floors/Overworld_59.asset
  artifactKey: Guid(5b45e2a4c0a903f4ca935705cbd9f743) Importer(815301076,1909f56bfc062723c751e8b465ee728b)
Start importing Assets/Art/Floors/Overworld_59.asset using Guid(5b45e2a4c0a903f4ca935705cbd9f743) Importer(815301076,1909f56bfc062723c751e8b465ee728b)  -> (artifact id: '0a88ebf28d363a9ac14ec36a75c79950') in 0.017824 seconds 
========================================================================
Received Import Request.
  Time since last request: 0.000016 seconds.
  path: Assets/Art/Floors/Overworld_51.asset
  artifactKey: Guid(d0c86b3d7d42cf24d83601a03acb0491) Importer(815301076,1909f56bfc062723c751e8b465ee728b)
Start importing Assets/Art/Floors/Overworld_51.asset using Guid(d0c86b3d7d42cf24d83601a03acb0491) Importer(815301076,1909f56bfc062723c751e8b465ee728b)  -> (artifact id: 'e2dd0ab2152dea90c91ab338f263fffc') in 0.014169 seconds 
========================================================================
Received Import Request.
  Time since last request: 0.000016 seconds.
  path: Assets/Art/Floors/Overworld_47.asset
  artifactKey: Guid(7496848d50dee974a998904090b38e9a) Importer(815301076,1909f56bfc062723c751e8b465ee728b)
Start importing Assets/Art/Floors/Overworld_47.asset using Guid(7496848d50dee974a998904090b38e9a) Importer(815301076,1909f56bfc062723c751e8b465ee728b)  -> (artifact id: 'a8dc4598ea2eb789baa6ce1e1abbeee9') in 0.015988 seconds 
========================================================================
Received Import Request.
  Time since last request: 0.000020 seconds.
  path: Assets/Art/Floors/Overworld_45.asset
  artifactKey: Guid(3253a442755e6cd4eabbce0e7ec5dc30) Importer(815301076,1909f56bfc062723c751e8b465ee728b)
Start importing Assets/Art/Floors/Overworld_45.asset using Guid(3253a442755e6cd4eabbce0e7ec5dc30) Importer(815301076,1909f56bfc062723c751e8b465ee728b)  -> (artifact id: 'ddc67baea0225f1b0ce23f5f93f15ccc') in 0.017157 seconds 
========================================================================
Received Import Request.
  Time since last request: 0.000016 seconds.
  path: Assets/Art/Floors/Overworld_46.asset
  artifactKey: Guid(95db647e284ca2d42a47d00c95812ce1) Importer(815301076,1909f56bfc062723c751e8b465ee728b)
Start importing Assets/Art/Floors/Overworld_46.asset using Guid(95db647e284ca2d42a47d00c95812ce1) Importer(815301076,1909f56bfc062723c751e8b465ee728b)  -> (artifact id: '4963698cf811500fe4f5c4c019c3f891') in 0.014725 seconds 
========================================================================
Received Import Request.
  Time since last request: 0.000017 seconds.
  path: Assets/Art/Floors/Overworld_64.asset
  artifactKey: Guid(e3e03c39fd8094e4ea98d67b5b1fd8f9) Importer(815301076,1909f56bfc062723c751e8b465ee728b)
Start importing Assets/Art/Floors/Overworld_64.asset using Guid(e3e03c39fd8094e4ea98d67b5b1fd8f9) Importer(815301076,1909f56bfc062723c751e8b465ee728b)  -> (artifact id: '356846ae66dedb522af663282a4fa771') in 0.017084 seconds 
========================================================================
Received Import Request.
  Time since last request: 0.000029 seconds.
  path: Assets/Art/Floors/Overworld_72.asset
  artifactKey: Guid(f0a5036129d436a4bb147a3dee8d779d) Importer(815301076,1909f56bfc062723c751e8b465ee728b)
Start importing Assets/Art/Floors/Overworld_72.asset using Guid(f0a5036129d436a4bb147a3dee8d779d) Importer(815301076,1909f56bfc062723c751e8b465ee728b)  -> (artifact id: '666d8c8c7b429e7134e8b29bd7652be1') in 0.018145 seconds 
========================================================================
Received Import Request.
  Time since last request: 0.000021 seconds.
  path: Assets/Art/Floors/Overworld_52.asset
  artifactKey: Guid(d45b67081eed10749be535e7c9d48e56) Importer(815301076,1909f56bfc062723c751e8b465ee728b)
Start importing Assets/Art/Floors/Overworld_52.asset using Guid(d45b67081eed10749be535e7c9d48e56) Importer(815301076,1909f56bfc062723c751e8b465ee728b)  -> (artifact id: 'dc4d00cbd02ae479d4dd28c2ca593313') in 0.015545 seconds 
========================================================================
Received Import Request.
  Time since last request: 0.000017 seconds.
  path: Assets/Art/Floors/Overworld_48.asset
  artifactKey: Guid(5dc1a63fc9e58484bb8bce9998baf4f3) Importer(815301076,1909f56bfc062723c751e8b465ee728b)
Start importing Assets/Art/Floors/Overworld_48.asset using Guid(5dc1a63fc9e58484bb8bce9998baf4f3) Importer(815301076,1909f56bfc062723c751e8b465ee728b)  -> (artifact id: 'bdd46a5a9ab44fc4c9e95eac61998889') in 0.016944 seconds 
========================================================================
Received Import Request.
  Time since last request: 11.314749 seconds.
  path: Assets/Art/Traps/button.png
  artifactKey: Guid(c3a896c80dceb054eb1cc7a806665ef1) Importer(815301076,1909f56bfc062723c751e8b465ee728b)
Start importing Assets/Art/Traps/button.png using Guid(c3a896c80dceb054eb1cc7a806665ef1) Importer(815301076,1909f56bfc062723c751e8b465ee728b)  -> (artifact id: '747349d8b51b1894e54a203dfe111c69') in 0.082990 seconds 
========================================================================
Received Import Request.
  Time since last request: 9.802800 seconds.
  path: Assets/Art/UI/bgtiles_130.asset
  artifactKey: Guid(b77c21a5fad345d4db8576ac2d6a842b) Importer(815301076,1909f56bfc062723c751e8b465ee728b)
Start importing Assets/Art/UI/bgtiles_130.asset using Guid(b77c21a5fad345d4db8576ac2d6a842b) Importer(815301076,1909f56bfc062723c751e8b465ee728b)  -> (artifact id: '91a13320f7a28cc015d0aeb57f121457') in 0.021270 seconds 
========================================================================
Received Import Request.
  Time since last request: 0.000026 seconds.
  path: Assets/Art/UI/bgtiles_133.asset
  artifactKey: Guid(a06ef7b81c8a12b4cadea313ec6f4ae6) Importer(815301076,1909f56bfc062723c751e8b465ee728b)
Start importing Assets/Art/UI/bgtiles_133.asset using Guid(a06ef7b81c8a12b4cadea313ec6f4ae6) Importer(815301076,1909f56bfc062723c751e8b465ee728b)  -> (artifact id: 'e2c9a258fd7d58d97e09d76bdabb434f') in 0.017033 seconds 
========================================================================
Received Import Request.
  Time since last request: 0.018385 seconds.
  path: Assets/Art/UI/bgtiles_172.asset
  artifactKey: Guid(fa022ba23aa6fdf45bed6e4fc33ea27b) Importer(815301076,1909f56bfc062723c751e8b465ee728b)
Start importing Assets/Art/UI/bgtiles_172.asset using Guid(fa022ba23aa6fdf45bed6e4fc33ea27b) Importer(815301076,1909f56bfc062723c751e8b465ee728b)  -> (artifact id: '8e1aae2cb6e78f32139aeb1b90ca3d1f') in 0.018117 seconds 
========================================================================
Received Import Request.
  Time since last request: 0.000023 seconds.
  path: Assets/Art/UI/bgtiles_194.asset
  artifactKey: Guid(0d16fa8c46a986b439eb2616dc373307) Importer(815301076,1909f56bfc062723c751e8b465ee728b)
Start importing Assets/Art/UI/bgtiles_194.asset using Guid(0d16fa8c46a986b439eb2616dc373307) Importer(815301076,1909f56bfc062723c751e8b465ee728b)  -> (artifact id: '9ff55c9bb30301a535b0d1a205ae58dd') in 0.018656 seconds 
========================================================================
Received Import Request.
  Time since last request: 0.000049 seconds.
  path: Assets/Art/UI/bgtiles_188.asset
  artifactKey: Guid(f16472dd6f0b761448ab774a3bee8dcb) Importer(815301076,1909f56bfc062723c751e8b465ee728b)
Start importing Assets/Art/UI/bgtiles_188.asset using Guid(f16472dd6f0b761448ab774a3bee8dcb) Importer(815301076,1909f56bfc062723c751e8b465ee728b)  -> (artifact id: '53d22b373b234a61f3d53756c4294965') in 0.016060 seconds 
========================================================================
Received Import Request.
  Time since last request: 0.000027 seconds.
  path: Assets/Art/UI/bgtiles_228.asset
  artifactKey: Guid(8860761733752a84c8d737bb49f07789) Importer(815301076,1909f56bfc062723c751e8b465ee728b)
Start importing Assets/Art/UI/bgtiles_228.asset using Guid(8860761733752a84c8d737bb49f07789) Importer(815301076,1909f56bfc062723c751e8b465ee728b)  -> (artifact id: '1b9ef3bed11adf02b9a28d3d1880cf77') in 0.019199 seconds 
========================================================================
Received Import Request.
  Time since last request: 0.000014 seconds.
  path: Assets/Art/UI/bgtiles_243.asset
  artifactKey: Guid(35076d6e85551424c9d703e96972f6f6) Importer(815301076,1909f56bfc062723c751e8b465ee728b)
Start importing Assets/Art/UI/bgtiles_243.asset using Guid(35076d6e85551424c9d703e96972f6f6) Importer(815301076,1909f56bfc062723c751e8b465ee728b)  -> (artifact id: '89a66732bae111041aeea9648f67a223') in 0.015052 seconds 
========================================================================
Received Import Request.
  Time since last request: 0.000037 seconds.
  path: Assets/Art/UI/bgtiles_241.asset
  artifactKey: Guid(e26d3e80afbf8ff4b80b9449c18b2ddb) Importer(815301076,1909f56bfc062723c751e8b465ee728b)
Start importing Assets/Art/UI/bgtiles_241.asset using Guid(e26d3e80afbf8ff4b80b9449c18b2ddb) Importer(815301076,1909f56bfc062723c751e8b465ee728b)  -> (artifact id: '42aa492ddc351ba911651ecf15818ae7') in 0.017282 seconds 
========================================================================
Received Import Request.
  Time since last request: 0.000024 seconds.
  path: Assets/Art/UI/bgtiles_199.asset
  artifactKey: Guid(832e9f3de6b28dc4d8f118345b9e2118) Importer(815301076,1909f56bfc062723c751e8b465ee728b)
Start importing Assets/Art/UI/bgtiles_199.asset using Guid(832e9f3de6b28dc4d8f118345b9e2118) Importer(815301076,1909f56bfc062723c751e8b465ee728b)  -> (artifact id: '12b0b32a8601189a62dac20cae7ee872') in 0.018158 seconds 
========================================================================
Received Import Request.
  Time since last request: 0.000023 seconds.
  path: Assets/Art/UI/bgtiles_236.asset
  artifactKey: Guid(3bc08a6d719197e41be7aa3471fb8250) Importer(815301076,1909f56bfc062723c751e8b465ee728b)
Start importing Assets/Art/UI/bgtiles_236.asset using Guid(3bc08a6d719197e41be7aa3471fb8250) Importer(815301076,1909f56bfc062723c751e8b465ee728b)  -> (artifact id: '04f9fabd6352f1e22b0aac578f877698') in 0.016137 seconds 
========================================================================
Received Import Request.
  Time since last request: 0.000020 seconds.
  path: Assets/Art/UI/bgtiles_234.asset
  artifactKey: Guid(4f26f6af5ec0f464b8150e3362ce8ac8) Importer(815301076,1909f56bfc062723c751e8b465ee728b)
Start importing Assets/Art/UI/bgtiles_234.asset using Guid(4f26f6af5ec0f464b8150e3362ce8ac8) Importer(815301076,1909f56bfc062723c751e8b465ee728b)  -> (artifact id: 'e40ad2dba16e14ccd75559c30891e085') in 0.016370 seconds 
========================================================================
Received Import Request.
  Time since last request: 0.000030 seconds.
  path: Assets/Art/UI/bgtiles_191.asset
  artifactKey: Guid(17b0cc21b0b80894a8670df560b7ddde) Importer(815301076,1909f56bfc062723c751e8b465ee728b)
Start importing Assets/Art/UI/bgtiles_191.asset using Guid(17b0cc21b0b80894a8670df560b7ddde) Importer(815301076,1909f56bfc062723c751e8b465ee728b)  -> (artifact id: 'd5a1d0407c657311444f0e5d9085eb9e') in 0.016177 seconds 
========================================================================
Received Import Request.
  Time since last request: 0.000021 seconds.
  path: Assets/Art/UI/bgtiles_184.asset
  artifactKey: Guid(c13c9257737507843a7b07869b5d19f7) Importer(815301076,1909f56bfc062723c751e8b465ee728b)
Start importing Assets/Art/UI/bgtiles_184.asset using Guid(c13c9257737507843a7b07869b5d19f7) Importer(815301076,1909f56bfc062723c751e8b465ee728b)  -> (artifact id: '491c3a9d07ae91579e47e133a7c8b58c') in 0.017906 seconds 
========================================================================
Received Import Request.
  Time since last request: 0.000018 seconds.
  path: Assets/Art/UI/bgtiles_225.asset
  artifactKey: Guid(f63c81e454bc5264d8ad2a82461e0fcd) Importer(815301076,1909f56bfc062723c751e8b465ee728b)
Start importing Assets/Art/UI/bgtiles_225.asset using Guid(f63c81e454bc5264d8ad2a82461e0fcd) Importer(815301076,1909f56bfc062723c751e8b465ee728b)  -> (artifact id: '1a5b6af491d2f374c1d9616de905562f') in 0.019334 seconds 
========================================================================
Received Import Request.
  Time since last request: 0.000019 seconds.
  path: Assets/Art/UI/bgtiles_247.asset
  artifactKey: Guid(b4b57b56cdd31fe4a93fdd0b7ab5b868) Importer(815301076,1909f56bfc062723c751e8b465ee728b)
Start importing Assets/Art/UI/bgtiles_247.asset using Guid(b4b57b56cdd31fe4a93fdd0b7ab5b868) Importer(815301076,1909f56bfc062723c751e8b465ee728b)  -> (artifact id: '5acf1f5ee5998ed898e81f126a3e93c5') in 0.015639 seconds 
========================================================================
Received Import Request.
  Time since last request: 0.000015 seconds.
  path: Assets/Art/UI/bgtiles_238.asset
  artifactKey: Guid(a92cc8b835344ee499672b3753d426ed) Importer(815301076,1909f56bfc062723c751e8b465ee728b)
Start importing Assets/Art/UI/bgtiles_238.asset using Guid(a92cc8b835344ee499672b3753d426ed) Importer(815301076,1909f56bfc062723c751e8b465ee728b)  -> (artifact id: '2d8dc52e81710f3809e11bdbd3d3af68') in 0.041541 seconds 
========================================================================
Received Import Request.
  Time since last request: 0.000023 seconds.
  path: Assets/Art/UI/bgtiles_246.asset
  artifactKey: Guid(667a1d36b3fa74c44b4dae15ea21b5c0) Importer(815301076,1909f56bfc062723c751e8b465ee728b)
Start importing Assets/Art/UI/bgtiles_246.asset using Guid(667a1d36b3fa74c44b4dae15ea21b5c0) Importer(815301076,1909f56bfc062723c751e8b465ee728b)  -> (artifact id: '86b658164e5f5124d3e5c40e3ca2d068') in 0.016470 seconds 
========================================================================
Received Import Request.
  Time since last request: 0.000023 seconds.
  path: Assets/Art/UI/bgtiles_239.asset
  artifactKey: Guid(8ae89e3f9d6825f48ac5921f74e7a124) Importer(815301076,1909f56bfc062723c751e8b465ee728b)
Start importing Assets/Art/UI/bgtiles_239.asset using Guid(8ae89e3f9d6825f48ac5921f74e7a124) Importer(815301076,1909f56bfc062723c751e8b465ee728b)  -> (artifact id: 'c5dd189d8eb6566398ef64e034c9b88a') in 0.020913 seconds 
========================================================================
Received Import Request.
  Time since last request: 0.000018 seconds.
  path: Assets/Art/UI/bgtiles_181.asset
  artifactKey: Guid(567069807cda2a6448557d4871dfcb36) Importer(815301076,1909f56bfc062723c751e8b465ee728b)
Start importing Assets/Art/UI/bgtiles_181.asset using Guid(567069807cda2a6448557d4871dfcb36) Importer(815301076,1909f56bfc062723c751e8b465ee728b)  -> (artifact id: '2bb7ce285cb0632288e4e59a1e8c723c') in 0.018133 seconds 
========================================================================
Received Import Request.
  Time since last request: 0.335061 seconds.
  path: Assets/Art/UI/scale2x_125.asset
  artifactKey: Guid(36facb803b8ee9546b67a7d24e50d95a) Importer(815301076,1909f56bfc062723c751e8b465ee728b)
Start importing Assets/Art/UI/scale2x_125.asset using Guid(36facb803b8ee9546b67a7d24e50d95a) Importer(815301076,1909f56bfc062723c751e8b465ee728b)  -> (artifact id: '99064f7188e181771e00170d4b0b9e52') in 0.025233 seconds 
========================================================================
Received Import Request.
  Time since last request: 0.000024 seconds.
  path: Assets/Art/UI/scale2x_132.asset
  artifactKey: Guid(3d16eeeb9df5f2f498cc4b6569a4edd5) Importer(815301076,1909f56bfc062723c751e8b465ee728b)
Start importing Assets/Art/UI/scale2x_132.asset using Guid(3d16eeeb9df5f2f498cc4b6569a4edd5) Importer(815301076,1909f56bfc062723c751e8b465ee728b)  -> (artifact id: 'f2e3c995834ed158d16973ff3e470d21') in 0.018472 seconds 
========================================================================
Received Import Request.
  Time since last request: 0.000026 seconds.
  path: Assets/Art/UI/scale2x_130.asset
  artifactKey: Guid(40b414151222b9d4cbb682151d234871) Importer(815301076,1909f56bfc062723c751e8b465ee728b)
Start importing Assets/Art/UI/scale2x_130.asset using Guid(40b414151222b9d4cbb682151d234871) Importer(815301076,1909f56bfc062723c751e8b465ee728b)  -> (artifact id: '5ed7c641b2dffea2d0b9abc8bc4e825a') in 0.014209 seconds 
========================================================================
Received Import Request.
  Time since last request: 0.000035 seconds.
  path: Assets/Art/UI/scale2x_188.asset
  artifactKey: Guid(5cc901600350df94fa29f32d0a151a7c) Importer(815301076,1909f56bfc062723c751e8b465ee728b)
Start importing Assets/Art/UI/scale2x_188.asset using Guid(5cc901600350df94fa29f32d0a151a7c) Importer(815301076,1909f56bfc062723c751e8b465ee728b)  -> (artifact id: '80f2031a97f4f150e57138fd0ae8e300') in 0.015955 seconds 
========================================================================
Received Import Request.
  Time since last request: 0.000025 seconds.
  path: Assets/Art/UI/scale2x_192.asset
  artifactKey: Guid(b5dc173d50f2a9a4ebbebc35c8abf425) Importer(815301076,1909f56bfc062723c751e8b465ee728b)
Start importing Assets/Art/UI/scale2x_192.asset using Guid(b5dc173d50f2a9a4ebbebc35c8abf425) Importer(815301076,1909f56bfc062723c751e8b465ee728b)  -> (artifact id: '445968ff057d20cf32b84075ceeecd67') in 0.015860 seconds 
========================================================================
Received Import Request.
  Time since last request: 0.338627 seconds.
  path: Assets/Art/UI/scale2x_530.asset
  artifactKey: Guid(b6993896689a90849b0b501c82ef75ff) Importer(815301076,1909f56bfc062723c751e8b465ee728b)
Start importing Assets/Art/UI/scale2x_530.asset using Guid(b6993896689a90849b0b501c82ef75ff) Importer(815301076,1909f56bfc062723c751e8b465ee728b)  -> (artifact id: 'cda0b2573890539d44929f58448ebdab') in 0.018440 seconds 
========================================================================
Received Import Request.
  Time since last request: 0.000028 seconds.
  path: Assets/Art/UI/scale2x_533.asset
  artifactKey: Guid(98022a2a64bb8594fae6daea16d4de9f) Importer(815301076,1909f56bfc062723c751e8b465ee728b)
Start importing Assets/Art/UI/scale2x_533.asset using Guid(98022a2a64bb8594fae6daea16d4de9f) Importer(815301076,1909f56bfc062723c751e8b465ee728b)  -> (artifact id: '265c9f832f52d1be3675023c7f2147da') in 0.016548 seconds 
========================================================================
Received Import Request.
  Time since last request: 0.469826 seconds.
  path: Assets/Art/UI/scale2x_590.asset
  artifactKey: Guid(1b6bcbacfa9902a4e969804b640872f3) Importer(815301076,1909f56bfc062723c751e8b465ee728b)
Start importing Assets/Art/UI/scale2x_590.asset using Guid(1b6bcbacfa9902a4e969804b640872f3) Importer(815301076,1909f56bfc062723c751e8b465ee728b)  -> (artifact id: '9f4b419a6e1cc53be65d4e5f8ed935a4') in 0.018445 seconds 
========================================================================
Received Import Request.
  Time since last request: 0.000020 seconds.
  path: Assets/Art/UI/scale2x_595.asset
  artifactKey: Guid(ea8be01a5e37fbf478d3c7b8a046a8ed) Importer(815301076,1909f56bfc062723c751e8b465ee728b)
Start importing Assets/Art/UI/scale2x_595.asset using Guid(ea8be01a5e37fbf478d3c7b8a046a8ed) Importer(815301076,1909f56bfc062723c751e8b465ee728b)  -> (artifact id: 'fdde6f0ee333b8bb10b90bd9e5ce2de0') in 0.017508 seconds 
========================================================================
Received Import Request.
  Time since last request: 0.000026 seconds.
  path: Assets/Art/UI/scale2x_596.asset
  artifactKey: Guid(fac36bd43e8440c43969d4255c932a0a) Importer(815301076,1909f56bfc062723c751e8b465ee728b)
Start importing Assets/Art/UI/scale2x_596.asset using Guid(fac36bd43e8440c43969d4255c932a0a) Importer(815301076,1909f56bfc062723c751e8b465ee728b)  -> (artifact id: '00949af1d5c0d02f9df6eea0f6760946') in 0.016144 seconds 
========================================================================
Received Import Request.
  Time since last request: 0.002021 seconds.
  path: Assets/Art/UI/scale2x_614.asset
  artifactKey: Guid(ab620eb2b39bde942ab7f9ef65a10f30) Importer(815301076,1909f56bfc062723c751e8b465ee728b)
Start importing Assets/Art/UI/scale2x_614.asset using Guid(ab620eb2b39bde942ab7f9ef65a10f30) Importer(815301076,1909f56bfc062723c751e8b465ee728b)  -> (artifact id: '5751ae0a5187624dbda39c4a8d797ebc') in 0.017253 seconds 
========================================================================
Received Import Request.
  Time since last request: 0.006367 seconds.
  path: Assets/Art/UI/scale2x_618.asset
  artifactKey: Guid(7f7809b9fe34f244e976ce5dc65724fd) Importer(815301076,1909f56bfc062723c751e8b465ee728b)
Start importing Assets/Art/UI/scale2x_618.asset using Guid(7f7809b9fe34f244e976ce5dc65724fd) Importer(815301076,1909f56bfc062723c751e8b465ee728b)  -> (artifact id: '14ebd0692700283f21a677a78a2bf73b') in 0.015898 seconds 
========================================================================
Received Import Request.
  Time since last request: 1.011580 seconds.
  path: Assets/Art/UI/scale2x_212.asset
  artifactKey: Guid(34891b0fb57c36344b8c43d7ed183f38) Importer(815301076,1909f56bfc062723c751e8b465ee728b)
Start importing Assets/Art/UI/scale2x_212.asset using Guid(34891b0fb57c36344b8c43d7ed183f38) Importer(815301076,1909f56bfc062723c751e8b465ee728b)  -> (artifact id: 'b64a6295082f76bc9f4bd9941c8650d3') in 0.017058 seconds 
========================================================================
Received Import Request.
  Time since last request: 0.000022 seconds.
  path: Assets/Art/UI/scale2x_154.asset
  artifactKey: Guid(29d2d11ca1de54e4988f575e9a8d183f) Importer(815301076,1909f56bfc062723c751e8b465ee728b)
Start importing Assets/Art/UI/scale2x_154.asset using Guid(29d2d11ca1de54e4988f575e9a8d183f) Importer(815301076,1909f56bfc062723c751e8b465ee728b)  -> (artifact id: 'c1680e01913cbe3f5aa92b1420832aac') in 0.021375 seconds 
========================================================================
Received Import Request.
  Time since last request: 0.000019 seconds.
  path: Assets/Art/UI/scale2x_157.asset
  artifactKey: Guid(3e7affd959061c640b0ffd944a0b2581) Importer(815301076,1909f56bfc062723c751e8b465ee728b)
Start importing Assets/Art/UI/scale2x_157.asset using Guid(3e7affd959061c640b0ffd944a0b2581) Importer(815301076,1909f56bfc062723c751e8b465ee728b)  -> (artifact id: '2cc9d9e0222737847448a33d6a5f4ff4') in 0.017049 seconds 
========================================================================
Received Import Request.
  Time since last request: 0.000053 seconds.
  path: Assets/Art/UI/scale2x_159.asset
  artifactKey: Guid(e809ee32463bfc345bfd9fa56a4d48e4) Importer(815301076,1909f56bfc062723c751e8b465ee728b)
Start importing Assets/Art/UI/scale2x_159.asset using Guid(e809ee32463bfc345bfd9fa56a4d48e4) Importer(815301076,1909f56bfc062723c751e8b465ee728b)  -> (artifact id: 'b3f5dc559f8d6b36307a293a9d1e4939') in 0.017011 seconds 
========================================================================
Received Import Request.
  Time since last request: 0.018977 seconds.
  path: Assets/Art/UI/scale2x_35.asset
  artifactKey: Guid(10613c9f68638c54e93d629ff36654d2) Importer(815301076,1909f56bfc062723c751e8b465ee728b)
Start importing Assets/Art/UI/scale2x_35.asset using Guid(10613c9f68638c54e93d629ff36654d2) Importer(815301076,1909f56bfc062723c751e8b465ee728b)  -> (artifact id: 'bb49cc77feb045e6d76cd7b1e9ddfe31') in 0.016678 seconds 
========================================================================
Received Prepare
Registering precompiled user dll's ...
Registered in 0.004745 seconds.
Begin MonoManager ReloadAssembly
Symbol file LoadedFromMemory doesn't match image C:\Users\Cholo\Documents\GitHub\cgen\CGEN 2d RPG\Library\PackageCache\com.unity.visualscripting@1.7.8\Editor\VisualScripting.Core\Dependencies\YamlDotNet\Unity.VisualScripting.YamlDotNet.dll
Symbol file LoadedFromMemory doesn't match image C:\Users\Cholo\Documents\GitHub\cgen\CGEN 2d RPG\Library\PackageCache\com.unity.visualscripting@1.7.8\Editor\VisualScripting.Core\Dependencies\DotNetZip\Unity.VisualScripting.IonicZip.dll
Native extension for WindowsStandalone target not found
Native extension for Android target not found
Refreshing native plugins compatible for Editor in 1.50 ms, found 3 plugins.
Preloading 0 native plugins for Editor in 0.00 ms.
Mono: successfully reloaded assembly
- Completed reload, in  0.829 seconds
Domain Reload Profiling:
	ReloadAssembly (830ms)
		BeginReloadAssembly (124ms)
			ExecutionOrderSort (0ms)
			DisableScriptedObjects (6ms)
			BackupInstance (0ms)
			ReleaseScriptingObjects (0ms)
			CreateAndSetChildDomain (42ms)
		EndReloadAssembly (614ms)
			LoadAssemblies (70ms)
			RebuildTransferFunctionScriptingTraits (0ms)
			SetupTypeCache (176ms)
			ReleaseScriptCaches (1ms)
			RebuildScriptCaches (32ms)
			SetupLoadedEditorAssemblies (291ms)
				LogAssemblyErrors (0ms)
				InitializePlatformSupportModulesInManaged (21ms)
				SetLoadedEditorAssemblies (0ms)
				RefreshPlugins (2ms)
				BeforeProcessingInitializeOnLoad (53ms)
				ProcessInitializeOnLoadAttributes (172ms)
				ProcessInitializeOnLoadMethodAttributes (35ms)
				AfterProcessingInitializeOnLoad (7ms)
				EditorAssembliesLoaded (0ms)
			ExecutionOrderSort2 (0ms)
			AwakeInstancesAfterBackupRestoration (7ms)
Platform modules already initialized, skipping
Refreshing native plugins compatible for Editor in 5.62 ms, found 3 plugins.
Preloading 0 native plugins for Editor in 0.00 ms.
Unloading 3454 Unused Serialized files (Serialized files now loaded: 0)
Unloading 17 unused Assets / (24.7 KB). Loaded Objects now: 3953.
Memory consumption went from 130.1 MB to 130.1 MB.
Total: 4.886200 ms (FindLiveObjects: 0.330000 ms CreateObjectMapping: 0.202200 ms MarkObjects: 4.303600 ms  DeleteObjects: 0.049100 ms)

AssetImportParameters requested are different than current active one (requested -> active):
  custom:video-decoder-ogg-theora: a1e56fd34408186e4bbccfd4996cb3dc -> 
  custom:container-muxer-webm: aa71ff27fc2769a1b78a27578f13a17b -> 
  custom:container-demuxer-webm: 4f35f7cbe854078d1ac9338744f61a02 -> 
  custom:video-encoder-webm-vp8: eb34c28f22e8b96e1ab97ce403110664 -> 
  custom:audio-encoder-webm-vorbis: bf7c407c2cedff20999df2af8eb42d56 -> 
  custom:framework-win-MediaFoundation: 216162199b28c13a410421893ffa2e32 -> 
  custom:container-demuxer-ogg: 62fdf1f143b41e24485cea50d1cbac27 -> 
  custom:video-decoder-webm-vp8: 9c59270c3fd7afecdb556c50c9e8de78 -> 
  custom:audio-decoder-ogg-vorbis: bf7c407c2cedff20999df2af8eb42d56 -> 
Editor requested this worker to shutdown with reason: Scaling down because of idle timeout
AssetImportWorker is now disconnected from the server
Process exiting
Exiting without the bug reporter. Application will terminate with return code 0