Using pre-set license
Built from '2021.3/staging' branch; Version is '2021.3.14f1 (eee1884e7226) revision 15655304'; Using compiler version '192829333'; Build Type 'Release'
OS: 'Windows 10  (10.0.19045) 64bit Professional' Language: 'en' Physical Memory: 15799 MB
BatchMode: 1, IsHumanControllingUs: 0, StartBugReporterOnCrash: 0, Is64bit: 1, IsPro: 1

COMMAND LINE ARGUMENTS:
C:\Program Files\Unity\Hub\Editor\2021.3.14f1\Editor\Unity.exe
-adb2
-batchMode
-noUpm
-name
AssetImportWorker4
-projectPath
C:/Users/Cholo/Documents/GitHub/cgen/CGEN 2d RPG
-logFile
Logs/AssetImportWorker4.log
-srvPort
49850
Successfully changed project path to: C:/Users/Cholo/Documents/GitHub/cgen/CGEN 2d RPG
C:/Users/Cholo/Documents/GitHub/cgen/CGEN 2d RPG
[UnityMemory] Configuration Parameters - Can be set up in boot.config
    "memorysetup-bucket-allocator-granularity=16"
    "memorysetup-bucket-allocator-bucket-count=8"
    "memorysetup-bucket-allocator-block-size=33554432"
    "memorysetup-bucket-allocator-block-count=8"
    "memorysetup-main-allocator-block-size=16777216"
    "memorysetup-thread-allocator-block-size=16777216"
    "memorysetup-gfx-main-allocator-block-size=16777216"
    "memorysetup-gfx-thread-allocator-block-size=16777216"
    "memorysetup-cache-allocator-block-size=4194304"
    "memorysetup-typetree-allocator-block-size=2097152"
    "memorysetup-profiler-bucket-allocator-granularity=16"
    "memorysetup-profiler-bucket-allocator-bucket-count=8"
    "memorysetup-profiler-bucket-allocator-block-size=33554432"
    "memorysetup-profiler-bucket-allocator-block-count=8"
    "memorysetup-profiler-allocator-block-size=16777216"
    "memorysetup-profiler-editor-allocator-block-size=1048576"
    "memorysetup-temp-allocator-size-main=16777216"
    "memorysetup-job-temp-allocator-block-size=2097152"
    "memorysetup-job-temp-allocator-block-size-background=1048576"
    "memorysetup-job-temp-allocator-reduction-small-platforms=262144"
    "memorysetup-temp-allocator-size-background-worker=32768"
    "memorysetup-temp-allocator-size-job-worker=262144"
    "memorysetup-temp-allocator-size-preload-manager=33554432"
    "memorysetup-temp-allocator-size-nav-mesh-worker=65536"
    "memorysetup-temp-allocator-size-audio-worker=65536"
    "memorysetup-temp-allocator-size-cloud-worker=32768"
    "memorysetup-temp-allocator-size-gi-baking-worker=262144"
    "memorysetup-temp-allocator-size-gfx=262144"
Refreshing native plugins compatible for Editor in 109.09 ms, found 3 plugins.
Preloading 0 native plugins for Editor in 0.00 ms.
Initialize engine version: 2021.3.14f1 (eee1884e7226)
[Subsystems] Discovering subsystems at path C:/Program Files/Unity/Hub/Editor/2021.3.14f1/Editor/Data/Resources/UnitySubsystems
[Subsystems] Discovering subsystems at path C:/Users/Cholo/Documents/GitHub/cgen/CGEN 2d RPG/Assets
GfxDevice: creating device client; threaded=0; jobified=0
Direct3D:
    Version:  Direct3D 11.0 [level 11.1]
    Renderer: AMD Radeon(TM) Graphics (ID=0x1638)
    Vendor:   ATI
    VRAM:     7899 MB
    Driver:   31.0.12002.92
Initialize mono
Mono path[0] = 'C:/Program Files/Unity/Hub/Editor/2021.3.14f1/Editor/Data/Managed'
Mono path[1] = 'C:/Program Files/Unity/Hub/Editor/2021.3.14f1/Editor/Data/MonoBleedingEdge/lib/mono/unityjit-win32'
Mono config path = 'C:/Program Files/Unity/Hub/Editor/2021.3.14f1/Editor/Data/MonoBleedingEdge/etc'
Using monoOptions --debugger-agent=transport=dt_socket,embedding=1,server=y,suspend=n,address=127.0.0.1:56908
Begin MonoManager ReloadAssembly
Registering precompiled unity dll's ...
Register platform support module: C:/Program Files/Unity/Hub/Editor/2021.3.14f1/Editor/Data/PlaybackEngines/AndroidPlayer/UnityEditor.Android.Extensions.dll
Register platform support module: C:/Program Files/Unity/Hub/Editor/2021.3.14f1/Editor/Data/PlaybackEngines/WindowsStandaloneSupport/UnityEditor.WindowsStandalone.Extensions.dll
Registered in 0.006143 seconds.
Native extension for WindowsStandalone target not found
Native extension for Android target not found
Refreshing native plugins compatible for Editor in 98.47 ms, found 3 plugins.
Preloading 0 native plugins for Editor in 0.00 ms.
Mono: successfully reloaded assembly
- Completed reload, in  0.570 seconds
Domain Reload Profiling:
	ReloadAssembly (570ms)
		BeginReloadAssembly (62ms)
			ExecutionOrderSort (0ms)
			DisableScriptedObjects (0ms)
			BackupInstance (0ms)
			ReleaseScriptingObjects (0ms)
			CreateAndSetChildDomain (1ms)
		EndReloadAssembly (412ms)
			LoadAssemblies (61ms)
			RebuildTransferFunctionScriptingTraits (0ms)
			SetupTypeCache (79ms)
			ReleaseScriptCaches (0ms)
			RebuildScriptCaches (20ms)
			SetupLoadedEditorAssemblies (264ms)
				LogAssemblyErrors (0ms)
				InitializePlatformSupportModulesInManaged (45ms)
				SetLoadedEditorAssemblies (0ms)
				RefreshPlugins (99ms)
				BeforeProcessingInitializeOnLoad (3ms)
				ProcessInitializeOnLoadAttributes (81ms)
				ProcessInitializeOnLoadMethodAttributes (36ms)
				AfterProcessingInitializeOnLoad (0ms)
				EditorAssembliesLoaded (0ms)
			ExecutionOrderSort2 (0ms)
			AwakeInstancesAfterBackupRestoration (0ms)
Platform modules already initialized, skipping
Registering precompiled user dll's ...
Registered in 0.004686 seconds.
Begin MonoManager ReloadAssembly
Symbol file LoadedFromMemory doesn't match image C:\Users\Cholo\Documents\GitHub\cgen\CGEN 2d RPG\Library\PackageCache\com.unity.visualscripting@1.7.8\Editor\VisualScripting.Core\Dependencies\YamlDotNet\Unity.VisualScripting.YamlDotNet.dll
Symbol file LoadedFromMemory doesn't match image C:\Users\Cholo\Documents\GitHub\cgen\CGEN 2d RPG\Library\PackageCache\com.unity.visualscripting@1.7.8\Editor\VisualScripting.Core\Dependencies\DotNetZip\Unity.VisualScripting.IonicZip.dll
Native extension for WindowsStandalone target not found
Native extension for Android target not found
Refreshing native plugins compatible for Editor in 1.19 ms, found 3 plugins.
Preloading 0 native plugins for Editor in 0.00 ms.
Mono: successfully reloaded assembly
- Completed reload, in  0.920 seconds
Domain Reload Profiling:
	ReloadAssembly (920ms)
		BeginReloadAssembly (191ms)
			ExecutionOrderSort (0ms)
			DisableScriptedObjects (5ms)
			BackupInstance (0ms)
			ReleaseScriptingObjects (0ms)
			CreateAndSetChildDomain (119ms)
		EndReloadAssembly (642ms)
			LoadAssemblies (63ms)
			RebuildTransferFunctionScriptingTraits (0ms)
			SetupTypeCache (174ms)
			ReleaseScriptCaches (0ms)
			RebuildScriptCaches (58ms)
			SetupLoadedEditorAssemblies (315ms)
				LogAssemblyErrors (0ms)
				InitializePlatformSupportModulesInManaged (15ms)
				SetLoadedEditorAssemblies (0ms)
				RefreshPlugins (1ms)
				BeforeProcessingInitializeOnLoad (75ms)
				ProcessInitializeOnLoadAttributes (191ms)
				ProcessInitializeOnLoadMethodAttributes (27ms)
				AfterProcessingInitializeOnLoad (6ms)
				EditorAssembliesLoaded (0ms)
			ExecutionOrderSort2 (0ms)
			AwakeInstancesAfterBackupRestoration (4ms)
Platform modules already initialized, skipping
========================================================================
Worker process is ready to serve import requests
Launched and connected shader compiler UnityShaderCompiler.exe after 0.04 seconds
Refreshing native plugins compatible for Editor in 1.65 ms, found 3 plugins.
Preloading 0 native plugins for Editor in 0.00 ms.
Unloading 3467 Unused Serialized files (Serialized files now loaded: 0)
Unloading 28 unused Assets / (56.5 KB). Loaded Objects now: 3935.
Memory consumption went from 127.1 MB to 127.0 MB.
Total: 3.813900 ms (FindLiveObjects: 0.336100 ms CreateObjectMapping: 0.129800 ms MarkObjects: 3.261500 ms  DeleteObjects: 0.085300 ms)

AssetImportParameters requested are different than current active one (requested -> active):
  custom:video-decoder-ogg-theora: a1e56fd34408186e4bbccfd4996cb3dc -> 
  custom:container-muxer-webm: aa71ff27fc2769a1b78a27578f13a17b -> 
  custom:container-demuxer-webm: 4f35f7cbe854078d1ac9338744f61a02 -> 
  custom:video-encoder-webm-vp8: eb34c28f22e8b96e1ab97ce403110664 -> 
  custom:audio-encoder-webm-vorbis: bf7c407c2cedff20999df2af8eb42d56 -> 
  custom:framework-win-MediaFoundation: 216162199b28c13a410421893ffa2e32 -> 
  custom:container-demuxer-ogg: 62fdf1f143b41e24485cea50d1cbac27 -> 
  custom:video-decoder-webm-vp8: 9c59270c3fd7afecdb556c50c9e8de78 -> 
  custom:audio-decoder-ogg-vorbis: bf7c407c2cedff20999df2af8eb42d56 -> 
========================================================================
Received Import Request.
  Time since last request: 146136.017253 seconds.
  path: Assets/Art/Sci-Fi Pixel/Sci Fi Pixel Art UI Kit/Textures/Diamond_Skip_Hover.png
  artifactKey: Guid(9f0fdbb92f1fb0348afb20d8b6aa347e) Importer(815301076,1909f56bfc062723c751e8b465ee728b)
Start importing Assets/Art/Sci-Fi Pixel/Sci Fi Pixel Art UI Kit/Textures/Diamond_Skip_Hover.png using Guid(9f0fdbb92f1fb0348afb20d8b6aa347e) Importer(815301076,1909f56bfc062723c751e8b465ee728b)  -> (artifact id: 'dfd3087e5974dfff11ee43baaa28903d') in 0.131926 seconds 
========================================================================
Received Import Request.
  Time since last request: 0.109487 seconds.
  path: Assets/Art/Sci-Fi Pixel/Sci Fi Pixel Art UI Kit/Textures/Diamond_Play_Inactive.png
  artifactKey: Guid(ab698fa8ed1ee3b4dad42c6eddfb6821) Importer(815301076,1909f56bfc062723c751e8b465ee728b)
Start importing Assets/Art/Sci-Fi Pixel/Sci Fi Pixel Art UI Kit/Textures/Diamond_Play_Inactive.png using Guid(ab698fa8ed1ee3b4dad42c6eddfb6821) Importer(815301076,1909f56bfc062723c751e8b465ee728b)  -> (artifact id: 'bbf5389762d3a70663dd03f3c8bd6e1d') in 0.024208 seconds 
========================================================================
Received Import Request.
  Time since last request: 0.000016 seconds.
  path: Assets/Art/Sci-Fi Pixel/Sci Fi Pixel Art UI Kit/Textures/Diamond_Pause_Active.png
  artifactKey: Guid(c40eaef46e2c1894e8792cc0de37a2ad) Importer(815301076,1909f56bfc062723c751e8b465ee728b)
Start importing Assets/Art/Sci-Fi Pixel/Sci Fi Pixel Art UI Kit/Textures/Diamond_Pause_Active.png using Guid(c40eaef46e2c1894e8792cc0de37a2ad) Importer(815301076,1909f56bfc062723c751e8b465ee728b)  -> (artifact id: '7cb4938cf58d3c9851db82d00f08e0b5') in 0.021732 seconds 
========================================================================
Received Import Request.
  Time since last request: 0.000040 seconds.
  path: Assets/Art/Sci-Fi Pixel/Sci Fi Pixel Art UI Kit/Textures/Diamond_Pause_Hover.png
  artifactKey: Guid(d4e0d7a5529923d40b2c8bf5db96f30f) Importer(815301076,1909f56bfc062723c751e8b465ee728b)
Start importing Assets/Art/Sci-Fi Pixel/Sci Fi Pixel Art UI Kit/Textures/Diamond_Pause_Hover.png using Guid(d4e0d7a5529923d40b2c8bf5db96f30f) Importer(815301076,1909f56bfc062723c751e8b465ee728b)  -> (artifact id: '74370e5678eedd0aa79c0321e085aa1b') in 0.021454 seconds 
========================================================================
Received Import Request.
  Time since last request: 0.000033 seconds.
  path: Assets/Art/Sci-Fi Pixel/Sci Fi Pixel Art UI Kit/Textures/Diamond_Neutral_Pressed.png
  artifactKey: Guid(43dd1aa5b63d24e45a5a00c646583d31) Importer(815301076,1909f56bfc062723c751e8b465ee728b)
Start importing Assets/Art/Sci-Fi Pixel/Sci Fi Pixel Art UI Kit/Textures/Diamond_Neutral_Pressed.png using Guid(43dd1aa5b63d24e45a5a00c646583d31) Importer(815301076,1909f56bfc062723c751e8b465ee728b)  -> (artifact id: '8d3eebb0886d1809ac8db8434edededc') in 0.019044 seconds 
========================================================================
Received Import Request.
  Time since last request: 0.000616 seconds.
  path: Assets/Art/Sci-Fi Pixel/Sci Fi Pixel Art UI Kit/Textures/Diamond_Mail_Active.png
  artifactKey: Guid(616dd8424318e4549a649b280bd560d0) Importer(815301076,1909f56bfc062723c751e8b465ee728b)
Start importing Assets/Art/Sci-Fi Pixel/Sci Fi Pixel Art UI Kit/Textures/Diamond_Mail_Active.png using Guid(616dd8424318e4549a649b280bd560d0) Importer(815301076,1909f56bfc062723c751e8b465ee728b)  -> (artifact id: 'ee31a5db4ea848efd63b7ddc15d744e3') in 0.019650 seconds 
========================================================================
Received Import Request.
  Time since last request: 0.000017 seconds.
  path: Assets/Art/Sci-Fi Pixel/Sci Fi Pixel Art UI Kit/Textures/Diamond_Neutral_Inactive.png
  artifactKey: Guid(3e3805cbc6771f54c95d29bbe5022c58) Importer(815301076,1909f56bfc062723c751e8b465ee728b)
Start importing Assets/Art/Sci-Fi Pixel/Sci Fi Pixel Art UI Kit/Textures/Diamond_Neutral_Inactive.png using Guid(3e3805cbc6771f54c95d29bbe5022c58) Importer(815301076,1909f56bfc062723c751e8b465ee728b)  -> (artifact id: '33b81cbb098cc24b360a30eb746bed79') in 0.017879 seconds 
========================================================================
Received Import Request.
  Time since last request: 0.000032 seconds.
  path: Assets/Art/Sci-Fi Pixel/Sci Fi Pixel Art UI Kit/Textures/Diamond_Mail_Pressed.png
  artifactKey: Guid(ff21c45c64d54ed4e8c2b558c4e6c8a3) Importer(815301076,1909f56bfc062723c751e8b465ee728b)
Start importing Assets/Art/Sci-Fi Pixel/Sci Fi Pixel Art UI Kit/Textures/Diamond_Mail_Pressed.png using Guid(ff21c45c64d54ed4e8c2b558c4e6c8a3) Importer(815301076,1909f56bfc062723c751e8b465ee728b)  -> (artifact id: '3ae882bb5945b4670f71d79ffad879de') in 0.017268 seconds 
========================================================================
Received Import Request.
  Time since last request: 0.137966 seconds.
  path: Assets/Art/Sci-Fi Pixel/Sci Fi Pixel Art UI Kit/Textures/Diamond_Hamburger_Hover.png
  artifactKey: Guid(e7c732418ffea7c458f99b889d3732bd) Importer(815301076,1909f56bfc062723c751e8b465ee728b)
Start importing Assets/Art/Sci-Fi Pixel/Sci Fi Pixel Art UI Kit/Textures/Diamond_Hamburger_Hover.png using Guid(e7c732418ffea7c458f99b889d3732bd) Importer(815301076,1909f56bfc062723c751e8b465ee728b)  -> (artifact id: '086758e7a763279d7d3e2f3456591f37') in 0.013957 seconds 
========================================================================
Received Import Request.
  Time since last request: 0.000018 seconds.
  path: Assets/Art/Sci-Fi Pixel/Sci Fi Pixel Art UI Kit/Textures/Diamond_Home_Active.png
  artifactKey: Guid(48181aaef6c24c347a3a6ae97262b237) Importer(815301076,1909f56bfc062723c751e8b465ee728b)
Start importing Assets/Art/Sci-Fi Pixel/Sci Fi Pixel Art UI Kit/Textures/Diamond_Home_Active.png using Guid(48181aaef6c24c347a3a6ae97262b237) Importer(815301076,1909f56bfc062723c751e8b465ee728b)  -> (artifact id: '3289335fb8888e01d916cf7c7f2f5cbb') in 0.013882 seconds 
========================================================================
Received Import Request.
  Time since last request: 0.000017 seconds.
  path: Assets/Art/Sci-Fi Pixel/Sci Fi Pixel Art UI Kit/Textures/Diamond_Home_Inactive.png
  artifactKey: Guid(451975df6bd802148a33a789dec0a6ab) Importer(815301076,1909f56bfc062723c751e8b465ee728b)
Start importing Assets/Art/Sci-Fi Pixel/Sci Fi Pixel Art UI Kit/Textures/Diamond_Home_Inactive.png using Guid(451975df6bd802148a33a789dec0a6ab) Importer(815301076,1909f56bfc062723c751e8b465ee728b)  -> (artifact id: 'afc297f21ae5b57b2de22cddd08ad788') in 0.017562 seconds 
========================================================================
Received Import Request.
  Time since last request: 0.001728 seconds.
  path: Assets/Art/Sci-Fi Pixel/Sci Fi Pixel Art UI Kit/Textures/Diamond_Coins_Inactive.png
  artifactKey: Guid(7f2162e484b85ff4daaff731f03b8f27) Importer(815301076,1909f56bfc062723c751e8b465ee728b)
Start importing Assets/Art/Sci-Fi Pixel/Sci Fi Pixel Art UI Kit/Textures/Diamond_Coins_Inactive.png using Guid(7f2162e484b85ff4daaff731f03b8f27) Importer(815301076,1909f56bfc062723c751e8b465ee728b)  -> (artifact id: '2164684dfdaac21d12370f4a7306b466') in 0.016122 seconds 
========================================================================
Received Import Request.
  Time since last request: 0.000029 seconds.
  path: Assets/Art/Sci-Fi Pixel/Sci Fi Pixel Art UI Kit/Textures/Diamond_Download_Hover.png
  artifactKey: Guid(a95844fa6fe5ffc4aa27092b53a20a47) Importer(815301076,1909f56bfc062723c751e8b465ee728b)
Start importing Assets/Art/Sci-Fi Pixel/Sci Fi Pixel Art UI Kit/Textures/Diamond_Download_Hover.png using Guid(a95844fa6fe5ffc4aa27092b53a20a47) Importer(815301076,1909f56bfc062723c751e8b465ee728b)  -> (artifact id: '290c8e83e4f8ef3d704ba36b6d5b7e62') in 0.017222 seconds 
========================================================================
Received Import Request.
  Time since last request: 0.185760 seconds.
  path: Assets/Art/Sci-Fi Pixel/Sci Fi Pixel Art UI Kit/Textures/Diamond_Back_Hover.png
  artifactKey: Guid(4a1063e05ceb211468b960137ae645b2) Importer(815301076,1909f56bfc062723c751e8b465ee728b)
Start importing Assets/Art/Sci-Fi Pixel/Sci Fi Pixel Art UI Kit/Textures/Diamond_Back_Hover.png using Guid(4a1063e05ceb211468b960137ae645b2) Importer(815301076,1909f56bfc062723c751e8b465ee728b)  -> (artifact id: '1b685980617cd0aead5f54590a3a4d92') in 0.020498 seconds 
========================================================================
Received Import Request.
  Time since last request: 0.000023 seconds.
  path: Assets/Art/Sci-Fi Pixel/Sci Fi Pixel Art UI Kit/Textures/Diamond_Coins_Hover.png
  artifactKey: Guid(b41480d836991f94289336d14ac511e2) Importer(815301076,1909f56bfc062723c751e8b465ee728b)
Start importing Assets/Art/Sci-Fi Pixel/Sci Fi Pixel Art UI Kit/Textures/Diamond_Coins_Hover.png using Guid(b41480d836991f94289336d14ac511e2) Importer(815301076,1909f56bfc062723c751e8b465ee728b)  -> (artifact id: 'd24fd225aa80267ac4c6f408cda764e9') in 0.023759 seconds 
========================================================================
Received Import Request.
  Time since last request: 3.909506 seconds.
  path: Assets/Art/Sci-Fi Pixel/Sci Fi Pixel Art UI Kit/Textures/Close_Big_Active.png
  artifactKey: Guid(a07e50a2a5770b949b07cbdee59b9d6f) Importer(815301076,1909f56bfc062723c751e8b465ee728b)
Start importing Assets/Art/Sci-Fi Pixel/Sci Fi Pixel Art UI Kit/Textures/Close_Big_Active.png using Guid(a07e50a2a5770b949b07cbdee59b9d6f) Importer(815301076,1909f56bfc062723c751e8b465ee728b)  -> (artifact id: '7e4b5f71ec323bb61a736d2f89e86b3a') in 0.014699 seconds 
========================================================================
Received Import Request.
  Time since last request: 0.000022 seconds.
  path: Assets/Art/Sci-Fi Pixel/Sci Fi Pixel Art UI Kit/Textures/Close_Small_Pressed.png
  artifactKey: Guid(07240cc5d0a3afa42b0edfd9ba8eb017) Importer(815301076,1909f56bfc062723c751e8b465ee728b)
Start importing Assets/Art/Sci-Fi Pixel/Sci Fi Pixel Art UI Kit/Textures/Close_Small_Pressed.png using Guid(07240cc5d0a3afa42b0edfd9ba8eb017) Importer(815301076,1909f56bfc062723c751e8b465ee728b)  -> (artifact id: 'de7f261ac0abf8757d238f4b7df939f0') in 0.015268 seconds 
========================================================================
Received Import Request.
  Time since last request: 0.040857 seconds.
  path: Assets/Art/CGEN_ICON.png
  artifactKey: Guid(82ba3860069adba4093d0fa821ca704f) Importer(815301076,1909f56bfc062723c751e8b465ee728b)
Start importing Assets/Art/CGEN_ICON.png using Guid(82ba3860069adba4093d0fa821ca704f) Importer(815301076,1909f56bfc062723c751e8b465ee728b)  -> (artifact id: 'e560272aa309121d30fdc2f874a3ee34') in 0.038038 seconds 
========================================================================
Received Import Request.
  Time since last request: 0.032064 seconds.
  path: Assets/Art/Sci-Fi Pixel/Sci Fi Pixel Art UI Kit/Textures/BigHb_Fill.png
  artifactKey: Guid(f4155ff00efca604792bd4fd1e5b8f7f) Importer(815301076,1909f56bfc062723c751e8b465ee728b)
Start importing Assets/Art/Sci-Fi Pixel/Sci Fi Pixel Art UI Kit/Textures/BigHb_Fill.png using Guid(f4155ff00efca604792bd4fd1e5b8f7f) Importer(815301076,1909f56bfc062723c751e8b465ee728b)  -> (artifact id: '05a16d7468efd64a3f9af043ae58266b') in 0.017548 seconds 
========================================================================
Received Import Request.
  Time since last request: 0.120709 seconds.
  path: Assets/Art/Sci-Fi Pixel/Sci Fi Pixel Art UI Kit/Textures/B_Pressed.png
  artifactKey: Guid(24ff15ada16eba64c95bf4e3ba329d2f) Importer(815301076,1909f56bfc062723c751e8b465ee728b)
Start importing Assets/Art/Sci-Fi Pixel/Sci Fi Pixel Art UI Kit/Textures/B_Pressed.png using Guid(24ff15ada16eba64c95bf4e3ba329d2f) Importer(815301076,1909f56bfc062723c751e8b465ee728b)  -> (artifact id: 'c064af890cf99ccc96fa8a85ea0347d0') in 0.014241 seconds 
========================================================================
Received Import Request.
  Time since last request: 0.000025 seconds.
  path: Assets/Art/Sci-Fi Pixel/Sci Fi Pixel Art UI Kit/Textures/Arrow_Left_Pressed.png
  artifactKey: Guid(7f2bab249aa601e4bb925537e99758f9) Importer(815301076,1909f56bfc062723c751e8b465ee728b)
Start importing Assets/Art/Sci-Fi Pixel/Sci Fi Pixel Art UI Kit/Textures/Arrow_Left_Pressed.png using Guid(7f2bab249aa601e4bb925537e99758f9) Importer(815301076,1909f56bfc062723c751e8b465ee728b)  -> (artifact id: '045badc425fe899559be2ed504adde23') in 0.015633 seconds 
========================================================================
Received Import Request.
  Time since last request: 0.000040 seconds.
  path: Assets/Art/Sci-Fi Pixel/Sci Fi Pixel Art UI Kit/Textures/Arrow_Right_Pressed.png
  artifactKey: Guid(a9ae040375a591f44abd68854e9074ed) Importer(815301076,1909f56bfc062723c751e8b465ee728b)
Start importing Assets/Art/Sci-Fi Pixel/Sci Fi Pixel Art UI Kit/Textures/Arrow_Right_Pressed.png using Guid(a9ae040375a591f44abd68854e9074ed) Importer(815301076,1909f56bfc062723c751e8b465ee728b)  -> (artifact id: '765414538f5cdd621ede6e28c7c45b3c') in 0.015614 seconds 
========================================================================
Received Import Request.
  Time since last request: 9.041140 seconds.
  path: Assets/Art/Barry/334233962_224095546758172_3041030427301770401_n.png
  artifactKey: Guid(50f3bdfa0967cb24b998264dd23c7d0e) Importer(815301076,1909f56bfc062723c751e8b465ee728b)
Start importing Assets/Art/Barry/334233962_224095546758172_3041030427301770401_n.png using Guid(50f3bdfa0967cb24b998264dd23c7d0e) Importer(815301076,1909f56bfc062723c751e8b465ee728b)  -> (artifact id: '5f8de73d2fb9dd3fd6c781ad47606a00') in 0.018275 seconds 
========================================================================
Received Import Request.
  Time since last request: 311.278470 seconds.
  path: Assets/Art/Sci-Fi Pixel/Sci Fi Pixel Art UI Kit/Textures/Rarity2_1star.png
  artifactKey: Guid(cb30c13094bdd944a8811b18f85fc64f) Importer(815301076,1909f56bfc062723c751e8b465ee728b)
Start importing Assets/Art/Sci-Fi Pixel/Sci Fi Pixel Art UI Kit/Textures/Rarity2_1star.png using Guid(cb30c13094bdd944a8811b18f85fc64f) Importer(815301076,1909f56bfc062723c751e8b465ee728b)  -> (artifact id: 'c3a2e208c20e2a754ab7881bece77b10') in 0.023201 seconds 
========================================================================
Received Import Request.
  Time since last request: 0.000025 seconds.
  path: Assets/Art/Sci-Fi Pixel/Sci Fi Pixel Art UI Kit/Textures/RB_Active.png
  artifactKey: Guid(181fec787f0a2364da045738bbe9d548) Importer(815301076,1909f56bfc062723c751e8b465ee728b)
Start importing Assets/Art/Sci-Fi Pixel/Sci Fi Pixel Art UI Kit/Textures/RB_Active.png using Guid(181fec787f0a2364da045738bbe9d548) Importer(815301076,1909f56bfc062723c751e8b465ee728b)  -> (artifact id: 'fea71afdc88f25a649b95789bb1b3f1c') in 0.020094 seconds 
Editor requested this worker to shutdown with reason: Scaling down because of idle timeout
AssetImportWorker is now disconnected from the server
Process exiting
Exiting without the bug reporter. Application will terminate with return code 0