Using pre-set license
Built from '2021.3/staging' branch; Version is '2021.3.14f1 (eee1884e7226) revision 15655304'; Using compiler version '192829333'; Build Type 'Release'
OS: 'Windows 11  (10.0.22621) 64bit CoreSingleLanguage' Language: 'en' Physical Memory: 8001 MB
BatchMode: 1, IsHumanControllingUs: 0, StartBugReporterOnCrash: 0, Is64bit: 1, IsPro: 1

COMMAND LINE ARGUMENTS:
D:\Unity\Unity editor\2021.3.14f1\Editor\Unity.exe
-adb2
-batchMode
-noUpm
-name
AssetImportWorker14
-projectPath
D:/Github repository/cgen/CGEN 2d RPG
-logFile
Logs/AssetImportWorker14.log
-srvPort
50844
Successfully changed project path to: D:/Github repository/cgen/CGEN 2d RPG
D:/Github repository/cgen/CGEN 2d RPG
[UnityMemory] Configuration Parameters - Can be set up in boot.config
    "memorysetup-bucket-allocator-granularity=16"
    "memorysetup-bucket-allocator-bucket-count=8"
    "memorysetup-bucket-allocator-block-size=33554432"
    "memorysetup-bucket-allocator-block-count=8"
    "memorysetup-main-allocator-block-size=16777216"
    "memorysetup-thread-allocator-block-size=16777216"
    "memorysetup-gfx-main-allocator-block-size=16777216"
    "memorysetup-gfx-thread-allocator-block-size=16777216"
    "memorysetup-cache-allocator-block-size=4194304"
    "memorysetup-typetree-allocator-block-size=2097152"
    "memorysetup-profiler-bucket-allocator-granularity=16"
    "memorysetup-profiler-bucket-allocator-bucket-count=8"
    "memorysetup-profiler-bucket-allocator-block-size=33554432"
    "memorysetup-profiler-bucket-allocator-block-count=8"
    "memorysetup-profiler-allocator-block-size=16777216"
    "memorysetup-profiler-editor-allocator-block-size=1048576"
    "memorysetup-temp-allocator-size-main=16777216"
    "memorysetup-job-temp-allocator-block-size=2097152"
    "memorysetup-job-temp-allocator-block-size-background=1048576"
    "memorysetup-job-temp-allocator-reduction-small-platforms=262144"
    "memorysetup-temp-allocator-size-background-worker=32768"
    "memorysetup-temp-allocator-size-job-worker=262144"
    "memorysetup-temp-allocator-size-preload-manager=33554432"
    "memorysetup-temp-allocator-size-nav-mesh-worker=65536"
    "memorysetup-temp-allocator-size-audio-worker=65536"
    "memorysetup-temp-allocator-size-cloud-worker=32768"
    "memorysetup-temp-allocator-size-gi-baking-worker=262144"
    "memorysetup-temp-allocator-size-gfx=262144"
Refreshing native plugins compatible for Editor in 183.89 ms, found 3 plugins.
Preloading 0 native plugins for Editor in 0.00 ms.
Initialize engine version: 2021.3.14f1 (eee1884e7226)
[Subsystems] Discovering subsystems at path D:/Unity/Unity editor/2021.3.14f1/Editor/Data/Resources/UnitySubsystems
[Subsystems] Discovering subsystems at path D:/Github repository/cgen/CGEN 2d RPG/Assets
GfxDevice: creating device client; threaded=0; jobified=0
Direct3D:
    Version:  Direct3D 11.0 [level 11.1]
    Renderer: NVIDIA GeForce GTX 1650 (ID=0x1f91)
    Vendor:   NVIDIA
    VRAM:     3949 MB
    Driver:   31.0.15.3141
Initialize mono
Mono path[0] = 'D:/Unity/Unity editor/2021.3.14f1/Editor/Data/Managed'
Mono path[1] = 'D:/Unity/Unity editor/2021.3.14f1/Editor/Data/MonoBleedingEdge/lib/mono/unityjit-win32'
Mono config path = 'D:/Unity/Unity editor/2021.3.14f1/Editor/Data/MonoBleedingEdge/etc'
Using monoOptions --debugger-agent=transport=dt_socket,embedding=1,server=y,suspend=n,address=127.0.0.1:56932
Begin MonoManager ReloadAssembly
Registering precompiled unity dll's ...
Register platform support module: D:/Unity/Unity editor/2021.3.14f1/Editor/Data/PlaybackEngines/AndroidPlayer/UnityEditor.Android.Extensions.dll
Register platform support module: D:/Unity/Unity editor/2021.3.14f1/Editor/Data/PlaybackEngines/WindowsStandaloneSupport/UnityEditor.WindowsStandalone.Extensions.dll
Registered in 0.009263 seconds.
Native extension for WindowsStandalone target not found
Native extension for Android target not found
Refreshing native plugins compatible for Editor in 129.20 ms, found 3 plugins.
Preloading 0 native plugins for Editor in 0.00 ms.
Mono: successfully reloaded assembly
- Completed reload, in  1.103 seconds
Domain Reload Profiling:
	ReloadAssembly (1104ms)
		BeginReloadAssembly (184ms)
			ExecutionOrderSort (0ms)
			DisableScriptedObjects (0ms)
			BackupInstance (0ms)
			ReleaseScriptingObjects (0ms)
			CreateAndSetChildDomain (1ms)
		EndReloadAssembly (693ms)
			LoadAssemblies (185ms)
			RebuildTransferFunctionScriptingTraits (0ms)
			SetupTypeCache (170ms)
			ReleaseScriptCaches (0ms)
			RebuildScriptCaches (38ms)
			SetupLoadedEditorAssemblies (420ms)
				LogAssemblyErrors (0ms)
				InitializePlatformSupportModulesInManaged (86ms)
				SetLoadedEditorAssemblies (1ms)
				RefreshPlugins (129ms)
				BeforeProcessingInitializeOnLoad (2ms)
				ProcessInitializeOnLoadAttributes (132ms)
				ProcessInitializeOnLoadMethodAttributes (69ms)
				AfterProcessingInitializeOnLoad (0ms)
				EditorAssembliesLoaded (0ms)
			ExecutionOrderSort2 (0ms)
			AwakeInstancesAfterBackupRestoration (0ms)
Platform modules already initialized, skipping
Registering precompiled user dll's ...
Registered in 0.012766 seconds.
Android Extension - Scanning For ADB Devices 5103 ms
Begin MonoManager ReloadAssembly
Native extension for WindowsStandalone target not found
Native extension for Android target not found
Refreshing native plugins compatible for Editor in 0.93 ms, found 3 plugins.
Preloading 0 native plugins for Editor in 0.00 ms.
Mono: successfully reloaded assembly
- Completed reload, in  4.414 seconds
Domain Reload Profiling:
	ReloadAssembly (4416ms)
		BeginReloadAssembly (171ms)
			ExecutionOrderSort (0ms)
			DisableScriptedObjects (7ms)
			BackupInstance (0ms)
			ReleaseScriptingObjects (0ms)
			CreateAndSetChildDomain (25ms)
		EndReloadAssembly (4077ms)
			LoadAssemblies (1353ms)
			RebuildTransferFunctionScriptingTraits (0ms)
			SetupTypeCache (279ms)
			ReleaseScriptCaches (1ms)
			RebuildScriptCaches (69ms)
			SetupLoadedEditorAssemblies (2370ms)
				LogAssemblyErrors (0ms)
				InitializePlatformSupportModulesInManaged (16ms)
				SetLoadedEditorAssemblies (1ms)
				RefreshPlugins (1ms)
				BeforeProcessingInitializeOnLoad (87ms)
				ProcessInitializeOnLoadAttributes (2136ms)
				ProcessInitializeOnLoadMethodAttributes (125ms)
				AfterProcessingInitializeOnLoad (3ms)
				EditorAssembliesLoaded (0ms)
			ExecutionOrderSort2 (0ms)
			AwakeInstancesAfterBackupRestoration (6ms)
Platform modules already initialized, skipping
========================================================================
Worker process is ready to serve import requests
Launched and connected shader compiler UnityShaderCompiler.exe after 0.18 seconds
Refreshing native plugins compatible for Editor in 1.40 ms, found 3 plugins.
Preloading 0 native plugins for Editor in 0.00 ms.
Unloading 3444 Unused Serialized files (Serialized files now loaded: 0)
Unloading 28 unused Assets / (57.4 KB). Loaded Objects now: 3912.
Memory consumption went from 121.6 MB to 121.5 MB.
Total: 4.261400 ms (FindLiveObjects: 0.407100 ms CreateObjectMapping: 0.105300 ms MarkObjects: 3.629300 ms  DeleteObjects: 0.117900 ms)

AssetImportParameters requested are different than current active one (requested -> active):
  custom:video-decoder-ogg-theora: a1e56fd34408186e4bbccfd4996cb3dc -> 
  custom:container-muxer-webm: aa71ff27fc2769a1b78a27578f13a17b -> 
  custom:container-demuxer-webm: 4f35f7cbe854078d1ac9338744f61a02 -> 
  custom:video-encoder-webm-vp8: eb34c28f22e8b96e1ab97ce403110664 -> 
  custom:video-codec-MediaFoundation-h265: 746d11721c4dcdbdad8f713fa42b33f4 -> 
  custom:audio-encoder-webm-vorbis: bf7c407c2cedff20999df2af8eb42d56 -> 
  custom:framework-win-MediaFoundation: 216162199b28c13a410421893ffa2e32 -> 
  custom:container-demuxer-ogg: 62fdf1f143b41e24485cea50d1cbac27 -> 
  custom:video-decoder-webm-vp8: 9c59270c3fd7afecdb556c50c9e8de78 -> 
  custom:audio-decoder-ogg-vorbis: bf7c407c2cedff20999df2af8eb42d56 -> 
========================================================================
Received Import Request.
  Time since last request: 1498873.934926 seconds.
  path: Assets/Textures/yu.png
  artifactKey: Guid(540c884f183dd3943950ea93e2d298cd) Importer(815301076,1909f56bfc062723c751e8b465ee728b)
Start importing Assets/Textures/yu.png using Guid(540c884f183dd3943950ea93e2d298cd) Importer(815301076,1909f56bfc062723c751e8b465ee728b)  -> (artifact id: '901bc5c6dc3ca2e86baab5372d30e8fb') in 0.402025 seconds 
========================================================================
Received Import Request.
  Time since last request: 7.723695 seconds.
  path: Packages/com.unity.collab-proxy/Editor/PlasticSCM/Assets/Images/d_iconclosebutton@2x.png
  artifactKey: Guid(0525793900d728a42936791a8a6de63b) Importer(815301076,1909f56bfc062723c751e8b465ee728b)
Start importing Packages/com.unity.collab-proxy/Editor/PlasticSCM/Assets/Images/d_iconclosebutton@2x.png using Guid(0525793900d728a42936791a8a6de63b) Importer(815301076,1909f56bfc062723c751e8b465ee728b)  -> (artifact id: '71841af07b7a7a6ec1712c7d6262c24d') in 0.198674 seconds 
========================================================================
Received Import Request.
  Time since last request: 0.000054 seconds.
  path: Packages/com.unity.collab-proxy/Editor/PlasticSCM/Assets/Images/iconpressedclosebutton.png
  artifactKey: Guid(94fe868620119564f9474f40cd6145aa) Importer(815301076,1909f56bfc062723c751e8b465ee728b)
Start importing Packages/com.unity.collab-proxy/Editor/PlasticSCM/Assets/Images/iconpressedclosebutton.png using Guid(94fe868620119564f9474f40cd6145aa) Importer(815301076,1909f56bfc062723c751e8b465ee728b)  -> (artifact id: '7183b493eeb5cf75f8d4d31cb507ef54') in 0.122413 seconds 
========================================================================
Received Import Request.
  Time since last request: 0.000041 seconds.
  path: Packages/com.unity.collab-proxy/Editor/PlasticSCM/Assets/Images/secondarytabclosehover.png
  artifactKey: Guid(8fac55fff4ce5fa40a7b2efefc0e617a) Importer(815301076,1909f56bfc062723c751e8b465ee728b)
Start importing Packages/com.unity.collab-proxy/Editor/PlasticSCM/Assets/Images/secondarytabclosehover.png using Guid(8fac55fff4ce5fa40a7b2efefc0e617a) Importer(815301076,1909f56bfc062723c751e8b465ee728b)  -> (artifact id: 'eed53daead3f872f863e5b24ba1979e8') in 0.071807 seconds 
========================================================================
Received Import Request.
  Time since last request: 11.625290 seconds.
  path: Assets/RPG&Fantasy Mobile GUI/buttons/button_03.png
  artifactKey: Guid(a83bb97ca266125a198ffc8deb53a092) Importer(815301076,1909f56bfc062723c751e8b465ee728b)
Start importing Assets/RPG&Fantasy Mobile GUI/buttons/button_03.png using Guid(a83bb97ca266125a198ffc8deb53a092) Importer(815301076,1909f56bfc062723c751e8b465ee728b)  -> (artifact id: '3ebfa5bd2fb1a94c30cefbee78869630') in 0.046046 seconds 
========================================================================
Received Import Request.
  Time since last request: 0.000027 seconds.
  path: Assets/RPG&Fantasy Mobile GUI/buttons/button_18.png
  artifactKey: Guid(ca4ce4eedf1c62ab3b17c73ec876eda5) Importer(815301076,1909f56bfc062723c751e8b465ee728b)
Start importing Assets/RPG&Fantasy Mobile GUI/buttons/button_18.png using Guid(ca4ce4eedf1c62ab3b17c73ec876eda5) Importer(815301076,1909f56bfc062723c751e8b465ee728b)  -> (artifact id: '630f99fc81ba82eec78ca87801f01695') in 0.027301 seconds 
========================================================================
Received Import Request.
  Time since last request: 0.000026 seconds.
  path: Assets/RPG&Fantasy Mobile GUI/buttons/button_21.png
  artifactKey: Guid(4e46e2cbeeb943273b52acb63ab999ca) Importer(815301076,1909f56bfc062723c751e8b465ee728b)
Start importing Assets/RPG&Fantasy Mobile GUI/buttons/button_21.png using Guid(4e46e2cbeeb943273b52acb63ab999ca) Importer(815301076,1909f56bfc062723c751e8b465ee728b)  -> (artifact id: 'b336c5108a290eea3902bba08187b86a') in 0.031495 seconds 
========================================================================
Received Import Request.
  Time since last request: 0.000036 seconds.
  path: Assets/RPG&Fantasy Mobile GUI/buttons/button_27.png
  artifactKey: Guid(c15c7ceb0e1aa97a8be0a6158050e317) Importer(815301076,1909f56bfc062723c751e8b465ee728b)
Start importing Assets/RPG&Fantasy Mobile GUI/buttons/button_27.png using Guid(c15c7ceb0e1aa97a8be0a6158050e317) Importer(815301076,1909f56bfc062723c751e8b465ee728b)  -> (artifact id: '040419b7df1491f90fed3f4acbbccf0c') in 0.036834 seconds 
========================================================================
Received Import Request.
  Time since last request: 0.000044 seconds.
  path: Assets/RPG&Fantasy Mobile GUI/buttons/button_17.png
  artifactKey: Guid(cbb4b25bcb4c91a9ea4d0af518917d10) Importer(815301076,1909f56bfc062723c751e8b465ee728b)
Start importing Assets/RPG&Fantasy Mobile GUI/buttons/button_17.png using Guid(cbb4b25bcb4c91a9ea4d0af518917d10) Importer(815301076,1909f56bfc062723c751e8b465ee728b)  -> (artifact id: 'ef0fded6485cdcadb425d4fa64e1216a') in 0.039289 seconds 
========================================================================
Received Import Request.
  Time since last request: 0.000044 seconds.
  path: Assets/RPG&Fantasy Mobile GUI/buttons/button_23.png
  artifactKey: Guid(ba8454272246bf1d2a8bd22a1e69f279) Importer(815301076,1909f56bfc062723c751e8b465ee728b)
Start importing Assets/RPG&Fantasy Mobile GUI/buttons/button_23.png using Guid(ba8454272246bf1d2a8bd22a1e69f279) Importer(815301076,1909f56bfc062723c751e8b465ee728b)  -> (artifact id: '91deb8bbe30ee85548c8c5d0e4951f76') in 0.042403 seconds 
========================================================================
Received Import Request.
  Time since last request: 0.000046 seconds.
  path: Assets/RPG&Fantasy Mobile GUI/buttons/button_11.png
  artifactKey: Guid(0ae9668be981df70bb2f5c7b4cc46b18) Importer(815301076,1909f56bfc062723c751e8b465ee728b)
Start importing Assets/RPG&Fantasy Mobile GUI/buttons/button_11.png using Guid(0ae9668be981df70bb2f5c7b4cc46b18) Importer(815301076,1909f56bfc062723c751e8b465ee728b)  -> (artifact id: 'abc751b7583d5e088af09a2eca4e02d3') in 0.042690 seconds 
========================================================================
Received Import Request.
  Time since last request: 0.000031 seconds.
  path: Assets/RPG&Fantasy Mobile GUI/buttons/button_28.png
  artifactKey: Guid(611c151fd7be6b38dbc2ea285af69330) Importer(815301076,1909f56bfc062723c751e8b465ee728b)
Start importing Assets/RPG&Fantasy Mobile GUI/buttons/button_28.png using Guid(611c151fd7be6b38dbc2ea285af69330) Importer(815301076,1909f56bfc062723c751e8b465ee728b)  -> (artifact id: '81ccb27e63edf69e9e67dc82b5ae0e56') in 0.049764 seconds 
========================================================================
Received Import Request.
  Time since last request: 0.000043 seconds.
  path: Assets/RPG&Fantasy Mobile GUI/buttons/button_09.png
  artifactKey: Guid(261f5205945a1e827896b2dea5be771a) Importer(815301076,1909f56bfc062723c751e8b465ee728b)
Start importing Assets/RPG&Fantasy Mobile GUI/buttons/button_09.png using Guid(261f5205945a1e827896b2dea5be771a) Importer(815301076,1909f56bfc062723c751e8b465ee728b)  -> (artifact id: 'aa692665bcba1655ab5fd321d6595700') in 0.041408 seconds 
========================================================================
Received Import Request.
  Time since last request: 0.000050 seconds.
  path: Assets/RPG&Fantasy Mobile GUI/buttons/button_16.png
  artifactKey: Guid(ff5cb07012c8c7bceaf030dd4ff465ce) Importer(815301076,1909f56bfc062723c751e8b465ee728b)
Start importing Assets/RPG&Fantasy Mobile GUI/buttons/button_16.png using Guid(ff5cb07012c8c7bceaf030dd4ff465ce) Importer(815301076,1909f56bfc062723c751e8b465ee728b)  -> (artifact id: '41e74f08f5a084cd2f48395d8f1a4783') in 0.287204 seconds 
========================================================================
Received Import Request.
  Time since last request: 0.000431 seconds.
  path: Assets/RPG&Fantasy Mobile GUI/buttons/button_24.png
  artifactKey: Guid(fb4977fc70327a5c9bf748a061877f1e) Importer(815301076,1909f56bfc062723c751e8b465ee728b)
Start importing Assets/RPG&Fantasy Mobile GUI/buttons/button_24.png using Guid(fb4977fc70327a5c9bf748a061877f1e) Importer(815301076,1909f56bfc062723c751e8b465ee728b)  -> (artifact id: 'b4b9b8e952f7637c53f48460fc6ec2e6') in 0.037224 seconds 
========================================================================
Received Import Request.
  Time since last request: 24.763297 seconds.
  path: Assets/RPG&Fantasy Mobile GUI/buttons/button_32.png
  artifactKey: Guid(a15c7568193b02880bd90afb66ab07bc) Importer(815301076,1909f56bfc062723c751e8b465ee728b)
Start importing Assets/RPG&Fantasy Mobile GUI/buttons/button_32.png using Guid(a15c7568193b02880bd90afb66ab07bc) Importer(815301076,1909f56bfc062723c751e8b465ee728b)  -> (artifact id: '571c586c67463507816bbb1461652bca') in 0.035147 seconds 
========================================================================
Received Import Request.
  Time since last request: 0.000037 seconds.
  path: Assets/RPG&Fantasy Mobile GUI/buttons/button_pressed_01.png
  artifactKey: Guid(93a11f15b343cace6a8a24ba6585bc81) Importer(815301076,1909f56bfc062723c751e8b465ee728b)
Start importing Assets/RPG&Fantasy Mobile GUI/buttons/button_pressed_01.png using Guid(93a11f15b343cace6a8a24ba6585bc81) Importer(815301076,1909f56bfc062723c751e8b465ee728b)  -> (artifact id: 'fddaccba6f23c0f1538e319cbc294914') in 0.031490 seconds 
========================================================================
Received Import Request.
  Time since last request: 0.421397 seconds.
  path: Assets/RPG&Fantasy Mobile GUI/buttons/button_pressed_04.png
  artifactKey: Guid(c4ef63d8a9529cf8d9f54a1b70df183e) Importer(815301076,1909f56bfc062723c751e8b465ee728b)
Start importing Assets/RPG&Fantasy Mobile GUI/buttons/button_pressed_04.png using Guid(c4ef63d8a9529cf8d9f54a1b70df183e) Importer(815301076,1909f56bfc062723c751e8b465ee728b)  -> (artifact id: 'f6fc0a4d5f6752a4573644fe4ff2610b') in 0.036866 seconds 
========================================================================
Received Import Request.
  Time since last request: 0.000030 seconds.
  path: Assets/RPG&Fantasy Mobile GUI/buttons/button_pressed_06.png
  artifactKey: Guid(00ed6944fe597beb3aa97f89a43c91f7) Importer(815301076,1909f56bfc062723c751e8b465ee728b)
Start importing Assets/RPG&Fantasy Mobile GUI/buttons/button_pressed_06.png using Guid(00ed6944fe597beb3aa97f89a43c91f7) Importer(815301076,1909f56bfc062723c751e8b465ee728b)  -> (artifact id: '145960b6a9a569ee5199ea4d859db6ec') in 0.039272 seconds 
========================================================================
Received Import Request.
  Time since last request: 0.000033 seconds.
  path: Assets/RPG&Fantasy Mobile GUI/buttons/button_pressed_08.png
  artifactKey: Guid(3c14fecfa2ffdcfc992c67dcb0db77ae) Importer(815301076,1909f56bfc062723c751e8b465ee728b)
Start importing Assets/RPG&Fantasy Mobile GUI/buttons/button_pressed_08.png using Guid(3c14fecfa2ffdcfc992c67dcb0db77ae) Importer(815301076,1909f56bfc062723c751e8b465ee728b)  -> (artifact id: '7fca96a38528a918d11938a7a3908ebd') in 0.033275 seconds 
========================================================================
Received Import Request.
  Time since last request: 10.915259 seconds.
  path: Assets/Buttons/PNG/17bttn-little.png
  artifactKey: Guid(458a99bacc6c65340806334f4d449fc7) Importer(815301076,1909f56bfc062723c751e8b465ee728b)
Start importing Assets/Buttons/PNG/17bttn-little.png using Guid(458a99bacc6c65340806334f4d449fc7) Importer(815301076,1909f56bfc062723c751e8b465ee728b)  -> (artifact id: '3c5ef41b4d69d0d72419a8b73bf426df') in 0.045788 seconds 
========================================================================
Received Import Request.
  Time since last request: 0.000041 seconds.
  path: Assets/Buttons/PNG/30button_red.png
  artifactKey: Guid(8fc9feebf624bba43a9df1301ccf1d8e) Importer(815301076,1909f56bfc062723c751e8b465ee728b)
Start importing Assets/Buttons/PNG/30button_red.png using Guid(8fc9feebf624bba43a9df1301ccf1d8e) Importer(815301076,1909f56bfc062723c751e8b465ee728b)  -> (artifact id: 'f0c43744998efcd746c17e641b57f5ee') in 0.041009 seconds 
========================================================================
Received Import Request.
  Time since last request: 0.000128 seconds.
  path: Assets/Buttons/PNG/26Button_Long_Blue.png
  artifactKey: Guid(b9f146537c9d53e449ad8f389525ffe8) Importer(815301076,1909f56bfc062723c751e8b465ee728b)
Start importing Assets/Buttons/PNG/26Button_Long_Blue.png using Guid(b9f146537c9d53e449ad8f389525ffe8) Importer(815301076,1909f56bfc062723c751e8b465ee728b)  -> (artifact id: 'af1ab3553f911744f3a3217f26fc6a7a') in 0.039684 seconds 
========================================================================
Received Import Request.
  Time since last request: 0.000029 seconds.
  path: Assets/Buttons/PNG/21bttn-midl.png
  artifactKey: Guid(7786f021e2e01224596039df378dc25d) Importer(815301076,1909f56bfc062723c751e8b465ee728b)
Start importing Assets/Buttons/PNG/21bttn-midl.png using Guid(7786f021e2e01224596039df378dc25d) Importer(815301076,1909f56bfc062723c751e8b465ee728b)  -> (artifact id: '1671e5acaac1f3358eb68863b6a27692') in 0.051068 seconds 
========================================================================
Received Import Request.
  Time since last request: 0.000044 seconds.
  path: Assets/Buttons/PNG/25Button_Long_Green.png
  artifactKey: Guid(75b6e4700f21ab04198e8b1f956968a0) Importer(815301076,1909f56bfc062723c751e8b465ee728b)
Start importing Assets/Buttons/PNG/25Button_Long_Green.png using Guid(75b6e4700f21ab04198e8b1f956968a0) Importer(815301076,1909f56bfc062723c751e8b465ee728b)  -> (artifact id: '56dc9a47ceaccf4b1db3748a34bf6830') in 0.041917 seconds 
========================================================================
Received Import Request.
  Time since last request: 0.637063 seconds.
  path: Assets/Buttons/PNG/10Button_Midl_Yellow.png
  artifactKey: Guid(d7b4d635d5ebc2a4c967aed03f5c932c) Importer(815301076,1909f56bfc062723c751e8b465ee728b)
Start importing Assets/Buttons/PNG/10Button_Midl_Yellow.png using Guid(d7b4d635d5ebc2a4c967aed03f5c932c) Importer(815301076,1909f56bfc062723c751e8b465ee728b)  -> (artifact id: 'cfc89a9d30813d756eb2062ca7762bb3') in 0.044878 seconds 
========================================================================
Received Import Request.
  Time since last request: 0.000041 seconds.
  path: Assets/Buttons/PNG/12Button_Long_Blue.png
  artifactKey: Guid(4e75355f0aa718a498d932c89b2b994c) Importer(815301076,1909f56bfc062723c751e8b465ee728b)
Start importing Assets/Buttons/PNG/12Button_Long_Blue.png using Guid(4e75355f0aa718a498d932c89b2b994c) Importer(815301076,1909f56bfc062723c751e8b465ee728b)  -> (artifact id: 'e31c907d803b58d071824871001e2cc8') in 0.051632 seconds 
========================================================================
Received Import Request.
  Time since last request: 0.335883 seconds.
  path: Assets/Buttons/PNG/3button_green_middle.png
  artifactKey: Guid(a73ec2992ca135e48987416ecdcdc2c3) Importer(815301076,1909f56bfc062723c751e8b465ee728b)
Start importing Assets/Buttons/PNG/3button_green_middle.png using Guid(a73ec2992ca135e48987416ecdcdc2c3) Importer(815301076,1909f56bfc062723c751e8b465ee728b)  -> (artifact id: 'b7bdea3d079527fdf4f131453719335c') in 0.330014 seconds 
========================================================================
Received Import Request.
  Time since last request: 0.000044 seconds.
  path: Assets/Buttons/PNG/4button_green_middle.png
  artifactKey: Guid(fafb57e9cc0c62245a6bd4d42a895309) Importer(815301076,1909f56bfc062723c751e8b465ee728b)
Start importing Assets/Buttons/PNG/4button_green_middle.png using Guid(fafb57e9cc0c62245a6bd4d42a895309) Importer(815301076,1909f56bfc062723c751e8b465ee728b)  -> (artifact id: '692501752b0a25832a295cf9c1d1c478') in 0.043557 seconds 
========================================================================
Received Import Request.
  Time since last request: 0.000057 seconds.
  path: Assets/Buttons/PNG/7button_green_middle.png
  artifactKey: Guid(b8ede16274078e4479b1a6b2d1e5ea06) Importer(815301076,1909f56bfc062723c751e8b465ee728b)
Start importing Assets/Buttons/PNG/7button_green_middle.png using Guid(b8ede16274078e4479b1a6b2d1e5ea06) Importer(815301076,1909f56bfc062723c751e8b465ee728b)  -> (artifact id: '597f996b150a9ab011fd99ed94549ac4') in 0.065052 seconds 
========================================================================
Received Import Request.
  Time since last request: 101.516039 seconds.
  path: Assets/RPG&Fantasy Mobile GUI/buttons/button_pressed_10.png
  artifactKey: Guid(3bbbd6c08a60774e89c4c4ca6332bc0f) Importer(815301076,1909f56bfc062723c751e8b465ee728b)
Start importing Assets/RPG&Fantasy Mobile GUI/buttons/button_pressed_10.png using Guid(3bbbd6c08a60774e89c4c4ca6332bc0f) Importer(815301076,1909f56bfc062723c751e8b465ee728b)  -> (artifact id: '027cab6ca413a004a6e8cd0fa8962ecd') in 0.040533 seconds 
========================================================================
Received Import Request.
  Time since last request: 0.000038 seconds.
  path: Assets/RPG&Fantasy Mobile GUI/buttons/button_pressed_12.png
  artifactKey: Guid(5a862bee92a9d960983624512046b957) Importer(815301076,1909f56bfc062723c751e8b465ee728b)
Start importing Assets/RPG&Fantasy Mobile GUI/buttons/button_pressed_12.png using Guid(5a862bee92a9d960983624512046b957) Importer(815301076,1909f56bfc062723c751e8b465ee728b)  -> (artifact id: '196908346bfd3e1bb31329db373239ed') in 0.039207 seconds 
========================================================================
Received Import Request.
  Time since last request: 0.000048 seconds.
  path: Assets/RPG&Fantasy Mobile GUI/buttons/button_pressed_11.png
  artifactKey: Guid(fbeaa119278b40dc68502e30f14499aa) Importer(815301076,1909f56bfc062723c751e8b465ee728b)
Start importing Assets/RPG&Fantasy Mobile GUI/buttons/button_pressed_11.png using Guid(fbeaa119278b40dc68502e30f14499aa) Importer(815301076,1909f56bfc062723c751e8b465ee728b)  -> (artifact id: '80769e4508cc7a55dad350b55043159d') in 0.048273 seconds 
========================================================================
Received Import Request.
  Time since last request: 0.000070 seconds.
  path: Assets/RPG&Fantasy Mobile GUI/buttons/button_pressed_13.png
  artifactKey: Guid(45dd1180da247b2e99f2be4e23cfefa4) Importer(815301076,1909f56bfc062723c751e8b465ee728b)
Start importing Assets/RPG&Fantasy Mobile GUI/buttons/button_pressed_13.png using Guid(45dd1180da247b2e99f2be4e23cfefa4) Importer(815301076,1909f56bfc062723c751e8b465ee728b)  -> (artifact id: '6dcdde0e7ef1a6bbee1a788cfb7ea6e0') in 0.039248 seconds 
========================================================================
Received Import Request.
  Time since last request: 0.340191 seconds.
  path: Assets/RPG&Fantasy Mobile GUI/buttons/button_pressed_17.png
  artifactKey: Guid(89c8b959dc85ff764b43f67d858120e6) Importer(815301076,1909f56bfc062723c751e8b465ee728b)
Start importing Assets/RPG&Fantasy Mobile GUI/buttons/button_pressed_17.png using Guid(89c8b959dc85ff764b43f67d858120e6) Importer(815301076,1909f56bfc062723c751e8b465ee728b)  -> (artifact id: '243baacc5c124db63f4a10ccde32ef70') in 0.036466 seconds 
========================================================================
Received Import Request.
  Time since last request: 0.000027 seconds.
  path: Assets/RPG&Fantasy Mobile GUI/buttons/button_pressed_20.png
  artifactKey: Guid(98853a4e57b8d98c3a67ed3c8071e316) Importer(815301076,1909f56bfc062723c751e8b465ee728b)
Start importing Assets/RPG&Fantasy Mobile GUI/buttons/button_pressed_20.png using Guid(98853a4e57b8d98c3a67ed3c8071e316) Importer(815301076,1909f56bfc062723c751e8b465ee728b)  -> (artifact id: '5cc700d04e3a29d6da3e1d2a528128d4') in 0.037613 seconds 
========================================================================
Received Import Request.
  Time since last request: 0.000054 seconds.
  path: Assets/RPG&Fantasy Mobile GUI/buttons/button_pressed_24.png
  artifactKey: Guid(2b2c21e751ed357769257c413cced59c) Importer(815301076,1909f56bfc062723c751e8b465ee728b)
Start importing Assets/RPG&Fantasy Mobile GUI/buttons/button_pressed_24.png using Guid(2b2c21e751ed357769257c413cced59c) Importer(815301076,1909f56bfc062723c751e8b465ee728b)  -> (artifact id: 'ebb58105912fee303c4593dcef2ba2fa') in 0.038620 seconds 
========================================================================
Received Import Request.
  Time since last request: 0.000034 seconds.
  path: Assets/RPG&Fantasy Mobile GUI/buttons/button_pressed_23.png
  artifactKey: Guid(6b16052de3ba1148c959f5f963b4e1f2) Importer(815301076,1909f56bfc062723c751e8b465ee728b)
Start importing Assets/RPG&Fantasy Mobile GUI/buttons/button_pressed_23.png using Guid(6b16052de3ba1148c959f5f963b4e1f2) Importer(815301076,1909f56bfc062723c751e8b465ee728b)  -> (artifact id: '51f59b8de40b4a01eda3262602aea19c') in 0.043110 seconds 
========================================================================
Received Import Request.
  Time since last request: 0.000035 seconds.
  path: Assets/RPG&Fantasy Mobile GUI/buttons/button_pressed_31.png
  artifactKey: Guid(592ef390a299142128dc855f74d363dc) Importer(815301076,1909f56bfc062723c751e8b465ee728b)
Start importing Assets/RPG&Fantasy Mobile GUI/buttons/button_pressed_31.png using Guid(592ef390a299142128dc855f74d363dc) Importer(815301076,1909f56bfc062723c751e8b465ee728b)  -> (artifact id: '6797000d60bd7bebfd0584d5c4d191dd') in 0.030638 seconds 
========================================================================
Received Import Request.
  Time since last request: 0.000048 seconds.
  path: Assets/RPG&Fantasy Mobile GUI/buttons/button_pressed_29.png
  artifactKey: Guid(293027e02e5dda2a4b054a0ef7e07608) Importer(815301076,1909f56bfc062723c751e8b465ee728b)
Start importing Assets/RPG&Fantasy Mobile GUI/buttons/button_pressed_29.png using Guid(293027e02e5dda2a4b054a0ef7e07608) Importer(815301076,1909f56bfc062723c751e8b465ee728b)  -> (artifact id: '38488524c2ab88c4e32850cc6b4d3ac3') in 0.037904 seconds 
========================================================================
Received Import Request.
  Time since last request: 0.000048 seconds.
  path: Assets/RPG&Fantasy Mobile GUI/buttons/button_pressed_18.png
  artifactKey: Guid(c46a4b7274ba01ab5a6e0741bacfeca6) Importer(815301076,1909f56bfc062723c751e8b465ee728b)
Start importing Assets/RPG&Fantasy Mobile GUI/buttons/button_pressed_18.png using Guid(c46a4b7274ba01ab5a6e0741bacfeca6) Importer(815301076,1909f56bfc062723c751e8b465ee728b)  -> (artifact id: '9f9fb17856bc61d37a231117270cc0f3') in 0.039692 seconds 
========================================================================
Received Import Request.
  Time since last request: 0.000078 seconds.
  path: Assets/RPG&Fantasy Mobile GUI/buttons/button_pressed_22.png
  artifactKey: Guid(6e75d6eb50fef692b93ab464df4d6560) Importer(815301076,1909f56bfc062723c751e8b465ee728b)
Start importing Assets/RPG&Fantasy Mobile GUI/buttons/button_pressed_22.png using Guid(6e75d6eb50fef692b93ab464df4d6560) Importer(815301076,1909f56bfc062723c751e8b465ee728b)  -> (artifact id: '9b96d0b53f15830ecb9b6e7ac0b06833') in 0.038456 seconds 
========================================================================
Received Import Request.
  Time since last request: 0.000074 seconds.
  path: Assets/RPG&Fantasy Mobile GUI/buttons/button_pressed_19.png
  artifactKey: Guid(871bac8e5b57fb7d9a4e9644ba36f595) Importer(815301076,1909f56bfc062723c751e8b465ee728b)
Start importing Assets/RPG&Fantasy Mobile GUI/buttons/button_pressed_19.png using Guid(871bac8e5b57fb7d9a4e9644ba36f595) Importer(815301076,1909f56bfc062723c751e8b465ee728b)  -> (artifact id: 'f00a870ccf47a52196ad781883f05997') in 0.035818 seconds 
========================================================================
Received Import Request.
  Time since last request: 0.000033 seconds.
  path: Assets/RPG&Fantasy Mobile GUI/buttons/button_pressed_32.png
  artifactKey: Guid(e354beb30a30d75209ce8761d9738da6) Importer(815301076,1909f56bfc062723c751e8b465ee728b)
Start importing Assets/RPG&Fantasy Mobile GUI/buttons/button_pressed_32.png using Guid(e354beb30a30d75209ce8761d9738da6) Importer(815301076,1909f56bfc062723c751e8b465ee728b)  -> (artifact id: '1dcf6eee942d5942ed236d4d836c9b87') in 0.032292 seconds 
========================================================================
Received Import Request.
  Time since last request: 7.907936 seconds.
  path: Assets/RPG&Fantasy Mobile GUI/panel_elements/item_book.png
  artifactKey: Guid(8fdbda3895f7e10cdb68de13f841ebfd) Importer(815301076,1909f56bfc062723c751e8b465ee728b)
Start importing Assets/RPG&Fantasy Mobile GUI/panel_elements/item_book.png using Guid(8fdbda3895f7e10cdb68de13f841ebfd) Importer(815301076,1909f56bfc062723c751e8b465ee728b)  -> (artifact id: 'c0ab976c7fd13018fcd16ab5eb5a05d4') in 0.050169 seconds 
========================================================================
Received Import Request.
  Time since last request: 0.000031 seconds.
  path: Assets/RPG&Fantasy Mobile GUI/panel_elements/item_potion.png
  artifactKey: Guid(c4b172aa0cfb6cc709000d5dff96bb84) Importer(815301076,1909f56bfc062723c751e8b465ee728b)
Start importing Assets/RPG&Fantasy Mobile GUI/panel_elements/item_potion.png using Guid(c4b172aa0cfb6cc709000d5dff96bb84) Importer(815301076,1909f56bfc062723c751e8b465ee728b)  -> (artifact id: '5305a3ca0b80a70b6e637f4470d548a3') in 0.053670 seconds 
========================================================================
Received Import Request.
  Time since last request: 0.000057 seconds.
  path: Assets/RPG&Fantasy Mobile GUI/panel_elements/box_slider_fill_02.png
  artifactKey: Guid(d06fa5eb5de6dcbb782d9dc3a56766b2) Importer(815301076,1909f56bfc062723c751e8b465ee728b)
Start importing Assets/RPG&Fantasy Mobile GUI/panel_elements/box_slider_fill_02.png using Guid(d06fa5eb5de6dcbb782d9dc3a56766b2) Importer(815301076,1909f56bfc062723c751e8b465ee728b)  -> (artifact id: '3aa9eb10f97c75686deec3223781a192') in 0.040163 seconds 
========================================================================
Received Import Request.
  Time since last request: 0.000034 seconds.
  path: Assets/RPG&Fantasy Mobile GUI/panel_elements/curved_slider_fill_01.png
  artifactKey: Guid(4c6b9580a6067b788a328628a9e5f1b4) Importer(815301076,1909f56bfc062723c751e8b465ee728b)
Start importing Assets/RPG&Fantasy Mobile GUI/panel_elements/curved_slider_fill_01.png using Guid(4c6b9580a6067b788a328628a9e5f1b4) Importer(815301076,1909f56bfc062723c751e8b465ee728b)  -> (artifact id: 'a0c2b670328dd986bca9681fc48904ec') in 0.039076 seconds 
========================================================================
Received Import Request.
  Time since last request: 0.000047 seconds.
  path: Assets/RPG&Fantasy Mobile GUI/panel_elements/curved_slider.png
  artifactKey: Guid(e99166f435b24d233bc3c384827af08c) Importer(815301076,1909f56bfc062723c751e8b465ee728b)
Start importing Assets/RPG&Fantasy Mobile GUI/panel_elements/curved_slider.png using Guid(e99166f435b24d233bc3c384827af08c) Importer(815301076,1909f56bfc062723c751e8b465ee728b)  -> (artifact id: '1178258f33de015a76cf9cd4f116e72b') in 0.047890 seconds 
========================================================================
Received Import Request.
  Time since last request: 339.083867 seconds.
  path: Assets/RPG&Fantasy Mobile GUI/ready_buttons/ready_button_02.png
  artifactKey: Guid(68f9c129f52dd40e69b4ebbe3b76c4a9) Importer(815301076,1909f56bfc062723c751e8b465ee728b)
Start importing Assets/RPG&Fantasy Mobile GUI/ready_buttons/ready_button_02.png using Guid(68f9c129f52dd40e69b4ebbe3b76c4a9) Importer(815301076,1909f56bfc062723c751e8b465ee728b)  -> (artifact id: '42ae85b8a5493b15a40d830671e0239e') in 0.055078 seconds 
========================================================================
Received Import Request.
  Time since last request: 0.000028 seconds.
  path: Assets/RPG&Fantasy Mobile GUI/ready_buttons/ready_button_pressed_11.png
  artifactKey: Guid(1f8e420bfe2416b8894e8f1e42365746) Importer(815301076,1909f56bfc062723c751e8b465ee728b)
Start importing Assets/RPG&Fantasy Mobile GUI/ready_buttons/ready_button_pressed_11.png using Guid(1f8e420bfe2416b8894e8f1e42365746) Importer(815301076,1909f56bfc062723c751e8b465ee728b)  -> (artifact id: 'cf0d8490fee73242cff719ebff81bbff') in 0.029518 seconds 
========================================================================
Received Import Request.
  Time since last request: 0.000039 seconds.
  path: Assets/RPG&Fantasy Mobile GUI/ready_buttons/ready_button_pressed_12.png
  artifactKey: Guid(0bca133668ce070aa89ad82aab5fa267) Importer(815301076,1909f56bfc062723c751e8b465ee728b)
Start importing Assets/RPG&Fantasy Mobile GUI/ready_buttons/ready_button_pressed_12.png using Guid(0bca133668ce070aa89ad82aab5fa267) Importer(815301076,1909f56bfc062723c751e8b465ee728b)  -> (artifact id: '3d289f7c823d02eb745c60bfbcb339d7') in 0.031723 seconds 
========================================================================
Received Import Request.
  Time since last request: 0.000057 seconds.
  path: Assets/RPG&Fantasy Mobile GUI/ready_buttons/ready_button_pressed03.png
  artifactKey: Guid(48929ab23419637adb3091a75d0e5d6b) Importer(815301076,1909f56bfc062723c751e8b465ee728b)
Start importing Assets/RPG&Fantasy Mobile GUI/ready_buttons/ready_button_pressed03.png using Guid(48929ab23419637adb3091a75d0e5d6b) Importer(815301076,1909f56bfc062723c751e8b465ee728b)  -> (artifact id: 'e6a7ff6c3a7658ce337eb0ce3ee1810f') in 0.041622 seconds 
========================================================================
Received Import Request.
  Time since last request: 0.000034 seconds.
  path: Assets/RPG&Fantasy Mobile GUI/ready_buttons/ready_button_08.png
  artifactKey: Guid(b48ff25a843a8847c8472bcd785a65c0) Importer(815301076,1909f56bfc062723c751e8b465ee728b)
Start importing Assets/RPG&Fantasy Mobile GUI/ready_buttons/ready_button_08.png using Guid(b48ff25a843a8847c8472bcd785a65c0) Importer(815301076,1909f56bfc062723c751e8b465ee728b)  -> (artifact id: 'a4dba4a4fc97df116c5e6ea7e8ba2545') in 0.040300 seconds 
========================================================================
Received Import Request.
  Time since last request: 0.000045 seconds.
  path: Assets/RPG&Fantasy Mobile GUI/ready_buttons/ready_button_pressed10.png
  artifactKey: Guid(adb1400066ef1bda7af447b267f4db7c) Importer(815301076,1909f56bfc062723c751e8b465ee728b)
Start importing Assets/RPG&Fantasy Mobile GUI/ready_buttons/ready_button_pressed10.png using Guid(adb1400066ef1bda7af447b267f4db7c) Importer(815301076,1909f56bfc062723c751e8b465ee728b)  -> (artifact id: '959c9cc5aeb65cb1e90cb9abb1655be8') in 0.038435 seconds 
========================================================================
Received Import Request.
  Time since last request: 0.000053 seconds.
  path: Assets/RPG&Fantasy Mobile GUI/ready_buttons/ready_button_pressed05.png
  artifactKey: Guid(704d14828e7ac360c977f4d3786f21b4) Importer(815301076,1909f56bfc062723c751e8b465ee728b)
Start importing Assets/RPG&Fantasy Mobile GUI/ready_buttons/ready_button_pressed05.png using Guid(704d14828e7ac360c977f4d3786f21b4) Importer(815301076,1909f56bfc062723c751e8b465ee728b)  -> (artifact id: 'b6c608f4680168b3c75eb5fa6b31be2e') in 0.040971 seconds 
========================================================================
Received Import Request.
  Time since last request: 0.000037 seconds.
  path: Assets/RPG&Fantasy Mobile GUI/ready_buttons/ready_button_04.png
  artifactKey: Guid(cc6f7cfb238c9e38680645e4631c5de3) Importer(815301076,1909f56bfc062723c751e8b465ee728b)
Start importing Assets/RPG&Fantasy Mobile GUI/ready_buttons/ready_button_04.png using Guid(cc6f7cfb238c9e38680645e4631c5de3) Importer(815301076,1909f56bfc062723c751e8b465ee728b)  -> (artifact id: '2167aa99465c78132a616ec2c1392d91') in 0.039148 seconds 
========================================================================
Received Import Request.
  Time since last request: 0.000036 seconds.
  path: Assets/RPG&Fantasy Mobile GUI/ready_buttons/ready_button_03.png
  artifactKey: Guid(3db3adced33db826180c67b73e14ef28) Importer(815301076,1909f56bfc062723c751e8b465ee728b)
Start importing Assets/RPG&Fantasy Mobile GUI/ready_buttons/ready_button_03.png using Guid(3db3adced33db826180c67b73e14ef28) Importer(815301076,1909f56bfc062723c751e8b465ee728b)  -> (artifact id: 'a1f09a40e18fcde8d840ac29e73abe2b') in 0.034902 seconds 
========================================================================
Received Import Request.
  Time since last request: 0.000048 seconds.
  path: Assets/RPG&Fantasy Mobile GUI/ready_buttons/ready_button_12.png
  artifactKey: Guid(3a201b7702298824aa46c2418c34e848) Importer(815301076,1909f56bfc062723c751e8b465ee728b)
Start importing Assets/RPG&Fantasy Mobile GUI/ready_buttons/ready_button_12.png using Guid(3a201b7702298824aa46c2418c34e848) Importer(815301076,1909f56bfc062723c751e8b465ee728b)  -> (artifact id: 'd39746967215b69c2e1d573e81cd485e') in 0.041448 seconds 
========================================================================
Received Import Request.
  Time since last request: 0.000059 seconds.
  path: Assets/RPG&Fantasy Mobile GUI/ready_buttons/ready_button_pressed06.png
  artifactKey: Guid(e02f5dd6bbb153e86be6088cf2f1af41) Importer(815301076,1909f56bfc062723c751e8b465ee728b)
Start importing Assets/RPG&Fantasy Mobile GUI/ready_buttons/ready_button_pressed06.png using Guid(e02f5dd6bbb153e86be6088cf2f1af41) Importer(815301076,1909f56bfc062723c751e8b465ee728b)  -> (artifact id: 'e628cba98799c0207e7924886a09a2a9') in 0.040112 seconds 
========================================================================
Received Import Request.
  Time since last request: 0.000030 seconds.
  path: Assets/RPG&Fantasy Mobile GUI/ready_buttons/ready_button_pressed04.png
  artifactKey: Guid(28a1254d2c53df7cba0c9457f15538c6) Importer(815301076,1909f56bfc062723c751e8b465ee728b)
Start importing Assets/RPG&Fantasy Mobile GUI/ready_buttons/ready_button_pressed04.png using Guid(28a1254d2c53df7cba0c9457f15538c6) Importer(815301076,1909f56bfc062723c751e8b465ee728b)  -> (artifact id: '71d4d24d883756aacabe45776e10ecf2') in 0.128618 seconds 
========================================================================
Received Import Request.
  Time since last request: 24.375961 seconds.
  path: Assets/RPG&Fantasy Mobile GUI/symbols/symbol_03.png
  artifactKey: Guid(fced4683bdee91a50acbfcceea9d9076) Importer(815301076,1909f56bfc062723c751e8b465ee728b)
Start importing Assets/RPG&Fantasy Mobile GUI/symbols/symbol_03.png using Guid(fced4683bdee91a50acbfcceea9d9076) Importer(815301076,1909f56bfc062723c751e8b465ee728b)  -> (artifact id: 'f6fe6f782f132f58c9752c1ac68b47ef') in 0.036920 seconds 
========================================================================
Received Import Request.
  Time since last request: 0.000026 seconds.
  path: Assets/RPG&Fantasy Mobile GUI/symbols/symbol_05.png
  artifactKey: Guid(52d07f20fe2a6231b9fdd5f654fcc915) Importer(815301076,1909f56bfc062723c751e8b465ee728b)
Start importing Assets/RPG&Fantasy Mobile GUI/symbols/symbol_05.png using Guid(52d07f20fe2a6231b9fdd5f654fcc915) Importer(815301076,1909f56bfc062723c751e8b465ee728b)  -> (artifact id: '2ac65a43a3ff6484cabab35208294c8c') in 0.026300 seconds 
========================================================================
Received Import Request.
  Time since last request: 0.000032 seconds.
  path: Assets/RPG&Fantasy Mobile GUI/symbols/symbol_08.png
  artifactKey: Guid(81f85634f34ca3219b7946047e977425) Importer(815301076,1909f56bfc062723c751e8b465ee728b)
Start importing Assets/RPG&Fantasy Mobile GUI/symbols/symbol_08.png using Guid(81f85634f34ca3219b7946047e977425) Importer(815301076,1909f56bfc062723c751e8b465ee728b)  -> (artifact id: '1d9d454de4f1a08f8a313ca8b1f267c1') in 0.025883 seconds 
========================================================================
Received Import Request.
  Time since last request: 0.000037 seconds.
  path: Assets/RPG&Fantasy Mobile GUI/symbols/symbol_06.png
  artifactKey: Guid(67e78bbe4388fadcd933b8c4eab3adbf) Importer(815301076,1909f56bfc062723c751e8b465ee728b)
Start importing Assets/RPG&Fantasy Mobile GUI/symbols/symbol_06.png using Guid(67e78bbe4388fadcd933b8c4eab3adbf) Importer(815301076,1909f56bfc062723c751e8b465ee728b)  -> (artifact id: 'b48032d962f524539922e80dc6e508d8') in 0.027838 seconds 
========================================================================
Received Import Request.
  Time since last request: 0.000053 seconds.
  path: Assets/RPG&Fantasy Mobile GUI/symbols/symbol_10.png
  artifactKey: Guid(5838c1062368559c2b087e8c2bd030ea) Importer(815301076,1909f56bfc062723c751e8b465ee728b)
Start importing Assets/RPG&Fantasy Mobile GUI/symbols/symbol_10.png using Guid(5838c1062368559c2b087e8c2bd030ea) Importer(815301076,1909f56bfc062723c751e8b465ee728b)  -> (artifact id: '952a35f1372754a0cec4f68158ddb9c3') in 0.029035 seconds 
========================================================================
Received Import Request.
  Time since last request: 3.323886 seconds.
  path: Assets/RPG&Fantasy Mobile GUI/texts/quit.png
  artifactKey: Guid(6b7bf277c23e22969a1e99939c648706) Importer(815301076,1909f56bfc062723c751e8b465ee728b)
Start importing Assets/RPG&Fantasy Mobile GUI/texts/quit.png using Guid(6b7bf277c23e22969a1e99939c648706) Importer(815301076,1909f56bfc062723c751e8b465ee728b)  -> (artifact id: '355ce646f9ba9b594f3ea934b7a765c2') in 0.051581 seconds 
========================================================================
Received Import Request.
  Time since last request: 0.000038 seconds.
  path: Assets/RPG&Fantasy Mobile GUI/texts/text_09.png
  artifactKey: Guid(d9116b851a75a7dcd8eebe73a762d020) Importer(815301076,1909f56bfc062723c751e8b465ee728b)
Start importing Assets/RPG&Fantasy Mobile GUI/texts/text_09.png using Guid(d9116b851a75a7dcd8eebe73a762d020) Importer(815301076,1909f56bfc062723c751e8b465ee728b)  -> (artifact id: '1055f0db7539f63732b8da61b28ca0be') in 0.033493 seconds 
========================================================================
Received Import Request.
  Time since last request: 0.000029 seconds.
  path: Assets/RPG&Fantasy Mobile GUI/texts/text_03.png
  artifactKey: Guid(8444560f2c75eaf1fa35a4af50b81109) Importer(815301076,1909f56bfc062723c751e8b465ee728b)
Start importing Assets/RPG&Fantasy Mobile GUI/texts/text_03.png using Guid(8444560f2c75eaf1fa35a4af50b81109) Importer(815301076,1909f56bfc062723c751e8b465ee728b)  -> (artifact id: 'e76ab1191df3d393e15eaf7122212aec') in 0.063270 seconds 
========================================================================
Received Import Request.
  Time since last request: 0.000053 seconds.
  path: Assets/RPG&Fantasy Mobile GUI/texts/sfx.png
  artifactKey: Guid(5f8c8ff36b63b77ba80fc0f97c707451) Importer(815301076,1909f56bfc062723c751e8b465ee728b)
Start importing Assets/RPG&Fantasy Mobile GUI/texts/sfx.png using Guid(5f8c8ff36b63b77ba80fc0f97c707451) Importer(815301076,1909f56bfc062723c751e8b465ee728b)  -> (artifact id: '3ac67e9fd09ad8c1833a1b9e270f25e3') in 0.046192 seconds 
========================================================================
Received Import Request.
  Time since last request: 0.000055 seconds.
  path: Assets/RPG&Fantasy Mobile GUI/texts/score.png
  artifactKey: Guid(bdac9f03e4289144c9f6123290d69a1c) Importer(815301076,1909f56bfc062723c751e8b465ee728b)
Start importing Assets/RPG&Fantasy Mobile GUI/texts/score.png using Guid(bdac9f03e4289144c9f6123290d69a1c) Importer(815301076,1909f56bfc062723c751e8b465ee728b)  -> (artifact id: '433f2620fabe22d01b825a0c25681189') in 0.042766 seconds 
========================================================================
Received Import Request.
  Time since last request: 15.489343 seconds.
  path: Assets/RPG&Fantasy Mobile GUI/titles/title_03.png
  artifactKey: Guid(3ef69ebd789bcb8b283805c29c7a6b07) Importer(815301076,1909f56bfc062723c751e8b465ee728b)
Start importing Assets/RPG&Fantasy Mobile GUI/titles/title_03.png using Guid(3ef69ebd789bcb8b283805c29c7a6b07) Importer(815301076,1909f56bfc062723c751e8b465ee728b)  -> (artifact id: 'bd4271c00080f1697b95d4bfdf1cea24') in 0.050668 seconds 
========================================================================
Received Import Request.
  Time since last request: 0.000025 seconds.
  path: Assets/RPG&Fantasy Mobile GUI/titles/title_16.png
  artifactKey: Guid(f23439877a13b855d99457b4c0325e19) Importer(815301076,1909f56bfc062723c751e8b465ee728b)
Start importing Assets/RPG&Fantasy Mobile GUI/titles/title_16.png using Guid(f23439877a13b855d99457b4c0325e19) Importer(815301076,1909f56bfc062723c751e8b465ee728b)  -> (artifact id: '3166b0fa90b380bd1943ae28ad91c0ad') in 0.036160 seconds 
========================================================================
Received Import Request.
  Time since last request: 0.000035 seconds.
  path: Assets/RPG&Fantasy Mobile GUI/titles/title_21.png
  artifactKey: Guid(424132c7e91719262924ba6c786fb91b) Importer(815301076,1909f56bfc062723c751e8b465ee728b)
Start importing Assets/RPG&Fantasy Mobile GUI/titles/title_21.png using Guid(424132c7e91719262924ba6c786fb91b) Importer(815301076,1909f56bfc062723c751e8b465ee728b)  -> (artifact id: '98790ce231dcf26f75c35b137486eaf7') in 0.042234 seconds 
========================================================================
Received Import Request.
  Time since last request: 0.000045 seconds.
  path: Assets/RPG&Fantasy Mobile GUI/titles/title_13.png
  artifactKey: Guid(a2639745f31ad3e028306edd7ed885fe) Importer(815301076,1909f56bfc062723c751e8b465ee728b)
Start importing Assets/RPG&Fantasy Mobile GUI/titles/title_13.png using Guid(a2639745f31ad3e028306edd7ed885fe) Importer(815301076,1909f56bfc062723c751e8b465ee728b)  -> (artifact id: 'd90521b6b4291f82f57166f489a7a227') in 0.046941 seconds 
========================================================================
Received Import Request.
  Time since last request: 0.000061 seconds.
  path: Assets/RPG&Fantasy Mobile GUI/titles/title_12.png
  artifactKey: Guid(436fac1191b464861932012500914421) Importer(815301076,1909f56bfc062723c751e8b465ee728b)
Start importing Assets/RPG&Fantasy Mobile GUI/titles/title_12.png using Guid(436fac1191b464861932012500914421) Importer(815301076,1909f56bfc062723c751e8b465ee728b)  -> (artifact id: '2fda84ca6be3bbc4ebf21f737c869901') in 0.047849 seconds 
========================================================================
Received Import Request.
  Time since last request: 0.000071 seconds.
  path: Assets/RPG&Fantasy Mobile GUI/titles/title_18.png
  artifactKey: Guid(4779d8937e1464a72ba2ecc3f3deaffe) Importer(815301076,1909f56bfc062723c751e8b465ee728b)
Start importing Assets/RPG&Fantasy Mobile GUI/titles/title_18.png using Guid(4779d8937e1464a72ba2ecc3f3deaffe) Importer(815301076,1909f56bfc062723c751e8b465ee728b)  -> (artifact id: 'f278a8761f5f6b108646e6913a988680') in 0.060023 seconds 
========================================================================
Received Import Request.
  Time since last request: 0.000046 seconds.
  path: Assets/RPG&Fantasy Mobile GUI/titles/title_10.png
  artifactKey: Guid(65ab9c45e870292efb41ebcabd179ff2) Importer(815301076,1909f56bfc062723c751e8b465ee728b)
Start importing Assets/RPG&Fantasy Mobile GUI/titles/title_10.png using Guid(65ab9c45e870292efb41ebcabd179ff2) Importer(815301076,1909f56bfc062723c751e8b465ee728b)  -> (artifact id: '64733578a63592f110f4281fa74c087e') in 0.065262 seconds 
Editor requested this worker to shutdown with reason: Scaling down because of idle timeout
AssetImportWorker is now disconnected from the server
Process exiting
Exiting without the bug reporter. Application will terminate with return code 0