Using pre-set license
Built from '2021.3/staging' branch; Version is '2021.3.14f1 (eee1884e7226) revision 15655304'; Using compiler version '192829333'; Build Type 'Release'
OS: 'Windows 11  (10.0.22621) 64bit CoreSingleLanguage' Language: 'en' Physical Memory: 8001 MB
BatchMode: 1, IsHumanControllingUs: 0, StartBugReporterOnCrash: 0, Is64bit: 1, IsPro: 1

COMMAND LINE ARGUMENTS:
D:\Unity\Unity editor\2021.3.14f1\Editor\Unity.exe
-adb2
-batchMode
-noUpm
-name
AssetImportWorker9
-projectPath
D:/Github repository/cgen/CGEN 2d RPG
-logFile
Logs/AssetImportWorker9.log
-srvPort
52830
Successfully changed project path to: D:/Github repository/cgen/CGEN 2d RPG
D:/Github repository/cgen/CGEN 2d RPG
[UnityMemory] Configuration Parameters - Can be set up in boot.config
    "memorysetup-bucket-allocator-granularity=16"
    "memorysetup-bucket-allocator-bucket-count=8"
    "memorysetup-bucket-allocator-block-size=33554432"
    "memorysetup-bucket-allocator-block-count=8"
    "memorysetup-main-allocator-block-size=16777216"
    "memorysetup-thread-allocator-block-size=16777216"
    "memorysetup-gfx-main-allocator-block-size=16777216"
    "memorysetup-gfx-thread-allocator-block-size=16777216"
    "memorysetup-cache-allocator-block-size=4194304"
    "memorysetup-typetree-allocator-block-size=2097152"
    "memorysetup-profiler-bucket-allocator-granularity=16"
    "memorysetup-profiler-bucket-allocator-bucket-count=8"
    "memorysetup-profiler-bucket-allocator-block-size=33554432"
    "memorysetup-profiler-bucket-allocator-block-count=8"
    "memorysetup-profiler-allocator-block-size=16777216"
    "memorysetup-profiler-editor-allocator-block-size=1048576"
    "memorysetup-temp-allocator-size-main=16777216"
    "memorysetup-job-temp-allocator-block-size=2097152"
    "memorysetup-job-temp-allocator-block-size-background=1048576"
    "memorysetup-job-temp-allocator-reduction-small-platforms=262144"
    "memorysetup-temp-allocator-size-background-worker=32768"
    "memorysetup-temp-allocator-size-job-worker=262144"
    "memorysetup-temp-allocator-size-preload-manager=33554432"
    "memorysetup-temp-allocator-size-nav-mesh-worker=65536"
    "memorysetup-temp-allocator-size-audio-worker=65536"
    "memorysetup-temp-allocator-size-cloud-worker=32768"
    "memorysetup-temp-allocator-size-gi-baking-worker=262144"
    "memorysetup-temp-allocator-size-gfx=262144"
Refreshing native plugins compatible for Editor in 380.62 ms, found 3 plugins.
Preloading 0 native plugins for Editor in 0.00 ms.
Initialize engine version: 2021.3.14f1 (eee1884e7226)
[Subsystems] Discovering subsystems at path D:/Unity/Unity editor/2021.3.14f1/Editor/Data/Resources/UnitySubsystems
[Subsystems] Discovering subsystems at path D:/Github repository/cgen/CGEN 2d RPG/Assets
GfxDevice: creating device client; threaded=0; jobified=0
Direct3D:
    Version:  Direct3D 11.0 [level 11.1]
    Renderer: NVIDIA GeForce GTX 1650 (ID=0x1f91)
    Vendor:   NVIDIA
    VRAM:     3949 MB
    Driver:   31.0.15.3179
Initialize mono
Mono path[0] = 'D:/Unity/Unity editor/2021.3.14f1/Editor/Data/Managed'
Mono path[1] = 'D:/Unity/Unity editor/2021.3.14f1/Editor/Data/MonoBleedingEdge/lib/mono/unityjit-win32'
Mono config path = 'D:/Unity/Unity editor/2021.3.14f1/Editor/Data/MonoBleedingEdge/etc'
Using monoOptions --debugger-agent=transport=dt_socket,embedding=1,server=y,suspend=n,address=127.0.0.1:56936
Begin MonoManager ReloadAssembly
Registering precompiled unity dll's ...
Register platform support module: D:/Unity/Unity editor/2021.3.14f1/Editor/Data/PlaybackEngines/AndroidPlayer/UnityEditor.Android.Extensions.dll
Register platform support module: D:/Unity/Unity editor/2021.3.14f1/Editor/Data/PlaybackEngines/WindowsStandaloneSupport/UnityEditor.WindowsStandalone.Extensions.dll
Registered in 0.005630 seconds.
Native extension for WindowsStandalone target not found
Native extension for Android target not found
Refreshing native plugins compatible for Editor in 299.56 ms, found 3 plugins.
Preloading 0 native plugins for Editor in 0.00 ms.
Mono: successfully reloaded assembly
- Completed reload, in  1.649 seconds
Domain Reload Profiling:
	ReloadAssembly (1651ms)
		BeginReloadAssembly (229ms)
			ExecutionOrderSort (0ms)
			DisableScriptedObjects (0ms)
			BackupInstance (0ms)
			ReleaseScriptingObjects (0ms)
			CreateAndSetChildDomain (1ms)
		EndReloadAssembly (1224ms)
			LoadAssemblies (230ms)
			RebuildTransferFunctionScriptingTraits (0ms)
			SetupTypeCache (240ms)
			ReleaseScriptCaches (0ms)
			RebuildScriptCaches (64ms)
			SetupLoadedEditorAssemblies (806ms)
				LogAssemblyErrors (0ms)
				InitializePlatformSupportModulesInManaged (115ms)
				SetLoadedEditorAssemblies (2ms)
				RefreshPlugins (300ms)
				BeforeProcessingInitializeOnLoad (3ms)
				ProcessInitializeOnLoadAttributes (228ms)
				ProcessInitializeOnLoadMethodAttributes (157ms)
				AfterProcessingInitializeOnLoad (0ms)
				EditorAssembliesLoaded (1ms)
			ExecutionOrderSort2 (0ms)
			AwakeInstancesAfterBackupRestoration (0ms)
Platform modules already initialized, skipping
Registering precompiled user dll's ...
Registered in 0.035884 seconds.
Android Extension - Scanning For ADB Devices 6359 ms
Begin MonoManager ReloadAssembly
Symbol file LoadedFromMemory doesn't match image D:\Github repository\cgen\CGEN 2d RPG\Library\PackageCache\com.unity.visualscripting@1.7.8\Editor\VisualScripting.Core\Dependencies\YamlDotNet\Unity.VisualScripting.YamlDotNet.dll
Symbol file LoadedFromMemory doesn't match image D:\Github repository\cgen\CGEN 2d RPG\Library\PackageCache\com.unity.visualscripting@1.7.8\Editor\VisualScripting.Core\Dependencies\DotNetZip\Unity.VisualScripting.IonicZip.dll
Native extension for WindowsStandalone target not found
Native extension for Android target not found
Refreshing native plugins compatible for Editor in 5.29 ms, found 3 plugins.
Preloading 0 native plugins for Editor in 0.00 ms.
Mono: successfully reloaded assembly
- Completed reload, in  8.609 seconds
Domain Reload Profiling:
	ReloadAssembly (8611ms)
		BeginReloadAssembly (321ms)
			ExecutionOrderSort (0ms)
			DisableScriptedObjects (13ms)
			BackupInstance (0ms)
			ReleaseScriptingObjects (0ms)
			CreateAndSetChildDomain (48ms)
		EndReloadAssembly (7822ms)
			LoadAssemblies (1505ms)
			RebuildTransferFunctionScriptingTraits (0ms)
			SetupTypeCache (537ms)
			ReleaseScriptCaches (2ms)
			RebuildScriptCaches (135ms)
			SetupLoadedEditorAssemblies (5659ms)
				LogAssemblyErrors (0ms)
				InitializePlatformSupportModulesInManaged (53ms)
				SetLoadedEditorAssemblies (1ms)
				RefreshPlugins (5ms)
				BeforeProcessingInitializeOnLoad (140ms)
				ProcessInitializeOnLoadAttributes (5257ms)
				ProcessInitializeOnLoadMethodAttributes (199ms)
				AfterProcessingInitializeOnLoad (5ms)
				EditorAssembliesLoaded (0ms)
			ExecutionOrderSort2 (0ms)
			AwakeInstancesAfterBackupRestoration (12ms)
Platform modules already initialized, skipping
========================================================================
Worker process is ready to serve import requests
Launched and connected shader compiler UnityShaderCompiler.exe after 0.25 seconds
Refreshing native plugins compatible for Editor in 4.11 ms, found 3 plugins.
Preloading 0 native plugins for Editor in 0.00 ms.
Unloading 3525 Unused Serialized files (Serialized files now loaded: 0)
Unloading 30 unused Assets / (56.4 KB). Loaded Objects now: 3997.
Memory consumption went from 128.5 MB to 128.4 MB.
Total: 7.982200 ms (FindLiveObjects: 0.567500 ms CreateObjectMapping: 0.631500 ms MarkObjects: 6.647900 ms  DeleteObjects: 0.133100 ms)

AssetImportParameters requested are different than current active one (requested -> active):
  custom:video-decoder-ogg-theora: a1e56fd34408186e4bbccfd4996cb3dc -> 
  custom:container-muxer-webm: aa71ff27fc2769a1b78a27578f13a17b -> 
  custom:container-demuxer-webm: 4f35f7cbe854078d1ac9338744f61a02 -> 
  custom:video-encoder-webm-vp8: eb34c28f22e8b96e1ab97ce403110664 -> 
  custom:video-codec-MediaFoundation-h265: 746d11721c4dcdbdad8f713fa42b33f4 -> 
  custom:audio-encoder-webm-vorbis: bf7c407c2cedff20999df2af8eb42d56 -> 
  custom:framework-win-MediaFoundation: 216162199b28c13a410421893ffa2e32 -> 
  custom:container-demuxer-ogg: 62fdf1f143b41e24485cea50d1cbac27 -> 
  custom:video-decoder-webm-vp8: 9c59270c3fd7afecdb556c50c9e8de78 -> 
  custom:audio-decoder-ogg-vorbis: bf7c407c2cedff20999df2af8eb42d56 -> 
========================================================================
Received Import Request.
  Time since last request: 14434.652157 seconds.
  path: Assets/Art/NPC sprites/dado.png
  artifactKey: Guid(d8db097dd076f2d4abeefbd6f3d5a0de) Importer(815301076,1909f56bfc062723c751e8b465ee728b)
Start importing Assets/Art/NPC sprites/dado.png using Guid(d8db097dd076f2d4abeefbd6f3d5a0de) Importer(815301076,1909f56bfc062723c751e8b465ee728b)  -> (artifact id: 'cf35decdcf5ea2d8ace2ee60eb9d3972') in 0.765041 seconds 
========================================================================
Received Import Request.
  Time since last request: 0.000046 seconds.
  path: Assets/Art/NPC sprites/John Mauchly.png
  artifactKey: Guid(571bf886883b9e0428eccf75379e2709) Importer(815301076,1909f56bfc062723c751e8b465ee728b)
Start importing Assets/Art/NPC sprites/John Mauchly.png using Guid(571bf886883b9e0428eccf75379e2709) Importer(815301076,1909f56bfc062723c751e8b465ee728b)  -> (artifact id: '5ec88cae688f50443a38a40aa1e24aff') in 0.130185 seconds 
========================================================================
Received Import Request.
  Time since last request: 259.067238 seconds.
  path: Assets/Scenes/Sprites/creatures.png
  artifactKey: Guid(b89ff1a9b7c1b8b408f2c45f015c5571) Importer(815301076,1909f56bfc062723c751e8b465ee728b)
Start importing Assets/Scenes/Sprites/creatures.png using Guid(b89ff1a9b7c1b8b408f2c45f015c5571) Importer(815301076,1909f56bfc062723c751e8b465ee728b)  -> (artifact id: '0626f0489beb58b7ca1de25b78a04129') in 0.307982 seconds 
========================================================================
Received Prepare
Registering precompiled user dll's ...
Registered in 0.012372 seconds.
Begin MonoManager ReloadAssembly
Symbol file LoadedFromMemory doesn't match image D:\Github repository\cgen\CGEN 2d RPG\Library\PackageCache\com.unity.visualscripting@1.7.8\Editor\VisualScripting.Core\Dependencies\YamlDotNet\Unity.VisualScripting.YamlDotNet.dll
Symbol file LoadedFromMemory doesn't match image D:\Github repository\cgen\CGEN 2d RPG\Library\PackageCache\com.unity.visualscripting@1.7.8\Editor\VisualScripting.Core\Dependencies\DotNetZip\Unity.VisualScripting.IonicZip.dll
Native extension for WindowsStandalone target not found
Native extension for Android target not found
Refreshing native plugins compatible for Editor in 6.55 ms, found 3 plugins.
Preloading 0 native plugins for Editor in 0.00 ms.
Mono: successfully reloaded assembly
- Completed reload, in  2.187 seconds
Domain Reload Profiling:
	ReloadAssembly (2188ms)
		BeginReloadAssembly (367ms)
			ExecutionOrderSort (0ms)
			DisableScriptedObjects (16ms)
			BackupInstance (0ms)
			ReleaseScriptingObjects (0ms)
			CreateAndSetChildDomain (84ms)
		EndReloadAssembly (1594ms)
			LoadAssemblies (334ms)
			RebuildTransferFunctionScriptingTraits (0ms)
			SetupTypeCache (507ms)
			ReleaseScriptCaches (2ms)
			RebuildScriptCaches (95ms)
			SetupLoadedEditorAssemblies (667ms)
				LogAssemblyErrors (0ms)
				InitializePlatformSupportModulesInManaged (44ms)
				SetLoadedEditorAssemblies (1ms)
				RefreshPlugins (7ms)
				BeforeProcessingInitializeOnLoad (96ms)
				ProcessInitializeOnLoadAttributes (450ms)
				ProcessInitializeOnLoadMethodAttributes (65ms)
				AfterProcessingInitializeOnLoad (5ms)
				EditorAssembliesLoaded (0ms)
			ExecutionOrderSort2 (0ms)
			AwakeInstancesAfterBackupRestoration (15ms)
Platform modules already initialized, skipping
Refreshing native plugins compatible for Editor in 9.28 ms, found 3 plugins.
Preloading 0 native plugins for Editor in 0.00 ms.
Unloading 3506 Unused Serialized files (Serialized files now loaded: 0)
Unloading 19 unused Assets / (24.9 KB). Loaded Objects now: 4013.
Memory consumption went from 131.4 MB to 131.4 MB.
Total: 7.902400 ms (FindLiveObjects: 0.478700 ms CreateObjectMapping: 0.454400 ms MarkObjects: 6.925300 ms  DeleteObjects: 0.041400 ms)

AssetImportParameters requested are different than current active one (requested -> active):
  custom:video-decoder-ogg-theora: a1e56fd34408186e4bbccfd4996cb3dc -> 
  custom:container-muxer-webm: aa71ff27fc2769a1b78a27578f13a17b -> 
  custom:container-demuxer-webm: 4f35f7cbe854078d1ac9338744f61a02 -> 
  custom:video-encoder-webm-vp8: eb34c28f22e8b96e1ab97ce403110664 -> 
  custom:video-codec-MediaFoundation-h265: 746d11721c4dcdbdad8f713fa42b33f4 -> 
  custom:audio-encoder-webm-vorbis: bf7c407c2cedff20999df2af8eb42d56 -> 
  custom:framework-win-MediaFoundation: 216162199b28c13a410421893ffa2e32 -> 
  custom:container-demuxer-ogg: 62fdf1f143b41e24485cea50d1cbac27 -> 
  custom:video-decoder-webm-vp8: 9c59270c3fd7afecdb556c50c9e8de78 -> 
  custom:audio-decoder-ogg-vorbis: bf7c407c2cedff20999df2af8eb42d56 -> 
========================================================================
Received Prepare
Registering precompiled user dll's ...
Registered in 0.012763 seconds.
Begin MonoManager ReloadAssembly
Symbol file LoadedFromMemory doesn't match image D:\Github repository\cgen\CGEN 2d RPG\Library\PackageCache\com.unity.visualscripting@1.7.8\Editor\VisualScripting.Core\Dependencies\YamlDotNet\Unity.VisualScripting.YamlDotNet.dll
Symbol file LoadedFromMemory doesn't match image D:\Github repository\cgen\CGEN 2d RPG\Library\PackageCache\com.unity.visualscripting@1.7.8\Editor\VisualScripting.Core\Dependencies\DotNetZip\Unity.VisualScripting.IonicZip.dll
Native extension for WindowsStandalone target not found
Native extension for Android target not found
Refreshing native plugins compatible for Editor in 4.07 ms, found 3 plugins.
Preloading 0 native plugins for Editor in 0.00 ms.
Mono: successfully reloaded assembly
- Completed reload, in  1.802 seconds
Domain Reload Profiling:
	ReloadAssembly (1803ms)
		BeginReloadAssembly (278ms)
			ExecutionOrderSort (0ms)
			DisableScriptedObjects (16ms)
			BackupInstance (0ms)
			ReleaseScriptingObjects (0ms)
			CreateAndSetChildDomain (66ms)
		EndReloadAssembly (1349ms)
			LoadAssemblies (226ms)
			RebuildTransferFunctionScriptingTraits (0ms)
			SetupTypeCache (415ms)
			ReleaseScriptCaches (2ms)
			RebuildScriptCaches (90ms)
			SetupLoadedEditorAssemblies (593ms)
				LogAssemblyErrors (0ms)
				InitializePlatformSupportModulesInManaged (42ms)
				SetLoadedEditorAssemblies (1ms)
				RefreshPlugins (4ms)
				BeforeProcessingInitializeOnLoad (93ms)
				ProcessInitializeOnLoadAttributes (393ms)
				ProcessInitializeOnLoadMethodAttributes (56ms)
				AfterProcessingInitializeOnLoad (4ms)
				EditorAssembliesLoaded (0ms)
			ExecutionOrderSort2 (0ms)
			AwakeInstancesAfterBackupRestoration (14ms)
Platform modules already initialized, skipping
Refreshing native plugins compatible for Editor in 7.32 ms, found 3 plugins.
Preloading 0 native plugins for Editor in 0.00 ms.
Unloading 3506 Unused Serialized files (Serialized files now loaded: 0)
Unloading 19 unused Assets / (24.8 KB). Loaded Objects now: 4016.
Memory consumption went from 131.4 MB to 131.4 MB.
Total: 5.159100 ms (FindLiveObjects: 0.468200 ms CreateObjectMapping: 0.212800 ms MarkObjects: 4.441800 ms  DeleteObjects: 0.034500 ms)

AssetImportParameters requested are different than current active one (requested -> active):
  custom:video-decoder-ogg-theora: a1e56fd34408186e4bbccfd4996cb3dc -> 
  custom:container-muxer-webm: aa71ff27fc2769a1b78a27578f13a17b -> 
  custom:container-demuxer-webm: 4f35f7cbe854078d1ac9338744f61a02 -> 
  custom:video-encoder-webm-vp8: eb34c28f22e8b96e1ab97ce403110664 -> 
  custom:video-codec-MediaFoundation-h265: 746d11721c4dcdbdad8f713fa42b33f4 -> 
  custom:audio-encoder-webm-vorbis: bf7c407c2cedff20999df2af8eb42d56 -> 
  custom:framework-win-MediaFoundation: 216162199b28c13a410421893ffa2e32 -> 
  custom:container-demuxer-ogg: 62fdf1f143b41e24485cea50d1cbac27 -> 
  custom:video-decoder-webm-vp8: 9c59270c3fd7afecdb556c50c9e8de78 -> 
  custom:audio-decoder-ogg-vorbis: bf7c407c2cedff20999df2af8eb42d56 -> 
========================================================================
Received Import Request.
  Time since last request: 3085.719384 seconds.
  path: Assets/Prefabs/Boss prefab/Bullet.prefab
  artifactKey: Guid(b2bc9608395b33541a93b971ca5a1714) Importer(815301076,1909f56bfc062723c751e8b465ee728b)
Start importing Assets/Prefabs/Boss prefab/Bullet.prefab using Guid(b2bc9608395b33541a93b971ca5a1714) Importer(815301076,1909f56bfc062723c751e8b465ee728b)  -> (artifact id: 'e7ace0855f3c8ee20d0b861fac3c65d5') in 0.700080 seconds 
========================================================================
Received Import Request.
  Time since last request: 0.000101 seconds.
  path: Assets/Prefabs/Boss prefab/HealthCollectible.prefab
  artifactKey: Guid(eabf64c08905d6c499cf92464a6ccd99) Importer(815301076,1909f56bfc062723c751e8b465ee728b)
Start importing Assets/Prefabs/Boss prefab/HealthCollectible.prefab using Guid(eabf64c08905d6c499cf92464a6ccd99) Importer(815301076,1909f56bfc062723c751e8b465ee728b)  -> (artifact id: 'd417948dda167fb7f1ecad52b70b7eac') in 0.735145 seconds 
========================================================================
Received Import Request.
  Time since last request: 0.000051 seconds.
  path: Assets/Prefabs/Boss prefab/ImmunityCollectible .prefab
  artifactKey: Guid(ecc5b3dfe8638fb45918546c73ae595a) Importer(815301076,1909f56bfc062723c751e8b465ee728b)
Start importing Assets/Prefabs/Boss prefab/ImmunityCollectible .prefab using Guid(ecc5b3dfe8638fb45918546c73ae595a) Importer(815301076,1909f56bfc062723c751e8b465ee728b)  -> (artifact id: 'bfd818dad1d08beebc1c961cb5c8ed0b') in 0.120486 seconds 
========================================================================
Received Import Request.
  Time since last request: 23.034685 seconds.
  path: Assets/Art/Traps/Book/book_sheet.png
  artifactKey: Guid(10f755b9e71c4a742a10a41a1745f72d) Importer(815301076,1909f56bfc062723c751e8b465ee728b)
Start importing Assets/Art/Traps/Book/book_sheet.png using Guid(10f755b9e71c4a742a10a41a1745f72d) Importer(815301076,1909f56bfc062723c751e8b465ee728b)  -> (artifact id: '87fe380497ef9854a16db016442c6702') in 0.391968 seconds 
========================================================================
Received Import Request.
  Time since last request: 0.000037 seconds.
  path: Assets/Art/Special Part Sprite/books_4.asset
  artifactKey: Guid(a17104de4b4775542acd336daa9670ba) Importer(815301076,1909f56bfc062723c751e8b465ee728b)
Start importing Assets/Art/Special Part Sprite/books_4.asset using Guid(a17104de4b4775542acd336daa9670ba) Importer(815301076,1909f56bfc062723c751e8b465ee728b)  -> (artifact id: 'cabd747e18924f20f5f175d35fd4128c') in 0.163908 seconds 
========================================================================
Received Import Request.
  Time since last request: 0.000053 seconds.
  path: Assets/Art/Special Part Sprite/books_0.asset
  artifactKey: Guid(e48c16e2bd806ed4fb5f62cad7f5e63b) Importer(815301076,1909f56bfc062723c751e8b465ee728b)
Start importing Assets/Art/Special Part Sprite/books_0.asset using Guid(e48c16e2bd806ed4fb5f62cad7f5e63b) Importer(815301076,1909f56bfc062723c751e8b465ee728b)  -> (artifact id: '22f6c952d181cc0d47bc9161e3d0b807') in 0.051017 seconds 
========================================================================
Received Import Request.
  Time since last request: 0.000053 seconds.
  path: Assets/old asset mess/RPG&Fantasy Mobile GUI/panel_elements/box_slider_fill_02.png
  artifactKey: Guid(d06fa5eb5de6dcbb782d9dc3a56766b2) Importer(815301076,1909f56bfc062723c751e8b465ee728b)
Start importing Assets/old asset mess/RPG&Fantasy Mobile GUI/panel_elements/box_slider_fill_02.png using Guid(d06fa5eb5de6dcbb782d9dc3a56766b2) Importer(815301076,1909f56bfc062723c751e8b465ee728b)  -> (artifact id: '30e215078d24b8c0afed60ffc60a49ae') in 0.255708 seconds 
========================================================================
Received Import Request.
  Time since last request: 0.000054 seconds.
  path: Assets/Art/Special Part Sprite/books_2.asset
  artifactKey: Guid(96fa028b8b664484993124e1a7621140) Importer(815301076,1909f56bfc062723c751e8b465ee728b)
Start importing Assets/Art/Special Part Sprite/books_2.asset using Guid(96fa028b8b664484993124e1a7621140) Importer(815301076,1909f56bfc062723c751e8b465ee728b)  -> (artifact id: '9653da020ccf3d702ab9086f0f92feae') in 0.062620 seconds 
========================================================================
Received Import Request.
  Time since last request: 0.000037 seconds.
  path: Assets/old asset mess/RPG&Fantasy Mobile GUI/panel_elements/box_slider_fill_03.png
  artifactKey: Guid(5a705e24ae27e829691c7306cefbbf87) Importer(815301076,1909f56bfc062723c751e8b465ee728b)
Start importing Assets/old asset mess/RPG&Fantasy Mobile GUI/panel_elements/box_slider_fill_03.png using Guid(5a705e24ae27e829691c7306cefbbf87) Importer(815301076,1909f56bfc062723c751e8b465ee728b)  -> (artifact id: '02276f68fca222b8cd0b4f5a19f28990') in 0.116141 seconds 
========================================================================
Received Import Request.
  Time since last request: 0.000083 seconds.
  path: Assets/Art/Special Part Sprite/books_3.asset
  artifactKey: Guid(2ad8a019fe5b8b6469b89bd72cb06f27) Importer(815301076,1909f56bfc062723c751e8b465ee728b)
Start importing Assets/Art/Special Part Sprite/books_3.asset using Guid(2ad8a019fe5b8b6469b89bd72cb06f27) Importer(815301076,1909f56bfc062723c751e8b465ee728b)  -> (artifact id: 'f6a3030cfd8c67333a5cfbdb272698c6') in 0.224396 seconds 
========================================================================
Received Import Request.
  Time since last request: 0.000045 seconds.
  path: Assets/Art/Sci-Fi Pixel/Sci Fi Pixel Art UI Kit/Prefabs/Text/Text Box.prefab
  artifactKey: Guid(d9e1be9d204fd00478f3d2e74510325b) Importer(815301076,1909f56bfc062723c751e8b465ee728b)
Start importing Assets/Art/Sci-Fi Pixel/Sci Fi Pixel Art UI Kit/Prefabs/Text/Text Box.prefab using Guid(d9e1be9d204fd00478f3d2e74510325b) Importer(815301076,1909f56bfc062723c751e8b465ee728b)  -> (artifact id: '6c2ab6a97d0ba2f97d18a9c1b31b89ee') in 0.283849 seconds 
========================================================================
Received Import Request.
  Time since last request: 0.000044 seconds.
  path: Assets/Art/Special Part Sprite/books_1.asset
  artifactKey: Guid(bfaf1c06f83e99242bc5f14b9cb5b9f7) Importer(815301076,1909f56bfc062723c751e8b465ee728b)
Start importing Assets/Art/Special Part Sprite/books_1.asset using Guid(bfaf1c06f83e99242bc5f14b9cb5b9f7) Importer(815301076,1909f56bfc062723c751e8b465ee728b)  -> (artifact id: 'e702a6d1e8af492df8125dd455c3fa11') in 0.090573 seconds 
========================================================================
Received Import Request.
  Time since last request: 0.000044 seconds.
  path: Assets/Art/Simple Fantasy GUI/PNG/Character Panel/Stats_Box.png
  artifactKey: Guid(fb2797aeae325e14abeff8973023ab45) Importer(815301076,1909f56bfc062723c751e8b465ee728b)
Start importing Assets/Art/Simple Fantasy GUI/PNG/Character Panel/Stats_Box.png using Guid(fb2797aeae325e14abeff8973023ab45) Importer(815301076,1909f56bfc062723c751e8b465ee728b)  -> (artifact id: '50437732442bf359ca0f75340d1743ac') in 0.089190 seconds 
========================================================================
Received Import Request.
  Time since last request: 0.000087 seconds.
  path: Assets/Art/Simple Fantasy GUI/PNG/Character Panel/Character_Box.png
  artifactKey: Guid(81c655d952ad6ca498cc4b1491740ee0) Importer(815301076,1909f56bfc062723c751e8b465ee728b)
Start importing Assets/Art/Simple Fantasy GUI/PNG/Character Panel/Character_Box.png using Guid(81c655d952ad6ca498cc4b1491740ee0) Importer(815301076,1909f56bfc062723c751e8b465ee728b)  -> (artifact id: '6afe2b36c9b72b4cb3b1c807d9c6a725') in 0.534698 seconds 
========================================================================
Received Import Request.
  Time since last request: 0.000060 seconds.
  path: Assets/Art/Special Part Sprite/books.prefab
  artifactKey: Guid(3e1eeb40de3216c489489e9accc3e269) Importer(815301076,1909f56bfc062723c751e8b465ee728b)
Start importing Assets/Art/Special Part Sprite/books.prefab using Guid(3e1eeb40de3216c489489e9accc3e269) Importer(815301076,1909f56bfc062723c751e8b465ee728b)  -> (artifact id: '68073c2147c340d4d73c767028061c8e') in 18.585505 seconds 
