Using pre-set license
Built from '2021.3/staging' branch; Version is '2021.3.14f1 (eee1884e7226) revision 15655304'; Using compiler version '192829333'; Build Type 'Release'
OS: 'Windows 11  (10.0.22621) 64bit CoreSingleLanguage' Language: 'en' Physical Memory: 7991 MB
BatchMode: 1, IsHumanControllingUs: 0, StartBugReporterOnCrash: 0, Is64bit: 1, IsPro: 1

COMMAND LINE ARGUMENTS:
C:\Program Files\Unity\Hub\Editor\2021.3.14f1\Editor\Unity.exe
-adb2
-batchMode
-noUpm
-name
AssetImportWorker2
-projectPath
C:/Users/Rey De Guzman/OneDrive - cvsu.edu.ph/Documents/GitHub/cgen/CGEN 2d RPG
-logFile
Logs/AssetImportWorker2.log
-srvPort
56025
Successfully changed project path to: C:/Users/Rey De Guzman/OneDrive - cvsu.edu.ph/Documents/GitHub/cgen/CGEN 2d RPG
C:/Users/Rey De Guzman/OneDrive - cvsu.edu.ph/Documents/GitHub/cgen/CGEN 2d RPG
[UnityMemory] Configuration Parameters - Can be set up in boot.config
    "memorysetup-bucket-allocator-granularity=16"
    "memorysetup-bucket-allocator-bucket-count=8"
    "memorysetup-bucket-allocator-block-size=33554432"
    "memorysetup-bucket-allocator-block-count=8"
    "memorysetup-main-allocator-block-size=16777216"
    "memorysetup-thread-allocator-block-size=16777216"
    "memorysetup-gfx-main-allocator-block-size=16777216"
    "memorysetup-gfx-thread-allocator-block-size=16777216"
    "memorysetup-cache-allocator-block-size=4194304"
    "memorysetup-typetree-allocator-block-size=2097152"
    "memorysetup-profiler-bucket-allocator-granularity=16"
    "memorysetup-profiler-bucket-allocator-bucket-count=8"
    "memorysetup-profiler-bucket-allocator-block-size=33554432"
    "memorysetup-profiler-bucket-allocator-block-count=8"
    "memorysetup-profiler-allocator-block-size=16777216"
    "memorysetup-profiler-editor-allocator-block-size=1048576"
    "memorysetup-temp-allocator-size-main=16777216"
    "memorysetup-job-temp-allocator-block-size=2097152"
    "memorysetup-job-temp-allocator-block-size-background=1048576"
    "memorysetup-job-temp-allocator-reduction-small-platforms=262144"
    "memorysetup-temp-allocator-size-background-worker=32768"
    "memorysetup-temp-allocator-size-job-worker=262144"
    "memorysetup-temp-allocator-size-preload-manager=33554432"
    "memorysetup-temp-allocator-size-nav-mesh-worker=65536"
    "memorysetup-temp-allocator-size-audio-worker=65536"
    "memorysetup-temp-allocator-size-cloud-worker=32768"
    "memorysetup-temp-allocator-size-gi-baking-worker=262144"
    "memorysetup-temp-allocator-size-gfx=262144"
Refreshing native plugins compatible for Editor in 198.97 ms, found 3 plugins.
Preloading 0 native plugins for Editor in 0.00 ms.
Initialize engine version: 2021.3.14f1 (eee1884e7226)
[Subsystems] Discovering subsystems at path C:/Program Files/Unity/Hub/Editor/2021.3.14f1/Editor/Data/Resources/UnitySubsystems
[Subsystems] Discovering subsystems at path C:/Users/Rey De Guzman/OneDrive - cvsu.edu.ph/Documents/GitHub/cgen/CGEN 2d RPG/Assets
GfxDevice: creating device client; threaded=0; jobified=0
Direct3D:
    Version:  Direct3D 11.0 [level 11.1]
    Renderer: Intel(R) UHD Graphics (ID=0x9a78)
    Vendor:   Intel
    VRAM:     3995 MB
    Driver:   27.20.100.9664
Initialize mono
Mono path[0] = 'C:/Program Files/Unity/Hub/Editor/2021.3.14f1/Editor/Data/Managed'
Mono path[1] = 'C:/Program Files/Unity/Hub/Editor/2021.3.14f1/Editor/Data/MonoBleedingEdge/lib/mono/unityjit-win32'
Mono config path = 'C:/Program Files/Unity/Hub/Editor/2021.3.14f1/Editor/Data/MonoBleedingEdge/etc'
Using monoOptions --debugger-agent=transport=dt_socket,embedding=1,server=y,suspend=n,address=127.0.0.1:56940
Begin MonoManager ReloadAssembly
Registering precompiled unity dll's ...
Register platform support module: C:/Program Files/Unity/Hub/Editor/2021.3.14f1/Editor/Data/PlaybackEngines/AndroidPlayer/UnityEditor.Android.Extensions.dll
Register platform support module: C:/Program Files/Unity/Hub/Editor/2021.3.14f1/Editor/Data/PlaybackEngines/WindowsStandaloneSupport/UnityEditor.WindowsStandalone.Extensions.dll
Registered in 0.005630 seconds.
Native extension for WindowsStandalone target not found
Native extension for Android target not found
Refreshing native plugins compatible for Editor in 241.60 ms, found 3 plugins.
Preloading 0 native plugins for Editor in 0.00 ms.
Mono: successfully reloaded assembly
- Completed reload, in  1.236 seconds
Domain Reload Profiling:
	ReloadAssembly (1237ms)
		BeginReloadAssembly (236ms)
			ExecutionOrderSort (0ms)
			DisableScriptedObjects (0ms)
			BackupInstance (0ms)
			ReleaseScriptingObjects (0ms)
			CreateAndSetChildDomain (2ms)
		EndReloadAssembly (844ms)
			LoadAssemblies (219ms)
			RebuildTransferFunctionScriptingTraits (0ms)
			SetupTypeCache (187ms)
			ReleaseScriptCaches (0ms)
			RebuildScriptCaches (42ms)
			SetupLoadedEditorAssemblies (538ms)
				LogAssemblyErrors (0ms)
				InitializePlatformSupportModulesInManaged (83ms)
				SetLoadedEditorAssemblies (0ms)
				RefreshPlugins (242ms)
				BeforeProcessingInitializeOnLoad (2ms)
				ProcessInitializeOnLoadAttributes (145ms)
				ProcessInitializeOnLoadMethodAttributes (67ms)
				AfterProcessingInitializeOnLoad (0ms)
				EditorAssembliesLoaded (0ms)
			ExecutionOrderSort2 (0ms)
			AwakeInstancesAfterBackupRestoration (0ms)
Platform modules already initialized, skipping
Registering precompiled user dll's ...
Registered in 0.007045 seconds.
Begin MonoManager ReloadAssembly
Symbol file LoadedFromMemory doesn't match image C:\Users\Rey De Guzman\OneDrive - cvsu.edu.ph\Documents\GitHub\cgen\CGEN 2d RPG\Library\PackageCache\com.unity.visualscripting@1.7.8\Editor\VisualScripting.Core\Dependencies\YamlDotNet\Unity.VisualScripting.YamlDotNet.dll
Symbol file LoadedFromMemory doesn't match image C:\Users\Rey De Guzman\OneDrive - cvsu.edu.ph\Documents\GitHub\cgen\CGEN 2d RPG\Library\PackageCache\com.unity.visualscripting@1.7.8\Editor\VisualScripting.Core\Dependencies\DotNetZip\Unity.VisualScripting.IonicZip.dll
Native extension for WindowsStandalone target not found
Native extension for Android target not found
Refreshing native plugins compatible for Editor in 2.68 ms, found 3 plugins.
Preloading 0 native plugins for Editor in 0.00 ms.
Mono: successfully reloaded assembly
- Completed reload, in  2.703 seconds
Domain Reload Profiling:
	ReloadAssembly (2704ms)
		BeginReloadAssembly (457ms)
			ExecutionOrderSort (0ms)
			DisableScriptedObjects (24ms)
			BackupInstance (0ms)
			ReleaseScriptingObjects (0ms)
			CreateAndSetChildDomain (176ms)
		EndReloadAssembly (1932ms)
			LoadAssemblies (214ms)
			RebuildTransferFunctionScriptingTraits (0ms)
			SetupTypeCache (406ms)
			ReleaseScriptCaches (1ms)
			RebuildScriptCaches (104ms)
			SetupLoadedEditorAssemblies (1204ms)
				LogAssemblyErrors (0ms)
				InitializePlatformSupportModulesInManaged (21ms)
				SetLoadedEditorAssemblies (1ms)
				RefreshPlugins (3ms)
				BeforeProcessingInitializeOnLoad (105ms)
				ProcessInitializeOnLoadAttributes (961ms)
				ProcessInitializeOnLoadMethodAttributes (107ms)
				AfterProcessingInitializeOnLoad (6ms)
				EditorAssembliesLoaded (0ms)
			ExecutionOrderSort2 (0ms)
			AwakeInstancesAfterBackupRestoration (8ms)
Platform modules already initialized, skipping
========================================================================
Worker process is ready to serve import requests
Launched and connected shader compiler UnityShaderCompiler.exe after 0.10 seconds
Refreshing native plugins compatible for Editor in 2.71 ms, found 3 plugins.
Preloading 0 native plugins for Editor in 0.00 ms.
Unloading 3525 Unused Serialized files (Serialized files now loaded: 0)
Unloading 30 unused Assets / (56.6 KB). Loaded Objects now: 3996.
Memory consumption went from 129.6 MB to 129.5 MB.
Total: 3.785300 ms (FindLiveObjects: 0.294400 ms CreateObjectMapping: 0.539000 ms MarkObjects: 2.861800 ms  DeleteObjects: 0.088700 ms)

AssetImportParameters requested are different than current active one (requested -> active):
  custom:video-decoder-ogg-theora: a1e56fd34408186e4bbccfd4996cb3dc -> 
  custom:container-muxer-webm: aa71ff27fc2769a1b78a27578f13a17b -> 
  custom:container-demuxer-webm: 4f35f7cbe854078d1ac9338744f61a02 -> 
  custom:video-encoder-webm-vp8: eb34c28f22e8b96e1ab97ce403110664 -> 
  custom:video-codec-MediaFoundation-h265: 746d11721c4dcdbdad8f713fa42b33f4 -> 
  custom:audio-encoder-webm-vorbis: bf7c407c2cedff20999df2af8eb42d56 -> 
  custom:framework-win-MediaFoundation: 216162199b28c13a410421893ffa2e32 -> 
  custom:container-demuxer-ogg: 62fdf1f143b41e24485cea50d1cbac27 -> 
  custom:video-decoder-webm-vp8: 9c59270c3fd7afecdb556c50c9e8de78 -> 
  custom:audio-decoder-ogg-vorbis: bf7c407c2cedff20999df2af8eb42d56 -> 
========================================================================
Received Import Request.
  Time since last request: 209622.705533 seconds.
  path: Assets/Art/Interactables/Abacus.jpg
  artifactKey: Guid(29a1bf25c2d7235488d8d04a46ff948f) Importer(815301076,1909f56bfc062723c751e8b465ee728b)
Start importing Assets/Art/Interactables/Abacus.jpg using Guid(29a1bf25c2d7235488d8d04a46ff948f) Importer(815301076,1909f56bfc062723c751e8b465ee728b)  -> (artifact id: 'a28613ae6ea85c97f696d2ade2b35f5d') in 0.613397 seconds 
========================================================================
Received Import Request.
  Time since last request: 7.787494 seconds.
  path: Assets/Art/Floors/Overworld_8.asset
  artifactKey: Guid(50177475fe7e68c4b93001958d327049) Importer(815301076,1909f56bfc062723c751e8b465ee728b)
Start importing Assets/Art/Floors/Overworld_8.asset using Guid(50177475fe7e68c4b93001958d327049) Importer(815301076,1909f56bfc062723c751e8b465ee728b)  -> (artifact id: 'c6a96edc3e24cd004adbf2b44dd27a2f') in 0.130645 seconds 
========================================================================
Received Import Request.
  Time since last request: 0.000336 seconds.
  path: Assets/Art/Floors/Overworld_28.asset
  artifactKey: Guid(79cfd914bd5a7614f9ccdd8e60ab6b92) Importer(815301076,1909f56bfc062723c751e8b465ee728b)
Start importing Assets/Art/Floors/Overworld_28.asset using Guid(79cfd914bd5a7614f9ccdd8e60ab6b92) Importer(815301076,1909f56bfc062723c751e8b465ee728b)  -> (artifact id: 'd030b613a4c2b0b92f31a22063b04e65') in 0.057704 seconds 
========================================================================
Received Import Request.
  Time since last request: 0.000055 seconds.
  path: Assets/Art/Floors/Overworld_31.asset
  artifactKey: Guid(fab6ed11fd3ba284f86580d4268dee79) Importer(815301076,1909f56bfc062723c751e8b465ee728b)
Start importing Assets/Art/Floors/Overworld_31.asset using Guid(fab6ed11fd3ba284f86580d4268dee79) Importer(815301076,1909f56bfc062723c751e8b465ee728b)  -> (artifact id: 'f6b6b2074b79ee7033a0d6c32ef5475a') in 0.042173 seconds 
========================================================================
Received Import Request.
  Time since last request: 0.000028 seconds.
  path: Assets/Art/Floors/Overworld_18.asset
  artifactKey: Guid(9b7c344aacdc8894786d3ee6b29515bd) Importer(815301076,1909f56bfc062723c751e8b465ee728b)
Start importing Assets/Art/Floors/Overworld_18.asset using Guid(9b7c344aacdc8894786d3ee6b29515bd) Importer(815301076,1909f56bfc062723c751e8b465ee728b)  -> (artifact id: '04bd4da20d32378c9e2af25a0d173293') in 0.051471 seconds 
========================================================================
Received Import Request.
  Time since last request: 0.000067 seconds.
  path: Assets/Art/Floors/Overworld_16.asset
  artifactKey: Guid(0662761cec8c6a6408bf5b8d5e6f08ce) Importer(815301076,1909f56bfc062723c751e8b465ee728b)
Start importing Assets/Art/Floors/Overworld_16.asset using Guid(0662761cec8c6a6408bf5b8d5e6f08ce) Importer(815301076,1909f56bfc062723c751e8b465ee728b)  -> (artifact id: 'a83ca31b8e96f064c73600b7548fc5e5') in 0.040682 seconds 
========================================================================
Received Import Request.
  Time since last request: 0.000044 seconds.
  path: Assets/Art/Floors/Overworld_21.asset
  artifactKey: Guid(296138d7162abf7448c7fd283cd98d8b) Importer(815301076,1909f56bfc062723c751e8b465ee728b)
Start importing Assets/Art/Floors/Overworld_21.asset using Guid(296138d7162abf7448c7fd283cd98d8b) Importer(815301076,1909f56bfc062723c751e8b465ee728b)  -> (artifact id: '0d0231b1a4a678339224345d61c829d5') in 0.066643 seconds 
========================================================================
Received Import Request.
  Time since last request: 0.000030 seconds.
  path: Assets/Art/Floors/Overworld_30.asset
  artifactKey: Guid(635e5cc622c21cf409b31bc3889e8a87) Importer(815301076,1909f56bfc062723c751e8b465ee728b)
Start importing Assets/Art/Floors/Overworld_30.asset using Guid(635e5cc622c21cf409b31bc3889e8a87) Importer(815301076,1909f56bfc062723c751e8b465ee728b)  -> (artifact id: 'be7c796743c5b346f8850871bd47d112') in 0.067080 seconds 
========================================================================
Received Import Request.
  Time since last request: 0.000334 seconds.
  path: Assets/Art/Floors/Overworld_25.asset
  artifactKey: Guid(c7e889fdcd816ae44b01fab1b28a1b94) Importer(815301076,1909f56bfc062723c751e8b465ee728b)
Start importing Assets/Art/Floors/Overworld_25.asset using Guid(c7e889fdcd816ae44b01fab1b28a1b94) Importer(815301076,1909f56bfc062723c751e8b465ee728b)  -> (artifact id: '7cb43c4219b09c16f67617efec761449') in 0.043274 seconds 
========================================================================
Received Import Request.
  Time since last request: 0.572447 seconds.
  path: Assets/Art/Bullet_Test/Bullet_2.png
  artifactKey: Guid(90dc9f9d15be9e94493b2f6f98a3d10e) Importer(815301076,1909f56bfc062723c751e8b465ee728b)
Start importing Assets/Art/Bullet_Test/Bullet_2.png using Guid(90dc9f9d15be9e94493b2f6f98a3d10e) Importer(815301076,1909f56bfc062723c751e8b465ee728b)  -> (artifact id: 'c2e338a976fae83336ba9f3bcb9fa9bd') in 0.080009 seconds 
