Using pre-set license
Built from '2021.3/staging' branch; Version is '2021.3.14f1 (eee1884e7226) revision 15655304'; Using compiler version '192829333'; Build Type 'Release'
OS: 'Windows 11  (10.0.22621) 64bit CoreSingleLanguage' Language: 'en' Physical Memory: 8001 MB
BatchMode: 1, IsHumanControllingUs: 0, StartBugReporterOnCrash: 0, Is64bit: 1, IsPro: 1

COMMAND LINE ARGUMENTS:
D:\Unity\Unity editor\2021.3.14f1\Editor\Unity.exe
-adb2
-batchMode
-noUpm
-name
AssetImportWorker11
-projectPath
D:/Github repository/cgen/CGEN 2d RPG
-logFile
Logs/AssetImportWorker11.log
-srvPort
50844
Successfully changed project path to: D:/Github repository/cgen/CGEN 2d RPG
D:/Github repository/cgen/CGEN 2d RPG
[UnityMemory] Configuration Parameters - Can be set up in boot.config
    "memorysetup-bucket-allocator-granularity=16"
    "memorysetup-bucket-allocator-bucket-count=8"
    "memorysetup-bucket-allocator-block-size=33554432"
    "memorysetup-bucket-allocator-block-count=8"
    "memorysetup-main-allocator-block-size=16777216"
    "memorysetup-thread-allocator-block-size=16777216"
    "memorysetup-gfx-main-allocator-block-size=16777216"
    "memorysetup-gfx-thread-allocator-block-size=16777216"
    "memorysetup-cache-allocator-block-size=4194304"
    "memorysetup-typetree-allocator-block-size=2097152"
    "memorysetup-profiler-bucket-allocator-granularity=16"
    "memorysetup-profiler-bucket-allocator-bucket-count=8"
    "memorysetup-profiler-bucket-allocator-block-size=33554432"
    "memorysetup-profiler-bucket-allocator-block-count=8"
    "memorysetup-profiler-allocator-block-size=16777216"
    "memorysetup-profiler-editor-allocator-block-size=1048576"
    "memorysetup-temp-allocator-size-main=16777216"
    "memorysetup-job-temp-allocator-block-size=2097152"
    "memorysetup-job-temp-allocator-block-size-background=1048576"
    "memorysetup-job-temp-allocator-reduction-small-platforms=262144"
    "memorysetup-temp-allocator-size-background-worker=32768"
    "memorysetup-temp-allocator-size-job-worker=262144"
    "memorysetup-temp-allocator-size-preload-manager=33554432"
    "memorysetup-temp-allocator-size-nav-mesh-worker=65536"
    "memorysetup-temp-allocator-size-audio-worker=65536"
    "memorysetup-temp-allocator-size-cloud-worker=32768"
    "memorysetup-temp-allocator-size-gi-baking-worker=262144"
    "memorysetup-temp-allocator-size-gfx=262144"
Refreshing native plugins compatible for Editor in 152.66 ms, found 3 plugins.
Preloading 0 native plugins for Editor in 0.00 ms.
Initialize engine version: 2021.3.14f1 (eee1884e7226)
[Subsystems] Discovering subsystems at path D:/Unity/Unity editor/2021.3.14f1/Editor/Data/Resources/UnitySubsystems
[Subsystems] Discovering subsystems at path D:/Github repository/cgen/CGEN 2d RPG/Assets
GfxDevice: creating device client; threaded=0; jobified=0
Direct3D:
    Version:  Direct3D 11.0 [level 11.1]
    Renderer: NVIDIA GeForce GTX 1650 (ID=0x1f91)
    Vendor:   NVIDIA
    VRAM:     3949 MB
    Driver:   31.0.15.3141
Initialize mono
Mono path[0] = 'D:/Unity/Unity editor/2021.3.14f1/Editor/Data/Managed'
Mono path[1] = 'D:/Unity/Unity editor/2021.3.14f1/Editor/Data/MonoBleedingEdge/lib/mono/unityjit-win32'
Mono config path = 'D:/Unity/Unity editor/2021.3.14f1/Editor/Data/MonoBleedingEdge/etc'
Using monoOptions --debugger-agent=transport=dt_socket,embedding=1,server=y,suspend=n,address=127.0.0.1:56260
Begin MonoManager ReloadAssembly
Registering precompiled unity dll's ...
Register platform support module: D:/Unity/Unity editor/2021.3.14f1/Editor/Data/PlaybackEngines/AndroidPlayer/UnityEditor.Android.Extensions.dll
Register platform support module: D:/Unity/Unity editor/2021.3.14f1/Editor/Data/PlaybackEngines/WindowsStandaloneSupport/UnityEditor.WindowsStandalone.Extensions.dll
Registered in 0.008997 seconds.
Native extension for WindowsStandalone target not found
Native extension for Android target not found
Refreshing native plugins compatible for Editor in 195.95 ms, found 3 plugins.
Preloading 0 native plugins for Editor in 0.00 ms.
Mono: successfully reloaded assembly
- Completed reload, in  1.796 seconds
Domain Reload Profiling:
	ReloadAssembly (1798ms)
		BeginReloadAssembly (194ms)
			ExecutionOrderSort (0ms)
			DisableScriptedObjects (0ms)
			BackupInstance (0ms)
			ReleaseScriptingObjects (0ms)
			CreateAndSetChildDomain (1ms)
		EndReloadAssembly (1348ms)
			LoadAssemblies (198ms)
			RebuildTransferFunctionScriptingTraits (0ms)
			SetupTypeCache (471ms)
			ReleaseScriptCaches (0ms)
			RebuildScriptCaches (66ms)
			SetupLoadedEditorAssemblies (688ms)
				LogAssemblyErrors (0ms)
				InitializePlatformSupportModulesInManaged (114ms)
				SetLoadedEditorAssemblies (0ms)
				RefreshPlugins (196ms)
				BeforeProcessingInitializeOnLoad (4ms)
				ProcessInitializeOnLoadAttributes (272ms)
				ProcessInitializeOnLoadMethodAttributes (101ms)
				AfterProcessingInitializeOnLoad (0ms)
				EditorAssembliesLoaded (0ms)
			ExecutionOrderSort2 (0ms)
			AwakeInstancesAfterBackupRestoration (0ms)
Platform modules already initialized, skipping
Registering precompiled user dll's ...
Registered in 0.013685 seconds.
Android Extension - Scanning For ADB Devices 5276 ms
Begin MonoManager ReloadAssembly
Native extension for WindowsStandalone target not found
Native extension for Android target not found
Refreshing native plugins compatible for Editor in 1.66 ms, found 3 plugins.
Preloading 0 native plugins for Editor in 0.00 ms.
Mono: successfully reloaded assembly
- Completed reload, in  4.347 seconds
Domain Reload Profiling:
	ReloadAssembly (4349ms)
		BeginReloadAssembly (290ms)
			ExecutionOrderSort (0ms)
			DisableScriptedObjects (11ms)
			BackupInstance (0ms)
			ReleaseScriptingObjects (0ms)
			CreateAndSetChildDomain (36ms)
		EndReloadAssembly (3111ms)
			LoadAssemblies (1696ms)
			RebuildTransferFunctionScriptingTraits (0ms)
			SetupTypeCache (370ms)
			ReleaseScriptCaches (1ms)
			RebuildScriptCaches (91ms)
			SetupLoadedEditorAssemblies (974ms)
				LogAssemblyErrors (0ms)
				InitializePlatformSupportModulesInManaged (21ms)
				SetLoadedEditorAssemblies (1ms)
				RefreshPlugins (2ms)
				BeforeProcessingInitializeOnLoad (100ms)
				ProcessInitializeOnLoadAttributes (676ms)
				ProcessInitializeOnLoadMethodAttributes (171ms)
				AfterProcessingInitializeOnLoad (4ms)
				EditorAssembliesLoaded (0ms)
			ExecutionOrderSort2 (0ms)
			AwakeInstancesAfterBackupRestoration (8ms)
Platform modules already initialized, skipping
========================================================================
Worker process is ready to serve import requests
Launched and connected shader compiler UnityShaderCompiler.exe after 0.35 seconds
Refreshing native plugins compatible for Editor in 1.07 ms, found 3 plugins.
Preloading 0 native plugins for Editor in 0.00 ms.
Unloading 3444 Unused Serialized files (Serialized files now loaded: 0)
Unloading 28 unused Assets / (56.2 KB). Loaded Objects now: 3912.
Memory consumption went from 121.6 MB to 121.6 MB.
Total: 5.343700 ms (FindLiveObjects: 0.498800 ms CreateObjectMapping: 0.142700 ms MarkObjects: 4.579200 ms  DeleteObjects: 0.120700 ms)

AssetImportParameters requested are different than current active one (requested -> active):
  custom:video-decoder-ogg-theora: a1e56fd34408186e4bbccfd4996cb3dc -> 
  custom:container-muxer-webm: aa71ff27fc2769a1b78a27578f13a17b -> 
  custom:container-demuxer-webm: 4f35f7cbe854078d1ac9338744f61a02 -> 
  custom:video-encoder-webm-vp8: eb34c28f22e8b96e1ab97ce403110664 -> 
  custom:video-codec-MediaFoundation-h265: 746d11721c4dcdbdad8f713fa42b33f4 -> 
  custom:audio-encoder-webm-vorbis: bf7c407c2cedff20999df2af8eb42d56 -> 
  custom:framework-win-MediaFoundation: 216162199b28c13a410421893ffa2e32 -> 
  custom:container-demuxer-ogg: 62fdf1f143b41e24485cea50d1cbac27 -> 
  custom:video-decoder-webm-vp8: 9c59270c3fd7afecdb556c50c9e8de78 -> 
  custom:audio-decoder-ogg-vorbis: bf7c407c2cedff20999df2af8eb42d56 -> 
========================================================================
Received Import Request.
  Time since last request: 1498139.626886 seconds.
  path: Assets/BGmusics/Mixer.mixer
  artifactKey: Guid(5232f6e8632ef784abbf245b751a9707) Importer(815301076,1909f56bfc062723c751e8b465ee728b)
Start importing Assets/BGmusics/Mixer.mixer using Guid(5232f6e8632ef784abbf245b751a9707) Importer(815301076,1909f56bfc062723c751e8b465ee728b)  -> (artifact id: 'b3b7aa7b1b3c2ac95b838b7fa8fe3871') in 0.137404 seconds 
========================================================================
Received Import Request.
  Time since last request: 0.000028 seconds.
  path: Assets/Scenes/SampleScene.unity
  artifactKey: Guid(2cda990e2423bbf4892e6590ba056729) Importer(815301076,1909f56bfc062723c751e8b465ee728b)
Start importing Assets/Scenes/SampleScene.unity using Guid(2cda990e2423bbf4892e6590ba056729) Importer(815301076,1909f56bfc062723c751e8b465ee728b)  -> (artifact id: '2454f149a00a3cb3a1422556d41e81d1') in 0.012008 seconds 
========================================================================
Received Import Request.
  Time since last request: 0.000097 seconds.
  path: Assets/BGmusics/01-footstep.ogg
  artifactKey: Guid(9c623554cbd835d4590ae5d3d9964f9e) Importer(815301076,1909f56bfc062723c751e8b465ee728b)
Start importing Assets/BGmusics/01-footstep.ogg using Guid(9c623554cbd835d4590ae5d3d9964f9e) Importer(815301076,1909f56bfc062723c751e8b465ee728b)  -> (artifact id: '6ad0ba1735b91dec4ee2df198dc48519') in 0.340399 seconds 
========================================================================
Received Import Request.
  Time since last request: 0.000038 seconds.
  path: Assets/BGmusics/Town 3.mp3
  artifactKey: Guid(2527dff4e42a85a41880d0dd20d4426c) Importer(815301076,1909f56bfc062723c751e8b465ee728b)
Start importing Assets/BGmusics/Town 3.mp3 using Guid(2527dff4e42a85a41880d0dd20d4426c) Importer(815301076,1909f56bfc062723c751e8b465ee728b)  -> (artifact id: '01645c8f20d3050202c0dd536124bd28') in 0.091503 seconds 
========================================================================
Received Import Request.
  Time since last request: 353.641523 seconds.
  path: Assets/KrishnaPalacio/MINIFANTASY - Forgotten Plains/Sprites/Tileset/Tiles.png
  artifactKey: Guid(49ebf7de40457d84495983a6734b2c68) Importer(815301076,1909f56bfc062723c751e8b465ee728b)
Start importing Assets/KrishnaPalacio/MINIFANTASY - Forgotten Plains/Sprites/Tileset/Tiles.png using Guid(49ebf7de40457d84495983a6734b2c68) Importer(815301076,1909f56bfc062723c751e8b465ee728b)  -> (artifact id: '7b493f8c7df0f1ed93128858868a96d4') in 0.996537 seconds 
========================================================================
Received Import Request.
  Time since last request: 0.193104 seconds.
  path: Assets/RPG&Fantasy Mobile GUI/panel_elements/g9106.png
  artifactKey: Guid(fd6e4dadafa75a39e9c3426c43143455) Importer(815301076,1909f56bfc062723c751e8b465ee728b)
Start importing Assets/RPG&Fantasy Mobile GUI/panel_elements/g9106.png using Guid(fd6e4dadafa75a39e9c3426c43143455) Importer(815301076,1909f56bfc062723c751e8b465ee728b)  -> (artifact id: '0817264a6dedc2c2d29bb29e821d6bba') in 0.028044 seconds 
========================================================================
Received Import Request.
  Time since last request: 0.000040 seconds.
  path: Assets/KrishnaPalacio/MINIFANTASY - Dungeon/Sprites/Props/Props.png
  artifactKey: Guid(f7b37b91088c7d44b98c5e710477bd39) Importer(815301076,1909f56bfc062723c751e8b465ee728b)
Start importing Assets/KrishnaPalacio/MINIFANTASY - Dungeon/Sprites/Props/Props.png using Guid(f7b37b91088c7d44b98c5e710477bd39) Importer(815301076,1909f56bfc062723c751e8b465ee728b)  -> (artifact id: '810609f46f889944f74a071420f3aeb4') in 0.306007 seconds 
========================================================================
Received Import Request.
  Time since last request: 0.717188 seconds.
  path: Assets/KrishnaPalacio/MINIFANTASY - Dungeon/Sprites/Tileset/FloorTilesExtra.png
  artifactKey: Guid(4f6dcb3bc012f9c439961cd00a621636) Importer(815301076,1909f56bfc062723c751e8b465ee728b)
Start importing Assets/KrishnaPalacio/MINIFANTASY - Dungeon/Sprites/Tileset/FloorTilesExtra.png using Guid(4f6dcb3bc012f9c439961cd00a621636) Importer(815301076,1909f56bfc062723c751e8b465ee728b)  -> (artifact id: '24a47092e1fcf49cd673c8fab76a023b') in 0.118479 seconds 
========================================================================
Received Import Request.
  Time since last request: 0.480076 seconds.
  path: Assets/KrishnaPalacio/MINIFANTASY - Dungeon/Sprites/Tileset/FloorTiles.png
  artifactKey: Guid(96b78cad7bb6ddf4096fc152168d88c0) Importer(815301076,1909f56bfc062723c751e8b465ee728b)
Start importing Assets/KrishnaPalacio/MINIFANTASY - Dungeon/Sprites/Tileset/FloorTiles.png using Guid(96b78cad7bb6ddf4096fc152168d88c0) Importer(815301076,1909f56bfc062723c751e8b465ee728b)  -> (artifact id: 'a759cdefb17fa7baf0e99ce9dcb85807') in 0.256986 seconds 
========================================================================
Received Import Request.
  Time since last request: 0.910962 seconds.
  path: Assets/KrishnaPalacio/MINIFANTASY - Forgotten Plains/Sprites/Tileset/TilesExtras.png
  artifactKey: Guid(162473a0430db7841a72bcd3c2c1ca47) Importer(815301076,1909f56bfc062723c751e8b465ee728b)
Start importing Assets/KrishnaPalacio/MINIFANTASY - Forgotten Plains/Sprites/Tileset/TilesExtras.png using Guid(162473a0430db7841a72bcd3c2c1ca47) Importer(815301076,1909f56bfc062723c751e8b465ee728b)  -> (artifact id: 'f364aae33fe51ed20aa5b4dcb55d1ded') in 0.570259 seconds 
========================================================================
Received Import Request.
  Time since last request: 0.000048 seconds.
  path: Assets/Art/KeyDoor/Textures/DoorKeyHole.png
  artifactKey: Guid(203276a199e434043a3ddfd4957e5145) Importer(815301076,1909f56bfc062723c751e8b465ee728b)
Start importing Assets/Art/KeyDoor/Textures/DoorKeyHole.png using Guid(203276a199e434043a3ddfd4957e5145) Importer(815301076,1909f56bfc062723c751e8b465ee728b)  -> (artifact id: '531bd175fdcc5f959c32a3218fab45b7') in 0.427443 seconds 
========================================================================
Received Import Request.
  Time since last request: 0.000034 seconds.
  path: Assets/Art/KeyDoor/Textures/DoorEmission.png
  artifactKey: Guid(ff4efd236dac048458ace1ad47066761) Importer(815301076,1909f56bfc062723c751e8b465ee728b)
Start importing Assets/Art/KeyDoor/Textures/DoorEmission.png using Guid(ff4efd236dac048458ace1ad47066761) Importer(815301076,1909f56bfc062723c751e8b465ee728b)  -> (artifact id: 'f6794ec80190a2a54f10bd1dc780e827') in 0.102579 seconds 
========================================================================
Received Import Request.
  Time since last request: 0.000033 seconds.
  path: Assets/Art/KeyDoor/Textures/DoorKeyHoleEmission.png
  artifactKey: Guid(d58331c7e69c6b84e8402f75488e551a) Importer(815301076,1909f56bfc062723c751e8b465ee728b)
Start importing Assets/Art/KeyDoor/Textures/DoorKeyHoleEmission.png using Guid(d58331c7e69c6b84e8402f75488e551a) Importer(815301076,1909f56bfc062723c751e8b465ee728b)  -> (artifact id: 'bfa76f853cfd6d6a5207083c598ac2ed') in 0.077501 seconds 
========================================================================
Received Import Request.
  Time since last request: 2.517780 seconds.
  path: Assets/Art/dialog-box.png
  artifactKey: Guid(7d35bd24ea63623459e7a2e0df998307) Importer(815301076,1909f56bfc062723c751e8b465ee728b)
Start importing Assets/Art/dialog-box.png using Guid(7d35bd24ea63623459e7a2e0df998307) Importer(815301076,1909f56bfc062723c751e8b465ee728b)  -> (artifact id: '50699722c893ce85454ab55408c42186') in 0.089421 seconds 
========================================================================
Received Import Request.
  Time since last request: 0.018029 seconds.
  path: Packages/com.unity.collab-proxy/Editor/PlasticSCM/Assets/Images/d_stevejobsbuhochristmas.png
  artifactKey: Guid(08c91a7677e66844281a99aaf6ea36f1) Importer(815301076,1909f56bfc062723c751e8b465ee728b)
Start importing Packages/com.unity.collab-proxy/Editor/PlasticSCM/Assets/Images/d_stevejobsbuhochristmas.png using Guid(08c91a7677e66844281a99aaf6ea36f1) Importer(815301076,1909f56bfc062723c751e8b465ee728b)  -> (artifact id: 'e0f4fd3777f76d0626777fad906ce32f') in 0.131873 seconds 
========================================================================
Received Import Request.
  Time since last request: 0.000042 seconds.
  path: Packages/com.unity.collab-proxy/Editor/PlasticSCM/Assets/Images/d_stevejobsbuhoshechristmas.png
  artifactKey: Guid(f008857e434b98b4eaabda1fd6af3059) Importer(815301076,1909f56bfc062723c751e8b465ee728b)
Start importing Packages/com.unity.collab-proxy/Editor/PlasticSCM/Assets/Images/d_stevejobsbuhoshechristmas.png using Guid(f008857e434b98b4eaabda1fd6af3059) Importer(815301076,1909f56bfc062723c751e8b465ee728b)  -> (artifact id: '70e87f713e40617bcd6e17bab1af8920') in 0.136248 seconds 
========================================================================
Received Import Request.
  Time since last request: 0.082759 seconds.
  path: Packages/com.unity.collab-proxy/Editor/PlasticSCM/Assets/Images/d_step3@2x.png
  artifactKey: Guid(c9ed6d6ea2f9657409bfa068d4846139) Importer(815301076,1909f56bfc062723c751e8b465ee728b)
Start importing Packages/com.unity.collab-proxy/Editor/PlasticSCM/Assets/Images/d_step3@2x.png using Guid(c9ed6d6ea2f9657409bfa068d4846139) Importer(815301076,1909f56bfc062723c751e8b465ee728b)  -> (artifact id: '84304fd69c247e94744816150507e6e6') in 0.057586 seconds 
========================================================================
Received Import Request.
  Time since last request: 0.000051 seconds.
  path: Packages/com.unity.collab-proxy/Editor/PlasticSCM/Assets/Images/d_stepok@2x.png
  artifactKey: Guid(3494dc956dfd7174abc07060940a2848) Importer(815301076,1909f56bfc062723c751e8b465ee728b)
Start importing Packages/com.unity.collab-proxy/Editor/PlasticSCM/Assets/Images/d_stepok@2x.png using Guid(3494dc956dfd7174abc07060940a2848) Importer(815301076,1909f56bfc062723c751e8b465ee728b)  -> (artifact id: '2937a52af5e062058d0ff2198dd1d7a1') in 0.087203 seconds 
========================================================================
Received Import Request.
  Time since last request: 0.000032 seconds.
  path: Packages/com.unity.collab-proxy/Editor/PlasticSCM/Assets/Images/d_step2.png
  artifactKey: Guid(897c3a3f5c4038345a7143573bbb4a40) Importer(815301076,1909f56bfc062723c751e8b465ee728b)
Start importing Packages/com.unity.collab-proxy/Editor/PlasticSCM/Assets/Images/d_step2.png using Guid(897c3a3f5c4038345a7143573bbb4a40) Importer(815301076,1909f56bfc062723c751e8b465ee728b)  -> (artifact id: '1239c4f1294a44af4aac39f427fda5ed') in 0.021179 seconds 
========================================================================
Received Import Request.
  Time since last request: 0.000058 seconds.
  path: Packages/com.unity.collab-proxy/Editor/PlasticSCM/Assets/Images/d_step3.png
  artifactKey: Guid(46930b20180b59e46b73494adf53abbb) Importer(815301076,1909f56bfc062723c751e8b465ee728b)
Start importing Packages/com.unity.collab-proxy/Editor/PlasticSCM/Assets/Images/d_step3.png using Guid(46930b20180b59e46b73494adf53abbb) Importer(815301076,1909f56bfc062723c751e8b465ee728b)  -> (artifact id: '99e0df26e3cd4d713d10017d09ccfa45') in 0.095673 seconds 
========================================================================
Received Import Request.
  Time since last request: 0.556255 seconds.
  path: Packages/com.unity.collab-proxy/Editor/PlasticSCM/Assets/Images/d_secondarytabclose.png
  artifactKey: Guid(6975ee4c1f40caf4da8dd733ee2cfeaf) Importer(815301076,1909f56bfc062723c751e8b465ee728b)
Start importing Packages/com.unity.collab-proxy/Editor/PlasticSCM/Assets/Images/d_secondarytabclose.png using Guid(6975ee4c1f40caf4da8dd733ee2cfeaf) Importer(815301076,1909f56bfc062723c751e8b465ee728b)  -> (artifact id: '7154687bc932be6aee2cc893bd4030b5') in 0.037480 seconds 
========================================================================
Received Import Request.
  Time since last request: 0.000023 seconds.
  path: Packages/com.unity.collab-proxy/Editor/PlasticSCM/Assets/Images/d_secondarytabclosehover@2x.png
  artifactKey: Guid(9aa4348290784b2468144a97eb15d8d7) Importer(815301076,1909f56bfc062723c751e8b465ee728b)
Start importing Packages/com.unity.collab-proxy/Editor/PlasticSCM/Assets/Images/d_secondarytabclosehover@2x.png using Guid(9aa4348290784b2468144a97eb15d8d7) Importer(815301076,1909f56bfc062723c751e8b465ee728b)  -> (artifact id: '3ed8ef5227ac5aaa238efbfff86d9916') in 0.062644 seconds 
========================================================================
Received Import Request.
  Time since last request: 0.000048 seconds.
  path: Packages/com.unity.collab-proxy/Editor/PlasticSCM/Assets/Images/d_step1.png
  artifactKey: Guid(38236a82ff44aaa4b972248479d5f970) Importer(815301076,1909f56bfc062723c751e8b465ee728b)
Start importing Packages/com.unity.collab-proxy/Editor/PlasticSCM/Assets/Images/d_step1.png using Guid(38236a82ff44aaa4b972248479d5f970) Importer(815301076,1909f56bfc062723c751e8b465ee728b)  -> (artifact id: '12524fb108c212d4eb031e4b1598b0dc') in 0.068351 seconds 
========================================================================
Received Import Request.
  Time since last request: 0.000036 seconds.
  path: Packages/com.unity.collab-proxy/Editor/PlasticSCM/Assets/Images/d_loading.png
  artifactKey: Guid(d58e94bfb1bac774dbb8ca9c2597ef2e) Importer(815301076,1909f56bfc062723c751e8b465ee728b)
Start importing Packages/com.unity.collab-proxy/Editor/PlasticSCM/Assets/Images/d_loading.png using Guid(d58e94bfb1bac774dbb8ca9c2597ef2e) Importer(815301076,1909f56bfc062723c751e8b465ee728b)  -> (artifact id: '22e0b307915c3246877dd6f5cec34777') in 0.074052 seconds 
========================================================================
Received Import Request.
  Time since last request: 0.000032 seconds.
  path: Packages/com.unity.collab-proxy/Editor/PlasticSCM/Assets/Images/d_iconundo.png
  artifactKey: Guid(691dc543ff5b9ca44bf846657ba04161) Importer(815301076,1909f56bfc062723c751e8b465ee728b)
Start importing Packages/com.unity.collab-proxy/Editor/PlasticSCM/Assets/Images/d_iconundo.png using Guid(691dc543ff5b9ca44bf846657ba04161) Importer(815301076,1909f56bfc062723c751e8b465ee728b)  -> (artifact id: '604cb2b195f76584001164fffc375564') in 0.022999 seconds 
========================================================================
Received Import Request.
  Time since last request: 0.000039 seconds.
  path: Packages/com.unity.collab-proxy/Editor/PlasticSCM/Assets/Images/d_ignoredoverlay.png
  artifactKey: Guid(0f5597de928ba6547895c4cdb9fa4185) Importer(815301076,1909f56bfc062723c751e8b465ee728b)
Start importing Packages/com.unity.collab-proxy/Editor/PlasticSCM/Assets/Images/d_ignoredoverlay.png using Guid(0f5597de928ba6547895c4cdb9fa4185) Importer(815301076,1909f56bfc062723c751e8b465ee728b)  -> (artifact id: '6d0c78d2ebaf1d679ba8798a94d7fae1') in 0.063854 seconds 
========================================================================
Received Import Request.
  Time since last request: 0.000048 seconds.
  path: Packages/com.unity.collab-proxy/Editor/PlasticSCM/Assets/Images/d_iconundo@2x.png
  artifactKey: Guid(6d6088174bb906b49ad8428526ee337b) Importer(815301076,1909f56bfc062723c751e8b465ee728b)
Start importing Packages/com.unity.collab-proxy/Editor/PlasticSCM/Assets/Images/d_iconundo@2x.png using Guid(6d6088174bb906b49ad8428526ee337b) Importer(815301076,1909f56bfc062723c751e8b465ee728b)  -> (artifact id: '4e03e6c632e69ed7778f01cfc9be61e5') in 0.068907 seconds 
========================================================================
Received Import Request.
  Time since last request: 10.478609 seconds.
  path: Assets/Art/UI/HealthBar.png
  artifactKey: Guid(756d71c74c5499341ab6cb63479d4416) Importer(815301076,1909f56bfc062723c751e8b465ee728b)
Start importing Assets/Art/UI/HealthBar.png using Guid(756d71c74c5499341ab6cb63479d4416) Importer(815301076,1909f56bfc062723c751e8b465ee728b)  -> (artifact id: '2e48bba8746e8c37acd026b14c9017cb') in 0.135323 seconds 
========================================================================
Received Import Request.
  Time since last request: 0.318515 seconds.
  path: Assets/Art/UI/Heart.png
  artifactKey: Guid(2b262918067f33c459d6b2721c8e392c) Importer(815301076,1909f56bfc062723c751e8b465ee728b)
Start importing Assets/Art/UI/Heart.png using Guid(2b262918067f33c459d6b2721c8e392c) Importer(815301076,1909f56bfc062723c751e8b465ee728b)  -> (artifact id: '31d22a8de6733fd55f7e5a1550b6121f') in 0.078747 seconds 
========================================================================
Received Import Request.
  Time since last request: 10.067762 seconds.
  path: Assets/Art/Traps/Fire/Hit (16x32).png
  artifactKey: Guid(73fedb4ab338fba42958a460dd73f210) Importer(815301076,1909f56bfc062723c751e8b465ee728b)
Start importing Assets/Art/Traps/Fire/Hit (16x32).png using Guid(73fedb4ab338fba42958a460dd73f210) Importer(815301076,1909f56bfc062723c751e8b465ee728b)  -> (artifact id: '69121071b1e4fe1c9531dd9d8435c9c1') in 0.086457 seconds 
========================================================================
Received Import Request.
  Time since last request: 0.000067 seconds.
  path: Assets/RPG&Fantasy Mobile GUI/icons/icon_02.png
  artifactKey: Guid(29e9f03e5bc86ea5687c09675ef24d77) Importer(815301076,1909f56bfc062723c751e8b465ee728b)
Start importing Assets/RPG&Fantasy Mobile GUI/icons/icon_02.png using Guid(29e9f03e5bc86ea5687c09675ef24d77) Importer(815301076,1909f56bfc062723c751e8b465ee728b)  -> (artifact id: 'c4ee297fb273f2f883bcfb45dbebc655') in 0.031163 seconds 
========================================================================
Received Import Request.
  Time since last request: 1.554201 seconds.
  path: Assets/RPG&Fantasy Mobile GUI/icons/icon_06.png
  artifactKey: Guid(931321f52485d53f1b3362104a8c078d) Importer(815301076,1909f56bfc062723c751e8b465ee728b)
Start importing Assets/RPG&Fantasy Mobile GUI/icons/icon_06.png using Guid(931321f52485d53f1b3362104a8c078d) Importer(815301076,1909f56bfc062723c751e8b465ee728b)  -> (artifact id: '15a87cad7a4beadb6a236e7c8c7abf6a') in 0.036223 seconds 
========================================================================
Received Import Request.
  Time since last request: 0.000043 seconds.
  path: Assets/RPG&Fantasy Mobile GUI/icons/icon_11.png
  artifactKey: Guid(6210e6a50d301ded4acb8f2ef01d5e25) Importer(815301076,1909f56bfc062723c751e8b465ee728b)
Start importing Assets/RPG&Fantasy Mobile GUI/icons/icon_11.png using Guid(6210e6a50d301ded4acb8f2ef01d5e25) Importer(815301076,1909f56bfc062723c751e8b465ee728b)  -> (artifact id: 'ee38dc7428f8f2ce383ef28a8c9c6cf2') in 0.030292 seconds 
========================================================================
Received Import Request.
  Time since last request: 0.000061 seconds.
  path: Assets/RPG&Fantasy Mobile GUI/icons/icon_16.png
  artifactKey: Guid(a9d007bda3f468fc58ef3771fd2f139d) Importer(815301076,1909f56bfc062723c751e8b465ee728b)
Start importing Assets/RPG&Fantasy Mobile GUI/icons/icon_16.png using Guid(a9d007bda3f468fc58ef3771fd2f139d) Importer(815301076,1909f56bfc062723c751e8b465ee728b)  -> (artifact id: 'aa70dc8a52bd7a3e6e02588ba20703b5') in 0.033566 seconds 
========================================================================
Received Import Request.
  Time since last request: 0.000051 seconds.
  path: Assets/RPG&Fantasy Mobile GUI/icons/icon_10.png
  artifactKey: Guid(c0b60dd298a7fefff994956f8ac9844f) Importer(815301076,1909f56bfc062723c751e8b465ee728b)
Start importing Assets/RPG&Fantasy Mobile GUI/icons/icon_10.png using Guid(c0b60dd298a7fefff994956f8ac9844f) Importer(815301076,1909f56bfc062723c751e8b465ee728b)  -> (artifact id: '06b503c45d174687a3199281a44faca2') in 0.037254 seconds 
========================================================================
Received Import Request.
  Time since last request: 0.000049 seconds.
  path: Assets/RPG&Fantasy Mobile GUI/icons/icon_21.png
  artifactKey: Guid(4613e6e8cc8b359fd91afe249631f680) Importer(815301076,1909f56bfc062723c751e8b465ee728b)
Start importing Assets/RPG&Fantasy Mobile GUI/icons/icon_21.png using Guid(4613e6e8cc8b359fd91afe249631f680) Importer(815301076,1909f56bfc062723c751e8b465ee728b)  -> (artifact id: '8c9f5d0e07f81bb4119a8d28810a4719') in 0.029610 seconds 
========================================================================
Received Import Request.
  Time since last request: 0.000040 seconds.
  path: Assets/RPG&Fantasy Mobile GUI/icons/icon_19.png
  artifactKey: Guid(9aebc4457c03913128c52036614b2d76) Importer(815301076,1909f56bfc062723c751e8b465ee728b)
Start importing Assets/RPG&Fantasy Mobile GUI/icons/icon_19.png using Guid(9aebc4457c03913128c52036614b2d76) Importer(815301076,1909f56bfc062723c751e8b465ee728b)  -> (artifact id: '948f7a5e21cb5641a712d3b781223165') in 0.034924 seconds 
========================================================================
Received Import Request.
  Time since last request: 0.000031 seconds.
  path: Assets/RPG&Fantasy Mobile GUI/icons/icon_14.png
  artifactKey: Guid(0e6653553eb7437bd8558485ca0ea763) Importer(815301076,1909f56bfc062723c751e8b465ee728b)
Start importing Assets/RPG&Fantasy Mobile GUI/icons/icon_14.png using Guid(0e6653553eb7437bd8558485ca0ea763) Importer(815301076,1909f56bfc062723c751e8b465ee728b)  -> (artifact id: '67f226a077e9752c67f5fbb03c07ee9f') in 0.032088 seconds 
========================================================================
Received Import Request.
  Time since last request: 0.000049 seconds.
  path: Assets/RPG&Fantasy Mobile GUI/icons/icon_08.png
  artifactKey: Guid(0d8f2da5a61304e498bae321ed61efe4) Importer(815301076,1909f56bfc062723c751e8b465ee728b)
Start importing Assets/RPG&Fantasy Mobile GUI/icons/icon_08.png using Guid(0d8f2da5a61304e498bae321ed61efe4) Importer(815301076,1909f56bfc062723c751e8b465ee728b)  -> (artifact id: '976f06528ba235e158d282ef1e6bed6c') in 0.033747 seconds 
========================================================================
Received Import Request.
  Time since last request: 0.413263 seconds.
  path: Assets/RPG&Fantasy Mobile GUI/icons/icon_22.png
  artifactKey: Guid(116e577fbe5b4839f890c5ca673b8dcd) Importer(815301076,1909f56bfc062723c751e8b465ee728b)
Start importing Assets/RPG&Fantasy Mobile GUI/icons/icon_22.png using Guid(116e577fbe5b4839f890c5ca673b8dcd) Importer(815301076,1909f56bfc062723c751e8b465ee728b)  -> (artifact id: 'bb395298a5f50e80bd981d182773685e') in 0.030689 seconds 
========================================================================
Received Import Request.
  Time since last request: 0.000111 seconds.
  path: Assets/RPG&Fantasy Mobile GUI/icons/icon_25.png
  artifactKey: Guid(66fd78659f261d20692b28a637838d39) Importer(815301076,1909f56bfc062723c751e8b465ee728b)
Start importing Assets/RPG&Fantasy Mobile GUI/icons/icon_25.png using Guid(66fd78659f261d20692b28a637838d39) Importer(815301076,1909f56bfc062723c751e8b465ee728b)  -> (artifact id: '66e749abf108e162b96c3211389c2b98') in 0.032180 seconds 
========================================================================
Received Import Request.
  Time since last request: 0.003097 seconds.
  path: Assets/RPG&Fantasy Mobile GUI/icons/icon_26.png
  artifactKey: Guid(189bccbfbaac3827fa6dced01cc65af5) Importer(815301076,1909f56bfc062723c751e8b465ee728b)
Start importing Assets/RPG&Fantasy Mobile GUI/icons/icon_26.png using Guid(189bccbfbaac3827fa6dced01cc65af5) Importer(815301076,1909f56bfc062723c751e8b465ee728b)  -> (artifact id: 'ff5aef31a0b7163fd17cfb7e190980a9') in 0.036302 seconds 
========================================================================
Received Import Request.
  Time since last request: 0.000036 seconds.
  path: Assets/RPG&Fantasy Mobile GUI/icons/icon_28.png
  artifactKey: Guid(264b09da99220ec079deb4158724565c) Importer(815301076,1909f56bfc062723c751e8b465ee728b)
Start importing Assets/RPG&Fantasy Mobile GUI/icons/icon_28.png using Guid(264b09da99220ec079deb4158724565c) Importer(815301076,1909f56bfc062723c751e8b465ee728b)  -> (artifact id: 'b91fec9128c441d91fe8e25eb2212db0') in 0.034699 seconds 
========================================================================
Received Import Request.
  Time since last request: 0.009083 seconds.
  path: Assets/RPG&Fantasy Mobile GUI/icons/icon_30.png
  artifactKey: Guid(a520a3a1d6e4514c3b8b02f55bc15e4e) Importer(815301076,1909f56bfc062723c751e8b465ee728b)
Start importing Assets/RPG&Fantasy Mobile GUI/icons/icon_30.png using Guid(a520a3a1d6e4514c3b8b02f55bc15e4e) Importer(815301076,1909f56bfc062723c751e8b465ee728b)  -> (artifact id: '2cb9608aadcd2a3b075c9d343de63236') in 0.031732 seconds 
========================================================================
Received Import Request.
  Time since last request: 0.000148 seconds.
  path: Assets/RPG&Fantasy Mobile GUI/icons/icon_32.png
  artifactKey: Guid(37fffb7c14ef47af58678c36e249ba35) Importer(815301076,1909f56bfc062723c751e8b465ee728b)
Start importing Assets/RPG&Fantasy Mobile GUI/icons/icon_32.png using Guid(37fffb7c14ef47af58678c36e249ba35) Importer(815301076,1909f56bfc062723c751e8b465ee728b)  -> (artifact id: '99dc3425a0a9c1978af37af0e1ec94e5') in 0.035468 seconds 
========================================================================
Received Import Request.
  Time since last request: 4.225511 seconds.
  path: Assets/RPG&Fantasy Mobile GUI/icons/icon_34.png
  artifactKey: Guid(8b7fabfcd1632ef9991570e2dc9a7afb) Importer(815301076,1909f56bfc062723c751e8b465ee728b)
Start importing Assets/RPG&Fantasy Mobile GUI/icons/icon_34.png using Guid(8b7fabfcd1632ef9991570e2dc9a7afb) Importer(815301076,1909f56bfc062723c751e8b465ee728b)  -> (artifact id: 'a3847eba02413ecb852c7629f4009546') in 0.181532 seconds 
========================================================================
Received Import Request.
  Time since last request: 0.000042 seconds.
  path: Packages/com.unity.collab-proxy/Editor/PlasticSCM/Assets/Images/iconcheckedoutlocaloverlay@2x.png
  artifactKey: Guid(3999034958d54364da380a8839a11050) Importer(815301076,1909f56bfc062723c751e8b465ee728b)
Start importing Packages/com.unity.collab-proxy/Editor/PlasticSCM/Assets/Images/iconcheckedoutlocaloverlay@2x.png using Guid(3999034958d54364da380a8839a11050) Importer(815301076,1909f56bfc062723c751e8b465ee728b)  -> (artifact id: '709a92224db5e81e6ef7d71baa4a7fa5') in 0.257785 seconds 
========================================================================
Received Import Request.
  Time since last request: 0.000060 seconds.
  path: Packages/com.unity.collab-proxy/Editor/PlasticSCM/Assets/Images/iconaddedoverlay@2x.png
  artifactKey: Guid(74ef721fef79c44489d4e3edb0ab0c01) Importer(815301076,1909f56bfc062723c751e8b465ee728b)
Start importing Packages/com.unity.collab-proxy/Editor/PlasticSCM/Assets/Images/iconaddedoverlay@2x.png using Guid(74ef721fef79c44489d4e3edb0ab0c01) Importer(815301076,1909f56bfc062723c751e8b465ee728b)  -> (artifact id: 'e105c099951daa37cd5d779f8e4d8883') in 0.057029 seconds 
========================================================================
Received Import Request.
  Time since last request: 0.000033 seconds.
  path: Packages/com.unity.collab-proxy/Editor/PlasticSCM/Assets/Images/iconbranch@2x.png
  artifactKey: Guid(e45389a8a97044d4caf408f252370632) Importer(815301076,1909f56bfc062723c751e8b465ee728b)
Start importing Packages/com.unity.collab-proxy/Editor/PlasticSCM/Assets/Images/iconbranch@2x.png using Guid(e45389a8a97044d4caf408f252370632) Importer(815301076,1909f56bfc062723c751e8b465ee728b)  -> (artifact id: 'e6dc76ab2bd9729c8f9c529f96a9ab3f') in 0.117674 seconds 
========================================================================
Received Import Request.
  Time since last request: 0.138381 seconds.
  path: Packages/com.unity.collab-proxy/Editor/PlasticSCM/Assets/Images/iconclosebutton.png
  artifactKey: Guid(13527793884104b46b7446fd7464c3ed) Importer(815301076,1909f56bfc062723c751e8b465ee728b)
Start importing Packages/com.unity.collab-proxy/Editor/PlasticSCM/Assets/Images/iconclosebutton.png using Guid(13527793884104b46b7446fd7464c3ed) Importer(815301076,1909f56bfc062723c751e8b465ee728b)  -> (artifact id: '969910946b108a0118312decbae498e9') in 0.217878 seconds 
========================================================================
Received Import Request.
  Time since last request: 0.646942 seconds.
  path: Packages/com.unity.collab-proxy/Editor/PlasticSCM/Assets/Images/iconconflictresolvedoverlay@2x.png
  artifactKey: Guid(309b1d5a294fd6c43ae9cf77656c1852) Importer(815301076,1909f56bfc062723c751e8b465ee728b)
Start importing Packages/com.unity.collab-proxy/Editor/PlasticSCM/Assets/Images/iconconflictresolvedoverlay@2x.png using Guid(309b1d5a294fd6c43ae9cf77656c1852) Importer(815301076,1909f56bfc062723c751e8b465ee728b)  -> (artifact id: '405bb6364dcd44d28e9353a69d8833a0') in 0.057183 seconds 
========================================================================
Received Import Request.
  Time since last request: 0.000089 seconds.
  path: Packages/com.unity.collab-proxy/Editor/PlasticSCM/Assets/Images/icondeletedlocaloverlay@2x.png
  artifactKey: Guid(a3e491f99ea3ad74f8731ca93e84c497) Importer(815301076,1909f56bfc062723c751e8b465ee728b)
Start importing Packages/com.unity.collab-proxy/Editor/PlasticSCM/Assets/Images/icondeletedlocaloverlay@2x.png using Guid(a3e491f99ea3ad74f8731ca93e84c497) Importer(815301076,1909f56bfc062723c751e8b465ee728b)  -> (artifact id: '8d60abdafcc41f9ab44824bcf6177f01') in 0.051630 seconds 
========================================================================
Received Import Request.
  Time since last request: 0.052379 seconds.
  path: Packages/com.unity.collab-proxy/Editor/PlasticSCM/Assets/Images/icondeletedremote@2x.png
  artifactKey: Guid(70e3ce8ad01f39248a3ea97a35bcf238) Importer(815301076,1909f56bfc062723c751e8b465ee728b)
Start importing Packages/com.unity.collab-proxy/Editor/PlasticSCM/Assets/Images/icondeletedremote@2x.png using Guid(70e3ce8ad01f39248a3ea97a35bcf238) Importer(815301076,1909f56bfc062723c751e8b465ee728b)  -> (artifact id: 'd41688e2c9732740ee1502ac3945445f') in 0.070091 seconds 
========================================================================
Received Import Request.
  Time since last request: 0.000026 seconds.
  path: Packages/com.unity.collab-proxy/Editor/PlasticSCM/Assets/Images/iconemptygravatar.png
  artifactKey: Guid(91976e8b9ce0f0341838727acd55621c) Importer(815301076,1909f56bfc062723c751e8b465ee728b)
Start importing Packages/com.unity.collab-proxy/Editor/PlasticSCM/Assets/Images/iconemptygravatar.png using Guid(91976e8b9ce0f0341838727acd55621c) Importer(815301076,1909f56bfc062723c751e8b465ee728b)  -> (artifact id: '37ded75814200572756244a74a533f22') in 0.072346 seconds 
========================================================================
Received Import Request.
  Time since last request: 12.629851 seconds.
  path: Packages/com.unity.collab-proxy/Editor/PlasticSCM/Assets/Images/iconlockedlocaloverlay@2x.png
  artifactKey: Guid(b528c1b33a65cf94ea74f830b54c9acb) Importer(815301076,1909f56bfc062723c751e8b465ee728b)
Start importing Packages/com.unity.collab-proxy/Editor/PlasticSCM/Assets/Images/iconlockedlocaloverlay@2x.png using Guid(b528c1b33a65cf94ea74f830b54c9acb) Importer(815301076,1909f56bfc062723c751e8b465ee728b)  -> (artifact id: '194e56d0ea3782ffdc152cc0c6648684') in 0.052125 seconds 
========================================================================
Received Import Request.
  Time since last request: 0.000042 seconds.
  path: Assets/TinyRPGTown/Artwork/Sprites/npc.png
  artifactKey: Guid(df894d170d5f44be293fae0ef08b055c) Importer(815301076,1909f56bfc062723c751e8b465ee728b)
Start importing Assets/TinyRPGTown/Artwork/Sprites/npc.png using Guid(df894d170d5f44be293fae0ef08b055c) Importer(815301076,1909f56bfc062723c751e8b465ee728b)  -> (artifact id: '2fdc98106f75d48d5e452a0f3a2ddb0f') in 0.093841 seconds 
========================================================================
Received Import Request.
  Time since last request: 0.000056 seconds.
  path: Assets/RPG&Fantasy Mobile GUI/symbols/number_04.png
  artifactKey: Guid(3f45609815f16c672a33bf956a5821e8) Importer(815301076,1909f56bfc062723c751e8b465ee728b)
Start importing Assets/RPG&Fantasy Mobile GUI/symbols/number_04.png using Guid(3f45609815f16c672a33bf956a5821e8) Importer(815301076,1909f56bfc062723c751e8b465ee728b)  -> (artifact id: 'e19fd2ccfd2940549134f9452afe609d') in 0.033721 seconds 
========================================================================
Received Import Request.
  Time since last request: 0.000061 seconds.
  path: Assets/RPG&Fantasy Mobile GUI/symbols/number_06.png
  artifactKey: Guid(eb7730b9653013a7683f8093cc1118c4) Importer(815301076,1909f56bfc062723c751e8b465ee728b)
Start importing Assets/RPG&Fantasy Mobile GUI/symbols/number_06.png using Guid(eb7730b9653013a7683f8093cc1118c4) Importer(815301076,1909f56bfc062723c751e8b465ee728b)  -> (artifact id: 'fc8adf4f5814d8a952f62d5c5a9b7303') in 0.031840 seconds 
========================================================================
Received Import Request.
  Time since last request: 0.000050 seconds.
  path: Packages/com.unity.collab-proxy/Editor/PlasticSCM/Assets/Images/ok.png
  artifactKey: Guid(3238dca1e9ea9fb4aa64b28298ba6dbd) Importer(815301076,1909f56bfc062723c751e8b465ee728b)
Start importing Packages/com.unity.collab-proxy/Editor/PlasticSCM/Assets/Images/ok.png using Guid(3238dca1e9ea9fb4aa64b28298ba6dbd) Importer(815301076,1909f56bfc062723c751e8b465ee728b)  -> (artifact id: 'b90926dea89e6ae5c35f1d1038d85e62') in 0.075203 seconds 
========================================================================
Received Import Request.
  Time since last request: 0.000027 seconds.
  path: Packages/com.unity.collab-proxy/Editor/PlasticSCM/Assets/Images/iconmergelink.png
  artifactKey: Guid(120bf54dff785a0429b068b814e9c12a) Importer(815301076,1909f56bfc062723c751e8b465ee728b)
Start importing Packages/com.unity.collab-proxy/Editor/PlasticSCM/Assets/Images/iconmergelink.png using Guid(120bf54dff785a0429b068b814e9c12a) Importer(815301076,1909f56bfc062723c751e8b465ee728b)  -> (artifact id: 'd8c0686dbc4edb9178e0388397259292') in 0.049042 seconds 
========================================================================
Received Import Request.
  Time since last request: 0.000024 seconds.
  path: Assets/Art/Floors/Overworld.png
  artifactKey: Guid(73186b80fb6a79f46b54ed77f817d896) Importer(815301076,1909f56bfc062723c751e8b465ee728b)
Start importing Assets/Art/Floors/Overworld.png using Guid(73186b80fb6a79f46b54ed77f817d896) Importer(815301076,1909f56bfc062723c751e8b465ee728b)  -> (artifact id: 'a097ec41958074d895f0516f51fd70e6') in 2.957208 seconds 
========================================================================
Received Import Request.
  Time since last request: 28.217360 seconds.
  path: Assets/RPG&Fantasy Mobile GUI/panels/panel_01.png
  artifactKey: Guid(ba5c9bd9ccbfd4277bf39ab07ff889b0) Importer(815301076,1909f56bfc062723c751e8b465ee728b)
Start importing Assets/RPG&Fantasy Mobile GUI/panels/panel_01.png using Guid(ba5c9bd9ccbfd4277bf39ab07ff889b0) Importer(815301076,1909f56bfc062723c751e8b465ee728b)  -> (artifact id: 'd06ab6070f30dd818d9d72d6627d4c6e') in 0.071516 seconds 
========================================================================
Received Import Request.
  Time since last request: 0.000038 seconds.
  path: Assets/RPG&Fantasy Mobile GUI/panel_elements/panel_element_44.png
  artifactKey: Guid(a4ccf63c4cebcdab598c187ca1fbdbbb) Importer(815301076,1909f56bfc062723c751e8b465ee728b)
Start importing Assets/RPG&Fantasy Mobile GUI/panel_elements/panel_element_44.png using Guid(a4ccf63c4cebcdab598c187ca1fbdbbb) Importer(815301076,1909f56bfc062723c751e8b465ee728b)  -> (artifact id: '57b8d9ff37e945f77d43652f9a3c49fd') in 0.108911 seconds 
========================================================================
Received Import Request.
  Time since last request: 0.000049 seconds.
  path: Assets/RPG&Fantasy Mobile GUI/panel_elements/panel_element_21.png
  artifactKey: Guid(56d134d8c6859b31d93ddc3e99c699ae) Importer(815301076,1909f56bfc062723c751e8b465ee728b)
Start importing Assets/RPG&Fantasy Mobile GUI/panel_elements/panel_element_21.png using Guid(56d134d8c6859b31d93ddc3e99c699ae) Importer(815301076,1909f56bfc062723c751e8b465ee728b)  -> (artifact id: '5257a4f180aaab9552b7139e8bfc19f9') in 0.025993 seconds 
========================================================================
Received Import Request.
  Time since last request: 0.000046 seconds.
  path: Assets/RPG&Fantasy Mobile GUI/panel_elements/panel_element_33.png
  artifactKey: Guid(d9294c881082474fb847718f3bec4be3) Importer(815301076,1909f56bfc062723c751e8b465ee728b)
Start importing Assets/RPG&Fantasy Mobile GUI/panel_elements/panel_element_33.png using Guid(d9294c881082474fb847718f3bec4be3) Importer(815301076,1909f56bfc062723c751e8b465ee728b)  -> (artifact id: '8d9492ce469c309c611fc828c2e77012') in 0.033362 seconds 
========================================================================
Received Import Request.
  Time since last request: 0.000061 seconds.
  path: Assets/RPG&Fantasy Mobile GUI/panel_elements/panel_element_12.png
  artifactKey: Guid(e5dfad7b546d7c42a8fa7bd83bf64383) Importer(815301076,1909f56bfc062723c751e8b465ee728b)
Start importing Assets/RPG&Fantasy Mobile GUI/panel_elements/panel_element_12.png using Guid(e5dfad7b546d7c42a8fa7bd83bf64383) Importer(815301076,1909f56bfc062723c751e8b465ee728b)  -> (artifact id: '9b9bc111e188512e034061135f60f762') in 0.052457 seconds 
========================================================================
Received Import Request.
  Time since last request: 0.000055 seconds.
  path: Assets/RPG&Fantasy Mobile GUI/panel_elements/panel_element_19.png
  artifactKey: Guid(6acd0b4976399de83a5581bff5ae7ebc) Importer(815301076,1909f56bfc062723c751e8b465ee728b)
Start importing Assets/RPG&Fantasy Mobile GUI/panel_elements/panel_element_19.png using Guid(6acd0b4976399de83a5581bff5ae7ebc) Importer(815301076,1909f56bfc062723c751e8b465ee728b)  -> (artifact id: 'e5b9f144071b0cf5a168199035133f07') in 0.038938 seconds 
========================================================================
Received Import Request.
  Time since last request: 0.000055 seconds.
  path: Assets/RPG&Fantasy Mobile GUI/panels/panel_03.png
  artifactKey: Guid(9f25b2901468c6fdb9aeac1f2b006f12) Importer(815301076,1909f56bfc062723c751e8b465ee728b)
Start importing Assets/RPG&Fantasy Mobile GUI/panels/panel_03.png using Guid(9f25b2901468c6fdb9aeac1f2b006f12) Importer(815301076,1909f56bfc062723c751e8b465ee728b)  -> (artifact id: '12ef7592216eb0ae8a6b3855da640785') in 0.107500 seconds 
========================================================================
Received Import Request.
  Time since last request: 0.000044 seconds.
  path: Assets/RPG&Fantasy Mobile GUI/panel_elements/panel_element_17.png
  artifactKey: Guid(467ed2c6bf8e215a68b9318b372523c2) Importer(815301076,1909f56bfc062723c751e8b465ee728b)
Start importing Assets/RPG&Fantasy Mobile GUI/panel_elements/panel_element_17.png using Guid(467ed2c6bf8e215a68b9318b372523c2) Importer(815301076,1909f56bfc062723c751e8b465ee728b)  -> (artifact id: '7d5be453a97f8e24397a3c55a3552d3c') in 0.040427 seconds 
========================================================================
Received Import Request.
  Time since last request: 0.000074 seconds.
  path: Assets/RPG&Fantasy Mobile GUI/panel_elements/panel_element_49.png
  artifactKey: Guid(bb8cd313521bd8eed945fd0f1bf2dd22) Importer(815301076,1909f56bfc062723c751e8b465ee728b)
Start importing Assets/RPG&Fantasy Mobile GUI/panel_elements/panel_element_49.png using Guid(bb8cd313521bd8eed945fd0f1bf2dd22) Importer(815301076,1909f56bfc062723c751e8b465ee728b)  -> (artifact id: 'ec53b28812e73188b78056ec393f12cc') in 0.041245 seconds 
========================================================================
Received Import Request.
  Time since last request: 0.000050 seconds.
  path: Assets/RPG&Fantasy Mobile GUI/panel_elements/panel_element_25.png
  artifactKey: Guid(00131504b74d09cb5a7f6d424c6a59d7) Importer(815301076,1909f56bfc062723c751e8b465ee728b)
Start importing Assets/RPG&Fantasy Mobile GUI/panel_elements/panel_element_25.png using Guid(00131504b74d09cb5a7f6d424c6a59d7) Importer(815301076,1909f56bfc062723c751e8b465ee728b)  -> (artifact id: '30e6f9abedf38a574c24b78a956bcf65') in 0.038831 seconds 
========================================================================
Received Import Request.
  Time since last request: 0.000048 seconds.
  path: Assets/RPG&Fantasy Mobile GUI/panel_elements/panel_element_06.png
  artifactKey: Guid(370b39e28ffe4fb308cb43cab34575b9) Importer(815301076,1909f56bfc062723c751e8b465ee728b)
Start importing Assets/RPG&Fantasy Mobile GUI/panel_elements/panel_element_06.png using Guid(370b39e28ffe4fb308cb43cab34575b9) Importer(815301076,1909f56bfc062723c751e8b465ee728b)  -> (artifact id: '871586fd945e8e7aa2b65628f9d06ccb') in 0.045397 seconds 
========================================================================
Received Import Request.
  Time since last request: 0.000049 seconds.
  path: Assets/RPG&Fantasy Mobile GUI/panel_elements/panel_element_20.png
  artifactKey: Guid(96a40a9d198b0ab9b855a22a3c6eb665) Importer(815301076,1909f56bfc062723c751e8b465ee728b)
Start importing Assets/RPG&Fantasy Mobile GUI/panel_elements/panel_element_20.png using Guid(96a40a9d198b0ab9b855a22a3c6eb665) Importer(815301076,1909f56bfc062723c751e8b465ee728b)  -> (artifact id: 'f187466e68867c6e3c9f8401192eec84') in 0.033798 seconds 
========================================================================
Received Import Request.
  Time since last request: 0.000037 seconds.
  path: Assets/RPG&Fantasy Mobile GUI/panel_elements/panel_element_45.png
  artifactKey: Guid(bb93d06002d88795ab32470918b1766c) Importer(815301076,1909f56bfc062723c751e8b465ee728b)
Start importing Assets/RPG&Fantasy Mobile GUI/panel_elements/panel_element_45.png using Guid(bb93d06002d88795ab32470918b1766c) Importer(815301076,1909f56bfc062723c751e8b465ee728b)  -> (artifact id: '1ac9b9d46fb6f07fb0d20658bcc46e0e') in 0.045383 seconds 
========================================================================
Received Import Request.
  Time since last request: 0.000051 seconds.
  path: Assets/RPG&Fantasy Mobile GUI/panel_elements/panel_element_31.png
  artifactKey: Guid(a23917a61521b7993a7903c700b35904) Importer(815301076,1909f56bfc062723c751e8b465ee728b)
Start importing Assets/RPG&Fantasy Mobile GUI/panel_elements/panel_element_31.png using Guid(a23917a61521b7993a7903c700b35904) Importer(815301076,1909f56bfc062723c751e8b465ee728b)  -> (artifact id: '84583f946614a07bdaa7e5cea62641ce') in 0.049960 seconds 
========================================================================
Received Import Request.
  Time since last request: 0.000185 seconds.
  path: Assets/RPG&Fantasy Mobile GUI/panel_elements/panel_element_26.png
  artifactKey: Guid(7414584b0a86c8e8b8bc27d172de10dc) Importer(815301076,1909f56bfc062723c751e8b465ee728b)
Start importing Assets/RPG&Fantasy Mobile GUI/panel_elements/panel_element_26.png using Guid(7414584b0a86c8e8b8bc27d172de10dc) Importer(815301076,1909f56bfc062723c751e8b465ee728b)  -> (artifact id: '45adbce64ec884c4ee6ee01b109fb80f') in 0.042006 seconds 
========================================================================
Received Import Request.
  Time since last request: 0.000048 seconds.
  path: Assets/RPG&Fantasy Mobile GUI/panels/panel_07.png
  artifactKey: Guid(4409c2fc9dc87fa688fb47b88485e22a) Importer(815301076,1909f56bfc062723c751e8b465ee728b)
Start importing Assets/RPG&Fantasy Mobile GUI/panels/panel_07.png using Guid(4409c2fc9dc87fa688fb47b88485e22a) Importer(815301076,1909f56bfc062723c751e8b465ee728b)  -> (artifact id: '4bb7742603ef4761a8c6e9da1b9f2cdd') in 0.039579 seconds 
========================================================================
Received Import Request.
  Time since last request: 0.000038 seconds.
  path: Assets/KrishnaPalacio/MINIFANTASY - Forgotten Plains/Sprites/Tileset/River/RiverCurvesOnlyDiagonalTiles.png
  artifactKey: Guid(ef4afce9909ccff41949808d0c0d5619) Importer(815301076,1909f56bfc062723c751e8b465ee728b)
Start importing Assets/KrishnaPalacio/MINIFANTASY - Forgotten Plains/Sprites/Tileset/River/RiverCurvesOnlyDiagonalTiles.png using Guid(ef4afce9909ccff41949808d0c0d5619) Importer(815301076,1909f56bfc062723c751e8b465ee728b)  -> (artifact id: '015fc1654b616c406c80d4c7015cc492') in 0.380335 seconds 
========================================================================
Received Import Request.
  Time since last request: 0.000046 seconds.
  path: Assets/RPG&Fantasy Mobile GUI/panel_elements/panel_element_34.png
  artifactKey: Guid(283e8429ae5e927c8a66dd48651e48c1) Importer(815301076,1909f56bfc062723c751e8b465ee728b)
Start importing Assets/RPG&Fantasy Mobile GUI/panel_elements/panel_element_34.png using Guid(283e8429ae5e927c8a66dd48651e48c1) Importer(815301076,1909f56bfc062723c751e8b465ee728b)  -> (artifact id: '558a005362e2ca699ddc08cd3ce58d68') in 0.028482 seconds 
========================================================================
Received Import Request.
  Time since last request: 0.000058 seconds.
  path: Assets/RPG&Fantasy Mobile GUI/panel_elements/panel_element_23.png
  artifactKey: Guid(cbc7d9254a90809c4ac1cdc243745fa0) Importer(815301076,1909f56bfc062723c751e8b465ee728b)
Start importing Assets/RPG&Fantasy Mobile GUI/panel_elements/panel_element_23.png using Guid(cbc7d9254a90809c4ac1cdc243745fa0) Importer(815301076,1909f56bfc062723c751e8b465ee728b)  -> (artifact id: '46465064a464997ab80efeb7e4e14b6d') in 0.031114 seconds 
========================================================================
Received Import Request.
  Time since last request: 0.000039 seconds.
  path: Assets/RPG&Fantasy Mobile GUI/panel_elements/panel_element_36.png
  artifactKey: Guid(cc02676f5646d98e49b859788a0eb6d7) Importer(815301076,1909f56bfc062723c751e8b465ee728b)
Start importing Assets/RPG&Fantasy Mobile GUI/panel_elements/panel_element_36.png using Guid(cc02676f5646d98e49b859788a0eb6d7) Importer(815301076,1909f56bfc062723c751e8b465ee728b)  -> (artifact id: '786ce4e6fcdf727a49e00da2dc191e61') in 0.032516 seconds 
========================================================================
Received Import Request.
  Time since last request: 0.000052 seconds.
  path: Assets/RPG&Fantasy Mobile GUI/panel_elements/panel_element_16.png
  artifactKey: Guid(2b78f585ee481d544ab53c70cdb8be8c) Importer(815301076,1909f56bfc062723c751e8b465ee728b)
Start importing Assets/RPG&Fantasy Mobile GUI/panel_elements/panel_element_16.png using Guid(2b78f585ee481d544ab53c70cdb8be8c) Importer(815301076,1909f56bfc062723c751e8b465ee728b)  -> (artifact id: '57612e12f312c06b539256bd5b6ba900') in 0.035150 seconds 
========================================================================
Received Import Request.
  Time since last request: 0.000057 seconds.
  path: Assets/RPG&Fantasy Mobile GUI/panel_elements/panel_element_13.png
  artifactKey: Guid(6e554685155db0245abe2f27f3b5029e) Importer(815301076,1909f56bfc062723c751e8b465ee728b)
Start importing Assets/RPG&Fantasy Mobile GUI/panel_elements/panel_element_13.png using Guid(6e554685155db0245abe2f27f3b5029e) Importer(815301076,1909f56bfc062723c751e8b465ee728b)  -> (artifact id: 'f21b99cfed4740eb95cb1223198498d6') in 0.041470 seconds 
========================================================================
Received Import Request.
  Time since last request: 0.000041 seconds.
  path: Assets/RPG&Fantasy Mobile GUI/panel_elements/panel_element_05.png
  artifactKey: Guid(10dcc0f8170a178958b290ed4590e17c) Importer(815301076,1909f56bfc062723c751e8b465ee728b)
Start importing Assets/RPG&Fantasy Mobile GUI/panel_elements/panel_element_05.png using Guid(10dcc0f8170a178958b290ed4590e17c) Importer(815301076,1909f56bfc062723c751e8b465ee728b)  -> (artifact id: '415fa7b34b90f5452cac74c4bd306811') in 0.039312 seconds 
========================================================================
Received Import Request.
  Time since last request: 0.000081 seconds.
  path: Assets/RPG&Fantasy Mobile GUI/panel_elements/panel_element_46.png
  artifactKey: Guid(71228c9a38ba44432853e15033d9b5bf) Importer(815301076,1909f56bfc062723c751e8b465ee728b)
Start importing Assets/RPG&Fantasy Mobile GUI/panel_elements/panel_element_46.png using Guid(71228c9a38ba44432853e15033d9b5bf) Importer(815301076,1909f56bfc062723c751e8b465ee728b)  -> (artifact id: 'd345fe10a0df1a459ba2a156b63b1351') in 0.053175 seconds 
========================================================================
Received Import Request.
  Time since last request: 10.235923 seconds.
  path: Assets/RPG&Fantasy Mobile GUI/panel_elements/star.png
  artifactKey: Guid(ff5c89d47eaab58e794b453f0f79d8cf) Importer(815301076,1909f56bfc062723c751e8b465ee728b)
Start importing Assets/RPG&Fantasy Mobile GUI/panel_elements/star.png using Guid(ff5c89d47eaab58e794b453f0f79d8cf) Importer(815301076,1909f56bfc062723c751e8b465ee728b)  -> (artifact id: '048059fc7c28024a0a3762cd37821fab') in 0.039797 seconds 
========================================================================
Received Import Request.
  Time since last request: 284.217651 seconds.
  path: Packages/com.unity.collab-proxy/Editor/PlasticSCM/Assets/Images/xlink.png
  artifactKey: Guid(556a2f3b046024d4c9621c1b4be5f0c1) Importer(815301076,1909f56bfc062723c751e8b465ee728b)
Start importing Packages/com.unity.collab-proxy/Editor/PlasticSCM/Assets/Images/xlink.png using Guid(556a2f3b046024d4c9621c1b4be5f0c1) Importer(815301076,1909f56bfc062723c751e8b465ee728b)  -> (artifact id: '606edf1e821dfdb85c3172ada55324d2') in 0.224221 seconds 
========================================================================
Received Import Request.
  Time since last request: 7.904236 seconds.
  path: Packages/com.unity.collab-proxy/Editor/PlasticSCM/Assets/Images/d_iconclosebutton.png
  artifactKey: Guid(9cadde7a0d5f9024ab3f2cd5f6a740d6) Importer(815301076,1909f56bfc062723c751e8b465ee728b)
Start importing Packages/com.unity.collab-proxy/Editor/PlasticSCM/Assets/Images/d_iconclosebutton.png using Guid(9cadde7a0d5f9024ab3f2cd5f6a740d6) Importer(815301076,1909f56bfc062723c751e8b465ee728b)  -> (artifact id: '56654b458e5481236061df6db1944f0b') in 0.145808 seconds 
========================================================================
Received Import Request.
  Time since last request: 0.000036 seconds.
  path: Packages/com.unity.collab-proxy/Editor/PlasticSCM/Assets/Images/secondarytabclose.png
  artifactKey: Guid(03cefa94d5aa9d74993fb2138af9d607) Importer(815301076,1909f56bfc062723c751e8b465ee728b)
Start importing Packages/com.unity.collab-proxy/Editor/PlasticSCM/Assets/Images/secondarytabclose.png using Guid(03cefa94d5aa9d74993fb2138af9d607) Importer(815301076,1909f56bfc062723c751e8b465ee728b)  -> (artifact id: 'bd48800f1a96c23f05b621f891596d56') in 0.153537 seconds 
========================================================================
Received Import Request.
  Time since last request: 0.000076 seconds.
  path: Assets/Art/Sample_sceme/TEST_Closed_scroll.png
  artifactKey: Guid(8000b8af7793bb5489f61102b50d10fc) Importer(815301076,1909f56bfc062723c751e8b465ee728b)
Start importing Assets/Art/Sample_sceme/TEST_Closed_scroll.png using Guid(8000b8af7793bb5489f61102b50d10fc) Importer(815301076,1909f56bfc062723c751e8b465ee728b)  -> (artifact id: '57b8d0e2c28202c371008d485e93abd9') in 0.110261 seconds 
========================================================================
Received Import Request.
  Time since last request: 11.608546 seconds.
  path: Assets/RPG&Fantasy Mobile GUI/buttons/button_02.png
  artifactKey: Guid(a10bf09464522f3f68929d4b4924023f) Importer(815301076,1909f56bfc062723c751e8b465ee728b)
Start importing Assets/RPG&Fantasy Mobile GUI/buttons/button_02.png using Guid(a10bf09464522f3f68929d4b4924023f) Importer(815301076,1909f56bfc062723c751e8b465ee728b)  -> (artifact id: 'ef1768686446d081fb842fa6cb2c00e6') in 0.042489 seconds 
========================================================================
Received Import Request.
  Time since last request: 0.000034 seconds.
  path: Assets/RPG&Fantasy Mobile GUI/buttons/button_05.png
  artifactKey: Guid(e6725efcea78a3d1ba90fcb16fccf4e9) Importer(815301076,1909f56bfc062723c751e8b465ee728b)
Start importing Assets/RPG&Fantasy Mobile GUI/buttons/button_05.png using Guid(e6725efcea78a3d1ba90fcb16fccf4e9) Importer(815301076,1909f56bfc062723c751e8b465ee728b)  -> (artifact id: 'ca414061f9c5b927601601c88b05e47b') in 0.030325 seconds 
========================================================================
Received Import Request.
  Time since last request: 0.000036 seconds.
  path: Assets/RPG&Fantasy Mobile GUI/buttons/button_06.png
  artifactKey: Guid(60657787159a9b1bc9e6a52dd1022923) Importer(815301076,1909f56bfc062723c751e8b465ee728b)
Start importing Assets/RPG&Fantasy Mobile GUI/buttons/button_06.png using Guid(60657787159a9b1bc9e6a52dd1022923) Importer(815301076,1909f56bfc062723c751e8b465ee728b)  -> (artifact id: '3d365b2b4c05e5bd3c6cb2dd26e3ee00') in 0.032676 seconds 
========================================================================
Received Import Request.
  Time since last request: 0.000040 seconds.
  path: Assets/RPG&Fantasy Mobile GUI/buttons/button_22.png
  artifactKey: Guid(093cf536effc265bc938fbf8b855b9fe) Importer(815301076,1909f56bfc062723c751e8b465ee728b)
Start importing Assets/RPG&Fantasy Mobile GUI/buttons/button_22.png using Guid(093cf536effc265bc938fbf8b855b9fe) Importer(815301076,1909f56bfc062723c751e8b465ee728b)  -> (artifact id: 'f2984046fd4e3023db3557e7bcd1a500') in 0.034540 seconds 
========================================================================
Received Import Request.
  Time since last request: 0.000040 seconds.
  path: Assets/RPG&Fantasy Mobile GUI/buttons/button_13.png
  artifactKey: Guid(8b9463e0886cf501fb03315cc93ed0e3) Importer(815301076,1909f56bfc062723c751e8b465ee728b)
Start importing Assets/RPG&Fantasy Mobile GUI/buttons/button_13.png using Guid(8b9463e0886cf501fb03315cc93ed0e3) Importer(815301076,1909f56bfc062723c751e8b465ee728b)  -> (artifact id: '128d6c8bd7f7f6ed84cb5f4525943772') in 0.045136 seconds 
========================================================================
Received Import Request.
  Time since last request: 0.000063 seconds.
  path: Assets/RPG&Fantasy Mobile GUI/buttons/button_19.png
  artifactKey: Guid(fd3ad22ce4bb88e458caf7e41404437e) Importer(815301076,1909f56bfc062723c751e8b465ee728b)
Start importing Assets/RPG&Fantasy Mobile GUI/buttons/button_19.png using Guid(fd3ad22ce4bb88e458caf7e41404437e) Importer(815301076,1909f56bfc062723c751e8b465ee728b)  -> (artifact id: 'a0b422042c2a6c8e758b49d013e2c082') in 0.039110 seconds 
========================================================================
Received Import Request.
  Time since last request: 0.000048 seconds.
  path: Assets/RPG&Fantasy Mobile GUI/buttons/button_08.png
  artifactKey: Guid(ff7e6e26dca8aec2496693e073739a50) Importer(815301076,1909f56bfc062723c751e8b465ee728b)
Start importing Assets/RPG&Fantasy Mobile GUI/buttons/button_08.png using Guid(ff7e6e26dca8aec2496693e073739a50) Importer(815301076,1909f56bfc062723c751e8b465ee728b)  -> (artifact id: '2d8a50114f728a15a01156ebd3935a4c') in 0.041161 seconds 
========================================================================
Received Import Request.
  Time since last request: 0.000075 seconds.
  path: Assets/RPG&Fantasy Mobile GUI/buttons/button_29.png
  artifactKey: Guid(5a74f1c7856a6c849b0aefbb4a4b2737) Importer(815301076,1909f56bfc062723c751e8b465ee728b)
Start importing Assets/RPG&Fantasy Mobile GUI/buttons/button_29.png using Guid(5a74f1c7856a6c849b0aefbb4a4b2737) Importer(815301076,1909f56bfc062723c751e8b465ee728b)  -> (artifact id: '6da03fe55cb2ce85c27ce392098f4533') in 0.040054 seconds 
========================================================================
Received Import Request.
  Time since last request: 0.000036 seconds.
  path: Assets/RPG&Fantasy Mobile GUI/buttons/button_07.png
  artifactKey: Guid(f278790fd4b481c8c98f53d8fe3b40e2) Importer(815301076,1909f56bfc062723c751e8b465ee728b)
Start importing Assets/RPG&Fantasy Mobile GUI/buttons/button_07.png using Guid(f278790fd4b481c8c98f53d8fe3b40e2) Importer(815301076,1909f56bfc062723c751e8b465ee728b)  -> (artifact id: '8708d0f24763ec7fefd136e899f7d2a1') in 0.042187 seconds 
========================================================================
Received Import Request.
  Time since last request: 0.000058 seconds.
  path: Assets/RPG&Fantasy Mobile GUI/buttons/button_20.png
  artifactKey: Guid(32438a843b4a1f34c873d50fe475e25b) Importer(815301076,1909f56bfc062723c751e8b465ee728b)
Start importing Assets/RPG&Fantasy Mobile GUI/buttons/button_20.png using Guid(32438a843b4a1f34c873d50fe475e25b) Importer(815301076,1909f56bfc062723c751e8b465ee728b)  -> (artifact id: 'fba6afc9e04ccb65dcf2084f0949c2a9') in 0.048321 seconds 
========================================================================
Received Import Request.
  Time since last request: 0.000046 seconds.
  path: Assets/RPG&Fantasy Mobile GUI/buttons/button_25.png
  artifactKey: Guid(bfad6529dac651e61aba14747dc5c2d1) Importer(815301076,1909f56bfc062723c751e8b465ee728b)
Start importing Assets/RPG&Fantasy Mobile GUI/buttons/button_25.png using Guid(bfad6529dac651e61aba14747dc5c2d1) Importer(815301076,1909f56bfc062723c751e8b465ee728b)  -> (artifact id: 'bdedb69c040df0a90ae9ea11d411a756') in 0.266381 seconds 
========================================================================
Received Import Request.
  Time since last request: 24.782452 seconds.
  path: Assets/RPG&Fantasy Mobile GUI/buttons/button_31.png
  artifactKey: Guid(fdb33f26e5fe3011da0e2b0a6b4218d7) Importer(815301076,1909f56bfc062723c751e8b465ee728b)
Start importing Assets/RPG&Fantasy Mobile GUI/buttons/button_31.png using Guid(fdb33f26e5fe3011da0e2b0a6b4218d7) Importer(815301076,1909f56bfc062723c751e8b465ee728b)  -> (artifact id: 'af821e5f70a3184d1a562ade220e9a37') in 0.038145 seconds 
========================================================================
Received Import Request.
  Time since last request: 0.000153 seconds.
  path: Assets/RPG&Fantasy Mobile GUI/buttons/button_35.png
  artifactKey: Guid(1576c3618f407c580a82ae61707e204a) Importer(815301076,1909f56bfc062723c751e8b465ee728b)
Start importing Assets/RPG&Fantasy Mobile GUI/buttons/button_35.png using Guid(1576c3618f407c580a82ae61707e204a) Importer(815301076,1909f56bfc062723c751e8b465ee728b)  -> (artifact id: '09bf206f5702f9bf69f016b4842ebc9c') in 0.030094 seconds 
========================================================================
Received Import Request.
  Time since last request: 0.417546 seconds.
  path: Assets/RPG&Fantasy Mobile GUI/buttons/button_pressed_03.png
  artifactKey: Guid(76bd964e74f078a368807168d2bae272) Importer(815301076,1909f56bfc062723c751e8b465ee728b)
Start importing Assets/RPG&Fantasy Mobile GUI/buttons/button_pressed_03.png using Guid(76bd964e74f078a368807168d2bae272) Importer(815301076,1909f56bfc062723c751e8b465ee728b)  -> (artifact id: '73b4ec946b28f197c6782d87f0e51010') in 0.038372 seconds 
========================================================================
Received Import Request.
  Time since last request: 0.000047 seconds.
  path: Assets/RPG&Fantasy Mobile GUI/buttons/button_pressed_07.png
  artifactKey: Guid(7747d8d84c0979f8795259bac30a72a1) Importer(815301076,1909f56bfc062723c751e8b465ee728b)
Start importing Assets/RPG&Fantasy Mobile GUI/buttons/button_pressed_07.png using Guid(7747d8d84c0979f8795259bac30a72a1) Importer(815301076,1909f56bfc062723c751e8b465ee728b)  -> (artifact id: 'b877294fd4ca833bb05d071907bfaccb') in 0.040795 seconds 
========================================================================
Received Import Request.
  Time since last request: 10.954580 seconds.
  path: Assets/Buttons/PNG/16bttn-little.png
  artifactKey: Guid(e14856af1ef6fc9449b0c62fc9e5ed9b) Importer(815301076,1909f56bfc062723c751e8b465ee728b)
Start importing Assets/Buttons/PNG/16bttn-little.png using Guid(e14856af1ef6fc9449b0c62fc9e5ed9b) Importer(815301076,1909f56bfc062723c751e8b465ee728b)  -> (artifact id: '102210e88c551d3961bda9f85b552d76') in 0.045700 seconds 
========================================================================
Received Import Request.
  Time since last request: 0.000052 seconds.
  path: Assets/Buttons/PNG/19bttn-midl.png
  artifactKey: Guid(aa3bf53c498deb44b80ad60af801942c) Importer(815301076,1909f56bfc062723c751e8b465ee728b)
Start importing Assets/Buttons/PNG/19bttn-midl.png using Guid(aa3bf53c498deb44b80ad60af801942c) Importer(815301076,1909f56bfc062723c751e8b465ee728b)  -> (artifact id: '27083f0825d314afcccc9bcc5b570a81') in 0.035865 seconds 
========================================================================
Received Import Request.
  Time since last request: 0.000074 seconds.
  path: Assets/Buttons/PNG/24Button_Midl_Blue.png
  artifactKey: Guid(9c79225b22ac62249b314de3e39f7f0c) Importer(815301076,1909f56bfc062723c751e8b465ee728b)
Start importing Assets/Buttons/PNG/24Button_Midl_Blue.png using Guid(9c79225b22ac62249b314de3e39f7f0c) Importer(815301076,1909f56bfc062723c751e8b465ee728b)  -> (artifact id: '5fa6e55d2aaeaead8bb49f5704f274f3') in 0.042219 seconds 
========================================================================
Received Import Request.
  Time since last request: 0.000030 seconds.
  path: Assets/Buttons/PNG/22Button_Midl_Green.png
  artifactKey: Guid(bf625ae84f769384fb0cd1cc52d14971) Importer(815301076,1909f56bfc062723c751e8b465ee728b)
Start importing Assets/Buttons/PNG/22Button_Midl_Green.png using Guid(bf625ae84f769384fb0cd1cc52d14971) Importer(815301076,1909f56bfc062723c751e8b465ee728b)  -> (artifact id: '7de43c3e7cdced05c3732f38c0d6f82a') in 0.040285 seconds 
========================================================================
Received Import Request.
  Time since last request: 0.000062 seconds.
  path: Assets/Buttons/PNG/18bttn-little.png
  artifactKey: Guid(7e73e4be78a578649bd6c28e037ef6fa) Importer(815301076,1909f56bfc062723c751e8b465ee728b)
Start importing Assets/Buttons/PNG/18bttn-little.png using Guid(7e73e4be78a578649bd6c28e037ef6fa) Importer(815301076,1909f56bfc062723c751e8b465ee728b)  -> (artifact id: 'fb5b320a16aaaa1b5d4ffe39c597ce71') in 0.041695 seconds 
========================================================================
Received Import Request.
  Time since last request: 0.000051 seconds.
  path: Assets/Buttons/PNG/28button_green.png
  artifactKey: Guid(131de190cb93c60499d0da6a2b7c592d) Importer(815301076,1909f56bfc062723c751e8b465ee728b)
Start importing Assets/Buttons/PNG/28button_green.png using Guid(131de190cb93c60499d0da6a2b7c592d) Importer(815301076,1909f56bfc062723c751e8b465ee728b)  -> (artifact id: 'e69b13a13e0d3188d1442b5957f068a9') in 0.039833 seconds 
========================================================================
Received Import Request.
  Time since last request: 0.601491 seconds.
  path: Assets/Buttons/PNG/9Button_Midl_Green.png
  artifactKey: Guid(70ce67e982fddb74289530c17f57aac3) Importer(815301076,1909f56bfc062723c751e8b465ee728b)
Start importing Assets/Buttons/PNG/9Button_Midl_Green.png using Guid(70ce67e982fddb74289530c17f57aac3) Importer(815301076,1909f56bfc062723c751e8b465ee728b)  -> (artifact id: '8656365cf1b746410d1d889df5fdf77c') in 0.043625 seconds 
========================================================================
Received Import Request.
  Time since last request: 0.000043 seconds.
  path: Assets/Buttons/PNG/11Button_Midl_Blue.png
  artifactKey: Guid(779b95c4bc6a9534299af022ce6c4d5c) Importer(815301076,1909f56bfc062723c751e8b465ee728b)
Start importing Assets/Buttons/PNG/11Button_Midl_Blue.png using Guid(779b95c4bc6a9534299af022ce6c4d5c) Importer(815301076,1909f56bfc062723c751e8b465ee728b)  -> (artifact id: '5d6461040907f44406b7d8245245f3d2') in 0.046567 seconds 
========================================================================
Received Import Request.
  Time since last request: 0.343860 seconds.
  path: Assets/Buttons/PNG/2button_blue_middle.png
  artifactKey: Guid(2b6e58e066a469c499d930cd4a4ceade) Importer(815301076,1909f56bfc062723c751e8b465ee728b)
Start importing Assets/Buttons/PNG/2button_blue_middle.png using Guid(2b6e58e066a469c499d930cd4a4ceade) Importer(815301076,1909f56bfc062723c751e8b465ee728b)  -> (artifact id: 'c68002c3045c99f48373c8c9e4dbd298') in 0.329955 seconds 
========================================================================
Received Import Request.
  Time since last request: 0.000046 seconds.
  path: Assets/Buttons/PNG/6button_green_middle.png
  artifactKey: Guid(a16c91ca6a9a60b4596b57635c8a3e71) Importer(815301076,1909f56bfc062723c751e8b465ee728b)
Start importing Assets/Buttons/PNG/6button_green_middle.png using Guid(a16c91ca6a9a60b4596b57635c8a3e71) Importer(815301076,1909f56bfc062723c751e8b465ee728b)  -> (artifact id: 'add6debace174722c69c5cae70dacc13') in 0.056309 seconds 
Editor requested this worker to shutdown with reason: Scaling down because of idle timeout
AssetImportWorker is now disconnected from the server
Process exiting
Exiting without the bug reporter. Application will terminate with return code 0