Using pre-set license
Built from '2021.3/staging' branch; Version is '2021.3.14f1 (eee1884e7226) revision 15655304'; Using compiler version '192829333'; Build Type 'Release'
OS: 'Windows 10  (10.0.19045) 64bit Professional' Language: 'en' Physical Memory: 15799 MB
BatchMode: 1, IsHumanControllingUs: 0, StartBugReporterOnCrash: 0, Is64bit: 1, IsPro: 1

COMMAND LINE ARGUMENTS:
C:\Program Files\Unity\Hub\Editor\2021.3.14f1\Editor\Unity.exe
-adb2
-batchMode
-noUpm
-name
AssetImportWorker3
-projectPath
C:/Users/Cholo/Documents/GitHub/cgen/CGEN 2d RPG
-logFile
Logs/AssetImportWorker3.log
-srvPort
61057
Successfully changed project path to: C:/Users/Cholo/Documents/GitHub/cgen/CGEN 2d RPG
C:/Users/Cholo/Documents/GitHub/cgen/CGEN 2d RPG
[UnityMemory] Configuration Parameters - Can be set up in boot.config
    "memorysetup-bucket-allocator-granularity=16"
    "memorysetup-bucket-allocator-bucket-count=8"
    "memorysetup-bucket-allocator-block-size=33554432"
    "memorysetup-bucket-allocator-block-count=8"
    "memorysetup-main-allocator-block-size=16777216"
    "memorysetup-thread-allocator-block-size=16777216"
    "memorysetup-gfx-main-allocator-block-size=16777216"
    "memorysetup-gfx-thread-allocator-block-size=16777216"
    "memorysetup-cache-allocator-block-size=4194304"
    "memorysetup-typetree-allocator-block-size=2097152"
    "memorysetup-profiler-bucket-allocator-granularity=16"
    "memorysetup-profiler-bucket-allocator-bucket-count=8"
    "memorysetup-profiler-bucket-allocator-block-size=33554432"
    "memorysetup-profiler-bucket-allocator-block-count=8"
    "memorysetup-profiler-allocator-block-size=16777216"
    "memorysetup-profiler-editor-allocator-block-size=1048576"
    "memorysetup-temp-allocator-size-main=16777216"
    "memorysetup-job-temp-allocator-block-size=2097152"
    "memorysetup-job-temp-allocator-block-size-background=1048576"
    "memorysetup-job-temp-allocator-reduction-small-platforms=262144"
    "memorysetup-temp-allocator-size-background-worker=32768"
    "memorysetup-temp-allocator-size-job-worker=262144"
    "memorysetup-temp-allocator-size-preload-manager=33554432"
    "memorysetup-temp-allocator-size-nav-mesh-worker=65536"
    "memorysetup-temp-allocator-size-audio-worker=65536"
    "memorysetup-temp-allocator-size-cloud-worker=32768"
    "memorysetup-temp-allocator-size-gi-baking-worker=262144"
    "memorysetup-temp-allocator-size-gfx=262144"
Refreshing native plugins compatible for Editor in 126.51 ms, found 3 plugins.
Preloading 0 native plugins for Editor in 0.00 ms.
Initialize engine version: 2021.3.14f1 (eee1884e7226)
[Subsystems] Discovering subsystems at path C:/Program Files/Unity/Hub/Editor/2021.3.14f1/Editor/Data/Resources/UnitySubsystems
[Subsystems] Discovering subsystems at path C:/Users/Cholo/Documents/GitHub/cgen/CGEN 2d RPG/Assets
GfxDevice: creating device client; threaded=0; jobified=0
Direct3D:
    Version:  Direct3D 11.0 [level 11.1]
    Renderer: AMD Radeon(TM) Graphics (ID=0x1638)
    Vendor:   ATI
    VRAM:     7899 MB
    Driver:   31.0.12002.92
Initialize mono
Mono path[0] = 'C:/Program Files/Unity/Hub/Editor/2021.3.14f1/Editor/Data/Managed'
Mono path[1] = 'C:/Program Files/Unity/Hub/Editor/2021.3.14f1/Editor/Data/MonoBleedingEdge/lib/mono/unityjit-win32'
Mono config path = 'C:/Program Files/Unity/Hub/Editor/2021.3.14f1/Editor/Data/MonoBleedingEdge/etc'
Using monoOptions --debugger-agent=transport=dt_socket,embedding=1,server=y,suspend=n,address=127.0.0.1:56456
Begin MonoManager ReloadAssembly
Registering precompiled unity dll's ...
Register platform support module: C:/Program Files/Unity/Hub/Editor/2021.3.14f1/Editor/Data/PlaybackEngines/AndroidPlayer/UnityEditor.Android.Extensions.dll
Register platform support module: C:/Program Files/Unity/Hub/Editor/2021.3.14f1/Editor/Data/PlaybackEngines/WindowsStandaloneSupport/UnityEditor.WindowsStandalone.Extensions.dll
Registered in 0.005869 seconds.
Native extension for WindowsStandalone target not found
Native extension for Android target not found
Refreshing native plugins compatible for Editor in 151.17 ms, found 3 plugins.
Preloading 0 native plugins for Editor in 0.00 ms.
Mono: successfully reloaded assembly
- Completed reload, in  0.629 seconds
Domain Reload Profiling:
	ReloadAssembly (630ms)
		BeginReloadAssembly (57ms)
			ExecutionOrderSort (0ms)
			DisableScriptedObjects (0ms)
			BackupInstance (0ms)
			ReleaseScriptingObjects (0ms)
			CreateAndSetChildDomain (1ms)
		EndReloadAssembly (487ms)
			LoadAssemblies (56ms)
			RebuildTransferFunctionScriptingTraits (0ms)
			SetupTypeCache (73ms)
			ReleaseScriptCaches (0ms)
			RebuildScriptCaches (19ms)
			SetupLoadedEditorAssemblies (351ms)
				LogAssemblyErrors (0ms)
				InitializePlatformSupportModulesInManaged (44ms)
				SetLoadedEditorAssemblies (0ms)
				RefreshPlugins (151ms)
				BeforeProcessingInitializeOnLoad (1ms)
				ProcessInitializeOnLoadAttributes (107ms)
				ProcessInitializeOnLoadMethodAttributes (47ms)
				AfterProcessingInitializeOnLoad (0ms)
				EditorAssembliesLoaded (0ms)
			ExecutionOrderSort2 (0ms)
			AwakeInstancesAfterBackupRestoration (0ms)
Platform modules already initialized, skipping
Registering precompiled user dll's ...
Registered in 0.005318 seconds.
Begin MonoManager ReloadAssembly
Symbol file LoadedFromMemory doesn't match image C:\Users\Cholo\Documents\GitHub\cgen\CGEN 2d RPG\Library\PackageCache\com.unity.visualscripting@1.7.8\Editor\VisualScripting.Core\Dependencies\YamlDotNet\Unity.VisualScripting.YamlDotNet.dll
Symbol file LoadedFromMemory doesn't match image C:\Users\Cholo\Documents\GitHub\cgen\CGEN 2d RPG\Library\PackageCache\com.unity.visualscripting@1.7.8\Editor\VisualScripting.Core\Dependencies\DotNetZip\Unity.VisualScripting.IonicZip.dll
Native extension for WindowsStandalone target not found
Native extension for Android target not found
Refreshing native plugins compatible for Editor in 1.50 ms, found 3 plugins.
Preloading 0 native plugins for Editor in 0.00 ms.
Mono: successfully reloaded assembly
- Completed reload, in  0.920 seconds
Domain Reload Profiling:
	ReloadAssembly (920ms)
		BeginReloadAssembly (203ms)
			ExecutionOrderSort (0ms)
			DisableScriptedObjects (6ms)
			BackupInstance (0ms)
			ReleaseScriptingObjects (0ms)
			CreateAndSetChildDomain (125ms)
		EndReloadAssembly (631ms)
			LoadAssemblies (62ms)
			RebuildTransferFunctionScriptingTraits (0ms)
			SetupTypeCache (172ms)
			ReleaseScriptCaches (0ms)
			RebuildScriptCaches (60ms)
			SetupLoadedEditorAssemblies (291ms)
				LogAssemblyErrors (0ms)
				InitializePlatformSupportModulesInManaged (11ms)
				SetLoadedEditorAssemblies (0ms)
				RefreshPlugins (2ms)
				BeforeProcessingInitializeOnLoad (62ms)
				ProcessInitializeOnLoadAttributes (185ms)
				ProcessInitializeOnLoadMethodAttributes (25ms)
				AfterProcessingInitializeOnLoad (6ms)
				EditorAssembliesLoaded (0ms)
			ExecutionOrderSort2 (0ms)
			AwakeInstancesAfterBackupRestoration (4ms)
Platform modules already initialized, skipping
========================================================================
Worker process is ready to serve import requests
Launched and connected shader compiler UnityShaderCompiler.exe after 0.03 seconds
Refreshing native plugins compatible for Editor in 1.50 ms, found 3 plugins.
Preloading 0 native plugins for Editor in 0.00 ms.
Unloading 3477 Unused Serialized files (Serialized files now loaded: 0)
Unloading 28 unused Assets / (56.5 KB). Loaded Objects now: 3946.
Memory consumption went from 127.5 MB to 127.5 MB.
Total: 2.772800 ms (FindLiveObjects: 0.187400 ms CreateObjectMapping: 0.089400 ms MarkObjects: 2.424900 ms  DeleteObjects: 0.070400 ms)

AssetImportParameters requested are different than current active one (requested -> active):
  custom:video-decoder-ogg-theora: a1e56fd34408186e4bbccfd4996cb3dc -> 
  custom:container-muxer-webm: aa71ff27fc2769a1b78a27578f13a17b -> 
  custom:container-demuxer-webm: 4f35f7cbe854078d1ac9338744f61a02 -> 
  custom:video-encoder-webm-vp8: eb34c28f22e8b96e1ab97ce403110664 -> 
  custom:audio-encoder-webm-vorbis: bf7c407c2cedff20999df2af8eb42d56 -> 
  custom:framework-win-MediaFoundation: 216162199b28c13a410421893ffa2e32 -> 
  custom:container-demuxer-ogg: 62fdf1f143b41e24485cea50d1cbac27 -> 
  custom:video-decoder-webm-vp8: 9c59270c3fd7afecdb556c50c9e8de78 -> 
  custom:audio-decoder-ogg-vorbis: bf7c407c2cedff20999df2af8eb42d56 -> 
========================================================================
Received Import Request.
  Time since last request: 169462.582542 seconds.
  path: Assets/Tiles Sprites/Palettes/factory_tileset_77.asset
  artifactKey: Guid(dca95b6c41ce96044a70efaa1eef1cf9) Importer(815301076,1909f56bfc062723c751e8b465ee728b)
Start importing Assets/Tiles Sprites/Palettes/factory_tileset_77.asset using Guid(dca95b6c41ce96044a70efaa1eef1cf9) Importer(815301076,1909f56bfc062723c751e8b465ee728b)  -> (artifact id: '2f387bb7ce952f75309f3a3384d2f7ce') in 0.088296 seconds 
========================================================================
Received Import Request.
  Time since last request: 0.000026 seconds.
  path: Assets/Tiles Sprites/Palettes/factory_tileset_88.asset
  artifactKey: Guid(02542206834b6664784c9acb752d6503) Importer(815301076,1909f56bfc062723c751e8b465ee728b)
Start importing Assets/Tiles Sprites/Palettes/factory_tileset_88.asset using Guid(02542206834b6664784c9acb752d6503) Importer(815301076,1909f56bfc062723c751e8b465ee728b)  -> (artifact id: 'e50cd83ebd0b301057c64da9b35b3f10') in 0.013672 seconds 
========================================================================
Received Import Request.
  Time since last request: 0.000063 seconds.
  path: Assets/Tiles Sprites/Palettes/factory_tileset_992.asset
  artifactKey: Guid(4205c8b56e36bd64d8716d3a2aba6885) Importer(815301076,1909f56bfc062723c751e8b465ee728b)
Start importing Assets/Tiles Sprites/Palettes/factory_tileset_992.asset using Guid(4205c8b56e36bd64d8716d3a2aba6885) Importer(815301076,1909f56bfc062723c751e8b465ee728b)  -> (artifact id: 'fb48ed0f1df6019a4a6252b2e9188a22') in 0.014609 seconds 
========================================================================
Received Import Request.
  Time since last request: 0.000022 seconds.
  path: Assets/Tiles Sprites/Palettes/factory_tileset_459.asset
  artifactKey: Guid(a99ea16a55ce70f48ba9ba24c5b3d53c) Importer(815301076,1909f56bfc062723c751e8b465ee728b)
Start importing Assets/Tiles Sprites/Palettes/factory_tileset_459.asset using Guid(a99ea16a55ce70f48ba9ba24c5b3d53c) Importer(815301076,1909f56bfc062723c751e8b465ee728b)  -> (artifact id: '3b36a45faea0e91104a02de5fa219896') in 0.014100 seconds 
========================================================================
Received Import Request.
  Time since last request: 0.000042 seconds.
  path: Assets/Tiles Sprites/Palettes/factory_tileset_1323.asset
  artifactKey: Guid(a56484e0fbb69a04daaefcc4d1e74e09) Importer(815301076,1909f56bfc062723c751e8b465ee728b)
Start importing Assets/Tiles Sprites/Palettes/factory_tileset_1323.asset using Guid(a56484e0fbb69a04daaefcc4d1e74e09) Importer(815301076,1909f56bfc062723c751e8b465ee728b)  -> (artifact id: '618e1286e828b19d6be5442e034f385a') in 0.013316 seconds 
========================================================================
Received Import Request.
  Time since last request: 0.000025 seconds.
  path: Assets/Tiles Sprites/Palettes/factory_tileset_320.asset
  artifactKey: Guid(c057ab5edf6b7c344a37576b07e7336b) Importer(815301076,1909f56bfc062723c751e8b465ee728b)
Start importing Assets/Tiles Sprites/Palettes/factory_tileset_320.asset using Guid(c057ab5edf6b7c344a37576b07e7336b) Importer(815301076,1909f56bfc062723c751e8b465ee728b)  -> (artifact id: '135d77b3244c3b61d3c9c6734c030c2e') in 0.013339 seconds 
========================================================================
Received Import Request.
  Time since last request: 0.000025 seconds.
  path: Assets/Tiles Sprites/Palettes/factory_tileset_463.asset
  artifactKey: Guid(cc5d2f6558d13fb4db87449c94b1c997) Importer(815301076,1909f56bfc062723c751e8b465ee728b)
Start importing Assets/Tiles Sprites/Palettes/factory_tileset_463.asset using Guid(cc5d2f6558d13fb4db87449c94b1c997) Importer(815301076,1909f56bfc062723c751e8b465ee728b)  -> (artifact id: '07f39810a322348032327d30fd57d575') in 0.014016 seconds 
========================================================================
Received Import Request.
  Time since last request: 0.000025 seconds.
  path: Assets/Tiles Sprites/Palettes/factory_tileset_154.asset
  artifactKey: Guid(7bdea0dc1e60de04994f02d0ddde50ec) Importer(815301076,1909f56bfc062723c751e8b465ee728b)
Start importing Assets/Tiles Sprites/Palettes/factory_tileset_154.asset using Guid(7bdea0dc1e60de04994f02d0ddde50ec) Importer(815301076,1909f56bfc062723c751e8b465ee728b)  -> (artifact id: '59d587e057f88455141beee674ed2162') in 0.013812 seconds 
========================================================================
Received Import Request.
  Time since last request: 0.000019 seconds.
  path: Assets/Tiles Sprites/Palettes/factory_tileset_731.asset
  artifactKey: Guid(306a40db39d7cc44ca33e5da0d10256a) Importer(815301076,1909f56bfc062723c751e8b465ee728b)
Start importing Assets/Tiles Sprites/Palettes/factory_tileset_731.asset using Guid(306a40db39d7cc44ca33e5da0d10256a) Importer(815301076,1909f56bfc062723c751e8b465ee728b)  -> (artifact id: 'b517245e3f1f2a19a58add9fc956f394') in 0.014475 seconds 
========================================================================
Received Import Request.
  Time since last request: 0.000028 seconds.
  path: Assets/Tiles Sprites/Palettes/factory_tileset_1000.asset
  artifactKey: Guid(acc256a8dbd26a24dbd2d68f13241412) Importer(815301076,1909f56bfc062723c751e8b465ee728b)
Start importing Assets/Tiles Sprites/Palettes/factory_tileset_1000.asset using Guid(acc256a8dbd26a24dbd2d68f13241412) Importer(815301076,1909f56bfc062723c751e8b465ee728b)  -> (artifact id: 'ba83bcafccc528fd75c87f35c552ce13') in 0.013604 seconds 
========================================================================
Received Import Request.
  Time since last request: 0.000058 seconds.
  path: Assets/Tiles Sprites/Palettes/factory_tileset_542.asset
  artifactKey: Guid(f5cb1c56a2ebdea4f94111622c590762) Importer(815301076,1909f56bfc062723c751e8b465ee728b)
Start importing Assets/Tiles Sprites/Palettes/factory_tileset_542.asset using Guid(f5cb1c56a2ebdea4f94111622c590762) Importer(815301076,1909f56bfc062723c751e8b465ee728b)  -> (artifact id: 'f9752f45c0542e49637e59c0aea5a426') in 0.013135 seconds 
========================================================================
Received Import Request.
  Time since last request: 0.000023 seconds.
  path: Assets/Tiles Sprites/Palettes/factory_tileset_548.asset
  artifactKey: Guid(16ca7483ddd2a8245b0e743eb2594b9a) Importer(815301076,1909f56bfc062723c751e8b465ee728b)
Start importing Assets/Tiles Sprites/Palettes/factory_tileset_548.asset using Guid(16ca7483ddd2a8245b0e743eb2594b9a) Importer(815301076,1909f56bfc062723c751e8b465ee728b)  -> (artifact id: 'c23b136053074ad5e8011496bebebc7f') in 0.012613 seconds 
========================================================================
Received Import Request.
  Time since last request: 0.000021 seconds.
  path: Assets/Tiles Sprites/Palettes/factory_tileset_458.asset
  artifactKey: Guid(181d8b1b4b7b7da4590d6011934c5e10) Importer(815301076,1909f56bfc062723c751e8b465ee728b)
Start importing Assets/Tiles Sprites/Palettes/factory_tileset_458.asset using Guid(181d8b1b4b7b7da4590d6011934c5e10) Importer(815301076,1909f56bfc062723c751e8b465ee728b)  -> (artifact id: '0ac64f8f32140913e07fa75e10a9bd7d') in 0.015241 seconds 
========================================================================
Received Import Request.
  Time since last request: 0.000025 seconds.
  path: Assets/Tiles Sprites/Palettes/factory_tileset_317.asset
  artifactKey: Guid(f65583fd79d22b24ba1c907c4f8b85ae) Importer(815301076,1909f56bfc062723c751e8b465ee728b)
Start importing Assets/Tiles Sprites/Palettes/factory_tileset_317.asset using Guid(f65583fd79d22b24ba1c907c4f8b85ae) Importer(815301076,1909f56bfc062723c751e8b465ee728b)  -> (artifact id: '6c6fb957852a89694f81e27675251ba3') in 0.013133 seconds 
========================================================================
Received Import Request.
  Time since last request: 0.000053 seconds.
  path: Assets/Tiles Sprites/Palettes/factory_tileset_150.asset
  artifactKey: Guid(abe623a1baa288e4ba931ff5f4bc0b6b) Importer(815301076,1909f56bfc062723c751e8b465ee728b)
Start importing Assets/Tiles Sprites/Palettes/factory_tileset_150.asset using Guid(abe623a1baa288e4ba931ff5f4bc0b6b) Importer(815301076,1909f56bfc062723c751e8b465ee728b)  -> (artifact id: '744725e94de0d1c61b2117464d1c4e43') in 0.012820 seconds 
========================================================================
Received Import Request.
  Time since last request: 0.000020 seconds.
  path: Assets/Tiles Sprites/Palettes/factory_tileset_989.asset
  artifactKey: Guid(929dd11eed9da15468c36eaa3285e8c3) Importer(815301076,1909f56bfc062723c751e8b465ee728b)
Start importing Assets/Tiles Sprites/Palettes/factory_tileset_989.asset using Guid(929dd11eed9da15468c36eaa3285e8c3) Importer(815301076,1909f56bfc062723c751e8b465ee728b)  -> (artifact id: 'fff4bf77c952d58105cb2e01c5670d6b') in 0.013453 seconds 
========================================================================
Received Import Request.
  Time since last request: 0.000035 seconds.
  path: Assets/Tiles Sprites/Palettes/factory_tileset_461.asset
  artifactKey: Guid(a9d946eb499523a4f828109a2644208e) Importer(815301076,1909f56bfc062723c751e8b465ee728b)
Start importing Assets/Tiles Sprites/Palettes/factory_tileset_461.asset using Guid(a9d946eb499523a4f828109a2644208e) Importer(815301076,1909f56bfc062723c751e8b465ee728b)  -> (artifact id: 'a6ceee5d2271082877dfe3136a1a4a00') in 0.012769 seconds 
========================================================================
Received Import Request.
  Time since last request: 0.000027 seconds.
  path: Assets/Tiles Sprites/Palettes/factory_tileset_476.asset
  artifactKey: Guid(561350091593c7f43948020d7bbd2a9b) Importer(815301076,1909f56bfc062723c751e8b465ee728b)
Start importing Assets/Tiles Sprites/Palettes/factory_tileset_476.asset using Guid(561350091593c7f43948020d7bbd2a9b) Importer(815301076,1909f56bfc062723c751e8b465ee728b)  -> (artifact id: 'f24efe95950401ccc307401b2d6d33b9') in 0.013584 seconds 
========================================================================
Received Import Request.
  Time since last request: 0.000022 seconds.
  path: Assets/Tiles Sprites/Palettes/factory_tileset_156.asset
  artifactKey: Guid(f823725110b84fa419c4020bc5deb9fd) Importer(815301076,1909f56bfc062723c751e8b465ee728b)
Start importing Assets/Tiles Sprites/Palettes/factory_tileset_156.asset using Guid(f823725110b84fa419c4020bc5deb9fd) Importer(815301076,1909f56bfc062723c751e8b465ee728b)  -> (artifact id: '4d8596929753b6ead8e38982d9e2b4ae') in 0.015027 seconds 
========================================================================
Received Import Request.
  Time since last request: 0.000022 seconds.
  path: Assets/Tiles Sprites/Palettes/factory_tileset_1326.asset
  artifactKey: Guid(733649e03653b9c4abb2c0bd90282b7c) Importer(815301076,1909f56bfc062723c751e8b465ee728b)
Start importing Assets/Tiles Sprites/Palettes/factory_tileset_1326.asset using Guid(733649e03653b9c4abb2c0bd90282b7c) Importer(815301076,1909f56bfc062723c751e8b465ee728b)  -> (artifact id: '3c5c38d61f720e11bde081780eb92eb7') in 0.014092 seconds 
========================================================================
Received Import Request.
  Time since last request: 0.000019 seconds.
  path: Assets/Tiles Sprites/Palettes/factory_tileset_92.asset
  artifactKey: Guid(192fcd7e618dc1947a3dcadc87c0f591) Importer(815301076,1909f56bfc062723c751e8b465ee728b)
Start importing Assets/Tiles Sprites/Palettes/factory_tileset_92.asset using Guid(192fcd7e618dc1947a3dcadc87c0f591) Importer(815301076,1909f56bfc062723c751e8b465ee728b)  -> (artifact id: '1af5600c301340541a3d11936acbe7ca') in 0.014406 seconds 
========================================================================
Received Import Request.
  Time since last request: 0.000023 seconds.
  path: Assets/Tiles Sprites/Palettes/factory_tileset_993.asset
  artifactKey: Guid(ce595d9741d3f6e468c61b5378a4a87c) Importer(815301076,1909f56bfc062723c751e8b465ee728b)
Start importing Assets/Tiles Sprites/Palettes/factory_tileset_993.asset using Guid(ce595d9741d3f6e468c61b5378a4a87c) Importer(815301076,1909f56bfc062723c751e8b465ee728b)  -> (artifact id: 'd1476bbd1f339b3f8c45156eba14ca7c') in 0.012968 seconds 
========================================================================
Received Import Request.
  Time since last request: 0.000016 seconds.
  path: Assets/Tiles Sprites/Palettes/factory_tileset_473.asset
  artifactKey: Guid(fb2dacc8121a91f41aaed269c30deb1b) Importer(815301076,1909f56bfc062723c751e8b465ee728b)
Start importing Assets/Tiles Sprites/Palettes/factory_tileset_473.asset using Guid(fb2dacc8121a91f41aaed269c30deb1b) Importer(815301076,1909f56bfc062723c751e8b465ee728b)  -> (artifact id: 'e6c3acf89595ebde721a0e559c533635') in 0.012480 seconds 
========================================================================
Received Import Request.
  Time since last request: 0.000018 seconds.
  path: Assets/Tiles Sprites/Palettes/factory_tileset_1322.asset
  artifactKey: Guid(b57d9672f1c7c3149b0681e5a829bbfc) Importer(815301076,1909f56bfc062723c751e8b465ee728b)
Start importing Assets/Tiles Sprites/Palettes/factory_tileset_1322.asset using Guid(b57d9672f1c7c3149b0681e5a829bbfc) Importer(815301076,1909f56bfc062723c751e8b465ee728b)  -> (artifact id: '2b1e37c1ebed55d0d105e8374d784d35') in 0.013640 seconds 
========================================================================
Received Import Request.
  Time since last request: 0.000039 seconds.
  path: Assets/Tiles Sprites/Palettes/factory_tileset_152.asset
  artifactKey: Guid(0d807ea48cf93de4f980ae6f544aa023) Importer(815301076,1909f56bfc062723c751e8b465ee728b)
Start importing Assets/Tiles Sprites/Palettes/factory_tileset_152.asset using Guid(0d807ea48cf93de4f980ae6f544aa023) Importer(815301076,1909f56bfc062723c751e8b465ee728b)  -> (artifact id: 'e01880c46fe7dec56575b6470294874e') in 0.012665 seconds 
========================================================================
Received Import Request.
  Time since last request: 0.000043 seconds.
  path: Assets/Tiles Sprites/Palettes/factory_tileset_460.asset
  artifactKey: Guid(8ba9c8298c5939a4dad0c5c03fcb70b1) Importer(815301076,1909f56bfc062723c751e8b465ee728b)
Start importing Assets/Tiles Sprites/Palettes/factory_tileset_460.asset using Guid(8ba9c8298c5939a4dad0c5c03fcb70b1) Importer(815301076,1909f56bfc062723c751e8b465ee728b)  -> (artifact id: '349be7a6d547122bdab1e85a90c84223') in 0.011439 seconds 
========================================================================
Received Import Request.
  Time since last request: 0.000039 seconds.
  path: Assets/Tiles Sprites/Palettes/factory_tileset_478.asset
  artifactKey: Guid(05552addab52952499460b74d375875b) Importer(815301076,1909f56bfc062723c751e8b465ee728b)
Start importing Assets/Tiles Sprites/Palettes/factory_tileset_478.asset using Guid(05552addab52952499460b74d375875b) Importer(815301076,1909f56bfc062723c751e8b465ee728b)  -> (artifact id: 'd5ef848159d2e7e0b1a3cc84a4e341e6') in 0.011676 seconds 
========================================================================
Received Import Request.
  Time since last request: 0.000021 seconds.
  path: Assets/Tiles Sprites/Palettes/factory_tileset_465.asset
  artifactKey: Guid(a7d7f54333c7a864ca0cf0a657ff629d) Importer(815301076,1909f56bfc062723c751e8b465ee728b)
Start importing Assets/Tiles Sprites/Palettes/factory_tileset_465.asset using Guid(a7d7f54333c7a864ca0cf0a657ff629d) Importer(815301076,1909f56bfc062723c751e8b465ee728b)  -> (artifact id: 'c80f36e513c0737ac6fe86c74fe568fa') in 0.011229 seconds 
========================================================================
Received Import Request.
  Time since last request: 0.000031 seconds.
  path: Assets/Tiles Sprites/Palettes/factory_tileset_1330.asset
  artifactKey: Guid(0a732d9a0e7872349a8c38979349de92) Importer(815301076,1909f56bfc062723c751e8b465ee728b)
Start importing Assets/Tiles Sprites/Palettes/factory_tileset_1330.asset using Guid(0a732d9a0e7872349a8c38979349de92) Importer(815301076,1909f56bfc062723c751e8b465ee728b)  -> (artifact id: 'a82e4c54386f63b17e784dfd9a2145c7') in 0.014470 seconds 
========================================================================
Received Import Request.
  Time since last request: 0.000016 seconds.
  path: Assets/Tiles Sprites/Palettes/factory_tileset_217.asset
  artifactKey: Guid(32b1c56121da66945ab11d1447268741) Importer(815301076,1909f56bfc062723c751e8b465ee728b)
Start importing Assets/Tiles Sprites/Palettes/factory_tileset_217.asset using Guid(32b1c56121da66945ab11d1447268741) Importer(815301076,1909f56bfc062723c751e8b465ee728b)  -> (artifact id: 'c00175a77246c12591c141b6f2d18771') in 0.014434 seconds 
========================================================================
Received Import Request.
  Time since last request: 0.000015 seconds.
  path: Assets/Tiles Sprites/Palettes/factory_tileset_995.asset
  artifactKey: Guid(41014c530bdfc344989c8f9bec490db4) Importer(815301076,1909f56bfc062723c751e8b465ee728b)
Start importing Assets/Tiles Sprites/Palettes/factory_tileset_995.asset using Guid(41014c530bdfc344989c8f9bec490db4) Importer(815301076,1909f56bfc062723c751e8b465ee728b)  -> (artifact id: 'ae10794b2b848b56beb657c18e8fdc5f') in 0.011857 seconds 
========================================================================
Received Import Request.
  Time since last request: 0.000016 seconds.
  path: Assets/Tiles Sprites/Palettes/factory_tileset_149.asset
  artifactKey: Guid(d9dbb9615a0e5004bbea313e6a15a7b7) Importer(815301076,1909f56bfc062723c751e8b465ee728b)
Start importing Assets/Tiles Sprites/Palettes/factory_tileset_149.asset using Guid(d9dbb9615a0e5004bbea313e6a15a7b7) Importer(815301076,1909f56bfc062723c751e8b465ee728b)  -> (artifact id: '909a4c9e8eac66fff3cbeb3c28fbfd93') in 0.013967 seconds 
========================================================================
Received Import Request.
  Time since last request: 0.000016 seconds.
  path: Assets/Tiles Sprites/Palettes/factory_tileset_474.asset
  artifactKey: Guid(f2ceedfb35426414eafa9968486294f5) Importer(815301076,1909f56bfc062723c751e8b465ee728b)
Start importing Assets/Tiles Sprites/Palettes/factory_tileset_474.asset using Guid(f2ceedfb35426414eafa9968486294f5) Importer(815301076,1909f56bfc062723c751e8b465ee728b)  -> (artifact id: 'e3f453342c8f7e7f38afd13fee9f8c13') in 0.015030 seconds 
========================================================================
Received Import Request.
  Time since last request: 0.000016 seconds.
  path: Assets/Tiles Sprites/Palettes/factory_tileset_464.asset
  artifactKey: Guid(5b39bdd31eb91a44c9569db5dc5478f1) Importer(815301076,1909f56bfc062723c751e8b465ee728b)
Start importing Assets/Tiles Sprites/Palettes/factory_tileset_464.asset using Guid(5b39bdd31eb91a44c9569db5dc5478f1) Importer(815301076,1909f56bfc062723c751e8b465ee728b)  -> (artifact id: '134601980a891c194cb6d1ee8b9c44d9') in 0.013711 seconds 
========================================================================
Received Import Request.
  Time since last request: 0.000020 seconds.
  path: Assets/Tiles Sprites/Palettes/factory_tileset_471.asset
  artifactKey: Guid(b583cd4f136001245afa96ae1dd3e64a) Importer(815301076,1909f56bfc062723c751e8b465ee728b)
Start importing Assets/Tiles Sprites/Palettes/factory_tileset_471.asset using Guid(b583cd4f136001245afa96ae1dd3e64a) Importer(815301076,1909f56bfc062723c751e8b465ee728b)  -> (artifact id: '2776a442628668f9112ff675797c0602') in 0.014533 seconds 
========================================================================
Received Import Request.
  Time since last request: 0.000034 seconds.
  path: Assets/Tiles Sprites/Palettes/factory_tileset_148.asset
  artifactKey: Guid(a9a4b16d068a7274c84b3a91f1381c79) Importer(815301076,1909f56bfc062723c751e8b465ee728b)
Start importing Assets/Tiles Sprites/Palettes/factory_tileset_148.asset using Guid(a9a4b16d068a7274c84b3a91f1381c79) Importer(815301076,1909f56bfc062723c751e8b465ee728b)  -> (artifact id: '7ae378a883736d8837697b301b21e27c') in 0.013847 seconds 
========================================================================
Received Import Request.
  Time since last request: 0.000016 seconds.
  path: Assets/Tiles Sprites/Palettes/factory_tileset_314.asset
  artifactKey: Guid(a7d50c83d326b1c4ab2342f85877cc17) Importer(815301076,1909f56bfc062723c751e8b465ee728b)
Start importing Assets/Tiles Sprites/Palettes/factory_tileset_314.asset using Guid(a7d50c83d326b1c4ab2342f85877cc17) Importer(815301076,1909f56bfc062723c751e8b465ee728b)  -> (artifact id: 'cad1ebb067e4f9efebbea4c204b40d7a') in 0.015352 seconds 
========================================================================
Received Import Request.
  Time since last request: 0.000021 seconds.
  path: Assets/Tiles Sprites/Palettes/factory_tileset_145.asset
  artifactKey: Guid(5b98ee4c41617a94998b59b7501a8e78) Importer(815301076,1909f56bfc062723c751e8b465ee728b)
Start importing Assets/Tiles Sprites/Palettes/factory_tileset_145.asset using Guid(5b98ee4c41617a94998b59b7501a8e78) Importer(815301076,1909f56bfc062723c751e8b465ee728b)  -> (artifact id: '84eaa67d84a3558df544dfc0a749cf58') in 0.016319 seconds 
========================================================================
Received Import Request.
  Time since last request: 57.828373 seconds.
  path: Assets/BGmusics/Retro 8-Bit Video Game Loop Chiptune Sound Effect.mp3
  artifactKey: Guid(e1be8be456209724bba7e46fd7a023cb) Importer(815301076,1909f56bfc062723c751e8b465ee728b)
Start importing Assets/BGmusics/Retro 8-Bit Video Game Loop Chiptune Sound Effect.mp3 using Guid(e1be8be456209724bba7e46fd7a023cb) Importer(815301076,1909f56bfc062723c751e8b465ee728b)  -> (artifact id: 'd02987b93e6bedc6064a54361ab23be4') in 0.072497 seconds 
========================================================================
Received Import Request.
  Time since last request: 0.000024 seconds.
  path: Assets/BGmusics/Stage2.mp3
  artifactKey: Guid(9767e6d1967d2784fb2ed42fe64d8b26) Importer(815301076,1909f56bfc062723c751e8b465ee728b)
Start importing Assets/BGmusics/Stage2.mp3 using Guid(9767e6d1967d2784fb2ed42fe64d8b26) Importer(815301076,1909f56bfc062723c751e8b465ee728b)  -> (artifact id: '0494c23a9af65d1b405b7cd44a59e707') in 0.016947 seconds 
========================================================================
Received Import Request.
  Time since last request: 0.000026 seconds.
  path: Assets/BGmusics/Stage1.mp3
  artifactKey: Guid(b904895d251520b44a6ea1184f5dfc1c) Importer(815301076,1909f56bfc062723c751e8b465ee728b)
Start importing Assets/BGmusics/Stage1.mp3 using Guid(b904895d251520b44a6ea1184f5dfc1c) Importer(815301076,1909f56bfc062723c751e8b465ee728b)  -> (artifact id: '8c315827935a24acddf6092beae5c204') in 0.010940 seconds 
========================================================================
Received Import Request.
  Time since last request: 23.616070 seconds.
  path: Assets/TextMesh Pro/Examples & Extras/Resources/Fonts & Materials/Anton SDF - Outline.mat
  artifactKey: Guid(a00013af81304728b2be1f4309ee2433) Importer(815301076,1909f56bfc062723c751e8b465ee728b)
Start importing Assets/TextMesh Pro/Examples & Extras/Resources/Fonts & Materials/Anton SDF - Outline.mat using Guid(a00013af81304728b2be1f4309ee2433) Importer(815301076,1909f56bfc062723c751e8b465ee728b)  -> (artifact id: '426d8a939319460b4fea2f0e59b615f2') in 0.043050 seconds 
========================================================================
Received Import Request.
  Time since last request: 0.000017 seconds.
  path: Assets/TextMesh Pro/Examples & Extras/Resources/Fonts & Materials/Bangers SDF Glow.mat
  artifactKey: Guid(d75b8f41e959450c84ac6e967084d3e1) Importer(815301076,1909f56bfc062723c751e8b465ee728b)
Start importing Assets/TextMesh Pro/Examples & Extras/Resources/Fonts & Materials/Bangers SDF Glow.mat using Guid(d75b8f41e959450c84ac6e967084d3e1) Importer(815301076,1909f56bfc062723c751e8b465ee728b)  -> (artifact id: '01217de6143f93a29ea7509e3027703b') in 0.030792 seconds 
========================================================================
Received Import Request.
  Time since last request: 0.000021 seconds.
  path: Assets/TextMesh Pro/Examples & Extras/Resources/Fonts & Materials/Anton SDF.asset
  artifactKey: Guid(8a89fa14b10d46a99122fd4f73fca9a2) Importer(815301076,1909f56bfc062723c751e8b465ee728b)
Start importing Assets/TextMesh Pro/Examples & Extras/Resources/Fonts & Materials/Anton SDF.asset using Guid(8a89fa14b10d46a99122fd4f73fca9a2) Importer(815301076,1909f56bfc062723c751e8b465ee728b)  -> (artifact id: 'f9316679377ed24936cadafe2175689d') in 0.040274 seconds 
========================================================================
Received Import Request.
  Time since last request: 0.000033 seconds.
  path: Assets/TextMesh Pro/Examples & Extras/Resources/Fonts & Materials/Bangers SDF - Outline.mat
  artifactKey: Guid(f629c6e43dba4bf38cb74d8860150664) Importer(815301076,1909f56bfc062723c751e8b465ee728b)
Start importing Assets/TextMesh Pro/Examples & Extras/Resources/Fonts & Materials/Bangers SDF - Outline.mat using Guid(f629c6e43dba4bf38cb74d8860150664) Importer(815301076,1909f56bfc062723c751e8b465ee728b)  -> (artifact id: '5a4d938ef94a64b6fcdb304b8fa6488c') in 0.018117 seconds 
========================================================================
Received Import Request.
  Time since last request: 15.815507 seconds.
  path: Assets/Art/Sci-Fi Pixel/Sci Fi Pixel Art UI Kit/Prefabs/Panels/Background Frame.prefab
  artifactKey: Guid(d1535bd09cc4a8b4ca118dd5a39f377c) Importer(815301076,1909f56bfc062723c751e8b465ee728b)
Start importing Assets/Art/Sci-Fi Pixel/Sci Fi Pixel Art UI Kit/Prefabs/Panels/Background Frame.prefab using Guid(d1535bd09cc4a8b4ca118dd5a39f377c) Importer(815301076,1909f56bfc062723c751e8b465ee728b)  -> (artifact id: 'b4ab4ab20a525f16b42198d34645230d') in 0.032786 seconds 
========================================================================
Received Import Request.
  Time since last request: 0.000024 seconds.
  path: Assets/Art/Sci-Fi Pixel/Sci Fi Pixel Art UI Kit/Prefabs/Diamond Buttons/Download Diamond Button.prefab
  artifactKey: Guid(82c17d733bb4a84438a89869f042a83a) Importer(815301076,1909f56bfc062723c751e8b465ee728b)
Start importing Assets/Art/Sci-Fi Pixel/Sci Fi Pixel Art UI Kit/Prefabs/Diamond Buttons/Download Diamond Button.prefab using Guid(82c17d733bb4a84438a89869f042a83a) Importer(815301076,1909f56bfc062723c751e8b465ee728b)  -> (artifact id: '05b91fadea2fe7541836ae26a79ec3fb') in 0.023894 seconds 
========================================================================
Received Import Request.
  Time since last request: 0.000028 seconds.
  path: Assets/old asset mess/KrishnaPalacio/MINIFANTASY - Dungeon/Tile Palettes/RuleTiles/DUN Rule Tiles.prefab
  artifactKey: Guid(0727e854e691beb41813e57256803b51) Importer(815301076,1909f56bfc062723c751e8b465ee728b)
Start importing Assets/old asset mess/KrishnaPalacio/MINIFANTASY - Dungeon/Tile Palettes/RuleTiles/DUN Rule Tiles.prefab using Guid(0727e854e691beb41813e57256803b51) Importer(815301076,1909f56bfc062723c751e8b465ee728b)  -> (artifact id: '2567dad072dab520798f41974ccdb90a') in 0.030188 seconds 
========================================================================
Received Import Request.
  Time since last request: 0.000023 seconds.
  path: Assets/Standard Assets/CrossPlatformInput/Prefabs/CarTiltControls.prefab
  artifactKey: Guid(174090ae7f9eff84abe76f0ff062efac) Importer(815301076,1909f56bfc062723c751e8b465ee728b)
Start importing Assets/Standard Assets/CrossPlatformInput/Prefabs/CarTiltControls.prefab using Guid(174090ae7f9eff84abe76f0ff062efac) Importer(815301076,1909f56bfc062723c751e8b465ee728b)  -> (artifact id: 'f1294dcd02ba104e16b9f517b81b92d0') in 0.024716 seconds 
========================================================================
Received Import Request.
  Time since last request: 6.818498 seconds.
  path: Assets/Art/Special Part Sprite/Materials/SuperComputer.mat
  artifactKey: Guid(8d21395bc4df4084795377e1e7ece704) Importer(815301076,1909f56bfc062723c751e8b465ee728b)
Start importing Assets/Art/Special Part Sprite/Materials/SuperComputer.mat using Guid(8d21395bc4df4084795377e1e7ece704) Importer(815301076,1909f56bfc062723c751e8b465ee728b)  -> (artifact id: '643d952840aefed83a55a7812ecec90a') in 0.033055 seconds 
========================================================================
Received Import Request.
  Time since last request: 10.007716 seconds.
  path: Assets/Art/Sci-Fi Pixel/Sci Fi Pixel Art UI Kit/Prefabs/Sliders/Fill Bar Red.prefab
  artifactKey: Guid(ffcf79b8ba2635541a3fec6621b8a922) Importer(815301076,1909f56bfc062723c751e8b465ee728b)
Start importing Assets/Art/Sci-Fi Pixel/Sci Fi Pixel Art UI Kit/Prefabs/Sliders/Fill Bar Red.prefab using Guid(ffcf79b8ba2635541a3fec6621b8a922) Importer(815301076,1909f56bfc062723c751e8b465ee728b)  -> (artifact id: '962b30a057053666f94199eed102f254') in 0.016454 seconds 
========================================================================
Received Import Request.
  Time since last request: 0.055205 seconds.
  path: Assets/old asset mess/KrishnaPalacio/MINIFANTASY - Forgotten Plains/Tile Palettes/Standard Tiles/Hills/FP Hills.prefab
  artifactKey: Guid(246c16a922f40444bb745af57ba6e6f7) Importer(815301076,1909f56bfc062723c751e8b465ee728b)
Start importing Assets/old asset mess/KrishnaPalacio/MINIFANTASY - Forgotten Plains/Tile Palettes/Standard Tiles/Hills/FP Hills.prefab using Guid(246c16a922f40444bb745af57ba6e6f7) Importer(815301076,1909f56bfc062723c751e8b465ee728b)  -> (artifact id: '7c798bc801ea3e2acabae187acfeeee0') in 0.036361 seconds 
========================================================================
Received Import Request.
  Time since last request: 0.000015 seconds.
  path: Assets/old asset mess/KrishnaPalacio/MINIFANTASY - Forgotten Plains/Tile Palettes/Standard Tiles/Lake/FP Lake.prefab
  artifactKey: Guid(231c9e76d50e05646a2e85be2127259b) Importer(815301076,1909f56bfc062723c751e8b465ee728b)
Start importing Assets/old asset mess/KrishnaPalacio/MINIFANTASY - Forgotten Plains/Tile Palettes/Standard Tiles/Lake/FP Lake.prefab using Guid(231c9e76d50e05646a2e85be2127259b) Importer(815301076,1909f56bfc062723c751e8b465ee728b)  -> (artifact id: '7cdd665085664a8487b81ae500a59773') in 0.036366 seconds 
========================================================================
Received Import Request.
  Time since last request: 0.390152 seconds.
  path: Assets/old asset mess/KrishnaPalacio/MINIFANTASY - Forgotten Plains/Tile Palettes/Rule Tiles/FP Rule Tiles.prefab
  artifactKey: Guid(f2a3a983da95fc343834d482b09488f5) Importer(815301076,1909f56bfc062723c751e8b465ee728b)
Start importing Assets/old asset mess/KrishnaPalacio/MINIFANTASY - Forgotten Plains/Tile Palettes/Rule Tiles/FP Rule Tiles.prefab using Guid(f2a3a983da95fc343834d482b09488f5) Importer(815301076,1909f56bfc062723c751e8b465ee728b)  -> (artifact id: 'f72615483dbbc27388088599b7e70212') in 0.039290 seconds 
========================================================================
Received Import Request.
  Time since last request: 1.798079 seconds.
  path: Assets/old asset mess/Rey Folder/PreFabs/John McCarthy_5th_Gen.prefab
  artifactKey: Guid(8913194efd9048846a89e97e7053e3b8) Importer(815301076,1909f56bfc062723c751e8b465ee728b)
Start importing Assets/old asset mess/Rey Folder/PreFabs/John McCarthy_5th_Gen.prefab using Guid(8913194efd9048846a89e97e7053e3b8) Importer(815301076,1909f56bfc062723c751e8b465ee728b)  -> (artifact id: '470a2a1a368409b350d9e3ce1312f4c1') in 0.016879 seconds 
========================================================================
Received Import Request.
  Time since last request: 0.026506 seconds.
  path: Assets/Art/Sci-Fi Pixel/Sci Fi Pixel Art UI Kit/Prefabs/Diamond Buttons/Mail Diamond Button.prefab
  artifactKey: Guid(b3b3af6058a83be4d856a6e9cc75131b) Importer(815301076,1909f56bfc062723c751e8b465ee728b)
Start importing Assets/Art/Sci-Fi Pixel/Sci Fi Pixel Art UI Kit/Prefabs/Diamond Buttons/Mail Diamond Button.prefab using Guid(b3b3af6058a83be4d856a6e9cc75131b) Importer(815301076,1909f56bfc062723c751e8b465ee728b)  -> (artifact id: '0fa9fffac0a9b47fc0d31cd8a5259362') in 0.024170 seconds 
========================================================================
Received Import Request.
  Time since last request: 0.993959 seconds.
  path: Assets/Art/Sci-Fi Pixel/Sci Fi Pixel Art UI Kit/Prefabs/Close Buttons/Medium Close.prefab
  artifactKey: Guid(a633c0f113189b34c903424a48b6db4c) Importer(815301076,1909f56bfc062723c751e8b465ee728b)
Start importing Assets/Art/Sci-Fi Pixel/Sci Fi Pixel Art UI Kit/Prefabs/Close Buttons/Medium Close.prefab using Guid(a633c0f113189b34c903424a48b6db4c) Importer(815301076,1909f56bfc062723c751e8b465ee728b)  -> (artifact id: 'abdb75c8026be8ffd788f2d8b1b6bcea') in 0.013103 seconds 
========================================================================
Received Import Request.
  Time since last request: 0.000033 seconds.
  path: Assets/Standard Assets/CrossPlatformInput/Prefabs/MobileAircraftControls.prefab
  artifactKey: Guid(3369231b1ed7ad34e84d9240a571db81) Importer(815301076,1909f56bfc062723c751e8b465ee728b)
Start importing Assets/Standard Assets/CrossPlatformInput/Prefabs/MobileAircraftControls.prefab using Guid(3369231b1ed7ad34e84d9240a571db81) Importer(815301076,1909f56bfc062723c751e8b465ee728b)  -> (artifact id: '400d997b018aed72565efb8dac191fb6') in 0.025548 seconds 
========================================================================
Received Import Request.
  Time since last request: 0.033364 seconds.
  path: Assets/Standard Assets/CrossPlatformInput/Prefabs/MobileTiltControlRig.prefab
  artifactKey: Guid(999388b68bb99b44099461bfbed94358) Importer(815301076,1909f56bfc062723c751e8b465ee728b)
Start importing Assets/Standard Assets/CrossPlatformInput/Prefabs/MobileTiltControlRig.prefab using Guid(999388b68bb99b44099461bfbed94358) Importer(815301076,1909f56bfc062723c751e8b465ee728b)  -> (artifact id: '1b7c6a348cfce9d332c29169a358b877') in 0.008267 seconds 
========================================================================
Received Import Request.
  Time since last request: 0.000027 seconds.
  path: Assets/Art/Sci-Fi Pixel/Sci Fi Pixel Art UI Kit/Prefabs/Diamond Buttons/Neutral Diamond Button.prefab
  artifactKey: Guid(16583e180720bde4ebd6af7897b3deea) Importer(815301076,1909f56bfc062723c751e8b465ee728b)
Start importing Assets/Art/Sci-Fi Pixel/Sci Fi Pixel Art UI Kit/Prefabs/Diamond Buttons/Neutral Diamond Button.prefab using Guid(16583e180720bde4ebd6af7897b3deea) Importer(815301076,1909f56bfc062723c751e8b465ee728b)  -> (artifact id: 'bc5a1d648a6b683857b0b8f989a14729') in 0.025530 seconds 
========================================================================
Received Import Request.
  Time since last request: 2.067905 seconds.
  path: Assets/Art/Sci-Fi Pixel/Sci Fi Pixel Art UI Kit/Prefabs/Diamond Buttons/Settings Diamond Button.prefab
  artifactKey: Guid(505d6fb076524e8408d04fac72d66f27) Importer(815301076,1909f56bfc062723c751e8b465ee728b)
Start importing Assets/Art/Sci-Fi Pixel/Sci Fi Pixel Art UI Kit/Prefabs/Diamond Buttons/Settings Diamond Button.prefab using Guid(505d6fb076524e8408d04fac72d66f27) Importer(815301076,1909f56bfc062723c751e8b465ee728b)  -> (artifact id: 'f584a4e8216997decba00fe3940fb895') in 0.019472 seconds 
========================================================================
Received Import Request.
  Time since last request: 0.000015 seconds.
  path: Assets/Art/Sci-Fi Pixel/Sci Fi Pixel Art UI Kit/Prefabs/Diamond Buttons/Skip Diamond Button.prefab
  artifactKey: Guid(945c0843ffb28914aae3049f68c0d339) Importer(815301076,1909f56bfc062723c751e8b465ee728b)
Start importing Assets/Art/Sci-Fi Pixel/Sci Fi Pixel Art UI Kit/Prefabs/Diamond Buttons/Skip Diamond Button.prefab using Guid(945c0843ffb28914aae3049f68c0d339) Importer(815301076,1909f56bfc062723c751e8b465ee728b)  -> (artifact id: '4833358be5b3fc1904f704ebec51513d') in 0.021445 seconds 
========================================================================
Received Import Request.
  Time since last request: 0.000015 seconds.
  path: Assets/Art/Sci-Fi Pixel/Sci Fi Pixel Art UI Kit/Prefabs/Diamond Buttons/Stop Diamond Button.prefab
  artifactKey: Guid(dcfdf08e609318648bf245a208f95806) Importer(815301076,1909f56bfc062723c751e8b465ee728b)
Start importing Assets/Art/Sci-Fi Pixel/Sci Fi Pixel Art UI Kit/Prefabs/Diamond Buttons/Stop Diamond Button.prefab using Guid(dcfdf08e609318648bf245a208f95806) Importer(815301076,1909f56bfc062723c751e8b465ee728b)  -> (artifact id: '8f17073655d3db64c714e30b9644254a') in 0.020630 seconds 
========================================================================
Received Import Request.
  Time since last request: 0.000016 seconds.
  path: Assets/Art/Sci-Fi Pixel/Sci Fi Pixel Art UI Kit/Prefabs/Diamond Buttons/Upload Diamond Button.prefab
  artifactKey: Guid(39acf260b75ee5249ad2d1e5b4763469) Importer(815301076,1909f56bfc062723c751e8b465ee728b)
Start importing Assets/Art/Sci-Fi Pixel/Sci Fi Pixel Art UI Kit/Prefabs/Diamond Buttons/Upload Diamond Button.prefab using Guid(39acf260b75ee5249ad2d1e5b4763469) Importer(815301076,1909f56bfc062723c751e8b465ee728b)  -> (artifact id: 'e0255855187f0140b74e454e46c5191e') in 0.023234 seconds 
========================================================================
Received Import Request.
  Time since last request: 0.000021 seconds.
  path: Assets/Art/Sci-Fi Pixel/Sci Fi Pixel Art UI Kit/Prefabs/Wide Buttons/Wide ButtonRed.prefab
  artifactKey: Guid(8f8084c36d2e97047ad682e68537711c) Importer(815301076,1909f56bfc062723c751e8b465ee728b)
Start importing Assets/Art/Sci-Fi Pixel/Sci Fi Pixel Art UI Kit/Prefabs/Wide Buttons/Wide ButtonRed.prefab using Guid(8f8084c36d2e97047ad682e68537711c) Importer(815301076,1909f56bfc062723c751e8b465ee728b)  -> (artifact id: '5bf633bfb83d92561a116856dcb8836f') in 0.021837 seconds 
========================================================================
Received Import Request.
  Time since last request: 0.000020 seconds.
  path: Assets/Art/Sci-Fi Pixel/Sci Fi Pixel Art UI Kit/Prefabs/Diamond Buttons/Play Diamond Button.prefab
  artifactKey: Guid(3a81652e67dfa2c41b9f7b76e72a168e) Importer(815301076,1909f56bfc062723c751e8b465ee728b)
Start importing Assets/Art/Sci-Fi Pixel/Sci Fi Pixel Art UI Kit/Prefabs/Diamond Buttons/Play Diamond Button.prefab using Guid(3a81652e67dfa2c41b9f7b76e72a168e) Importer(815301076,1909f56bfc062723c751e8b465ee728b)  -> (artifact id: '463943fe659e1aa3fda7216d3d6a20b2') in 0.024786 seconds 
========================================================================
Received Import Request.
  Time since last request: 0.000047 seconds.
  path: Assets/Art/Sci-Fi Pixel/Sci Fi Pixel Art UI Kit/Prefabs/Solid Buttons/Search Solid Button.prefab
  artifactKey: Guid(893209f212701d34d9a83d2d036adace) Importer(815301076,1909f56bfc062723c751e8b465ee728b)
Start importing Assets/Art/Sci-Fi Pixel/Sci Fi Pixel Art UI Kit/Prefabs/Solid Buttons/Search Solid Button.prefab using Guid(893209f212701d34d9a83d2d036adace) Importer(815301076,1909f56bfc062723c751e8b465ee728b)  -> (artifact id: 'fe6d683e049df0fdb06c9ff249799d4d') in 0.027169 seconds 
========================================================================
Received Import Request.
  Time since last request: 0.000018 seconds.
  path: Assets/Art/Sci-Fi Pixel/Sci Fi Pixel Art UI Kit/Prefabs/Diamond Buttons/Search Diamond Button.prefab
  artifactKey: Guid(7f9a6f33772b5c04d808ca8749e6940e) Importer(815301076,1909f56bfc062723c751e8b465ee728b)
Start importing Assets/Art/Sci-Fi Pixel/Sci Fi Pixel Art UI Kit/Prefabs/Diamond Buttons/Search Diamond Button.prefab using Guid(7f9a6f33772b5c04d808ca8749e6940e) Importer(815301076,1909f56bfc062723c751e8b465ee728b)  -> (artifact id: '5b93fbbc0d1f0508b917d011f7742f13') in 0.025979 seconds 
========================================================================
Received Import Request.
  Time since last request: 0.000021 seconds.
  path: Assets/Art/Sci-Fi Pixel/Sci Fi Pixel Art UI Kit/Prefabs/Solid Buttons/Question Solid Button.prefab
  artifactKey: Guid(ab2ef00d45de9b642b778219cd011f63) Importer(815301076,1909f56bfc062723c751e8b465ee728b)
Start importing Assets/Art/Sci-Fi Pixel/Sci Fi Pixel Art UI Kit/Prefabs/Solid Buttons/Question Solid Button.prefab using Guid(ab2ef00d45de9b642b778219cd011f63) Importer(815301076,1909f56bfc062723c751e8b465ee728b)  -> (artifact id: '472ce0f6e466cf1d428c6c6d94cc932b') in 0.026706 seconds 
========================================================================
Received Import Request.
  Time since last request: 0.000015 seconds.
  path: Assets/Art/Sci-Fi Pixel/Sci Fi Pixel Art UI Kit/Prefabs/Wide Buttons/Wide Button Green.prefab
  artifactKey: Guid(f3dbc0be4bf0e8f4db981a63a6887bfe) Importer(815301076,1909f56bfc062723c751e8b465ee728b)
Start importing Assets/Art/Sci-Fi Pixel/Sci Fi Pixel Art UI Kit/Prefabs/Wide Buttons/Wide Button Green.prefab using Guid(f3dbc0be4bf0e8f4db981a63a6887bfe) Importer(815301076,1909f56bfc062723c751e8b465ee728b)  -> (artifact id: 'eac606711e5c6c190e83a5d2d10961c4') in 0.021183 seconds 
========================================================================
Received Import Request.
  Time since last request: 0.000015 seconds.
  path: Assets/TextMesh Pro/Examples & Extras/Prefabs/TextMeshPro - Prefab 1.prefab
  artifactKey: Guid(a6e39ced0ea046bcb636c3f0b2e2a745) Importer(815301076,1909f56bfc062723c751e8b465ee728b)
Start importing Assets/TextMesh Pro/Examples & Extras/Prefabs/TextMeshPro - Prefab 1.prefab using Guid(a6e39ced0ea046bcb636c3f0b2e2a745) Importer(815301076,1909f56bfc062723c751e8b465ee728b)  -> (artifact id: '2be04265a7369d7bc9b583de9c8e643a') in 0.028868 seconds 
========================================================================
Received Import Request.
  Time since last request: 0.000016 seconds.
  path: Assets/Art/Sci-Fi Pixel/Sci Fi Pixel Art UI Kit/Prefabs/Text/Subhead.prefab
  artifactKey: Guid(96d6380a96fbde1458b1b26f97bf461c) Importer(815301076,1909f56bfc062723c751e8b465ee728b)
Start importing Assets/Art/Sci-Fi Pixel/Sci Fi Pixel Art UI Kit/Prefabs/Text/Subhead.prefab using Guid(96d6380a96fbde1458b1b26f97bf461c) Importer(815301076,1909f56bfc062723c751e8b465ee728b)  -> (artifact id: '190a65c1091adca7c4a3244d2669b9f3') in 0.007724 seconds 
========================================================================
Received Import Request.
  Time since last request: 0.000016 seconds.
  path: Assets/Art/Sci-Fi Pixel/Sci Fi Pixel Art UI Kit/Prefabs/Diamond Buttons/Pause Diamond Button.prefab
  artifactKey: Guid(6cafc4c14c9ebcb41920fc201c9cbc59) Importer(815301076,1909f56bfc062723c751e8b465ee728b)
Start importing Assets/Art/Sci-Fi Pixel/Sci Fi Pixel Art UI Kit/Prefabs/Diamond Buttons/Pause Diamond Button.prefab using Guid(6cafc4c14c9ebcb41920fc201c9cbc59) Importer(815301076,1909f56bfc062723c751e8b465ee728b)  -> (artifact id: 'f45acb141f5234efb9ea6ebccd8e2d19') in 0.025853 seconds 
========================================================================
Received Import Request.
  Time since last request: 0.000013 seconds.
  path: Assets/Art/Sci-Fi Pixel/Sci Fi Pixel Art UI Kit/Prefabs/Solid Buttons/Stop Solid Button.prefab
  artifactKey: Guid(4f1953a9297f40d4ebcdce20a387e254) Importer(815301076,1909f56bfc062723c751e8b465ee728b)
Start importing Assets/Art/Sci-Fi Pixel/Sci Fi Pixel Art UI Kit/Prefabs/Solid Buttons/Stop Solid Button.prefab using Guid(4f1953a9297f40d4ebcdce20a387e254) Importer(815301076,1909f56bfc062723c751e8b465ee728b)  -> (artifact id: 'f7e1947f5ee491eb63647f2cf7f0bb33') in 0.023949 seconds 
========================================================================
Received Import Request.
  Time since last request: 0.000023 seconds.
  path: Assets/Art/Sci-Fi Pixel/Sci Fi Pixel Art UI Kit/Prefabs/Solid Buttons/Upload Solid Button.prefab
  artifactKey: Guid(8c2f7ba743563b648937144b6083b180) Importer(815301076,1909f56bfc062723c751e8b465ee728b)
Start importing Assets/Art/Sci-Fi Pixel/Sci Fi Pixel Art UI Kit/Prefabs/Solid Buttons/Upload Solid Button.prefab using Guid(8c2f7ba743563b648937144b6083b180) Importer(815301076,1909f56bfc062723c751e8b465ee728b)  -> (artifact id: '281f2dbf59ed742dd17b4927eb40ca7f') in 0.026158 seconds 
========================================================================
Received Import Request.
  Time since last request: 0.000030 seconds.
  path: Assets/Art/Sci-Fi Pixel/Sci Fi Pixel Art UI Kit/Prefabs/Close Buttons/Small Close.prefab
  artifactKey: Guid(9de46ceb5482c8f41a82a5c3031cd4db) Importer(815301076,1909f56bfc062723c751e8b465ee728b)
Start importing Assets/Art/Sci-Fi Pixel/Sci Fi Pixel Art UI Kit/Prefabs/Close Buttons/Small Close.prefab using Guid(9de46ceb5482c8f41a82a5c3031cd4db) Importer(815301076,1909f56bfc062723c751e8b465ee728b)  -> (artifact id: 'cd6515302694197cf9dd637d2335303b') in 0.012908 seconds 
========================================================================
Received Import Request.
  Time since last request: 0.000027 seconds.
  path: Assets/Art/Sci-Fi Pixel/Sci Fi Pixel Art UI Kit/Prefabs/Diamond Buttons/Question Diamond Button.prefab
  artifactKey: Guid(4a72c32007ef2dd4e961f9014829bd2f) Importer(815301076,1909f56bfc062723c751e8b465ee728b)
Start importing Assets/Art/Sci-Fi Pixel/Sci Fi Pixel Art UI Kit/Prefabs/Diamond Buttons/Question Diamond Button.prefab using Guid(4a72c32007ef2dd4e961f9014829bd2f) Importer(815301076,1909f56bfc062723c751e8b465ee728b)  -> (artifact id: '584bf4eebbee26d97619494ad4fdf387') in 0.022835 seconds 
========================================================================
Received Import Request.
  Time since last request: 0.000019 seconds.
  path: Assets/Art/Sci-Fi Pixel/Sci Fi Pixel Art UI Kit/Prefabs/Solid Buttons/Play Solid Button.prefab
  artifactKey: Guid(b0749bd011f4ac4429441299052fe168) Importer(815301076,1909f56bfc062723c751e8b465ee728b)
Start importing Assets/Art/Sci-Fi Pixel/Sci Fi Pixel Art UI Kit/Prefabs/Solid Buttons/Play Solid Button.prefab using Guid(b0749bd011f4ac4429441299052fe168) Importer(815301076,1909f56bfc062723c751e8b465ee728b)  -> (artifact id: '89fbfecb5a83ea9757e48e311f14f410') in 0.024440 seconds 
========================================================================
Received Prepare
Registering precompiled user dll's ...
Registered in 0.005017 seconds.
Begin MonoManager ReloadAssembly
Symbol file LoadedFromMemory doesn't match image C:\Users\Cholo\Documents\GitHub\cgen\CGEN 2d RPG\Library\PackageCache\com.unity.visualscripting@1.7.8\Editor\VisualScripting.Core\Dependencies\YamlDotNet\Unity.VisualScripting.YamlDotNet.dll
Symbol file LoadedFromMemory doesn't match image C:\Users\Cholo\Documents\GitHub\cgen\CGEN 2d RPG\Library\PackageCache\com.unity.visualscripting@1.7.8\Editor\VisualScripting.Core\Dependencies\DotNetZip\Unity.VisualScripting.IonicZip.dll
Native extension for WindowsStandalone target not found
Native extension for Android target not found
Refreshing native plugins compatible for Editor in 2.05 ms, found 3 plugins.
Preloading 0 native plugins for Editor in 0.00 ms.
Mono: successfully reloaded assembly
- Completed reload, in  0.955 seconds
Domain Reload Profiling:
	ReloadAssembly (956ms)
		BeginReloadAssembly (112ms)
			ExecutionOrderSort (0ms)
			DisableScriptedObjects (7ms)
			BackupInstance (0ms)
			ReleaseScriptingObjects (0ms)
			CreateAndSetChildDomain (32ms)
		EndReloadAssembly (753ms)
			LoadAssemblies (74ms)
			RebuildTransferFunctionScriptingTraits (0ms)
			SetupTypeCache (248ms)
			ReleaseScriptCaches (2ms)
			RebuildScriptCaches (46ms)
			SetupLoadedEditorAssemblies (327ms)
				LogAssemblyErrors (0ms)
				InitializePlatformSupportModulesInManaged (24ms)
				SetLoadedEditorAssemblies (0ms)
				RefreshPlugins (2ms)
				BeforeProcessingInitializeOnLoad (61ms)
				ProcessInitializeOnLoadAttributes (197ms)
				ProcessInitializeOnLoadMethodAttributes (34ms)
				AfterProcessingInitializeOnLoad (8ms)
				EditorAssembliesLoaded (0ms)
			ExecutionOrderSort2 (0ms)
			AwakeInstancesAfterBackupRestoration (6ms)
Platform modules already initialized, skipping
Refreshing native plugins compatible for Editor in 4.77 ms, found 3 plugins.
Preloading 0 native plugins for Editor in 0.00 ms.
Unloading 3458 Unused Serialized files (Serialized files now loaded: 0)
Unloading 17 unused Assets / (24.6 KB). Loaded Objects now: 3997.
Memory consumption went from 131.0 MB to 131.0 MB.
Total: 4.360800 ms (FindLiveObjects: 0.244000 ms CreateObjectMapping: 0.184600 ms MarkObjects: 3.858200 ms  DeleteObjects: 0.072600 ms)

AssetImportParameters requested are different than current active one (requested -> active):
  custom:video-decoder-ogg-theora: a1e56fd34408186e4bbccfd4996cb3dc -> 
  custom:container-muxer-webm: aa71ff27fc2769a1b78a27578f13a17b -> 
  custom:container-demuxer-webm: 4f35f7cbe854078d1ac9338744f61a02 -> 
  custom:video-encoder-webm-vp8: eb34c28f22e8b96e1ab97ce403110664 -> 
  custom:audio-encoder-webm-vorbis: bf7c407c2cedff20999df2af8eb42d56 -> 
  custom:framework-win-MediaFoundation: 216162199b28c13a410421893ffa2e32 -> 
  custom:container-demuxer-ogg: 62fdf1f143b41e24485cea50d1cbac27 -> 
  custom:video-decoder-webm-vp8: 9c59270c3fd7afecdb556c50c9e8de78 -> 
  custom:audio-decoder-ogg-vorbis: bf7c407c2cedff20999df2af8eb42d56 -> 
Editor requested this worker to shutdown with reason: Scaling down because of idle timeout
AssetImportWorker is now disconnected from the server
Process exiting
Exiting without the bug reporter. Application will terminate with return code 0