Using pre-set license
Built from '2021.3/staging' branch; Version is '2021.3.14f1 (eee1884e7226) revision 15655304'; Using compiler version '192829333'; Build Type 'Release'
OS: 'Windows 11  (10.0.22621) 64bit CoreSingleLanguage' Language: 'en' Physical Memory: 8001 MB
BatchMode: 1, IsHumanControllingUs: 0, StartBugReporterOnCrash: 0, Is64bit: 1, IsPro: 1

COMMAND LINE ARGUMENTS:
D:\Unity\Unity editor\2021.3.14f1\Editor\Unity.exe
-adb2
-batchMode
-noUpm
-name
AssetImportWorker17
-projectPath
D:/Github repository/cgen/CGEN 2d RPG
-logFile
Logs/AssetImportWorker17.log
-srvPort
50844
Successfully changed project path to: D:/Github repository/cgen/CGEN 2d RPG
D:/Github repository/cgen/CGEN 2d RPG
[UnityMemory] Configuration Parameters - Can be set up in boot.config
    "memorysetup-bucket-allocator-granularity=16"
    "memorysetup-bucket-allocator-bucket-count=8"
    "memorysetup-bucket-allocator-block-size=33554432"
    "memorysetup-bucket-allocator-block-count=8"
    "memorysetup-main-allocator-block-size=16777216"
    "memorysetup-thread-allocator-block-size=16777216"
    "memorysetup-gfx-main-allocator-block-size=16777216"
    "memorysetup-gfx-thread-allocator-block-size=16777216"
    "memorysetup-cache-allocator-block-size=4194304"
    "memorysetup-typetree-allocator-block-size=2097152"
    "memorysetup-profiler-bucket-allocator-granularity=16"
    "memorysetup-profiler-bucket-allocator-bucket-count=8"
    "memorysetup-profiler-bucket-allocator-block-size=33554432"
    "memorysetup-profiler-bucket-allocator-block-count=8"
    "memorysetup-profiler-allocator-block-size=16777216"
    "memorysetup-profiler-editor-allocator-block-size=1048576"
    "memorysetup-temp-allocator-size-main=16777216"
    "memorysetup-job-temp-allocator-block-size=2097152"
    "memorysetup-job-temp-allocator-block-size-background=1048576"
    "memorysetup-job-temp-allocator-reduction-small-platforms=262144"
    "memorysetup-temp-allocator-size-background-worker=32768"
    "memorysetup-temp-allocator-size-job-worker=262144"
    "memorysetup-temp-allocator-size-preload-manager=33554432"
    "memorysetup-temp-allocator-size-nav-mesh-worker=65536"
    "memorysetup-temp-allocator-size-audio-worker=65536"
    "memorysetup-temp-allocator-size-cloud-worker=32768"
    "memorysetup-temp-allocator-size-gi-baking-worker=262144"
    "memorysetup-temp-allocator-size-gfx=262144"
Refreshing native plugins compatible for Editor in 142.60 ms, found 3 plugins.
Preloading 0 native plugins for Editor in 0.00 ms.
Initialize engine version: 2021.3.14f1 (eee1884e7226)
[Subsystems] Discovering subsystems at path D:/Unity/Unity editor/2021.3.14f1/Editor/Data/Resources/UnitySubsystems
[Subsystems] Discovering subsystems at path D:/Github repository/cgen/CGEN 2d RPG/Assets
GfxDevice: creating device client; threaded=0; jobified=0
Direct3D:
    Version:  Direct3D 11.0 [level 11.1]
    Renderer: NVIDIA GeForce GTX 1650 (ID=0x1f91)
    Vendor:   NVIDIA
    VRAM:     3949 MB
    Driver:   31.0.15.3141
Initialize mono
Mono path[0] = 'D:/Unity/Unity editor/2021.3.14f1/Editor/Data/Managed'
Mono path[1] = 'D:/Unity/Unity editor/2021.3.14f1/Editor/Data/MonoBleedingEdge/lib/mono/unityjit-win32'
Mono config path = 'D:/Unity/Unity editor/2021.3.14f1/Editor/Data/MonoBleedingEdge/etc'
Using monoOptions --debugger-agent=transport=dt_socket,embedding=1,server=y,suspend=n,address=127.0.0.1:56248
Begin MonoManager ReloadAssembly
Registering precompiled unity dll's ...
Register platform support module: D:/Unity/Unity editor/2021.3.14f1/Editor/Data/PlaybackEngines/AndroidPlayer/UnityEditor.Android.Extensions.dll
Register platform support module: D:/Unity/Unity editor/2021.3.14f1/Editor/Data/PlaybackEngines/WindowsStandaloneSupport/UnityEditor.WindowsStandalone.Extensions.dll
Registered in 0.003285 seconds.
Native extension for WindowsStandalone target not found
Native extension for Android target not found
Refreshing native plugins compatible for Editor in 104.95 ms, found 3 plugins.
Preloading 0 native plugins for Editor in 0.00 ms.
Mono: successfully reloaded assembly
- Completed reload, in  0.851 seconds
Domain Reload Profiling:
	ReloadAssembly (852ms)
		BeginReloadAssembly (122ms)
			ExecutionOrderSort (0ms)
			DisableScriptedObjects (0ms)
			BackupInstance (0ms)
			ReleaseScriptingObjects (0ms)
			CreateAndSetChildDomain (1ms)
		EndReloadAssembly (605ms)
			LoadAssemblies (122ms)
			RebuildTransferFunctionScriptingTraits (0ms)
			SetupTypeCache (130ms)
			ReleaseScriptCaches (0ms)
			RebuildScriptCaches (38ms)
			SetupLoadedEditorAssemblies (371ms)
				LogAssemblyErrors (0ms)
				InitializePlatformSupportModulesInManaged (75ms)
				SetLoadedEditorAssemblies (0ms)
				RefreshPlugins (105ms)
				BeforeProcessingInitializeOnLoad (2ms)
				ProcessInitializeOnLoadAttributes (133ms)
				ProcessInitializeOnLoadMethodAttributes (56ms)
				AfterProcessingInitializeOnLoad (0ms)
				EditorAssembliesLoaded (0ms)
			ExecutionOrderSort2 (0ms)
			AwakeInstancesAfterBackupRestoration (0ms)
Platform modules already initialized, skipping
Registering precompiled user dll's ...
Registered in 0.008814 seconds.
Begin MonoManager ReloadAssembly
Native extension for WindowsStandalone target not found
Native extension for Android target not found
Refreshing native plugins compatible for Editor in 0.99 ms, found 3 plugins.
Preloading 0 native plugins for Editor in 0.00 ms.
Mono: successfully reloaded assembly
- Completed reload, in  1.394 seconds
Domain Reload Profiling:
	ReloadAssembly (1396ms)
		BeginReloadAssembly (286ms)
			ExecutionOrderSort (0ms)
			DisableScriptedObjects (9ms)
			BackupInstance (0ms)
			ReleaseScriptingObjects (0ms)
			CreateAndSetChildDomain (141ms)
		EndReloadAssembly (976ms)
			LoadAssemblies (147ms)
			RebuildTransferFunctionScriptingTraits (0ms)
			SetupTypeCache (282ms)
			ReleaseScriptCaches (1ms)
			RebuildScriptCaches (71ms)
			SetupLoadedEditorAssemblies (453ms)
				LogAssemblyErrors (0ms)
				InitializePlatformSupportModulesInManaged (16ms)
				SetLoadedEditorAssemblies (1ms)
				RefreshPlugins (1ms)
				BeforeProcessingInitializeOnLoad (91ms)
				ProcessInitializeOnLoadAttributes (293ms)
				ProcessInitializeOnLoadMethodAttributes (48ms)
				AfterProcessingInitializeOnLoad (3ms)
				EditorAssembliesLoaded (0ms)
			ExecutionOrderSort2 (0ms)
			AwakeInstancesAfterBackupRestoration (7ms)
Platform modules already initialized, skipping
========================================================================
Worker process is ready to serve import requests
Launched and connected shader compiler UnityShaderCompiler.exe after 0.34 seconds
Refreshing native plugins compatible for Editor in 1.03 ms, found 3 plugins.
Preloading 0 native plugins for Editor in 0.00 ms.
Unloading 3444 Unused Serialized files (Serialized files now loaded: 0)
Unloading 28 unused Assets / (56.2 KB). Loaded Objects now: 3912.
Memory consumption went from 121.6 MB to 121.6 MB.
Total: 5.092900 ms (FindLiveObjects: 0.427900 ms CreateObjectMapping: 0.144300 ms MarkObjects: 4.396100 ms  DeleteObjects: 0.122900 ms)

AssetImportParameters requested are different than current active one (requested -> active):
  custom:video-decoder-ogg-theora: a1e56fd34408186e4bbccfd4996cb3dc -> 
  custom:container-muxer-webm: aa71ff27fc2769a1b78a27578f13a17b -> 
  custom:container-demuxer-webm: 4f35f7cbe854078d1ac9338744f61a02 -> 
  custom:video-encoder-webm-vp8: eb34c28f22e8b96e1ab97ce403110664 -> 
  custom:video-codec-MediaFoundation-h265: 746d11721c4dcdbdad8f713fa42b33f4 -> 
  custom:audio-encoder-webm-vorbis: bf7c407c2cedff20999df2af8eb42d56 -> 
  custom:framework-win-MediaFoundation: 216162199b28c13a410421893ffa2e32 -> 
  custom:container-demuxer-ogg: 62fdf1f143b41e24485cea50d1cbac27 -> 
  custom:video-decoder-webm-vp8: 9c59270c3fd7afecdb556c50c9e8de78 -> 
  custom:audio-decoder-ogg-vorbis: bf7c407c2cedff20999df2af8eb42d56 -> 
========================================================================
Received Import Request.
  Time since last request: 1499407.897598 seconds.
  path: Assets/RPG&Fantasy Mobile GUI/symbols/symbol_02.png
  artifactKey: Guid(dd494363038ae5791813ce7d225246aa) Importer(815301076,1909f56bfc062723c751e8b465ee728b)
Start importing Assets/RPG&Fantasy Mobile GUI/symbols/symbol_02.png using Guid(dd494363038ae5791813ce7d225246aa) Importer(815301076,1909f56bfc062723c751e8b465ee728b)  -> (artifact id: '6fa34bff221a6f56e94bbb78ff41dd8c') in 0.182780 seconds 
========================================================================
Received Import Request.
  Time since last request: 3.321222 seconds.
  path: Assets/RPG&Fantasy Mobile GUI/texts/music.png
  artifactKey: Guid(5f710ecc639fad9c58ccf8e2b804cbbb) Importer(815301076,1909f56bfc062723c751e8b465ee728b)
Start importing Assets/RPG&Fantasy Mobile GUI/texts/music.png using Guid(5f710ecc639fad9c58ccf8e2b804cbbb) Importer(815301076,1909f56bfc062723c751e8b465ee728b)  -> (artifact id: '26713b286757220ed29da7420c2e3450') in 0.037196 seconds 
========================================================================
Received Import Request.
  Time since last request: 0.000036 seconds.
  path: Assets/RPG&Fantasy Mobile GUI/texts/text_07.png
  artifactKey: Guid(e747767525e79a371b08c604dec13b60) Importer(815301076,1909f56bfc062723c751e8b465ee728b)
Start importing Assets/RPG&Fantasy Mobile GUI/texts/text_07.png using Guid(e747767525e79a371b08c604dec13b60) Importer(815301076,1909f56bfc062723c751e8b465ee728b)  -> (artifact id: '83397a471d79ebccd79403a162768e82') in 0.034431 seconds 
========================================================================
Received Import Request.
  Time since last request: 0.000041 seconds.
  path: Assets/RPG&Fantasy Mobile GUI/texts/text_10.png
  artifactKey: Guid(f55efdaeaf06705f19760fd936cb5a6f) Importer(815301076,1909f56bfc062723c751e8b465ee728b)
Start importing Assets/RPG&Fantasy Mobile GUI/texts/text_10.png using Guid(f55efdaeaf06705f19760fd936cb5a6f) Importer(815301076,1909f56bfc062723c751e8b465ee728b)  -> (artifact id: '64409983311aaaf9ee0ba157ca484cbd') in 0.037833 seconds 
========================================================================
Received Import Request.
  Time since last request: 0.000034 seconds.
  path: Assets/RPG&Fantasy Mobile GUI/texts/text_05.png
  artifactKey: Guid(00949afb617f7d41db8c248e0942be7a) Importer(815301076,1909f56bfc062723c751e8b465ee728b)
Start importing Assets/RPG&Fantasy Mobile GUI/texts/text_05.png using Guid(00949afb617f7d41db8c248e0942be7a) Importer(815301076,1909f56bfc062723c751e8b465ee728b)  -> (artifact id: '15c102f144d9d0cfb4171cf774b6873b') in 0.044631 seconds 
========================================================================
Received Import Request.
  Time since last request: 0.000036 seconds.
  path: Assets/RPG&Fantasy Mobile GUI/texts/text_11.png
  artifactKey: Guid(5fa4543e7d6eb8d2896cf53347222c8e) Importer(815301076,1909f56bfc062723c751e8b465ee728b)
Start importing Assets/RPG&Fantasy Mobile GUI/texts/text_11.png using Guid(5fa4543e7d6eb8d2896cf53347222c8e) Importer(815301076,1909f56bfc062723c751e8b465ee728b)  -> (artifact id: 'c82bda3cd9a875080f9177ae9bb42437') in 0.052958 seconds 
========================================================================
Received Import Request.
  Time since last request: 0.000065 seconds.
  path: Assets/RPG&Fantasy Mobile GUI/texts/text_12.png
  artifactKey: Guid(b7fc91121d826d355bd427e9d4d0a576) Importer(815301076,1909f56bfc062723c751e8b465ee728b)
Start importing Assets/RPG&Fantasy Mobile GUI/texts/text_12.png using Guid(b7fc91121d826d355bd427e9d4d0a576) Importer(815301076,1909f56bfc062723c751e8b465ee728b)  -> (artifact id: '2b09592ce6dc9bc37f935a82f1e6f8a7') in 0.045404 seconds 
========================================================================
Received Import Request.
  Time since last request: 15.475312 seconds.
  path: Assets/RPG&Fantasy Mobile GUI/titles/title_02.png
  artifactKey: Guid(6c3921112ebe96c278d62170a5b40ee5) Importer(815301076,1909f56bfc062723c751e8b465ee728b)
Start importing Assets/RPG&Fantasy Mobile GUI/titles/title_02.png using Guid(6c3921112ebe96c278d62170a5b40ee5) Importer(815301076,1909f56bfc062723c751e8b465ee728b)  -> (artifact id: 'f383d040b506ec5b7f72a03de1ca2eaa') in 0.052719 seconds 
========================================================================
Received Import Request.
  Time since last request: 0.000024 seconds.
  path: Assets/RPG&Fantasy Mobile GUI/titles/title_19.png
  artifactKey: Guid(381f99abe46d892f599ee4fb6d875e78) Importer(815301076,1909f56bfc062723c751e8b465ee728b)
Start importing Assets/RPG&Fantasy Mobile GUI/titles/title_19.png using Guid(381f99abe46d892f599ee4fb6d875e78) Importer(815301076,1909f56bfc062723c751e8b465ee728b)  -> (artifact id: 'ebd120b2887d08a751472658c2451dcf') in 0.038331 seconds 
========================================================================
Received Import Request.
  Time since last request: 0.000035 seconds.
  path: Assets/RPG&Fantasy Mobile GUI/titles/title_05.png
  artifactKey: Guid(d20f4a2bf5c2342eb838b8c322b7c8c4) Importer(815301076,1909f56bfc062723c751e8b465ee728b)
Start importing Assets/RPG&Fantasy Mobile GUI/titles/title_05.png using Guid(d20f4a2bf5c2342eb838b8c322b7c8c4) Importer(815301076,1909f56bfc062723c751e8b465ee728b)  -> (artifact id: '1b70079b7acf449a20f01a2b7e5788f0') in 0.061594 seconds 
========================================================================
Received Import Request.
  Time since last request: 0.000044 seconds.
  path: Assets/RPG&Fantasy Mobile GUI/titles/title_07.png
  artifactKey: Guid(93fe61250af7ee144a44b78b7f4cadfb) Importer(815301076,1909f56bfc062723c751e8b465ee728b)
Start importing Assets/RPG&Fantasy Mobile GUI/titles/title_07.png using Guid(93fe61250af7ee144a44b78b7f4cadfb) Importer(815301076,1909f56bfc062723c751e8b465ee728b)  -> (artifact id: '6c95cc10f81b560497582dd12765abc5') in 0.053116 seconds 
========================================================================
Received Import Request.
  Time since last request: 0.000054 seconds.
  path: Assets/RPG&Fantasy Mobile GUI/titles/title_14.png
  artifactKey: Guid(04e3d02776d5ad19d80abcc76cd27d75) Importer(815301076,1909f56bfc062723c751e8b465ee728b)
Start importing Assets/RPG&Fantasy Mobile GUI/titles/title_14.png using Guid(04e3d02776d5ad19d80abcc76cd27d75) Importer(815301076,1909f56bfc062723c751e8b465ee728b)  -> (artifact id: 'd1177c896d99d4d25c691a72f61afc15') in 0.049454 seconds 
========================================================================
Received Import Request.
  Time since last request: 0.000034 seconds.
  path: Assets/RPG&Fantasy Mobile GUI/titles/title_17.png
  artifactKey: Guid(4208d837bf1878f77b21b5e933fbe162) Importer(815301076,1909f56bfc062723c751e8b465ee728b)
Start importing Assets/RPG&Fantasy Mobile GUI/titles/title_17.png using Guid(4208d837bf1878f77b21b5e933fbe162) Importer(815301076,1909f56bfc062723c751e8b465ee728b)  -> (artifact id: 'dfb7b4ac8bb4d3d1010e3d53791fae0d') in 0.073860 seconds 
========================================================================
Received Import Request.
  Time since last request: 0.000057 seconds.
  path: Assets/RPG&Fantasy Mobile GUI/titles/title_11.png
  artifactKey: Guid(8756bf63e5ab72449814468177c97fcf) Importer(815301076,1909f56bfc062723c751e8b465ee728b)
Start importing Assets/RPG&Fantasy Mobile GUI/titles/title_11.png using Guid(8756bf63e5ab72449814468177c97fcf) Importer(815301076,1909f56bfc062723c751e8b465ee728b)  -> (artifact id: '2cfa17b9d21fd64aa84979e730139723') in 0.056919 seconds 
========================================================================
Received Import Request.
  Time since last request: 391.462459 seconds.
  path: Assets/TinyRPGTown/Artwork/Sprites/barrel.png
  artifactKey: Guid(5b54b64aa03a6418fa2cf8b50928ceb9) Importer(815301076,1909f56bfc062723c751e8b465ee728b)
Start importing Assets/TinyRPGTown/Artwork/Sprites/barrel.png using Guid(5b54b64aa03a6418fa2cf8b50928ceb9) Importer(815301076,1909f56bfc062723c751e8b465ee728b)  -> (artifact id: '2d5a4b12e92e694762212a52e730e95c') in 0.668582 seconds 
========================================================================
Received Import Request.
  Time since last request: 0.000035 seconds.
  path: Assets/TinyRPGTown/Artwork/Sprites/top-wall-tile-right.png
  artifactKey: Guid(ba0730fe8381a4dca96e8292a87e8d98) Importer(815301076,1909f56bfc062723c751e8b465ee728b)
Start importing Assets/TinyRPGTown/Artwork/Sprites/top-wall-tile-right.png using Guid(ba0730fe8381a4dca96e8292a87e8d98) Importer(815301076,1909f56bfc062723c751e8b465ee728b)  -> (artifact id: '373481ccf644cb874ecbe08732a04468') in 0.620364 seconds 
========================================================================
Received Import Request.
  Time since last request: 0.000072 seconds.
  path: Assets/TinyRPGTown/Artwork/Sprites/rock.png
  artifactKey: Guid(d4fd9a785b43f4479a077f9adbaf5a47) Importer(815301076,1909f56bfc062723c751e8b465ee728b)
Start importing Assets/TinyRPGTown/Artwork/Sprites/rock.png using Guid(d4fd9a785b43f4479a077f9adbaf5a47) Importer(815301076,1909f56bfc062723c751e8b465ee728b)  -> (artifact id: '7838e87d05abbf3485dc77b5d7aa7225') in 0.104900 seconds 
========================================================================
Received Import Request.
  Time since last request: 0.000038 seconds.
  path: Assets/TinyRPGTown/Artwork/Sprites/top-wall-tile-left.png
  artifactKey: Guid(ae6af53c911df4587a5d7b572f1d8718) Importer(815301076,1909f56bfc062723c751e8b465ee728b)
Start importing Assets/TinyRPGTown/Artwork/Sprites/top-wall-tile-left.png using Guid(ae6af53c911df4587a5d7b572f1d8718) Importer(815301076,1909f56bfc062723c751e8b465ee728b)  -> (artifact id: '61ed40d3933724635a0f7bb660a5b644') in 0.118099 seconds 
========================================================================
Received Import Request.
  Time since last request: 0.000037 seconds.
  path: Assets/TinyRPGTown/Artwork/Sprites/building-thin.png
  artifactKey: Guid(86823c3252463409989c0bb247d92a60) Importer(815301076,1909f56bfc062723c751e8b465ee728b)
Start importing Assets/TinyRPGTown/Artwork/Sprites/building-thin.png using Guid(86823c3252463409989c0bb247d92a60) Importer(815301076,1909f56bfc062723c751e8b465ee728b)  -> (artifact id: '1c7ff4ed2b92863a37ef1236e93b35bb') in 0.074804 seconds 
========================================================================
Received Import Request.
  Time since last request: 0.000069 seconds.
  path: Assets/TinyRPGTown/Artwork/Sprites/wall-tile-left.png
  artifactKey: Guid(9750aef87e43847a7879b30cfb6f5e2d) Importer(815301076,1909f56bfc062723c751e8b465ee728b)
Start importing Assets/TinyRPGTown/Artwork/Sprites/wall-tile-left.png using Guid(9750aef87e43847a7879b30cfb6f5e2d) Importer(815301076,1909f56bfc062723c751e8b465ee728b)  -> (artifact id: '62bcfc0e86e6f4dafad1c8bfd7f175a9') in 0.051043 seconds 
========================================================================
Received Import Request.
  Time since last request: 0.000031 seconds.
  path: Assets/TinyRPGTown/Artwork/Sprites/wall-tile-right.png
  artifactKey: Guid(255326d2aba8941f5baf052c05ffd47b) Importer(815301076,1909f56bfc062723c751e8b465ee728b)
Start importing Assets/TinyRPGTown/Artwork/Sprites/wall-tile-right.png using Guid(255326d2aba8941f5baf052c05ffd47b) Importer(815301076,1909f56bfc062723c751e8b465ee728b)  -> (artifact id: '0a7cf0a0adef65b7ea567108d2d8a30b') in 0.054743 seconds 
========================================================================
Received Import Request.
  Time since last request: 0.000030 seconds.
  path: Assets/TinyRPGTown/Artwork/Sprites/rock-small.png
  artifactKey: Guid(f6f051dac88f64d738e91b4f27aaaacd) Importer(815301076,1909f56bfc062723c751e8b465ee728b)
Start importing Assets/TinyRPGTown/Artwork/Sprites/rock-small.png using Guid(f6f051dac88f64d738e91b4f27aaaacd) Importer(815301076,1909f56bfc062723c751e8b465ee728b)  -> (artifact id: '7b25d12a4fdbfcc418e296c169a3306e') in 0.067235 seconds 
========================================================================
Received Import Request.
  Time since last request: 27.531780 seconds.
  path: Assets/Tiles Sprites/Palettes/water.prefab
  artifactKey: Guid(a32697baf7b7d6142a5fae6f52449dfd) Importer(815301076,1909f56bfc062723c751e8b465ee728b)
Start importing Assets/Tiles Sprites/Palettes/water.prefab using Guid(a32697baf7b7d6142a5fae6f52449dfd) Importer(815301076,1909f56bfc062723c751e8b465ee728b)  -> (artifact id: '11fdb2a65a45b0abfcb2114d3471e925') in 0.158200 seconds 
========================================================================
Received Import Request.
  Time since last request: 4.984532 seconds.
  path: Assets/Tiles/cloud_tileset_0.asset
  artifactKey: Guid(49ae27e06e98358468c3931e802c6742) Importer(815301076,1909f56bfc062723c751e8b465ee728b)
Start importing Assets/Tiles/cloud_tileset_0.asset using Guid(49ae27e06e98358468c3931e802c6742) Importer(815301076,1909f56bfc062723c751e8b465ee728b)  -> (artifact id: 'a2cbca1f51f785e99fd5ee7c3e2aef3f') in 0.134082 seconds 
========================================================================
Received Import Request.
  Time since last request: 0.000024 seconds.
  path: Assets/Tiles/cloud_tileset_4.asset
  artifactKey: Guid(1306ab72c55e1864eac764727facee36) Importer(815301076,1909f56bfc062723c751e8b465ee728b)
Start importing Assets/Tiles/cloud_tileset_4.asset using Guid(1306ab72c55e1864eac764727facee36) Importer(815301076,1909f56bfc062723c751e8b465ee728b)  -> (artifact id: 'eab4512279c2c09a3918a6831e370e26') in 0.086521 seconds 
========================================================================
Received Import Request.
  Time since last request: 0.000044 seconds.
  path: Assets/Tiles/cloud_tileset_11.asset
  artifactKey: Guid(7b4262c4ba0baec46b15c404d40462eb) Importer(815301076,1909f56bfc062723c751e8b465ee728b)
Start importing Assets/Tiles/cloud_tileset_11.asset using Guid(7b4262c4ba0baec46b15c404d40462eb) Importer(815301076,1909f56bfc062723c751e8b465ee728b)  -> (artifact id: 'e49dffc0546a7993130715c3dc2e7770') in 0.055408 seconds 
========================================================================
Received Import Request.
  Time since last request: 0.000028 seconds.
  path: Assets/Tiles/cloud_tileset_17.asset
  artifactKey: Guid(5b77589ed6685cf479704afb269e5b92) Importer(815301076,1909f56bfc062723c751e8b465ee728b)
Start importing Assets/Tiles/cloud_tileset_17.asset using Guid(5b77589ed6685cf479704afb269e5b92) Importer(815301076,1909f56bfc062723c751e8b465ee728b)  -> (artifact id: '9d16a8bf00c22a5e211138b48e782ec4') in 0.064987 seconds 
========================================================================
Received Import Request.
  Time since last request: 0.000025 seconds.
  path: Assets/Tiles/cloud_tileset_18.asset
  artifactKey: Guid(5dab6503e09d1b142a2c68b030d57bd9) Importer(815301076,1909f56bfc062723c751e8b465ee728b)
Start importing Assets/Tiles/cloud_tileset_18.asset using Guid(5dab6503e09d1b142a2c68b030d57bd9) Importer(815301076,1909f56bfc062723c751e8b465ee728b)  -> (artifact id: 'b60c55e702f7e686b36fc0ddc9cad3d3') in 0.031085 seconds 
========================================================================
Received Import Request.
  Time since last request: 0.000040 seconds.
  path: Assets/Tiles/cloud_tileset_9.asset
  artifactKey: Guid(e5b4d44ec249f9442850940627038ae8) Importer(815301076,1909f56bfc062723c751e8b465ee728b)
Start importing Assets/Tiles/cloud_tileset_9.asset using Guid(e5b4d44ec249f9442850940627038ae8) Importer(815301076,1909f56bfc062723c751e8b465ee728b)  -> (artifact id: '0f08fe5721e835cab625da1a6c9c00d0') in 0.026433 seconds 
========================================================================
Received Import Request.
  Time since last request: 0.000044 seconds.
  path: Assets/Tiles/cloud_tileset_12.asset
  artifactKey: Guid(58303b685ba047d45a616708eb470c5d) Importer(815301076,1909f56bfc062723c751e8b465ee728b)
Start importing Assets/Tiles/cloud_tileset_12.asset using Guid(58303b685ba047d45a616708eb470c5d) Importer(815301076,1909f56bfc062723c751e8b465ee728b)  -> (artifact id: 'da3c81e79cbff9fa5c90e0a763ce5d21') in 0.025404 seconds 
========================================================================
Received Import Request.
  Time since last request: 0.000035 seconds.
  path: Assets/Tiles/cloud_tileset_20.asset
  artifactKey: Guid(402eca6f37bb95f4ca13f3cf3e006003) Importer(815301076,1909f56bfc062723c751e8b465ee728b)
Start importing Assets/Tiles/cloud_tileset_20.asset using Guid(402eca6f37bb95f4ca13f3cf3e006003) Importer(815301076,1909f56bfc062723c751e8b465ee728b)  -> (artifact id: 'ce15f2a2f732b62d7887a0eb2c9fb25d') in 0.024663 seconds 
========================================================================
Received Import Request.
  Time since last request: 0.000049 seconds.
  path: Assets/Tiles/cloud_tileset_22.asset
  artifactKey: Guid(79e82ff15e10561499eedc7fefa06d09) Importer(815301076,1909f56bfc062723c751e8b465ee728b)
Start importing Assets/Tiles/cloud_tileset_22.asset using Guid(79e82ff15e10561499eedc7fefa06d09) Importer(815301076,1909f56bfc062723c751e8b465ee728b)  -> (artifact id: 'cd36f3b799c7de51f8eda3501ecbcf87') in 0.042233 seconds 
========================================================================
Received Import Request.
  Time since last request: 0.000051 seconds.
  path: Assets/Tiles/cloud_tileset_8.asset
  artifactKey: Guid(985c1c80dc470314c93f801e0743dc75) Importer(815301076,1909f56bfc062723c751e8b465ee728b)
Start importing Assets/Tiles/cloud_tileset_8.asset using Guid(985c1c80dc470314c93f801e0743dc75) Importer(815301076,1909f56bfc062723c751e8b465ee728b)  -> (artifact id: 'd4fefb2304f1ae98108e47060deeee37') in 0.023357 seconds 
========================================================================
Received Import Request.
  Time since last request: 0.000027 seconds.
  path: Assets/Tiles/cloud_tileset_7.asset
  artifactKey: Guid(08e1d54dfe453db479f0d755697c0d73) Importer(815301076,1909f56bfc062723c751e8b465ee728b)
Start importing Assets/Tiles/cloud_tileset_7.asset using Guid(08e1d54dfe453db479f0d755697c0d73) Importer(815301076,1909f56bfc062723c751e8b465ee728b)  -> (artifact id: 'de1eaf0b768615dd5d10f91be9a1ecc3') in 0.028453 seconds 
========================================================================
Received Import Request.
  Time since last request: 0.000033 seconds.
  path: Assets/Tiles/cloud_tileset_24.asset
  artifactKey: Guid(8d06f7f15ccc0b94bb1c3295407ff5fb) Importer(815301076,1909f56bfc062723c751e8b465ee728b)
Start importing Assets/Tiles/cloud_tileset_24.asset using Guid(8d06f7f15ccc0b94bb1c3295407ff5fb) Importer(815301076,1909f56bfc062723c751e8b465ee728b)  -> (artifact id: 'c77aa710b204e6ca5331207aa97fc6c3') in 0.026567 seconds 
========================================================================
Received Import Request.
  Time since last request: 0.000026 seconds.
  path: Assets/Tiles/cloud_tileset_2.asset
  artifactKey: Guid(8a987040278f89f4583126fa9a32b5d5) Importer(815301076,1909f56bfc062723c751e8b465ee728b)
Start importing Assets/Tiles/cloud_tileset_2.asset using Guid(8a987040278f89f4583126fa9a32b5d5) Importer(815301076,1909f56bfc062723c751e8b465ee728b)  -> (artifact id: '2d4adf02dba3c2d144cfe3f8af669057') in 0.028544 seconds 
========================================================================
Received Import Request.
  Time since last request: 0.000039 seconds.
  path: Assets/Tiles/cloud_tileset_5.asset
  artifactKey: Guid(9e687eeedc9bccc4e98ed23617ed6b19) Importer(815301076,1909f56bfc062723c751e8b465ee728b)
Start importing Assets/Tiles/cloud_tileset_5.asset using Guid(9e687eeedc9bccc4e98ed23617ed6b19) Importer(815301076,1909f56bfc062723c751e8b465ee728b)  -> (artifact id: '3de4c7ad13dd3c1c3f69b56eafc7e567') in 0.029922 seconds 
========================================================================
Received Import Request.
  Time since last request: 0.000046 seconds.
  path: Assets/Tiles/cloud_tileset_3.asset
  artifactKey: Guid(a6cf83d24fa6a04408cc2c35e30abf41) Importer(815301076,1909f56bfc062723c751e8b465ee728b)
Start importing Assets/Tiles/cloud_tileset_3.asset using Guid(a6cf83d24fa6a04408cc2c35e30abf41) Importer(815301076,1909f56bfc062723c751e8b465ee728b)  -> (artifact id: 'b53b5d6854190f2a84ccef77282d04dd') in 0.021791 seconds 
========================================================================
Received Import Request.
  Time since last request: 0.000074 seconds.
  path: Assets/Tiles/cloud_tileset_1.asset
  artifactKey: Guid(13404f37405664749b1739f72b6c7ace) Importer(815301076,1909f56bfc062723c751e8b465ee728b)
Start importing Assets/Tiles/cloud_tileset_1.asset using Guid(13404f37405664749b1739f72b6c7ace) Importer(815301076,1909f56bfc062723c751e8b465ee728b)  -> (artifact id: '36040256b75e4ae1379195069c216098') in 0.031096 seconds 
========================================================================
Received Import Request.
  Time since last request: 0.000053 seconds.
  path: Assets/Tiles/cloud_tileset_6.asset
  artifactKey: Guid(d36747dcdb502754daac276cbf701730) Importer(815301076,1909f56bfc062723c751e8b465ee728b)
Start importing Assets/Tiles/cloud_tileset_6.asset using Guid(d36747dcdb502754daac276cbf701730) Importer(815301076,1909f56bfc062723c751e8b465ee728b)  -> (artifact id: 'fc3a15bd3b15f743f1eebce23ca3fbc5') in 0.028584 seconds 
========================================================================
Received Import Request.
  Time since last request: 0.000044 seconds.
  path: Assets/Tiles/cloud_tileset_10.asset
  artifactKey: Guid(2e0ca24af2d3aee478dc0640d67e9c23) Importer(815301076,1909f56bfc062723c751e8b465ee728b)
Start importing Assets/Tiles/cloud_tileset_10.asset using Guid(2e0ca24af2d3aee478dc0640d67e9c23) Importer(815301076,1909f56bfc062723c751e8b465ee728b)  -> (artifact id: '775593050944aaaf934ada3dbab0a3a3') in 0.030967 seconds 
========================================================================
Received Import Request.
  Time since last request: 0.000028 seconds.
  path: Assets/Tiles/cloud_tileset_13.asset
  artifactKey: Guid(1089bc5b53c7be64d95e2e096a223f6e) Importer(815301076,1909f56bfc062723c751e8b465ee728b)
Start importing Assets/Tiles/cloud_tileset_13.asset using Guid(1089bc5b53c7be64d95e2e096a223f6e) Importer(815301076,1909f56bfc062723c751e8b465ee728b)  -> (artifact id: 'efbfaa78b5c9636867217d87d7a69a6d') in 0.031666 seconds 
========================================================================
Received Import Request.
  Time since last request: 0.000047 seconds.
  path: Assets/Tiles/cloud_tileset_19.asset
  artifactKey: Guid(ce7c78c20054fad4f85601b27ec1eefb) Importer(815301076,1909f56bfc062723c751e8b465ee728b)
Start importing Assets/Tiles/cloud_tileset_19.asset using Guid(ce7c78c20054fad4f85601b27ec1eefb) Importer(815301076,1909f56bfc062723c751e8b465ee728b)  -> (artifact id: '822b41018b96291712c32d65fdcf3fae') in 0.024955 seconds 
========================================================================
Received Import Request.
  Time since last request: 0.000060 seconds.
  path: Assets/Tiles/cloud_tileset_16.asset
  artifactKey: Guid(c189e68ba15ac6a4f8501957275fc557) Importer(815301076,1909f56bfc062723c751e8b465ee728b)
Start importing Assets/Tiles/cloud_tileset_16.asset using Guid(c189e68ba15ac6a4f8501957275fc557) Importer(815301076,1909f56bfc062723c751e8b465ee728b)  -> (artifact id: '9154c6f38bc45fcb8c03a3cd04e5e353') in 0.023933 seconds 
========================================================================
Received Import Request.
  Time since last request: 0.000048 seconds.
  path: Assets/Tiles/cloud_tileset_27.asset
  artifactKey: Guid(8ec545acf8cd9624e9e6599f835fea40) Importer(815301076,1909f56bfc062723c751e8b465ee728b)
Start importing Assets/Tiles/cloud_tileset_27.asset using Guid(8ec545acf8cd9624e9e6599f835fea40) Importer(815301076,1909f56bfc062723c751e8b465ee728b)  -> (artifact id: 'cf324c73ad1488ac565edfd5c08edb46') in 0.030139 seconds 
========================================================================
Received Import Request.
  Time since last request: 0.000078 seconds.
  path: Assets/Tiles/cloud_tileset_21.asset
  artifactKey: Guid(49d14cb088602d14393fd82da6d09428) Importer(815301076,1909f56bfc062723c751e8b465ee728b)
Start importing Assets/Tiles/cloud_tileset_21.asset using Guid(49d14cb088602d14393fd82da6d09428) Importer(815301076,1909f56bfc062723c751e8b465ee728b)  -> (artifact id: 'dbad320c2f6ce4d78ef82b809e5af3af') in 0.028193 seconds 
========================================================================
Received Import Request.
  Time since last request: 0.000064 seconds.
  path: Assets/Tiles/cloud_tileset_15.asset
  artifactKey: Guid(23fe478ff6899b5459d67a220665840c) Importer(815301076,1909f56bfc062723c751e8b465ee728b)
Start importing Assets/Tiles/cloud_tileset_15.asset using Guid(23fe478ff6899b5459d67a220665840c) Importer(815301076,1909f56bfc062723c751e8b465ee728b)  -> (artifact id: 'dc5c42ed06e8a1b0169f6bcfb0bb1655') in 0.024986 seconds 
========================================================================
Received Import Request.
  Time since last request: 0.000043 seconds.
  path: Assets/Tiles/cloud_tileset_23.asset
  artifactKey: Guid(e80ac0c2e444b2e478512ca147c65e09) Importer(815301076,1909f56bfc062723c751e8b465ee728b)
Start importing Assets/Tiles/cloud_tileset_23.asset using Guid(e80ac0c2e444b2e478512ca147c65e09) Importer(815301076,1909f56bfc062723c751e8b465ee728b)  -> (artifact id: '4fa4654e92be9fffaee990343fb50a40') in 0.183644 seconds 
========================================================================
Received Import Request.
  Time since last request: 0.000043 seconds.
  path: Assets/Tiles/cloud_tileset_26.asset
  artifactKey: Guid(c2297c3e0a01c0c4c81a1d67fa1a771b) Importer(815301076,1909f56bfc062723c751e8b465ee728b)
Start importing Assets/Tiles/cloud_tileset_26.asset using Guid(c2297c3e0a01c0c4c81a1d67fa1a771b) Importer(815301076,1909f56bfc062723c751e8b465ee728b)  -> (artifact id: '70be01d1d57e7c1cbac1dfc8eec048a6') in 0.024392 seconds 
========================================================================
Received Import Request.
  Time since last request: 0.000066 seconds.
  path: Assets/Tiles/cloud_tileset_14.asset
  artifactKey: Guid(d7cf29b993de024429904c6fae105e00) Importer(815301076,1909f56bfc062723c751e8b465ee728b)
Start importing Assets/Tiles/cloud_tileset_14.asset using Guid(d7cf29b993de024429904c6fae105e00) Importer(815301076,1909f56bfc062723c751e8b465ee728b)  -> (artifact id: '3b5a1fc585b9a23241d1d4df2fe8f249') in 0.025315 seconds 
========================================================================
Received Import Request.
  Time since last request: 0.000046 seconds.
  path: Assets/Tiles/cloud_tileset_25.asset
  artifactKey: Guid(a3b1b524e0e78e341a60c4bf8e06c5da) Importer(815301076,1909f56bfc062723c751e8b465ee728b)
Start importing Assets/Tiles/cloud_tileset_25.asset using Guid(a3b1b524e0e78e341a60c4bf8e06c5da) Importer(815301076,1909f56bfc062723c751e8b465ee728b)  -> (artifact id: '69fb7c84547da61206bfac890693d96f') in 0.064432 seconds 
========================================================================
Received Import Request.
  Time since last request: 0.173984 seconds.
  path: Assets/Tiles/cloud_tileset_28.asset
  artifactKey: Guid(99bcc47823936c442b944434c86ff73d) Importer(815301076,1909f56bfc062723c751e8b465ee728b)
Start importing Assets/Tiles/cloud_tileset_28.asset using Guid(99bcc47823936c442b944434c86ff73d) Importer(815301076,1909f56bfc062723c751e8b465ee728b)  -> (artifact id: '9acdadb6c3e224d6b49822af1ef5090f') in 0.020701 seconds 
========================================================================
Received Import Request.
  Time since last request: 0.000045 seconds.
  path: Assets/Tiles/cloud_tileset_32.asset
  artifactKey: Guid(08b881d5f7fa3c942a00306d31b524ff) Importer(815301076,1909f56bfc062723c751e8b465ee728b)
Start importing Assets/Tiles/cloud_tileset_32.asset using Guid(08b881d5f7fa3c942a00306d31b524ff) Importer(815301076,1909f56bfc062723c751e8b465ee728b)  -> (artifact id: 'cdb344b57e04c08106f2cfffb4c94b20') in 0.028150 seconds 
========================================================================
Received Import Request.
  Time since last request: 0.000038 seconds.
  path: Assets/Tiles/cloud_tileset_30.asset
  artifactKey: Guid(9b4bc8bd1d79cb74791f9ff556cf9798) Importer(815301076,1909f56bfc062723c751e8b465ee728b)
Start importing Assets/Tiles/cloud_tileset_30.asset using Guid(9b4bc8bd1d79cb74791f9ff556cf9798) Importer(815301076,1909f56bfc062723c751e8b465ee728b)  -> (artifact id: '0ec975d7c36a8c905c936606a5c11317') in 0.027638 seconds 
========================================================================
Received Import Request.
  Time since last request: 0.000043 seconds.
  path: Assets/Tiles/cloud_tileset_29.asset
  artifactKey: Guid(fee21933385dfaa4097af9733387f3f8) Importer(815301076,1909f56bfc062723c751e8b465ee728b)
Start importing Assets/Tiles/cloud_tileset_29.asset using Guid(fee21933385dfaa4097af9733387f3f8) Importer(815301076,1909f56bfc062723c751e8b465ee728b)  -> (artifact id: '83d66991d71ab4d216c2d6e67458551f') in 0.028181 seconds 
========================================================================
Received Import Request.
  Time since last request: 0.000039 seconds.
  path: Assets/Tiles/cloud_tileset_33.asset
  artifactKey: Guid(fb9f8278d3d629c49b291ffe259ef521) Importer(815301076,1909f56bfc062723c751e8b465ee728b)
Start importing Assets/Tiles/cloud_tileset_33.asset using Guid(fb9f8278d3d629c49b291ffe259ef521) Importer(815301076,1909f56bfc062723c751e8b465ee728b)  -> (artifact id: 'b3a61846b20270666202569e283b6d71') in 0.028456 seconds 
========================================================================
Received Import Request.
  Time since last request: 0.000052 seconds.
  path: Assets/Tiles/cloud_tileset_34.asset
  artifactKey: Guid(2671f64e9c443de4aba20881c533237f) Importer(815301076,1909f56bfc062723c751e8b465ee728b)
Start importing Assets/Tiles/cloud_tileset_34.asset using Guid(2671f64e9c443de4aba20881c533237f) Importer(815301076,1909f56bfc062723c751e8b465ee728b)  -> (artifact id: 'e2ebb81bcdb299cd2466119110086a61') in 0.025574 seconds 
========================================================================
Received Import Request.
  Time since last request: 0.000045 seconds.
  path: Assets/Tiles/cloud_tileset_31.asset
  artifactKey: Guid(4907d3c7936ff0045b64d86a758c73cb) Importer(815301076,1909f56bfc062723c751e8b465ee728b)
Start importing Assets/Tiles/cloud_tileset_31.asset using Guid(4907d3c7936ff0045b64d86a758c73cb) Importer(815301076,1909f56bfc062723c751e8b465ee728b)  -> (artifact id: 'd3371b3fbeda2daf5fd1877648382d7d') in 0.031449 seconds 
========================================================================
Received Import Request.
  Time since last request: 0.433745 seconds.
  path: Assets/Tiles/cloud_tileset_35.asset
  artifactKey: Guid(3b928792cd0ddf04aba10d75b7e510b0) Importer(815301076,1909f56bfc062723c751e8b465ee728b)
Start importing Assets/Tiles/cloud_tileset_35.asset using Guid(3b928792cd0ddf04aba10d75b7e510b0) Importer(815301076,1909f56bfc062723c751e8b465ee728b)  -> (artifact id: '6a5d13119989618da30f42abc471b95e') in 0.040344 seconds 
========================================================================
Received Import Request.
  Time since last request: 0.000029 seconds.
  path: Assets/Tiles/cloud_tileset_47.asset
  artifactKey: Guid(b678d74d88262404ab250fb108f9efea) Importer(815301076,1909f56bfc062723c751e8b465ee728b)
Start importing Assets/Tiles/cloud_tileset_47.asset using Guid(b678d74d88262404ab250fb108f9efea) Importer(815301076,1909f56bfc062723c751e8b465ee728b)  -> (artifact id: 'a3568159c7c00034e356b81637fa3d79') in 0.050013 seconds 
========================================================================
Received Import Request.
  Time since last request: 0.000029 seconds.
  path: Assets/Tiles/cloud_tileset_40.asset
  artifactKey: Guid(82b00a984b50cc2448c98b9a15e9ce20) Importer(815301076,1909f56bfc062723c751e8b465ee728b)
Start importing Assets/Tiles/cloud_tileset_40.asset using Guid(82b00a984b50cc2448c98b9a15e9ce20) Importer(815301076,1909f56bfc062723c751e8b465ee728b)  -> (artifact id: '548af33c7344bf92eae9968ee2db44b4') in 0.025843 seconds 
========================================================================
Received Import Request.
  Time since last request: 0.000049 seconds.
  path: Assets/Tiles/cloud_tileset_41.asset
  artifactKey: Guid(db1afe6d73b87a64f8950cb9647cd82e) Importer(815301076,1909f56bfc062723c751e8b465ee728b)
Start importing Assets/Tiles/cloud_tileset_41.asset using Guid(db1afe6d73b87a64f8950cb9647cd82e) Importer(815301076,1909f56bfc062723c751e8b465ee728b)  -> (artifact id: '510e488999ec16f3671eaccb11f4dbd7') in 0.048208 seconds 
========================================================================
Received Import Request.
  Time since last request: 0.000071 seconds.
  path: Assets/Tiles/cloud_tileset_48.asset
  artifactKey: Guid(dd083e5d8c0840443a3b54053c1c5221) Importer(815301076,1909f56bfc062723c751e8b465ee728b)
Start importing Assets/Tiles/cloud_tileset_48.asset using Guid(dd083e5d8c0840443a3b54053c1c5221) Importer(815301076,1909f56bfc062723c751e8b465ee728b)  -> (artifact id: 'ed84cadcc9131c6e4135dff2245306df') in 0.028634 seconds 
========================================================================
Received Import Request.
  Time since last request: 0.000054 seconds.
  path: Assets/Tiles/cloud_tileset_43.asset
  artifactKey: Guid(f82c797e861aa4d4eb8dfb87f878ad57) Importer(815301076,1909f56bfc062723c751e8b465ee728b)
Start importing Assets/Tiles/cloud_tileset_43.asset using Guid(f82c797e861aa4d4eb8dfb87f878ad57) Importer(815301076,1909f56bfc062723c751e8b465ee728b)  -> (artifact id: '4106c479ea2a71643ce9c52869c7cc81') in 0.027846 seconds 
========================================================================
Received Import Request.
  Time since last request: 0.000050 seconds.
  path: Assets/Tiles/cloud_tileset_45.asset
  artifactKey: Guid(2fb5948bbe81b834cad49e9a366afa14) Importer(815301076,1909f56bfc062723c751e8b465ee728b)
Start importing Assets/Tiles/cloud_tileset_45.asset using Guid(2fb5948bbe81b834cad49e9a366afa14) Importer(815301076,1909f56bfc062723c751e8b465ee728b)  -> (artifact id: '7cca50c9e31970da3b76e6fe89c39312') in 0.028742 seconds 
========================================================================
Received Import Request.
  Time since last request: 0.000035 seconds.
  path: Assets/Tiles/cloud_tileset_44.asset
  artifactKey: Guid(4235821c08d049a458590e9952c45a68) Importer(815301076,1909f56bfc062723c751e8b465ee728b)
Start importing Assets/Tiles/cloud_tileset_44.asset using Guid(4235821c08d049a458590e9952c45a68) Importer(815301076,1909f56bfc062723c751e8b465ee728b)  -> (artifact id: 'b7114b253002a9ff3f7c74c1daebc955') in 0.032008 seconds 
========================================================================
Received Import Request.
  Time since last request: 0.000047 seconds.
  path: Assets/Tiles/cloud_tileset_36.asset
  artifactKey: Guid(7ea1af9663b4f4441b51fdc34c488fe6) Importer(815301076,1909f56bfc062723c751e8b465ee728b)
Start importing Assets/Tiles/cloud_tileset_36.asset using Guid(7ea1af9663b4f4441b51fdc34c488fe6) Importer(815301076,1909f56bfc062723c751e8b465ee728b)  -> (artifact id: '982dd54179970542772f2d56d63743c1') in 0.043775 seconds 
========================================================================
Received Import Request.
  Time since last request: 0.000051 seconds.
  path: Assets/Tiles/cloud_tileset_37.asset
  artifactKey: Guid(d3baa0140ad57bd42926cfd3e62922bb) Importer(815301076,1909f56bfc062723c751e8b465ee728b)
Start importing Assets/Tiles/cloud_tileset_37.asset using Guid(d3baa0140ad57bd42926cfd3e62922bb) Importer(815301076,1909f56bfc062723c751e8b465ee728b)  -> (artifact id: '69aca7b344dd04fee0c9f0babfa42264') in 0.028768 seconds 
========================================================================
Received Import Request.
  Time since last request: 0.000079 seconds.
  path: Assets/Tiles/cloud_tileset_42.asset
  artifactKey: Guid(e0b0c93d24e6f1f42905d9fdae512c21) Importer(815301076,1909f56bfc062723c751e8b465ee728b)
Start importing Assets/Tiles/cloud_tileset_42.asset using Guid(e0b0c93d24e6f1f42905d9fdae512c21) Importer(815301076,1909f56bfc062723c751e8b465ee728b)  -> (artifact id: '6ed0ab639fee316c8b3128af0825bb3c') in 0.028897 seconds 
========================================================================
Received Import Request.
  Time since last request: 0.000042 seconds.
  path: Assets/Tiles/cloud_tileset_39.asset
  artifactKey: Guid(ea32c325f2ba05a4c9e5a4bf2a88f0d0) Importer(815301076,1909f56bfc062723c751e8b465ee728b)
Start importing Assets/Tiles/cloud_tileset_39.asset using Guid(ea32c325f2ba05a4c9e5a4bf2a88f0d0) Importer(815301076,1909f56bfc062723c751e8b465ee728b)  -> (artifact id: 'e0584c2dfb7022988d0e4475a7329af4') in 0.034000 seconds 
========================================================================
Received Import Request.
  Time since last request: 0.000048 seconds.
  path: Assets/Tiles/cloud_tileset_38.asset
  artifactKey: Guid(54633b23e1f606d45ad196699ca4a5b2) Importer(815301076,1909f56bfc062723c751e8b465ee728b)
Start importing Assets/Tiles/cloud_tileset_38.asset using Guid(54633b23e1f606d45ad196699ca4a5b2) Importer(815301076,1909f56bfc062723c751e8b465ee728b)  -> (artifact id: 'b21fa998c0da19de482afc7df347ab09') in 0.049591 seconds 
========================================================================
Received Import Request.
  Time since last request: 0.000050 seconds.
  path: Assets/Tiles/cloud_tileset_46.asset
  artifactKey: Guid(81ae8b6651c0c5b40a42508461e728bf) Importer(815301076,1909f56bfc062723c751e8b465ee728b)
Start importing Assets/Tiles/cloud_tileset_46.asset using Guid(81ae8b6651c0c5b40a42508461e728bf) Importer(815301076,1909f56bfc062723c751e8b465ee728b)  -> (artifact id: '9739badf3c55e163509a4306bfa7ef52') in 0.023557 seconds 
========================================================================
Received Import Request.
  Time since last request: 0.897440 seconds.
  path: Assets/Tiles/cloud_tileset_49.asset
  artifactKey: Guid(f86eaa963fe81d942b946fa9a7202276) Importer(815301076,1909f56bfc062723c751e8b465ee728b)
Start importing Assets/Tiles/cloud_tileset_49.asset using Guid(f86eaa963fe81d942b946fa9a7202276) Importer(815301076,1909f56bfc062723c751e8b465ee728b)  -> (artifact id: '359f7026dc1690d8c92649d34c3f4afe') in 0.021594 seconds 
========================================================================
Received Import Request.
  Time since last request: 0.000028 seconds.
  path: Assets/Tiles/cloud_tileset_51.asset
  artifactKey: Guid(caaff0fb92c74db47a09ef1226b98f39) Importer(815301076,1909f56bfc062723c751e8b465ee728b)
Start importing Assets/Tiles/cloud_tileset_51.asset using Guid(caaff0fb92c74db47a09ef1226b98f39) Importer(815301076,1909f56bfc062723c751e8b465ee728b)  -> (artifact id: '5b3073127c3a84142d50022e9294ed17') in 0.019825 seconds 
========================================================================
Received Import Request.
  Time since last request: 0.000041 seconds.
  path: Assets/Tiles/cloud_tileset_58.asset
  artifactKey: Guid(465a8598c5026ef4bb027cd8d16d2a59) Importer(815301076,1909f56bfc062723c751e8b465ee728b)
Start importing Assets/Tiles/cloud_tileset_58.asset using Guid(465a8598c5026ef4bb027cd8d16d2a59) Importer(815301076,1909f56bfc062723c751e8b465ee728b)  -> (artifact id: 'fb09c579c507ba71606d2d19858b19c3') in 0.018772 seconds 
========================================================================
Received Import Request.
  Time since last request: 0.000042 seconds.
  path: Assets/Tiles/cloud_tileset_60.asset
  artifactKey: Guid(8bcee06b39b78604f9aa9ac4b1f9e62e) Importer(815301076,1909f56bfc062723c751e8b465ee728b)
Start importing Assets/Tiles/cloud_tileset_60.asset using Guid(8bcee06b39b78604f9aa9ac4b1f9e62e) Importer(815301076,1909f56bfc062723c751e8b465ee728b)  -> (artifact id: '8da7813e55887dc1150714194c1cca2f') in 0.022012 seconds 
========================================================================
Received Import Request.
  Time since last request: 0.000029 seconds.
  path: Assets/Tiles/cloud_tileset_78.asset
  artifactKey: Guid(ed5d1aee1dc63a04a96accc77f787e1c) Importer(815301076,1909f56bfc062723c751e8b465ee728b)
Start importing Assets/Tiles/cloud_tileset_78.asset using Guid(ed5d1aee1dc63a04a96accc77f787e1c) Importer(815301076,1909f56bfc062723c751e8b465ee728b)  -> (artifact id: '8a6cb70776786278529b1617972b959d') in 0.024720 seconds 
========================================================================
Received Import Request.
  Time since last request: 0.000044 seconds.
  path: Assets/Tiles/cloud_tileset_70.asset
  artifactKey: Guid(7669a9439a4c67742a98e032dd367895) Importer(815301076,1909f56bfc062723c751e8b465ee728b)
Start importing Assets/Tiles/cloud_tileset_70.asset using Guid(7669a9439a4c67742a98e032dd367895) Importer(815301076,1909f56bfc062723c751e8b465ee728b)  -> (artifact id: '6ee87dc49fbbdec25765e88640bfc933') in 0.023478 seconds 
========================================================================
Received Import Request.
  Time since last request: 0.000037 seconds.
  path: Assets/Tiles/cloud_tileset_75.asset
  artifactKey: Guid(44eccf48a3b5d844b8d33c0072c53197) Importer(815301076,1909f56bfc062723c751e8b465ee728b)
Start importing Assets/Tiles/cloud_tileset_75.asset using Guid(44eccf48a3b5d844b8d33c0072c53197) Importer(815301076,1909f56bfc062723c751e8b465ee728b)  -> (artifact id: '59b2d7eb7ddf35edd4f0eeefa41b9e8d') in 0.023974 seconds 
========================================================================
Received Import Request.
  Time since last request: 0.000041 seconds.
  path: Assets/Tiles/cloud_tileset_68.asset
  artifactKey: Guid(a5ad89e0b2507284d88aebe4dd640063) Importer(815301076,1909f56bfc062723c751e8b465ee728b)
Start importing Assets/Tiles/cloud_tileset_68.asset using Guid(a5ad89e0b2507284d88aebe4dd640063) Importer(815301076,1909f56bfc062723c751e8b465ee728b)  -> (artifact id: '98e287b01041366c752b34b031729636') in 0.024597 seconds 
========================================================================
Received Import Request.
  Time since last request: 0.000040 seconds.
  path: Assets/Tiles/cloud_tileset_67.asset
  artifactKey: Guid(ae5e5f471b46a4d47857eb5a2e6eed39) Importer(815301076,1909f56bfc062723c751e8b465ee728b)
Start importing Assets/Tiles/cloud_tileset_67.asset using Guid(ae5e5f471b46a4d47857eb5a2e6eed39) Importer(815301076,1909f56bfc062723c751e8b465ee728b)  -> (artifact id: '3f9a03150882112549b7897fcd8dd516') in 0.033927 seconds 
========================================================================
Received Import Request.
  Time since last request: 0.000044 seconds.
  path: Assets/Tiles/cloud_tileset_57.asset
  artifactKey: Guid(5906c11db1e43fe478dd19f80daa99ae) Importer(815301076,1909f56bfc062723c751e8b465ee728b)
Start importing Assets/Tiles/cloud_tileset_57.asset using Guid(5906c11db1e43fe478dd19f80daa99ae) Importer(815301076,1909f56bfc062723c751e8b465ee728b)  -> (artifact id: '96be9c56f73a7e79106b6146068741a4') in 0.024559 seconds 
========================================================================
Received Import Request.
  Time since last request: 0.000049 seconds.
  path: Assets/Tiles/cloud_tileset_73.asset
  artifactKey: Guid(784c5eff488386f4e87f575d781df876) Importer(815301076,1909f56bfc062723c751e8b465ee728b)
Start importing Assets/Tiles/cloud_tileset_73.asset using Guid(784c5eff488386f4e87f575d781df876) Importer(815301076,1909f56bfc062723c751e8b465ee728b)  -> (artifact id: '351b1b0f2e79beed99e621dea845f781') in 0.028143 seconds 
========================================================================
Received Import Request.
  Time since last request: 0.000035 seconds.
  path: Assets/Tiles/cloud_tileset_81.asset
  artifactKey: Guid(d309d3f6b7addec48a0238ed3381acd0) Importer(815301076,1909f56bfc062723c751e8b465ee728b)
Start importing Assets/Tiles/cloud_tileset_81.asset using Guid(d309d3f6b7addec48a0238ed3381acd0) Importer(815301076,1909f56bfc062723c751e8b465ee728b)  -> (artifact id: 'c30b0e699e04beb7edd813a6972765ea') in 0.028759 seconds 
========================================================================
Received Import Request.
  Time since last request: 0.000052 seconds.
  path: Assets/Tiles/cloud_tileset_80.asset
  artifactKey: Guid(942bcfb5c75ec0743ad4a196081ad63b) Importer(815301076,1909f56bfc062723c751e8b465ee728b)
Start importing Assets/Tiles/cloud_tileset_80.asset using Guid(942bcfb5c75ec0743ad4a196081ad63b) Importer(815301076,1909f56bfc062723c751e8b465ee728b)  -> (artifact id: '9c67255fbbc07706e3d09eab4867067c') in 0.028727 seconds 
========================================================================
Received Import Request.
  Time since last request: 0.000069 seconds.
  path: Assets/Tiles/cloud_tileset_79.asset
  artifactKey: Guid(ebba6e3d5f2749349828c886eb94139b) Importer(815301076,1909f56bfc062723c751e8b465ee728b)
Start importing Assets/Tiles/cloud_tileset_79.asset using Guid(ebba6e3d5f2749349828c886eb94139b) Importer(815301076,1909f56bfc062723c751e8b465ee728b)  -> (artifact id: '9e1426665800815aff8dc0edacda4f8a') in 0.030023 seconds 
========================================================================
Received Import Request.
  Time since last request: 0.000049 seconds.
  path: Assets/Tiles/cloud_tileset_82.asset
  artifactKey: Guid(7214acc85821a6c4ba1e6e98f8e11e43) Importer(815301076,1909f56bfc062723c751e8b465ee728b)
Start importing Assets/Tiles/cloud_tileset_82.asset using Guid(7214acc85821a6c4ba1e6e98f8e11e43) Importer(815301076,1909f56bfc062723c751e8b465ee728b)  -> (artifact id: 'c4a4c1fc3b2e0ef036253fed3b1647a0') in 0.026004 seconds 
========================================================================
Received Import Request.
  Time since last request: 0.000041 seconds.
  path: Assets/Tiles/cloud_tileset_72.asset
  artifactKey: Guid(2b3ef477576a2404492db9ef574498f4) Importer(815301076,1909f56bfc062723c751e8b465ee728b)
Start importing Assets/Tiles/cloud_tileset_72.asset using Guid(2b3ef477576a2404492db9ef574498f4) Importer(815301076,1909f56bfc062723c751e8b465ee728b)  -> (artifact id: '0bde179841fabc526855ca591f8f633f') in 0.025554 seconds 
========================================================================
Received Import Request.
  Time since last request: 0.000050 seconds.
  path: Assets/Tiles/cloud_tileset_59.asset
  artifactKey: Guid(b1b3ab78df69c6e4b8629a54724a0255) Importer(815301076,1909f56bfc062723c751e8b465ee728b)
Start importing Assets/Tiles/cloud_tileset_59.asset using Guid(b1b3ab78df69c6e4b8629a54724a0255) Importer(815301076,1909f56bfc062723c751e8b465ee728b)  -> (artifact id: 'b035be405975327981604d0dc9422a17') in 0.030921 seconds 
========================================================================
Received Import Request.
  Time since last request: 0.000048 seconds.
  path: Assets/Tiles/cloud_tileset_54.asset
  artifactKey: Guid(6066c92d5a3a4804b940fa63771eecd9) Importer(815301076,1909f56bfc062723c751e8b465ee728b)
Start importing Assets/Tiles/cloud_tileset_54.asset using Guid(6066c92d5a3a4804b940fa63771eecd9) Importer(815301076,1909f56bfc062723c751e8b465ee728b)  -> (artifact id: '2afe7fab059101ff401292373d9fcda8') in 0.030120 seconds 
========================================================================
Received Import Request.
  Time since last request: 0.000045 seconds.
  path: Assets/Tiles/cloud_tileset_62.asset
  artifactKey: Guid(6738a2e6ac3dacf47a02dd158f067de6) Importer(815301076,1909f56bfc062723c751e8b465ee728b)
Start importing Assets/Tiles/cloud_tileset_62.asset using Guid(6738a2e6ac3dacf47a02dd158f067de6) Importer(815301076,1909f56bfc062723c751e8b465ee728b)  -> (artifact id: '2c3e21939a9723209a76891037f88d23') in 0.022540 seconds 
========================================================================
Received Import Request.
  Time since last request: 0.000035 seconds.
  path: Assets/Tiles/cloud_tileset_55.asset
  artifactKey: Guid(3fe5a570d97dbaa47a82c0274576fcf9) Importer(815301076,1909f56bfc062723c751e8b465ee728b)
Start importing Assets/Tiles/cloud_tileset_55.asset using Guid(3fe5a570d97dbaa47a82c0274576fcf9) Importer(815301076,1909f56bfc062723c751e8b465ee728b)  -> (artifact id: '8c6d64d141aeeb6a1577b2fdadeb1ef2') in 0.024576 seconds 
========================================================================
Received Import Request.
  Time since last request: 0.000046 seconds.
  path: Assets/Tiles/cloud_tileset_76.asset
  artifactKey: Guid(f295077814d68ba41ac5ed31ed2a418f) Importer(815301076,1909f56bfc062723c751e8b465ee728b)
Start importing Assets/Tiles/cloud_tileset_76.asset using Guid(f295077814d68ba41ac5ed31ed2a418f) Importer(815301076,1909f56bfc062723c751e8b465ee728b)  -> (artifact id: '9de1302e8b635fa348d6e10f34768b58') in 0.023957 seconds 
========================================================================
Received Import Request.
  Time since last request: 0.000032 seconds.
  path: Assets/Tiles/cloud_tileset_61.asset
  artifactKey: Guid(b65436d8cd29a42419dcc3421f3a3448) Importer(815301076,1909f56bfc062723c751e8b465ee728b)
Start importing Assets/Tiles/cloud_tileset_61.asset using Guid(b65436d8cd29a42419dcc3421f3a3448) Importer(815301076,1909f56bfc062723c751e8b465ee728b)  -> (artifact id: '817f2eaf7f505c78bc5c4056787eb747') in 0.022918 seconds 
========================================================================
Received Import Request.
  Time since last request: 0.000035 seconds.
  path: Assets/Tiles/cloud_tileset_56.asset
  artifactKey: Guid(f8f7d7b7fbad8c944bac605d9b553d07) Importer(815301076,1909f56bfc062723c751e8b465ee728b)
Start importing Assets/Tiles/cloud_tileset_56.asset using Guid(f8f7d7b7fbad8c944bac605d9b553d07) Importer(815301076,1909f56bfc062723c751e8b465ee728b)  -> (artifact id: 'e75028d197e0907f2c2006d2a2e6150f') in 0.024608 seconds 
========================================================================
Received Import Request.
  Time since last request: 0.000041 seconds.
  path: Assets/Tiles/cloud_tileset_64.asset
  artifactKey: Guid(383aeb0811a5d7e46bba3d670844fb53) Importer(815301076,1909f56bfc062723c751e8b465ee728b)
Start importing Assets/Tiles/cloud_tileset_64.asset using Guid(383aeb0811a5d7e46bba3d670844fb53) Importer(815301076,1909f56bfc062723c751e8b465ee728b)  -> (artifact id: '76b45b7904ccc090b3e0156397f77ecd') in 0.027084 seconds 
========================================================================
Received Import Request.
  Time since last request: 0.000039 seconds.
  path: Assets/Tiles/cloud_tileset_50.asset
  artifactKey: Guid(f62d6096c91113f4fb2d368242f2a34a) Importer(815301076,1909f56bfc062723c751e8b465ee728b)
Start importing Assets/Tiles/cloud_tileset_50.asset using Guid(f62d6096c91113f4fb2d368242f2a34a) Importer(815301076,1909f56bfc062723c751e8b465ee728b)  -> (artifact id: '864ed673dad3781681b1e3814ec6f11a') in 0.029687 seconds 
========================================================================
Received Import Request.
  Time since last request: 0.000028 seconds.
  path: Assets/Tiles/cloud_tileset_53.asset
  artifactKey: Guid(64e0030684f76644a8bf775b100830fb) Importer(815301076,1909f56bfc062723c751e8b465ee728b)
Start importing Assets/Tiles/cloud_tileset_53.asset using Guid(64e0030684f76644a8bf775b100830fb) Importer(815301076,1909f56bfc062723c751e8b465ee728b)  -> (artifact id: '5736989a9e3e148c5114dfc05d71a343') in 0.031614 seconds 
========================================================================
Received Import Request.
  Time since last request: 0.000042 seconds.
  path: Assets/Tiles/cloud_tileset_74.asset
  artifactKey: Guid(9bebcba3b166a7e40b45ab3db23f7030) Importer(815301076,1909f56bfc062723c751e8b465ee728b)
Start importing Assets/Tiles/cloud_tileset_74.asset using Guid(9bebcba3b166a7e40b45ab3db23f7030) Importer(815301076,1909f56bfc062723c751e8b465ee728b)  -> (artifact id: '3b44ad8558f914cddc33aa4a1bf7018d') in 0.024265 seconds 
========================================================================
Received Import Request.
  Time since last request: 0.000041 seconds.
  path: Assets/Tiles/cloud_tileset_77.asset
  artifactKey: Guid(bc68f190818240f498815e725f40c4b0) Importer(815301076,1909f56bfc062723c751e8b465ee728b)
Start importing Assets/Tiles/cloud_tileset_77.asset using Guid(bc68f190818240f498815e725f40c4b0) Importer(815301076,1909f56bfc062723c751e8b465ee728b)  -> (artifact id: '21789802d68fc299c3811d06c5a1ebed') in 0.021670 seconds 
========================================================================
Received Import Request.
  Time since last request: 0.000030 seconds.
  path: Assets/Tiles/cloud_tileset_52.asset
  artifactKey: Guid(2324e36e0b496df41b6cb8b95b0ce1c4) Importer(815301076,1909f56bfc062723c751e8b465ee728b)
Start importing Assets/Tiles/cloud_tileset_52.asset using Guid(2324e36e0b496df41b6cb8b95b0ce1c4) Importer(815301076,1909f56bfc062723c751e8b465ee728b)  -> (artifact id: '69378f2e1ae345cf1d4b958411bea940') in 0.026552 seconds 
========================================================================
Received Import Request.
  Time since last request: 0.000058 seconds.
  path: Assets/Tiles/cloud_tileset_71.asset
  artifactKey: Guid(d04f80fe856345a4681a4718e48c2898) Importer(815301076,1909f56bfc062723c751e8b465ee728b)
Start importing Assets/Tiles/cloud_tileset_71.asset using Guid(d04f80fe856345a4681a4718e48c2898) Importer(815301076,1909f56bfc062723c751e8b465ee728b)  -> (artifact id: '994d54f92ce637aa41cfb76035f0818d') in 0.021760 seconds 
========================================================================
Received Import Request.
  Time since last request: 0.000040 seconds.
  path: Assets/Tiles/cloud_tileset_66.asset
  artifactKey: Guid(738bb83125fbffb499c094c8fc2bba45) Importer(815301076,1909f56bfc062723c751e8b465ee728b)
Start importing Assets/Tiles/cloud_tileset_66.asset using Guid(738bb83125fbffb499c094c8fc2bba45) Importer(815301076,1909f56bfc062723c751e8b465ee728b)  -> (artifact id: '173ecae2d64e1817febdfa899b1b9c28') in 0.020553 seconds 
========================================================================
Received Import Request.
  Time since last request: 0.000052 seconds.
  path: Assets/Tiles/cloud_tileset_83.asset
  artifactKey: Guid(17a30f317dfed474b952d782dd73332d) Importer(815301076,1909f56bfc062723c751e8b465ee728b)
Start importing Assets/Tiles/cloud_tileset_83.asset using Guid(17a30f317dfed474b952d782dd73332d) Importer(815301076,1909f56bfc062723c751e8b465ee728b)  -> (artifact id: 'b904383aee21ee0f49a1fae3107ac154') in 0.024349 seconds 
========================================================================
Received Import Request.
  Time since last request: 0.000031 seconds.
  path: Assets/Tiles/cloud_tileset_69.asset
  artifactKey: Guid(8835fec5a2709f74d9996a35bd0004ff) Importer(815301076,1909f56bfc062723c751e8b465ee728b)
Start importing Assets/Tiles/cloud_tileset_69.asset using Guid(8835fec5a2709f74d9996a35bd0004ff) Importer(815301076,1909f56bfc062723c751e8b465ee728b)  -> (artifact id: 'e6f6192292204c6d6f0464154f5d411e') in 0.025829 seconds 
========================================================================
Received Import Request.
  Time since last request: 0.000032 seconds.
  path: Assets/Tiles/cloud_tileset_63.asset
  artifactKey: Guid(d85d83c05e2e88b4f90a3af5138a8f83) Importer(815301076,1909f56bfc062723c751e8b465ee728b)
Start importing Assets/Tiles/cloud_tileset_63.asset using Guid(d85d83c05e2e88b4f90a3af5138a8f83) Importer(815301076,1909f56bfc062723c751e8b465ee728b)  -> (artifact id: 'f15dabb041d6de6addb87a3b2aba035b') in 0.029642 seconds 
========================================================================
Received Import Request.
  Time since last request: 0.000072 seconds.
  path: Assets/Tiles/cloud_tileset_65.asset
  artifactKey: Guid(3988c8818e528e84abdd4f038e7e4d6c) Importer(815301076,1909f56bfc062723c751e8b465ee728b)
Start importing Assets/Tiles/cloud_tileset_65.asset using Guid(3988c8818e528e84abdd4f038e7e4d6c) Importer(815301076,1909f56bfc062723c751e8b465ee728b)  -> (artifact id: '3d5186cfa17713700a809bf3f49749ba') in 0.022803 seconds 
========================================================================
Received Import Request.
  Time since last request: 0.281577 seconds.
  path: Assets/Tiles/cloud_tileset_84.asset
  artifactKey: Guid(d7535cc540363f24da0de62a8b82b1f2) Importer(815301076,1909f56bfc062723c751e8b465ee728b)
Start importing Assets/Tiles/cloud_tileset_84.asset using Guid(d7535cc540363f24da0de62a8b82b1f2) Importer(815301076,1909f56bfc062723c751e8b465ee728b)  -> (artifact id: 'eb940ea89afe33a81b40c061d4db8dcb') in 0.019680 seconds 
========================================================================
Received Import Request.
  Time since last request: 0.000051 seconds.
  path: Assets/Tiles/cloud_tileset_86.asset
  artifactKey: Guid(b787fb8cd82229d4fa43a5d368eec8f3) Importer(815301076,1909f56bfc062723c751e8b465ee728b)
Start importing Assets/Tiles/cloud_tileset_86.asset using Guid(b787fb8cd82229d4fa43a5d368eec8f3) Importer(815301076,1909f56bfc062723c751e8b465ee728b)  -> (artifact id: 'a892c3c83254b33eff15d02e0d7af6c9') in 0.022150 seconds 
========================================================================
Received Import Request.
  Time since last request: 0.000029 seconds.
  path: Assets/Tiles/cloud_tileset_88.asset
  artifactKey: Guid(a4264de6b7d730146a6c6629b63cd183) Importer(815301076,1909f56bfc062723c751e8b465ee728b)
Start importing Assets/Tiles/cloud_tileset_88.asset using Guid(a4264de6b7d730146a6c6629b63cd183) Importer(815301076,1909f56bfc062723c751e8b465ee728b)  -> (artifact id: '4a7ad7430e405cd174b5190f100083f5') in 0.059832 seconds 
========================================================================
Received Import Request.
  Time since last request: 0.000032 seconds.
  path: Assets/Tiles/cloud_tileset_95.asset
  artifactKey: Guid(2bd16aa91efbb0548af4c42bfed570b4) Importer(815301076,1909f56bfc062723c751e8b465ee728b)
Start importing Assets/Tiles/cloud_tileset_95.asset using Guid(2bd16aa91efbb0548af4c42bfed570b4) Importer(815301076,1909f56bfc062723c751e8b465ee728b)  -> (artifact id: 'cadfeee333fa5ad717adefd5f5ee1daa') in 0.024176 seconds 
========================================================================
Received Import Request.
  Time since last request: 0.000054 seconds.
  path: Assets/Tiles/cloud_tileset_93.asset
  artifactKey: Guid(9bbc81fb24eff6140a5dcbe48f1a54f0) Importer(815301076,1909f56bfc062723c751e8b465ee728b)
Start importing Assets/Tiles/cloud_tileset_93.asset using Guid(9bbc81fb24eff6140a5dcbe48f1a54f0) Importer(815301076,1909f56bfc062723c751e8b465ee728b)  -> (artifact id: 'ac9453f3d84ba106ee0d927ab7ed2d39') in 0.021105 seconds 
========================================================================
Received Import Request.
  Time since last request: 0.000238 seconds.
  path: Assets/Tiles/cloud_tileset_96.asset
  artifactKey: Guid(84a6034f6fdbd0a4b9e54aa628157f5b) Importer(815301076,1909f56bfc062723c751e8b465ee728b)
Start importing Assets/Tiles/cloud_tileset_96.asset using Guid(84a6034f6fdbd0a4b9e54aa628157f5b) Importer(815301076,1909f56bfc062723c751e8b465ee728b)  -> (artifact id: '9950aaa14d246c73ffae4f2f7c38ea31') in 0.024162 seconds 
========================================================================
Received Import Request.
  Time since last request: 0.000035 seconds.
  path: Assets/Tiles/cloud_tileset_97.asset
  artifactKey: Guid(793f2fb537e89b24f85cb4e43030369a) Importer(815301076,1909f56bfc062723c751e8b465ee728b)
Start importing Assets/Tiles/cloud_tileset_97.asset using Guid(793f2fb537e89b24f85cb4e43030369a) Importer(815301076,1909f56bfc062723c751e8b465ee728b)  -> (artifact id: 'd60a6de1701b4efe98f59f94bf7e3f4f') in 0.019838 seconds 
========================================================================
Received Import Request.
  Time since last request: 0.000036 seconds.
  path: Assets/Tiles/cloud_tileset_94.asset
  artifactKey: Guid(2b8f716b92e14414abb7bcded7e94ef6) Importer(815301076,1909f56bfc062723c751e8b465ee728b)
Start importing Assets/Tiles/cloud_tileset_94.asset using Guid(2b8f716b92e14414abb7bcded7e94ef6) Importer(815301076,1909f56bfc062723c751e8b465ee728b)  -> (artifact id: '30f9a00e4ad6b6ce0b38470441b32e47') in 0.024292 seconds 
========================================================================
Received Import Request.
  Time since last request: 0.000088 seconds.
  path: Assets/Tiles/cloud_tileset_85.asset
  artifactKey: Guid(19804a777fa68cc42bcc4676d952dff2) Importer(815301076,1909f56bfc062723c751e8b465ee728b)
Start importing Assets/Tiles/cloud_tileset_85.asset using Guid(19804a777fa68cc42bcc4676d952dff2) Importer(815301076,1909f56bfc062723c751e8b465ee728b)  -> (artifact id: '7b8ed14d70e57690412c571ec24c5428') in 0.020765 seconds 
========================================================================
Received Import Request.
  Time since last request: 0.000029 seconds.
  path: Assets/Tiles/cloud_tileset_92.asset
  artifactKey: Guid(2749f9144e97dee4e813adce4d0ae940) Importer(815301076,1909f56bfc062723c751e8b465ee728b)
Start importing Assets/Tiles/cloud_tileset_92.asset using Guid(2749f9144e97dee4e813adce4d0ae940) Importer(815301076,1909f56bfc062723c751e8b465ee728b)  -> (artifact id: '8416ce7a210a97be49cc59eff796063e') in 0.024095 seconds 
========================================================================
Received Import Request.
  Time since last request: 0.000029 seconds.
  path: Assets/Tiles/cloud_tileset_87.asset
  artifactKey: Guid(33ea47dca608f274e8a5f975616d098a) Importer(815301076,1909f56bfc062723c751e8b465ee728b)
Start importing Assets/Tiles/cloud_tileset_87.asset using Guid(33ea47dca608f274e8a5f975616d098a) Importer(815301076,1909f56bfc062723c751e8b465ee728b)  -> (artifact id: 'eb5c675ab3227120f3a1488ab3e1e9c6') in 0.022855 seconds 
========================================================================
Received Import Request.
  Time since last request: 0.000038 seconds.
  path: Assets/Tiles/cloud_tileset_90.asset
  artifactKey: Guid(e442a9cd9c3dd83469040165ec53c641) Importer(815301076,1909f56bfc062723c751e8b465ee728b)
Start importing Assets/Tiles/cloud_tileset_90.asset using Guid(e442a9cd9c3dd83469040165ec53c641) Importer(815301076,1909f56bfc062723c751e8b465ee728b)  -> (artifact id: '36d3a15fc70455fccfdfbfd8d8fcf576') in 0.025072 seconds 
========================================================================
Received Import Request.
  Time since last request: 0.000066 seconds.
  path: Assets/Tiles/cloud_tileset_89.asset
  artifactKey: Guid(a44e25c7512ddd04f8c38fff9d57598a) Importer(815301076,1909f56bfc062723c751e8b465ee728b)
Start importing Assets/Tiles/cloud_tileset_89.asset using Guid(a44e25c7512ddd04f8c38fff9d57598a) Importer(815301076,1909f56bfc062723c751e8b465ee728b)  -> (artifact id: '8075dcd94c367d418c5d1b4236a6694c') in 0.029320 seconds 
========================================================================
Received Import Request.
  Time since last request: 0.000062 seconds.
  path: Assets/Tiles/cloud_tileset_91.asset
  artifactKey: Guid(e214541e827ec494da6db16f53a822a0) Importer(815301076,1909f56bfc062723c751e8b465ee728b)
Start importing Assets/Tiles/cloud_tileset_91.asset using Guid(e214541e827ec494da6db16f53a822a0) Importer(815301076,1909f56bfc062723c751e8b465ee728b)  -> (artifact id: 'c095b26798ba0b213144c1fad38d47ac') in 0.032213 seconds 
========================================================================
Received Import Request.
  Time since last request: 0.023947 seconds.
  path: Assets/Tiles/cloud_tileset_98.asset
  artifactKey: Guid(9855da8120eec1d409751e0de8f7c63e) Importer(815301076,1909f56bfc062723c751e8b465ee728b)
Start importing Assets/Tiles/cloud_tileset_98.asset using Guid(9855da8120eec1d409751e0de8f7c63e) Importer(815301076,1909f56bfc062723c751e8b465ee728b)  -> (artifact id: '87c4cd89bff7b6ee968f47c1196d4d4d') in 0.022906 seconds 
========================================================================
Received Import Request.
  Time since last request: 0.000059 seconds.
  path: Assets/Tiles/cloud_tileset_105.asset
  artifactKey: Guid(866b101cfd311884dac6bec83cc11378) Importer(815301076,1909f56bfc062723c751e8b465ee728b)
Start importing Assets/Tiles/cloud_tileset_105.asset using Guid(866b101cfd311884dac6bec83cc11378) Importer(815301076,1909f56bfc062723c751e8b465ee728b)  -> (artifact id: 'cf4eef391ac8f7a662daea493709db9f') in 0.025440 seconds 
========================================================================
Received Import Request.
  Time since last request: 0.000039 seconds.
  path: Assets/Tiles/cloud_tileset_102.asset
  artifactKey: Guid(de3ddf03ed1a86d4687e00ac4941bd1c) Importer(815301076,1909f56bfc062723c751e8b465ee728b)
Start importing Assets/Tiles/cloud_tileset_102.asset using Guid(de3ddf03ed1a86d4687e00ac4941bd1c) Importer(815301076,1909f56bfc062723c751e8b465ee728b)  -> (artifact id: 'd8ad73460b686b70845fb1e6d19afc87') in 0.027265 seconds 
========================================================================
Received Import Request.
  Time since last request: 0.000032 seconds.
  path: Assets/Tiles/cloud_tileset_109.asset
  artifactKey: Guid(1c3fcb12cce892041a4ff906dceb61cd) Importer(815301076,1909f56bfc062723c751e8b465ee728b)
Start importing Assets/Tiles/cloud_tileset_109.asset using Guid(1c3fcb12cce892041a4ff906dceb61cd) Importer(815301076,1909f56bfc062723c751e8b465ee728b)  -> (artifact id: 'ec7aaec4d349b3a8657f3bb10e83513a') in 0.029006 seconds 
========================================================================
Received Import Request.
  Time since last request: 0.000090 seconds.
  path: Assets/Tiles/cloud_tileset_108.asset
  artifactKey: Guid(ce3a2bc24d824114fb3237ef01d742dd) Importer(815301076,1909f56bfc062723c751e8b465ee728b)
Start importing Assets/Tiles/cloud_tileset_108.asset using Guid(ce3a2bc24d824114fb3237ef01d742dd) Importer(815301076,1909f56bfc062723c751e8b465ee728b)  -> (artifact id: '345754136ca6ea7981fefacff238c46b') in 0.030311 seconds 
========================================================================
Received Import Request.
  Time since last request: 0.000048 seconds.
  path: Assets/Tiles/cloud_tileset_115.asset
  artifactKey: Guid(2d53c4174c8bdc14ab6d1a172f122bcc) Importer(815301076,1909f56bfc062723c751e8b465ee728b)
Start importing Assets/Tiles/cloud_tileset_115.asset using Guid(2d53c4174c8bdc14ab6d1a172f122bcc) Importer(815301076,1909f56bfc062723c751e8b465ee728b)  -> (artifact id: 'cdfadbd951bcfdb75d0c473835ad1e60') in 0.024273 seconds 
========================================================================
Received Import Request.
  Time since last request: 0.000040 seconds.
  path: Assets/Tiles/cloud_tileset_106.asset
  artifactKey: Guid(bc1e028df3047484c96889b6bbf41eb3) Importer(815301076,1909f56bfc062723c751e8b465ee728b)
Start importing Assets/Tiles/cloud_tileset_106.asset using Guid(bc1e028df3047484c96889b6bbf41eb3) Importer(815301076,1909f56bfc062723c751e8b465ee728b)  -> (artifact id: 'c1671437cff93bde20451d75ad0bcaf3') in 0.023648 seconds 
========================================================================
Received Import Request.
  Time since last request: 0.000029 seconds.
  path: Assets/Tiles/cloud_tileset_101.asset
  artifactKey: Guid(27d121f9f90bee640977ca1a3b23a5d9) Importer(815301076,1909f56bfc062723c751e8b465ee728b)
Start importing Assets/Tiles/cloud_tileset_101.asset using Guid(27d121f9f90bee640977ca1a3b23a5d9) Importer(815301076,1909f56bfc062723c751e8b465ee728b)  -> (artifact id: '904188ea4109169be4d5b0c2a20fda80') in 0.027333 seconds 
========================================================================
Received Import Request.
  Time since last request: 0.000044 seconds.
  path: Assets/Tiles/cloud_tileset_100.asset
  artifactKey: Guid(a7634af54c22dd745b7ca406b5788693) Importer(815301076,1909f56bfc062723c751e8b465ee728b)
Start importing Assets/Tiles/cloud_tileset_100.asset using Guid(a7634af54c22dd745b7ca406b5788693) Importer(815301076,1909f56bfc062723c751e8b465ee728b)  -> (artifact id: 'aac0f533581a11edfcf2ed145c087ae7') in 0.023344 seconds 
========================================================================
Received Import Request.
  Time since last request: 0.000034 seconds.
  path: Assets/Tiles/cloud_tileset_120.asset
  artifactKey: Guid(576a3eea845d18a40834b9de199b5487) Importer(815301076,1909f56bfc062723c751e8b465ee728b)
Start importing Assets/Tiles/cloud_tileset_120.asset using Guid(576a3eea845d18a40834b9de199b5487) Importer(815301076,1909f56bfc062723c751e8b465ee728b)  -> (artifact id: '63e8d6c945fa56fe2168ab863d58cca7') in 0.027100 seconds 
========================================================================
Received Import Request.
  Time since last request: 0.000039 seconds.
  path: Assets/Tiles/cloud_tileset_123.asset
  artifactKey: Guid(9856d50b2ca8b0d428e25d4e15d4b3d4) Importer(815301076,1909f56bfc062723c751e8b465ee728b)
Start importing Assets/Tiles/cloud_tileset_123.asset using Guid(9856d50b2ca8b0d428e25d4e15d4b3d4) Importer(815301076,1909f56bfc062723c751e8b465ee728b)  -> (artifact id: '74760c7368a9bcc8672ab280980774f4') in 0.021828 seconds 
========================================================================
Received Import Request.
  Time since last request: 0.000069 seconds.
  path: Assets/Tiles/cloud_tileset_107.asset
  artifactKey: Guid(1512383abab26b14fb11503c952d6da4) Importer(815301076,1909f56bfc062723c751e8b465ee728b)
Start importing Assets/Tiles/cloud_tileset_107.asset using Guid(1512383abab26b14fb11503c952d6da4) Importer(815301076,1909f56bfc062723c751e8b465ee728b)  -> (artifact id: '47d54101b18a3c6730cac7c0b55784d9') in 0.029349 seconds 
========================================================================
Received Import Request.
  Time since last request: 0.000051 seconds.
  path: Assets/Tiles/cloud_tileset_116.asset
  artifactKey: Guid(4e858ffbd9dcdf444ba00dcdf7044d3a) Importer(815301076,1909f56bfc062723c751e8b465ee728b)
Start importing Assets/Tiles/cloud_tileset_116.asset using Guid(4e858ffbd9dcdf444ba00dcdf7044d3a) Importer(815301076,1909f56bfc062723c751e8b465ee728b)  -> (artifact id: '9fc9688b84c8d78a9d93c32950be9d0c') in 0.022968 seconds 
========================================================================
Received Import Request.
  Time since last request: 0.000053 seconds.
  path: Assets/Tiles/cloud_tileset_122.asset
  artifactKey: Guid(95fbe382cc7ed62448b7a705719ad8d6) Importer(815301076,1909f56bfc062723c751e8b465ee728b)
Start importing Assets/Tiles/cloud_tileset_122.asset using Guid(95fbe382cc7ed62448b7a705719ad8d6) Importer(815301076,1909f56bfc062723c751e8b465ee728b)  -> (artifact id: 'ac7f2c3391198ed49aadc056bd160655') in 0.022063 seconds 
========================================================================
Received Import Request.
  Time since last request: 0.000037 seconds.
  path: Assets/Tiles/cloud_tileset_111.asset
  artifactKey: Guid(4b62be12eb92fa940998590a5e70a9fb) Importer(815301076,1909f56bfc062723c751e8b465ee728b)
Start importing Assets/Tiles/cloud_tileset_111.asset using Guid(4b62be12eb92fa940998590a5e70a9fb) Importer(815301076,1909f56bfc062723c751e8b465ee728b)  -> (artifact id: 'afc72feaecf1d2d471a66304b24409b5') in 0.093770 seconds 
========================================================================
Received Import Request.
  Time since last request: 0.000045 seconds.
  path: Assets/Tiles/cloud_tileset_124.asset
  artifactKey: Guid(4f2d839216a42e94f8b1b87d7120226d) Importer(815301076,1909f56bfc062723c751e8b465ee728b)
Start importing Assets/Tiles/cloud_tileset_124.asset using Guid(4f2d839216a42e94f8b1b87d7120226d) Importer(815301076,1909f56bfc062723c751e8b465ee728b)  -> (artifact id: '3398251127237450ec55e167c96dd346') in 0.023436 seconds 
========================================================================
Received Import Request.
  Time since last request: 152.471090 seconds.
  path: Assets/Prefabs/Facts Pop Up.prefab
  artifactKey: Guid(09f91b26d85217948a5d07fd771e4425) Importer(815301076,1909f56bfc062723c751e8b465ee728b)
Start importing Assets/Prefabs/Facts Pop Up.prefab using Guid(09f91b26d85217948a5d07fd771e4425) Importer(815301076,1909f56bfc062723c751e8b465ee728b)  -> (artifact id: '1a73ba9a2fe05818e59be7faf9c9792e') in 0.485181 seconds 
========================================================================
Received Import Request.
  Time since last request: 0.000060 seconds.
  path: Assets/Prefabs/Parts.prefab
  artifactKey: Guid(9b07eb7678443d346a7c4fc957f8e837) Importer(815301076,1909f56bfc062723c751e8b465ee728b)
Start importing Assets/Prefabs/Parts.prefab using Guid(9b07eb7678443d346a7c4fc957f8e837) Importer(815301076,1909f56bfc062723c751e8b465ee728b)  -> (artifact id: '626c43c603d2bcd4b73982091a807da5') in 0.245517 seconds 
========================================================================
Received Import Request.
  Time since last request: 0.000045 seconds.
  path: Assets/Prefabs/RestartButton.prefab
  artifactKey: Guid(416a89aecc1b293468ef862e33c5f02d) Importer(815301076,1909f56bfc062723c751e8b465ee728b)
Start importing Assets/Prefabs/RestartButton.prefab using Guid(416a89aecc1b293468ef862e33c5f02d) Importer(815301076,1909f56bfc062723c751e8b465ee728b)  -> (artifact id: '895511df2eadf67caffa134186bb4064') in 0.199638 seconds 
========================================================================
Received Import Request.
  Time since last request: 0.000053 seconds.
  path: Assets/Prefabs/Hidden Parts Pop up.prefab
  artifactKey: Guid(d15196edd5bfa684f9c96e7779b8a9f7) Importer(815301076,1909f56bfc062723c751e8b465ee728b)
Start importing Assets/Prefabs/Hidden Parts Pop up.prefab using Guid(d15196edd5bfa684f9c96e7779b8a9f7) Importer(815301076,1909f56bfc062723c751e8b465ee728b)  -> (artifact id: '7d5e2303ed12c4b9186a3a2d7419fbef') in 0.290328 seconds 
========================================================================
Received Import Request.
  Time since last request: 0.000058 seconds.
  path: Assets/Prefabs/Special Notes List.prefab
  artifactKey: Guid(6c1960deae140144ba0e1b63fa6be834) Importer(815301076,1909f56bfc062723c751e8b465ee728b)
Start importing Assets/Prefabs/Special Notes List.prefab using Guid(6c1960deae140144ba0e1b63fa6be834) Importer(815301076,1909f56bfc062723c751e8b465ee728b)  -> (artifact id: '73bc81647f49d90a1fabf6b42f7a147c') in 0.123917 seconds 
Editor requested this worker to shutdown with reason: Scaling down because of idle timeout
AssetImportWorker is now disconnected from the server
Process exiting
Exiting without the bug reporter. Application will terminate with return code 0